{"D:\\Documents\\web sites\\buma.dev\\library\\sm-store\\index.js":{"path":"D:\\Documents\\web sites\\buma.dev\\library\\sm-store\\index.js","s":{"1":1},"b":{},"f":{},"fnMap":{},"statementMap":{"1":{"start":{"line":1,"column":0},"end":{"line":5,"column":2}}},"branchMap":{}},"D:\\Documents\\web sites\\buma.dev\\library\\sm-store\\lib\\AdapterPool.js":{"path":"D:\\Documents\\web sites\\buma.dev\\library\\sm-store\\lib\\AdapterPool.js","s":{"1":1,"2":1,"3":1,"4":1,"5":1,"6":1,"7":18,"8":18,"9":18,"10":18,"11":3,"12":3,"13":18,"14":0,"15":0,"16":0,"17":18,"18":1,"19":1,"20":1,"21":1,"22":1,"23":1,"24":33,"25":33,"26":3,"27":3,"28":3,"29":30,"30":30,"31":30,"32":30,"33":30,"34":30,"35":30,"36":30,"37":12,"38":30,"39":12,"40":12,"41":12,"42":30,"43":72,"44":30,"45":12,"46":12,"47":12,"48":18,"49":18,"50":18,"51":18,"52":18,"53":18,"54":18,"55":0,"56":18,"57":18,"58":0,"59":18,"60":18,"61":0,"62":18,"63":18,"64":18,"65":18,"66":9,"67":9,"68":18,"69":9,"70":9,"71":18,"72":216,"73":0,"74":216,"75":216,"76":216,"77":324,"78":18,"79":0,"80":18,"81":1,"82":9,"83":0,"84":9,"85":9,"86":9,"87":0,"88":9,"89":9,"90":1,"91":1128,"92":1,"93":105,"94":105,"95":105,"96":1,"97":0,"98":1},"b":{"1":[1,1],"2":[18,0],"3":[3,15],"4":[0,18],"5":[3,30],"6":[30,18],"7":[30,24],"8":[12,18],"9":[12,18],"10":[12,18],"11":[30,18],"12":[18,0],"13":[18,0],"14":[18,0],"15":[18,0],"16":[0,216],"17":[0,18],"18":[0,9],"19":[0,9]},"f":{"1":18,"2":1,"3":33,"4":18,"5":9,"6":18,"7":9,"8":216,"9":216,"10":324,"11":9,"12":0,"13":9,"14":9,"15":1128,"16":105,"17":0},"fnMap":{"1":{"name":"(anonymous_1)","line":12,"loc":{"start":{"line":12,"column":22},"end":{"line":12,"column":40}}},"2":{"name":"(anonymous_2)","line":43,"loc":{"start":{"line":43,"column":32},"end":{"line":43,"column":43}}},"3":{"name":"AdapterPool","line":44,"loc":{"start":{"line":44,"column":2},"end":{"line":44,"column":53}}},"4":{"name":"(anonymous_4)","line":100,"loc":{"start":{"line":100,"column":15},"end":{"line":100,"column":31}}},"5":{"name":"(anonymous_5)","line":101,"loc":{"start":{"line":101,"column":15},"end":{"line":101,"column":34}}},"6":{"name":"(anonymous_6)","line":106,"loc":{"start":{"line":106,"column":16},"end":{"line":106,"column":32}}},"7":{"name":"(anonymous_7)","line":107,"loc":{"start":{"line":107,"column":15},"end":{"line":107,"column":32}}},"8":{"name":"(anonymous_8)","line":122,"loc":{"start":{"line":122,"column":22},"end":{"line":122,"column":45}}},"9":{"name":"(anonymous_9)","line":123,"loc":{"start":{"line":123,"column":16},"end":{"line":123,"column":32}}},"10":{"name":"(anonymous_10)","line":124,"loc":{"start":{"line":124,"column":17},"end":{"line":124,"column":28}}},"11":{"name":"(anonymous_11)","line":136,"loc":{"start":{"line":136,"column":32},"end":{"line":136,"column":47}}},"12":{"name":"(anonymous_12)","line":138,"loc":{"start":{"line":138,"column":13},"end":{"line":138,"column":24}}},"13":{"name":"(anonymous_13)","line":140,"loc":{"start":{"line":140,"column":23},"end":{"line":140,"column":39}}},"14":{"name":"(anonymous_14)","line":141,"loc":{"start":{"line":141,"column":13},"end":{"line":141,"column":39}}},"15":{"name":"(anonymous_15)","line":151,"loc":{"start":{"line":151,"column":37},"end":{"line":151,"column":48}}},"16":{"name":"(anonymous_16)","line":155,"loc":{"start":{"line":155,"column":42},"end":{"line":155,"column":60}}},"17":{"name":"(anonymous_17)","line":161,"loc":{"start":{"line":161,"column":43},"end":{"line":161,"column":54}}}},"statementMap":{"1":{"start":{"line":2,"column":0},"end":{"line":2,"column":80}},"2":{"start":{"line":4,"column":0},"end":{"line":4,"column":62}},"3":{"start":{"line":6,"column":0},"end":{"line":6,"column":41}},"4":{"start":{"line":8,"column":0},"end":{"line":8,"column":14}},"5":{"start":{"line":10,"column":0},"end":{"line":10,"column":23}},"6":{"start":{"line":12,"column":0},"end":{"line":29,"column":2}},"7":{"start":{"line":15,"column":2},"end":{"line":15,"column":19}},"8":{"start":{"line":16,"column":2},"end":{"line":22,"column":3}},"9":{"start":{"line":17,"column":4},"end":{"line":17,"column":49}},"10":{"start":{"line":18,"column":4},"end":{"line":21,"column":5}},"11":{"start":{"line":19,"column":6},"end":{"line":19,"column":75}},"12":{"start":{"line":20,"column":6},"end":{"line":20,"column":51}},"13":{"start":{"line":23,"column":2},"end":{"line":27,"column":3}},"14":{"start":{"line":24,"column":4},"end":{"line":24,"column":69}},"15":{"start":{"line":25,"column":4},"end":{"line":25,"column":29}},"16":{"start":{"line":26,"column":4},"end":{"line":26,"column":14}},"17":{"start":{"line":28,"column":2},"end":{"line":28,"column":17}},"18":{"start":{"line":31,"column":0},"end":{"line":31,"column":22}},"19":{"start":{"line":33,"column":0},"end":{"line":33,"column":23}},"20":{"start":{"line":35,"column":0},"end":{"line":35,"column":39}},"21":{"start":{"line":37,"column":0},"end":{"line":41,"column":2}},"22":{"start":{"line":43,"column":0},"end":{"line":167,"column":5}},"23":{"start":{"line":44,"column":2},"end":{"line":134,"column":3}},"24":{"start":{"line":45,"column":4},"end":{"line":45,"column":81}},"25":{"start":{"line":46,"column":4},"end":{"line":50,"column":5}},"26":{"start":{"line":47,"column":6},"end":{"line":47,"column":58}},"27":{"start":{"line":48,"column":6},"end":{"line":48,"column":38}},"28":{"start":{"line":49,"column":6},"end":{"line":49,"column":16}},"29":{"start":{"line":51,"column":4},"end":{"line":51,"column":39}},"30":{"start":{"line":52,"column":4},"end":{"line":52,"column":25}},"31":{"start":{"line":53,"column":4},"end":{"line":53,"column":50}},"32":{"start":{"line":54,"column":4},"end":{"line":54,"column":22}},"33":{"start":{"line":55,"column":4},"end":{"line":55,"column":103}},"34":{"start":{"line":56,"column":4},"end":{"line":56,"column":76}},"35":{"start":{"line":57,"column":4},"end":{"line":57,"column":40}},"36":{"start":{"line":58,"column":4},"end":{"line":60,"column":5}},"37":{"start":{"line":59,"column":6},"end":{"line":59,"column":52}},"38":{"start":{"line":61,"column":4},"end":{"line":65,"column":5}},"39":{"start":{"line":62,"column":6},"end":{"line":62,"column":36}},"40":{"start":{"line":63,"column":6},"end":{"line":63,"column":34}},"41":{"start":{"line":64,"column":6},"end":{"line":64,"column":38}},"42":{"start":{"line":66,"column":4},"end":{"line":68,"column":5}},"43":{"start":{"line":67,"column":6},"end":{"line":67,"column":40}},"44":{"start":{"line":69,"column":4},"end":{"line":73,"column":5}},"45":{"start":{"line":70,"column":6},"end":{"line":70,"column":60}},"46":{"start":{"line":71,"column":6},"end":{"line":71,"column":31}},"47":{"start":{"line":72,"column":6},"end":{"line":72,"column":16}},"48":{"start":{"line":74,"column":4},"end":{"line":74,"column":26}},"49":{"start":{"line":75,"column":4},"end":{"line":80,"column":5}},"50":{"start":{"line":76,"column":6},"end":{"line":76,"column":27}},"51":{"start":{"line":77,"column":6},"end":{"line":79,"column":7}},"52":{"start":{"line":78,"column":8},"end":{"line":78,"column":43}},"53":{"start":{"line":81,"column":4},"end":{"line":85,"column":5}},"54":{"start":{"line":82,"column":6},"end":{"line":82,"column":76}},"55":{"start":{"line":84,"column":6},"end":{"line":84,"column":64}},"56":{"start":{"line":86,"column":4},"end":{"line":90,"column":5}},"57":{"start":{"line":87,"column":6},"end":{"line":87,"column":76}},"58":{"start":{"line":89,"column":6},"end":{"line":89,"column":64}},"59":{"start":{"line":91,"column":4},"end":{"line":95,"column":5}},"60":{"start":{"line":92,"column":6},"end":{"line":92,"column":72}},"61":{"start":{"line":94,"column":6},"end":{"line":94,"column":60}},"62":{"start":{"line":96,"column":4},"end":{"line":96,"column":53}},"63":{"start":{"line":97,"column":4},"end":{"line":97,"column":42}},"64":{"start":{"line":98,"column":4},"end":{"line":115,"column":7}},"65":{"start":{"line":101,"column":8},"end":{"line":104,"column":10}},"66":{"start":{"line":102,"column":10},"end":{"line":102,"column":55}},"67":{"start":{"line":103,"column":10},"end":{"line":103,"column":66}},"68":{"start":{"line":107,"column":8},"end":{"line":110,"column":10}},"69":{"start":{"line":108,"column":10},"end":{"line":108,"column":56}},"70":{"start":{"line":109,"column":10},"end":{"line":109,"column":23}},"71":{"start":{"line":116,"column":4},"end":{"line":129,"column":5}},"72":{"start":{"line":119,"column":6},"end":{"line":121,"column":7}},"73":{"start":{"line":120,"column":8},"end":{"line":120,"column":17},"skip":true},"74":{"start":{"line":122,"column":6},"end":{"line":128,"column":28}},"75":{"start":{"line":123,"column":8},"end":{"line":127,"column":17}},"76":{"start":{"line":124,"column":10},"end":{"line":126,"column":12}},"77":{"start":{"line":125,"column":12},"end":{"line":125,"column":55}},"78":{"start":{"line":130,"column":4},"end":{"line":132,"column":5}},"79":{"start":{"line":131,"column":6},"end":{"line":131,"column":23}},"80":{"start":{"line":133,"column":4},"end":{"line":133,"column":11}},"81":{"start":{"line":136,"column":2},"end":{"line":149,"column":4}},"82":{"start":{"line":137,"column":4},"end":{"line":139,"column":5}},"83":{"start":{"line":138,"column":6},"end":{"line":138,"column":27}},"84":{"start":{"line":140,"column":4},"end":{"line":148,"column":14}},"85":{"start":{"line":141,"column":6},"end":{"line":147,"column":8}},"86":{"start":{"line":142,"column":8},"end":{"line":144,"column":9}},"87":{"start":{"line":143,"column":10},"end":{"line":143,"column":27}},"88":{"start":{"line":145,"column":8},"end":{"line":145,"column":39}},"89":{"start":{"line":146,"column":8},"end":{"line":146,"column":22}},"90":{"start":{"line":151,"column":2},"end":{"line":153,"column":4}},"91":{"start":{"line":152,"column":4},"end":{"line":152,"column":32}},"92":{"start":{"line":155,"column":2},"end":{"line":159,"column":4}},"93":{"start":{"line":156,"column":4},"end":{"line":156,"column":18}},"94":{"start":{"line":157,"column":4},"end":{"line":157,"column":39}},"95":{"start":{"line":158,"column":4},"end":{"line":158,"column":40}},"96":{"start":{"line":161,"column":2},"end":{"line":163,"column":4}},"97":{"start":{"line":162,"column":4},"end":{"line":162,"column":38}},"98":{"start":{"line":165,"column":2},"end":{"line":165,"column":21}}},"branchMap":{"1":{"line":4,"type":"binary-expr","locations":[{"start":{"line":4,"column":9},"end":{"line":4,"column":22}},{"start":{"line":4,"column":27},"end":{"line":4,"column":60}}]},"2":{"line":16,"type":"if","locations":[{"start":{"line":16,"column":2},"end":{"line":16,"column":2}},{"start":{"line":16,"column":2},"end":{"line":16,"column":2}}]},"3":{"line":18,"type":"if","locations":[{"start":{"line":18,"column":4},"end":{"line":18,"column":4}},{"start":{"line":18,"column":4},"end":{"line":18,"column":4}}]},"4":{"line":23,"type":"if","locations":[{"start":{"line":23,"column":2},"end":{"line":23,"column":2}},{"start":{"line":23,"column":2},"end":{"line":23,"column":2}}]},"5":{"line":46,"type":"if","locations":[{"start":{"line":46,"column":4},"end":{"line":46,"column":4}},{"start":{"line":46,"column":4},"end":{"line":46,"column":4}}]},"6":{"line":55,"type":"binary-expr","locations":[{"start":{"line":55,"column":27},"end":{"line":55,"column":42}},{"start":{"line":55,"column":46},"end":{"line":55,"column":102}}]},"7":{"line":56,"type":"binary-expr","locations":[{"start":{"line":56,"column":28},"end":{"line":56,"column":43}},{"start":{"line":56,"column":47},"end":{"line":56,"column":75}}]},"8":{"line":58,"type":"if","locations":[{"start":{"line":58,"column":4},"end":{"line":58,"column":4}},{"start":{"line":58,"column":4},"end":{"line":58,"column":4}}]},"9":{"line":61,"type":"if","locations":[{"start":{"line":61,"column":4},"end":{"line":61,"column":4}},{"start":{"line":61,"column":4},"end":{"line":61,"column":4}}]},"10":{"line":69,"type":"if","locations":[{"start":{"line":69,"column":4},"end":{"line":69,"column":4}},{"start":{"line":69,"column":4},"end":{"line":69,"column":4}}]},"11":{"line":69,"type":"binary-expr","locations":[{"start":{"line":69,"column":8},"end":{"line":69,"column":48}},{"start":{"line":69,"column":52},"end":{"line":69,"column":85}}]},"12":{"line":77,"type":"if","locations":[{"start":{"line":77,"column":6},"end":{"line":77,"column":6}},{"start":{"line":77,"column":6},"end":{"line":77,"column":6}}]},"13":{"line":81,"type":"if","locations":[{"start":{"line":81,"column":4},"end":{"line":81,"column":4}},{"start":{"line":81,"column":4},"end":{"line":81,"column":4}}]},"14":{"line":86,"type":"if","locations":[{"start":{"line":86,"column":4},"end":{"line":86,"column":4}},{"start":{"line":86,"column":4},"end":{"line":86,"column":4}}]},"15":{"line":91,"type":"if","locations":[{"start":{"line":91,"column":4},"end":{"line":91,"column":4}},{"start":{"line":91,"column":4},"end":{"line":91,"column":4}}]},"16":{"line":119,"type":"if","locations":[{"start":{"line":119,"column":6},"end":{"line":119,"column":6},"skip":true},{"start":{"line":119,"column":6},"end":{"line":119,"column":6}}]},"17":{"line":130,"type":"if","locations":[{"start":{"line":130,"column":4},"end":{"line":130,"column":4}},{"start":{"line":130,"column":4},"end":{"line":130,"column":4}}]},"18":{"line":137,"type":"if","locations":[{"start":{"line":137,"column":4},"end":{"line":137,"column":4}},{"start":{"line":137,"column":4},"end":{"line":137,"column":4}}]},"19":{"line":142,"type":"if","locations":[{"start":{"line":142,"column":8},"end":{"line":142,"column":8}},{"start":{"line":142,"column":8},"end":{"line":142,"column":8}}]}}},"D:\\Documents\\web sites\\buma.dev\\library\\sm-store\\lib\\GenericUtil.js":{"path":"D:\\Documents\\web sites\\buma.dev\\library\\sm-store\\lib\\GenericUtil.js","s":{"1":1,"2":1,"3":1,"4":1,"5":1,"6":1,"7":84,"8":2181,"9":51091,"10":1,"11":1,"12":1,"13":1,"14":1,"15":1,"16":1,"17":9421,"18":9421,"19":9421,"20":47,"21":9374,"22":0,"23":0,"24":0,"25":9374,"26":0,"27":0,"28":0,"29":0,"30":0,"31":9374,"32":0,"33":9374,"34":0,"35":9374,"36":1,"37":9221,"38":9221,"39":9221,"40":1,"41":200,"42":200,"43":200,"44":1,"45":1},"b":{"1":[84,84],"2":[2181,66],"3":[51091,45066],"4":[47,9374],"5":[0,9374],"6":[0,0],"7":[0,9374],"8":[0,9374],"9":[9221,0],"10":[200,0]},"f":{"1":1,"2":84,"3":2181,"4":51091,"5":1,"6":9421,"7":0,"8":9221,"9":200},"fnMap":{"1":{"name":"(anonymous_1)","line":4,"loc":{"start":{"line":4,"column":10},"end":{"line":4,"column":28}}},"2":{"name":"(anonymous_2)","line":9,"loc":{"start":{"line":9,"column":15},"end":{"line":9,"column":29}}},"3":{"name":"(anonymous_3)","line":12,"loc":{"start":{"line":12,"column":14},"end":{"line":12,"column":28}}},"4":{"name":"(anonymous_4)","line":15,"loc":{"start":{"line":15,"column":20},"end":{"line":15,"column":34}}},"5":{"name":"(anonymous_5)","line":19,"loc":{"start":{"line":19,"column":3},"end":{"line":19,"column":17}}},"6":{"name":"(anonymous_6)","line":76,"loc":{"start":{"line":76,"column":14},"end":{"line":76,"column":33}}},"7":{"name":"(anonymous_7)","line":100,"loc":{"start":{"line":100,"column":37},"end":{"line":100,"column":71}}},"8":{"name":"(anonymous_8)","line":105,"loc":{"start":{"line":105,"column":19},"end":{"line":105,"column":42}}},"9":{"name":"(anonymous_9)","line":111,"loc":{"start":{"line":111,"column":17},"end":{"line":111,"column":40}}}},"statementMap":{"1":{"start":{"line":2,"column":0},"end":{"line":2,"column":12}},"2":{"start":{"line":4,"column":0},"end":{"line":119,"column":2}},"3":{"start":{"line":5,"column":2},"end":{"line":5,"column":44}},"4":{"start":{"line":6,"column":2},"end":{"line":6,"column":25}},"5":{"start":{"line":7,"column":2},"end":{"line":7,"column":51}},"6":{"start":{"line":8,"column":2},"end":{"line":18,"column":4}},"7":{"start":{"line":10,"column":6},"end":{"line":10,"column":69}},"8":{"start":{"line":13,"column":6},"end":{"line":13,"column":53}},"9":{"start":{"line":16,"column":6},"end":{"line":16,"column":55}},"10":{"start":{"line":19,"column":2},"end":{"line":117,"column":27}},"11":{"start":{"line":20,"column":4},"end":{"line":20,"column":36}},"12":{"start":{"line":21,"column":4},"end":{"line":24,"column":6}},"13":{"start":{"line":25,"column":4},"end":{"line":25,"column":20}},"14":{"start":{"line":26,"column":4},"end":{"line":51,"column":6}},"15":{"start":{"line":52,"column":4},"end":{"line":75,"column":6}},"16":{"start":{"line":76,"column":4},"end":{"line":104,"column":6}},"17":{"start":{"line":77,"column":6},"end":{"line":77,"column":34}},"18":{"start":{"line":78,"column":6},"end":{"line":78,"column":24}},"19":{"start":{"line":79,"column":6},"end":{"line":81,"column":7}},"20":{"start":{"line":80,"column":8},"end":{"line":80,"column":19}},"21":{"start":{"line":82,"column":6},"end":{"line":88,"column":7}},"22":{"start":{"line":83,"column":8},"end":{"line":87,"column":9}},"23":{"start":{"line":84,"column":10},"end":{"line":84,"column":21}},"24":{"start":{"line":86,"column":10},"end":{"line":86,"column":21}},"25":{"start":{"line":89,"column":6},"end":{"line":96,"column":7}},"26":{"start":{"line":90,"column":8},"end":{"line":90,"column":17}},"27":{"start":{"line":91,"column":8},"end":{"line":94,"column":9}},"28":{"start":{"line":92,"column":10},"end":{"line":92,"column":24}},"29":{"start":{"line":93,"column":10},"end":{"line":93,"column":47}},"30":{"start":{"line":95,"column":8},"end":{"line":95,"column":42}},"31":{"start":{"line":97,"column":6},"end":{"line":99,"column":7}},"32":{"start":{"line":98,"column":8},"end":{"line":98,"column":23}},"33":{"start":{"line":100,"column":6},"end":{"line":102,"column":9}},"34":{"start":{"line":101,"column":8},"end":{"line":101,"column":33}},"35":{"start":{"line":103,"column":6},"end":{"line":103,"column":41}},"36":{"start":{"line":105,"column":4},"end":{"line":110,"column":6}},"37":{"start":{"line":106,"column":6},"end":{"line":108,"column":7}},"38":{"start":{"line":107,"column":8},"end":{"line":107,"column":34}},"39":{"start":{"line":109,"column":6},"end":{"line":109,"column":50}},"40":{"start":{"line":111,"column":4},"end":{"line":116,"column":6}},"41":{"start":{"line":112,"column":6},"end":{"line":114,"column":7}},"42":{"start":{"line":113,"column":8},"end":{"line":113,"column":34}},"43":{"start":{"line":115,"column":6},"end":{"line":115,"column":55}},"44":{"start":{"line":118,"column":2},"end":{"line":118,"column":21}},"45":{"start":{"line":121,"column":0},"end":{"line":121,"column":34}}},"branchMap":{"1":{"line":10,"type":"binary-expr","locations":[{"start":{"line":10,"column":13},"end":{"line":10,"column":32}},{"start":{"line":10,"column":36},"end":{"line":10,"column":68}}]},"2":{"line":13,"type":"binary-expr","locations":[{"start":{"line":13,"column":13},"end":{"line":13,"column":36}},{"start":{"line":13,"column":40},"end":{"line":13,"column":52}}]},"3":{"line":16,"type":"binary-expr","locations":[{"start":{"line":16,"column":13},"end":{"line":16,"column":36}},{"start":{"line":16,"column":40},"end":{"line":16,"column":54}}]},"4":{"line":79,"type":"if","locations":[{"start":{"line":79,"column":6},"end":{"line":79,"column":6}},{"start":{"line":79,"column":6},"end":{"line":79,"column":6}}]},"5":{"line":82,"type":"if","locations":[{"start":{"line":82,"column":6},"end":{"line":82,"column":6}},{"start":{"line":82,"column":6},"end":{"line":82,"column":6}}]},"6":{"line":83,"type":"if","locations":[{"start":{"line":83,"column":8},"end":{"line":83,"column":8}},{"start":{"line":83,"column":8},"end":{"line":83,"column":8}}]},"7":{"line":89,"type":"if","locations":[{"start":{"line":89,"column":6},"end":{"line":89,"column":6}},{"start":{"line":89,"column":6},"end":{"line":89,"column":6}}]},"8":{"line":97,"type":"if","locations":[{"start":{"line":97,"column":6},"end":{"line":97,"column":6}},{"start":{"line":97,"column":6},"end":{"line":97,"column":6}}]},"9":{"line":106,"type":"if","locations":[{"start":{"line":106,"column":6},"end":{"line":106,"column":6}},{"start":{"line":106,"column":6},"end":{"line":106,"column":6}}]},"10":{"line":112,"type":"if","locations":[{"start":{"line":112,"column":6},"end":{"line":112,"column":6}},{"start":{"line":112,"column":6},"end":{"line":112,"column":6}}]}}},"D:\\Documents\\web sites\\buma.dev\\library\\sm-store\\lib\\Connector.js":{"path":"D:\\Documents\\web sites\\buma.dev\\library\\sm-store\\lib\\Connector.js","s":{"1":1,"2":1,"3":1,"4":1,"5":1,"6":1,"7":1,"8":1,"9":1,"10":1,"11":1,"12":1,"13":1,"14":1,"15":1,"16":1,"17":1,"18":1,"19":1,"20":1,"21":1,"22":1,"23":141,"24":141,"25":141,"26":3,"27":3,"28":3,"29":138,"30":33,"31":105,"32":138,"33":138,"34":138,"35":138,"36":138,"37":138,"38":1,"39":30,"40":1,"41":1122,"42":1,"43":363,"44":1,"45":27663,"46":1,"47":12,"48":1,"49":228,"50":1,"51":42,"52":1,"53":0,"54":1,"55":504,"56":147,"57":504,"58":1,"59":504,"60":1,"61":21,"62":1,"63":42,"64":1,"65":0,"66":0,"67":0,"68":0,"69":0,"70":0,"71":1,"72":5460,"73":5460,"74":18,"75":18,"76":18,"77":1,"78":2739,"79":2739,"80":3,"81":3,"82":2736,"83":2736,"84":2739,"85":18,"86":2721,"87":2721,"88":2721,"89":2721,"90":2667,"91":2721,"92":1,"93":2739,"94":2718,"95":2739,"96":1,"97":375,"98":375,"99":375,"100":375,"101":375,"102":375,"103":375,"104":375,"105":375,"106":6,"107":369,"108":1,"109":411,"110":264,"111":147,"112":147,"113":147,"114":0,"115":147,"116":147,"117":3,"118":3,"119":0,"120":3,"121":3,"122":3,"123":3,"124":147,"125":147,"126":1,"127":1566,"128":1566,"129":1566,"130":1566,"131":1566,"132":1566,"133":1566,"134":1566,"135":1566,"136":3,"137":1563,"138":39,"139":39,"140":39,"141":0,"142":39,"143":39,"144":39,"145":39,"146":39,"147":39,"148":39,"149":1524,"150":1,"151":1563,"152":864,"153":1563,"154":1563,"155":1563,"156":1563,"157":3,"158":3,"159":1560,"160":1,"161":54,"162":54,"163":54,"164":54,"165":54,"166":54,"167":54,"168":54,"169":54,"170":54,"171":54,"172":0,"173":54,"174":3,"175":3,"176":3,"177":0,"178":3,"179":3,"180":3,"181":3,"182":3,"183":3,"184":3,"185":51,"186":1,"187":54,"188":54,"189":0,"190":54,"191":54,"192":828,"193":54,"194":54,"195":0,"196":0,"197":54,"198":1,"199":363,"200":363,"201":6,"202":6,"203":6,"204":357,"205":357,"206":357,"207":357,"208":357,"209":357,"210":357,"211":357,"212":0,"213":357,"214":0,"215":0,"216":0,"217":357,"218":1,"219":357,"220":357,"221":111,"222":246,"223":246,"224":0,"225":0,"226":0,"227":357,"228":357,"229":357,"230":357,"231":0,"232":357,"233":357,"234":1,"235":81,"236":81,"237":3,"238":81,"239":81,"240":81,"241":81,"242":81,"243":81,"244":81,"245":81,"246":3,"247":78,"248":0,"249":78,"250":1,"251":162,"252":162,"253":81,"254":81,"255":0,"256":81,"257":0,"258":81,"259":78,"260":3,"261":81,"262":81,"263":81,"264":81,"265":81,"266":0,"267":0,"268":0,"269":0,"270":0,"271":0,"272":81,"273":78,"274":3,"275":1,"276":276,"277":276,"278":273,"279":276,"280":3,"281":273,"282":273,"283":276,"284":273,"285":3,"286":3,"287":276,"288":276,"289":276,"290":276,"291":276,"292":276,"293":276,"294":276,"295":276,"296":276,"297":3,"298":273,"299":0,"300":273,"301":1,"302":279,"303":279,"304":3,"305":3,"306":0,"307":276,"308":0,"309":276,"310":33,"311":243,"312":276,"313":276,"314":276,"315":276,"316":0,"317":0,"318":0,"319":0,"320":0,"321":0,"322":276,"323":0,"324":276,"325":276,"326":6,"327":270,"328":1,"329":27,"330":27,"331":27,"332":27,"333":27,"334":27,"335":27,"336":27,"337":27,"338":3,"339":24,"340":3,"341":21,"342":0,"343":0,"344":0,"345":21,"346":1,"347":147,"348":147,"349":147,"350":147,"351":147,"352":1},"b":{"1":[1,0],"2":[1,0],"3":[3,138],"4":[33,105],"5":[138,135],"6":[147,357],"7":[0,0],"8":[18,5442],"9":[3,2736],"10":[3,0],"11":[18,2721],"12":[2667,54],"13":[2718,21],"14":[375,0],"15":[6,369],"16":[264,147],"17":[0,147],"18":[0,3],"19":[1566,0],"20":[3,1563],"21":[39,1524],"22":[0,39],"23":[864,699],"24":[3,1560],"25":[1563,3],"26":[54,0],"27":[54,0],"28":[0,54],"29":[3,51],"30":[0,3],"31":[0,54],"32":[0,54],"33":[54,0],"34":[6,357],"35":[357,0],"36":[0,357],"37":[0,357],"38":[111,246],"39":[246,0],"40":[0,357],"41":[3,78],"42":[81,0],"43":[3,78],"44":[0,78],"45":[81,81],"46":[81,0],"47":[0,81],"48":[78,3],"49":[0,81],"50":[0,0],"51":[0,0],"52":[78,3],"53":[273,3],"54":[3,273],"55":[273,0],"56":[273,3],"57":[3,0],"58":[276,0],"59":[3,273],"60":[0,273],"61":[3,276],"62":[3,0],"63":[0,276],"64":[33,243],"65":[0,276],"66":[0,0],"67":[0,0],"68":[0,276],"69":[6,270],"70":[27,0],"71":[3,24],"72":[3,21],"73":[0,21]},"f":{"1":1,"2":1,"3":1,"4":141,"5":30,"6":1122,"7":363,"8":27663,"9":12,"10":228,"11":42,"12":0,"13":504,"14":504,"15":21,"16":42,"17":0,"18":5460,"19":2739,"20":0,"21":2721,"22":2721,"23":2739,"24":375,"25":375,"26":375,"27":375,"28":375,"29":411,"30":147,"31":147,"32":3,"33":3,"34":3,"35":1566,"36":1566,"37":1566,"38":1566,"39":1566,"40":39,"41":39,"42":39,"43":1563,"44":1563,"45":1563,"46":54,"47":54,"48":54,"49":54,"50":54,"51":3,"52":3,"53":3,"54":54,"55":828,"56":54,"57":54,"58":363,"59":357,"60":357,"61":357,"62":357,"63":357,"64":357,"65":357,"66":81,"67":81,"68":81,"69":81,"70":81,"71":162,"72":81,"73":81,"74":276,"75":276,"76":276,"77":276,"78":276,"79":279,"80":276,"81":276,"82":27,"83":27,"84":27,"85":27,"86":27,"87":147},"fnMap":{"1":{"name":"(anonymous_1)","line":3,"loc":{"start":{"line":3,"column":11},"end":{"line":3,"column":35}}},"2":{"name":"ctor","line":3,"loc":{"start":{"line":3,"column":122},"end":{"line":3,"column":138}}},"3":{"name":"(anonymous_3)","line":32,"loc":{"start":{"line":32,"column":30},"end":{"line":32,"column":51}}},"4":{"name":"Connector","line":37,"loc":{"start":{"line":37,"column":2},"end":{"line":37,"column":36}}},"5":{"name":"(anonymous_5)","line":58,"loc":{"start":{"line":58,"column":30},"end":{"line":58,"column":41}}},"6":{"name":"(anonymous_6)","line":62,"loc":{"start":{"line":62,"column":35},"end":{"line":62,"column":46}}},"7":{"name":"(anonymous_7)","line":66,"loc":{"start":{"line":66,"column":31},"end":{"line":66,"column":42}}},"8":{"name":"(anonymous_8)","line":70,"loc":{"start":{"line":70,"column":33},"end":{"line":70,"column":44}}},"9":{"name":"(anonymous_9)","line":74,"loc":{"start":{"line":74,"column":34},"end":{"line":74,"column":45}}},"10":{"name":"(anonymous_10)","line":78,"loc":{"start":{"line":78,"column":37},"end":{"line":78,"column":48}}},"11":{"name":"(anonymous_11)","line":82,"loc":{"start":{"line":82,"column":37},"end":{"line":82,"column":48}}},"12":{"name":"(anonymous_12)","line":86,"loc":{"start":{"line":86,"column":41},"end":{"line":86,"column":52}}},"13":{"name":"(anonymous_13)","line":90,"loc":{"start":{"line":90,"column":38},"end":{"line":90,"column":59}}},"14":{"name":"(anonymous_14)","line":97,"loc":{"start":{"line":97,"column":41},"end":{"line":97,"column":52}}},"15":{"name":"(anonymous_15)","line":101,"loc":{"start":{"line":101,"column":33},"end":{"line":101,"column":44}}},"16":{"name":"(anonymous_16)","line":105,"loc":{"start":{"line":105,"column":42},"end":{"line":105,"column":53}}},"17":{"name":"(anonymous_17)","line":109,"loc":{"start":{"line":109,"column":36},"end":{"line":109,"column":55}}},"18":{"name":"(anonymous_18)","line":119,"loc":{"start":{"line":119,"column":34},"end":{"line":119,"column":45}}},"19":{"name":"(anonymous_19)","line":128,"loc":{"start":{"line":128,"column":38},"end":{"line":128,"column":64}}},"20":{"name":"(anonymous_20)","line":131,"loc":{"start":{"line":131,"column":74},"end":{"line":131,"column":85}}},"21":{"name":"(anonymous_21)","line":140,"loc":{"start":{"line":140,"column":23},"end":{"line":140,"column":39}}},"22":{"name":"(anonymous_22)","line":141,"loc":{"start":{"line":141,"column":13},"end":{"line":141,"column":24}}},"23":{"name":"(anonymous_23)","line":151,"loc":{"start":{"line":151,"column":38},"end":{"line":151,"column":49}}},"24":{"name":"(anonymous_24)","line":158,"loc":{"start":{"line":158,"column":32},"end":{"line":158,"column":51}}},"25":{"name":"(anonymous_25)","line":160,"loc":{"start":{"line":160,"column":11},"end":{"line":160,"column":27}}},"26":{"name":"(anonymous_26)","line":161,"loc":{"start":{"line":161,"column":13},"end":{"line":161,"column":24}}},"27":{"name":"(anonymous_27)","line":168,"loc":{"start":{"line":168,"column":47},"end":{"line":168,"column":63}}},"28":{"name":"(anonymous_28)","line":169,"loc":{"start":{"line":169,"column":13},"end":{"line":169,"column":27}}},"29":{"name":"(anonymous_29)","line":178,"loc":{"start":{"line":178,"column":33},"end":{"line":178,"column":52}}},"30":{"name":"(anonymous_30)","line":182,"loc":{"start":{"line":182,"column":23},"end":{"line":182,"column":39}}},"31":{"name":"(anonymous_31)","line":183,"loc":{"start":{"line":183,"column":13},"end":{"line":183,"column":39}}},"32":{"name":"(anonymous_32)","line":188,"loc":{"start":{"line":188,"column":42},"end":{"line":188,"column":53}}},"33":{"name":"(anonymous_33)","line":191,"loc":{"start":{"line":191,"column":20},"end":{"line":191,"column":31}}},"34":{"name":"(anonymous_34)","line":197,"loc":{"start":{"line":197,"column":37},"end":{"line":197,"column":48}}},"35":{"name":"(anonymous_35)","line":209,"loc":{"start":{"line":209,"column":30},"end":{"line":209,"column":65}}},"36":{"name":"(anonymous_36)","line":211,"loc":{"start":{"line":211,"column":11},"end":{"line":211,"column":27}}},"37":{"name":"(anonymous_37)","line":212,"loc":{"start":{"line":212,"column":13},"end":{"line":212,"column":24}}},"38":{"name":"(anonymous_38)","line":219,"loc":{"start":{"line":219,"column":38},"end":{"line":219,"column":54}}},"39":{"name":"(anonymous_39)","line":220,"loc":{"start":{"line":220,"column":13},"end":{"line":220,"column":27}}},"40":{"name":"(anonymous_40)","line":226,"loc":{"start":{"line":226,"column":32},"end":{"line":226,"column":46}}},"41":{"name":"(anonymous_41)","line":230,"loc":{"start":{"line":230,"column":39},"end":{"line":230,"column":53}}},"42":{"name":"(anonymous_42)","line":234,"loc":{"start":{"line":234,"column":36},"end":{"line":234,"column":50}}},"43":{"name":"(anonymous_43)","line":246,"loc":{"start":{"line":246,"column":31},"end":{"line":246,"column":66}}},"44":{"name":"(anonymous_44)","line":251,"loc":{"start":{"line":251,"column":42},"end":{"line":251,"column":58}}},"45":{"name":"(anonymous_45)","line":252,"loc":{"start":{"line":252,"column":13},"end":{"line":252,"column":32}}},"46":{"name":"(anonymous_46)","line":262,"loc":{"start":{"line":262,"column":31},"end":{"line":262,"column":72}}},"47":{"name":"(anonymous_47)","line":267,"loc":{"start":{"line":267,"column":11},"end":{"line":267,"column":27}}},"48":{"name":"(anonymous_48)","line":268,"loc":{"start":{"line":268,"column":13},"end":{"line":268,"column":24}}},"49":{"name":"(anonymous_49)","line":275,"loc":{"start":{"line":275,"column":39},"end":{"line":275,"column":55}}},"50":{"name":"(anonymous_50)","line":276,"loc":{"start":{"line":276,"column":13},"end":{"line":276,"column":27}}},"51":{"name":"(anonymous_51)","line":282,"loc":{"start":{"line":282,"column":32},"end":{"line":282,"column":46}}},"52":{"name":"(anonymous_52)","line":287,"loc":{"start":{"line":287,"column":50},"end":{"line":287,"column":64}}},"53":{"name":"(anonymous_53)","line":290,"loc":{"start":{"line":290,"column":36},"end":{"line":290,"column":50}}},"54":{"name":"(anonymous_54)","line":302,"loc":{"start":{"line":302,"column":32},"end":{"line":302,"column":73}}},"55":{"name":"(anonymous_55)","line":308,"loc":{"start":{"line":308,"column":44},"end":{"line":308,"column":58}}},"56":{"name":"(anonymous_56)","line":310,"loc":{"start":{"line":310,"column":8},"end":{"line":310,"column":24}}},"57":{"name":"(anonymous_57)","line":311,"loc":{"start":{"line":311,"column":13},"end":{"line":311,"column":27}}},"58":{"name":"(anonymous_58)","line":321,"loc":{"start":{"line":321,"column":30},"end":{"line":321,"column":58}}},"59":{"name":"(anonymous_59)","line":328,"loc":{"start":{"line":328,"column":11},"end":{"line":328,"column":27}}},"60":{"name":"(anonymous_60)","line":329,"loc":{"start":{"line":329,"column":13},"end":{"line":329,"column":24}}},"61":{"name":"(anonymous_61)","line":336,"loc":{"start":{"line":336,"column":57},"end":{"line":336,"column":73}}},"62":{"name":"(anonymous_62)","line":337,"loc":{"start":{"line":337,"column":13},"end":{"line":337,"column":27}}},"63":{"name":"(anonymous_63)","line":351,"loc":{"start":{"line":351,"column":31},"end":{"line":351,"column":50}}},"64":{"name":"(anonymous_64)","line":363,"loc":{"start":{"line":363,"column":35},"end":{"line":363,"column":51}}},"65":{"name":"(anonymous_65)","line":364,"loc":{"start":{"line":364,"column":13},"end":{"line":364,"column":32}}},"66":{"name":"(anonymous_66)","line":374,"loc":{"start":{"line":374,"column":33},"end":{"line":374,"column":57}}},"67":{"name":"(anonymous_67)","line":379,"loc":{"start":{"line":379,"column":11},"end":{"line":379,"column":27}}},"68":{"name":"(anonymous_68)","line":380,"loc":{"start":{"line":380,"column":13},"end":{"line":380,"column":24}}},"69":{"name":"(anonymous_69)","line":387,"loc":{"start":{"line":387,"column":48},"end":{"line":387,"column":64}}},"70":{"name":"(anonymous_70)","line":388,"loc":{"start":{"line":388,"column":13},"end":{"line":388,"column":27}}},"71":{"name":"(anonymous_71)","line":400,"loc":{"start":{"line":400,"column":34},"end":{"line":400,"column":66}}},"72":{"name":"(anonymous_72)","line":416,"loc":{"start":{"line":416,"column":42},"end":{"line":416,"column":58}}},"73":{"name":"(anonymous_73)","line":417,"loc":{"start":{"line":417,"column":13},"end":{"line":417,"column":27}}},"74":{"name":"(anonymous_74)","line":436,"loc":{"start":{"line":436,"column":31},"end":{"line":436,"column":55}}},"75":{"name":"(anonymous_75)","line":453,"loc":{"start":{"line":453,"column":11},"end":{"line":453,"column":27}}},"76":{"name":"(anonymous_76)","line":454,"loc":{"start":{"line":454,"column":13},"end":{"line":454,"column":24}}},"77":{"name":"(anonymous_77)","line":461,"loc":{"start":{"line":461,"column":46},"end":{"line":461,"column":62}}},"78":{"name":"(anonymous_78)","line":462,"loc":{"start":{"line":462,"column":13},"end":{"line":462,"column":27}}},"79":{"name":"(anonymous_79)","line":474,"loc":{"start":{"line":474,"column":32},"end":{"line":474,"column":64}}},"80":{"name":"(anonymous_80)","line":489,"loc":{"start":{"line":489,"column":42},"end":{"line":489,"column":58}}},"81":{"name":"(anonymous_81)","line":490,"loc":{"start":{"line":490,"column":13},"end":{"line":490,"column":27}}},"82":{"name":"(anonymous_82)","line":513,"loc":{"start":{"line":513,"column":32},"end":{"line":513,"column":51}}},"83":{"name":"(anonymous_83)","line":515,"loc":{"start":{"line":515,"column":11},"end":{"line":515,"column":27}}},"84":{"name":"(anonymous_84)","line":516,"loc":{"start":{"line":516,"column":13},"end":{"line":516,"column":24}}},"85":{"name":"(anonymous_85)","line":523,"loc":{"start":{"line":523,"column":47},"end":{"line":523,"column":63}}},"86":{"name":"(anonymous_86)","line":524,"loc":{"start":{"line":524,"column":13},"end":{"line":524,"column":27}}},"87":{"name":"(anonymous_87)","line":541,"loc":{"start":{"line":541,"column":33},"end":{"line":541,"column":60}}}},"statementMap":{"1":{"start":{"line":2,"column":0},"end":{"line":4,"column":30}},"2":{"start":{"line":3,"column":37},"end":{"line":3,"column":121}},"3":{"start":{"line":3,"column":63},"end":{"line":3,"column":119}},"4":{"start":{"line":3,"column":94},"end":{"line":3,"column":119}},"5":{"start":{"line":3,"column":122},"end":{"line":3,"column":167}},"6":{"start":{"line":3,"column":140},"end":{"line":3,"column":165}},"7":{"start":{"line":3,"column":168},"end":{"line":3,"column":202}},"8":{"start":{"line":3,"column":203},"end":{"line":3,"column":232}},"9":{"start":{"line":3,"column":233},"end":{"line":3,"column":268}},"10":{"start":{"line":3,"column":269},"end":{"line":3,"column":282}},"11":{"start":{"line":6,"column":0},"end":{"line":6,"column":62}},"12":{"start":{"line":8,"column":0},"end":{"line":8,"column":39}},"13":{"start":{"line":10,"column":0},"end":{"line":10,"column":46}},"14":{"start":{"line":12,"column":0},"end":{"line":12,"column":39}},"15":{"start":{"line":14,"column":0},"end":{"line":14,"column":28}},"16":{"start":{"line":16,"column":0},"end":{"line":16,"column":22}},"17":{"start":{"line":18,"column":0},"end":{"line":28,"column":2}},"18":{"start":{"line":30,"column":0},"end":{"line":30,"column":33}},"19":{"start":{"line":32,"column":0},"end":{"line":551,"column":17}},"20":{"start":{"line":33,"column":2},"end":{"line":33,"column":32}},"21":{"start":{"line":35,"column":2},"end":{"line":35,"column":38}},"22":{"start":{"line":37,"column":2},"end":{"line":56,"column":3}},"23":{"start":{"line":38,"column":4},"end":{"line":38,"column":14}},"24":{"start":{"line":39,"column":4},"end":{"line":39,"column":59}},"25":{"start":{"line":40,"column":4},"end":{"line":44,"column":5}},"26":{"start":{"line":41,"column":6},"end":{"line":41,"column":47}},"27":{"start":{"line":42,"column":6},"end":{"line":42,"column":36}},"28":{"start":{"line":43,"column":6},"end":{"line":43,"column":18}},"29":{"start":{"line":45,"column":4},"end":{"line":49,"column":5}},"30":{"start":{"line":46,"column":6},"end":{"line":46,"column":38}},"31":{"start":{"line":48,"column":6},"end":{"line":48,"column":24}},"32":{"start":{"line":50,"column":4},"end":{"line":50,"column":60}},"33":{"start":{"line":51,"column":4},"end":{"line":51,"column":49}},"34":{"start":{"line":52,"column":4},"end":{"line":52,"column":21}},"35":{"start":{"line":53,"column":4},"end":{"line":53,"column":25}},"36":{"start":{"line":54,"column":4},"end":{"line":54,"column":34}},"37":{"start":{"line":55,"column":4},"end":{"line":55,"column":28}},"38":{"start":{"line":58,"column":2},"end":{"line":60,"column":4}},"39":{"start":{"line":59,"column":4},"end":{"line":59,"column":50}},"40":{"start":{"line":62,"column":2},"end":{"line":64,"column":4}},"41":{"start":{"line":63,"column":4},"end":{"line":63,"column":34}},"42":{"start":{"line":66,"column":2},"end":{"line":68,"column":4}},"43":{"start":{"line":67,"column":4},"end":{"line":67,"column":72}},"44":{"start":{"line":70,"column":2},"end":{"line":72,"column":4}},"45":{"start":{"line":71,"column":4},"end":{"line":71,"column":74}},"46":{"start":{"line":74,"column":2},"end":{"line":76,"column":4}},"47":{"start":{"line":75,"column":4},"end":{"line":75,"column":75}},"48":{"start":{"line":78,"column":2},"end":{"line":80,"column":4}},"49":{"start":{"line":79,"column":4},"end":{"line":79,"column":78}},"50":{"start":{"line":82,"column":2},"end":{"line":84,"column":4}},"51":{"start":{"line":83,"column":4},"end":{"line":83,"column":26}},"52":{"start":{"line":86,"column":2},"end":{"line":88,"column":4}},"53":{"start":{"line":87,"column":4},"end":{"line":87,"column":40}},"54":{"start":{"line":90,"column":2},"end":{"line":95,"column":4}},"55":{"start":{"line":91,"column":4},"end":{"line":93,"column":5}},"56":{"start":{"line":92,"column":6},"end":{"line":92,"column":36}},"57":{"start":{"line":94,"column":4},"end":{"line":94,"column":30}},"58":{"start":{"line":97,"column":2},"end":{"line":99,"column":4}},"59":{"start":{"line":98,"column":4},"end":{"line":98,"column":30}},"60":{"start":{"line":101,"column":2},"end":{"line":103,"column":4}},"61":{"start":{"line":102,"column":4},"end":{"line":102,"column":22}},"62":{"start":{"line":105,"column":2},"end":{"line":107,"column":4}},"63":{"start":{"line":106,"column":4},"end":{"line":106,"column":28}},"64":{"start":{"line":109,"column":2},"end":{"line":117,"column":4}},"65":{"start":{"line":110,"column":4},"end":{"line":110,"column":12}},"66":{"start":{"line":111,"column":4},"end":{"line":113,"column":5}},"67":{"start":{"line":112,"column":6},"end":{"line":112,"column":13}},"68":{"start":{"line":114,"column":4},"end":{"line":114,"column":91}},"69":{"start":{"line":115,"column":4},"end":{"line":115,"column":23}},"70":{"start":{"line":116,"column":4},"end":{"line":116,"column":15}},"71":{"start":{"line":119,"column":2},"end":{"line":126,"column":4}},"72":{"start":{"line":120,"column":4},"end":{"line":120,"column":14}},"73":{"start":{"line":121,"column":4},"end":{"line":125,"column":5}},"74":{"start":{"line":122,"column":6},"end":{"line":122,"column":58}},"75":{"start":{"line":123,"column":6},"end":{"line":123,"column":35}},"76":{"start":{"line":124,"column":6},"end":{"line":124,"column":19}},"77":{"start":{"line":128,"column":2},"end":{"line":149,"column":4}},"78":{"start":{"line":129,"column":4},"end":{"line":129,"column":20}},"79":{"start":{"line":130,"column":4},"end":{"line":136,"column":5}},"80":{"start":{"line":131,"column":6},"end":{"line":131,"column":89}},"81":{"start":{"line":132,"column":6},"end":{"line":132,"column":35}},"82":{"start":{"line":134,"column":6},"end":{"line":134,"column":24}},"83":{"start":{"line":135,"column":6},"end":{"line":135,"column":20}},"84":{"start":{"line":137,"column":4},"end":{"line":139,"column":5}},"85":{"start":{"line":138,"column":6},"end":{"line":138,"column":25}},"86":{"start":{"line":140,"column":4},"end":{"line":144,"column":13}},"87":{"start":{"line":141,"column":6},"end":{"line":143,"column":8}},"88":{"start":{"line":142,"column":8},"end":{"line":142,"column":41}},"89":{"start":{"line":145,"column":4},"end":{"line":147,"column":5}},"90":{"start":{"line":146,"column":6},"end":{"line":146,"column":25}},"91":{"start":{"line":148,"column":4},"end":{"line":148,"column":46}},"92":{"start":{"line":151,"column":2},"end":{"line":156,"column":4}},"93":{"start":{"line":152,"column":4},"end":{"line":154,"column":5}},"94":{"start":{"line":153,"column":6},"end":{"line":153,"column":36}},"95":{"start":{"line":155,"column":4},"end":{"line":155,"column":38}},"96":{"start":{"line":158,"column":2},"end":{"line":176,"column":4}},"97":{"start":{"line":159,"column":4},"end":{"line":159,"column":12}},"98":{"start":{"line":160,"column":4},"end":{"line":167,"column":13}},"99":{"start":{"line":161,"column":6},"end":{"line":166,"column":8}},"100":{"start":{"line":162,"column":8},"end":{"line":162,"column":30}},"101":{"start":{"line":163,"column":8},"end":{"line":165,"column":9}},"102":{"start":{"line":164,"column":10},"end":{"line":164,"column":42}},"103":{"start":{"line":168,"column":4},"end":{"line":175,"column":14}},"104":{"start":{"line":169,"column":6},"end":{"line":174,"column":8}},"105":{"start":{"line":170,"column":8},"end":{"line":172,"column":9}},"106":{"start":{"line":171,"column":10},"end":{"line":171,"column":26}},"107":{"start":{"line":173,"column":8},"end":{"line":173,"column":28}},"108":{"start":{"line":178,"column":2},"end":{"line":207,"column":4}},"109":{"start":{"line":179,"column":4},"end":{"line":181,"column":5}},"110":{"start":{"line":180,"column":6},"end":{"line":180,"column":35}},"111":{"start":{"line":182,"column":4},"end":{"line":206,"column":14}},"112":{"start":{"line":183,"column":6},"end":{"line":205,"column":8}},"113":{"start":{"line":184,"column":8},"end":{"line":186,"column":9}},"114":{"start":{"line":185,"column":10},"end":{"line":185,"column":31}},"115":{"start":{"line":187,"column":8},"end":{"line":187,"column":40}},"116":{"start":{"line":188,"column":8},"end":{"line":202,"column":26}},"117":{"start":{"line":189,"column":10},"end":{"line":201,"column":13}},"118":{"start":{"line":192,"column":14},"end":{"line":194,"column":15}},"119":{"start":{"line":193,"column":16},"end":{"line":193,"column":45}},"120":{"start":{"line":195,"column":14},"end":{"line":195,"column":43}},"121":{"start":{"line":196,"column":14},"end":{"line":196,"column":99}},"122":{"start":{"line":197,"column":14},"end":{"line":199,"column":23}},"123":{"start":{"line":198,"column":16},"end":{"line":198,"column":45}},"124":{"start":{"line":203,"column":8},"end":{"line":203,"column":43}},"125":{"start":{"line":204,"column":8},"end":{"line":204,"column":36}},"126":{"start":{"line":209,"column":2},"end":{"line":244,"column":4}},"127":{"start":{"line":210,"column":4},"end":{"line":210,"column":12}},"128":{"start":{"line":211,"column":4},"end":{"line":218,"column":13}},"129":{"start":{"line":212,"column":6},"end":{"line":217,"column":8}},"130":{"start":{"line":213,"column":8},"end":{"line":213,"column":30}},"131":{"start":{"line":214,"column":8},"end":{"line":216,"column":9}},"132":{"start":{"line":215,"column":10},"end":{"line":215,"column":42}},"133":{"start":{"line":219,"column":4},"end":{"line":243,"column":14}},"134":{"start":{"line":220,"column":6},"end":{"line":242,"column":8}},"135":{"start":{"line":221,"column":8},"end":{"line":223,"column":9}},"136":{"start":{"line":222,"column":10},"end":{"line":222,"column":26}},"137":{"start":{"line":224,"column":8},"end":{"line":240,"column":9}},"138":{"start":{"line":225,"column":10},"end":{"line":225,"column":54}},"139":{"start":{"line":226,"column":10},"end":{"line":239,"column":13}},"140":{"start":{"line":227,"column":12},"end":{"line":229,"column":13}},"141":{"start":{"line":228,"column":14},"end":{"line":228,"column":30}},"142":{"start":{"line":230,"column":12},"end":{"line":238,"column":24}},"143":{"start":{"line":231,"column":14},"end":{"line":231,"column":23}},"144":{"start":{"line":232,"column":14},"end":{"line":232,"column":62}},"145":{"start":{"line":233,"column":14},"end":{"line":233,"column":58}},"146":{"start":{"line":234,"column":14},"end":{"line":237,"column":22}},"147":{"start":{"line":235,"column":16},"end":{"line":235,"column":30}},"148":{"start":{"line":236,"column":16},"end":{"line":236,"column":46}},"149":{"start":{"line":241,"column":8},"end":{"line":241,"column":42}},"150":{"start":{"line":246,"column":2},"end":{"line":260,"column":4}},"151":{"start":{"line":247,"column":4},"end":{"line":249,"column":5}},"152":{"start":{"line":248,"column":6},"end":{"line":248,"column":19}},"153":{"start":{"line":250,"column":4},"end":{"line":250,"column":39}},"154":{"start":{"line":251,"column":4},"end":{"line":259,"column":14}},"155":{"start":{"line":252,"column":6},"end":{"line":258,"column":8}},"156":{"start":{"line":253,"column":8},"end":{"line":256,"column":9}},"157":{"start":{"line":254,"column":10},"end":{"line":254,"column":60}},"158":{"start":{"line":255,"column":10},"end":{"line":255,"column":55}},"159":{"start":{"line":257,"column":8},"end":{"line":257,"column":34}},"160":{"start":{"line":262,"column":2},"end":{"line":300,"column":4}},"161":{"start":{"line":263,"column":4},"end":{"line":263,"column":12}},"162":{"start":{"line":264,"column":4},"end":{"line":266,"column":5}},"163":{"start":{"line":265,"column":6},"end":{"line":265,"column":19}},"164":{"start":{"line":267,"column":4},"end":{"line":274,"column":13}},"165":{"start":{"line":268,"column":6},"end":{"line":273,"column":8}},"166":{"start":{"line":269,"column":8},"end":{"line":269,"column":30}},"167":{"start":{"line":270,"column":8},"end":{"line":272,"column":9}},"168":{"start":{"line":271,"column":10},"end":{"line":271,"column":38}},"169":{"start":{"line":275,"column":4},"end":{"line":299,"column":14}},"170":{"start":{"line":276,"column":6},"end":{"line":298,"column":8}},"171":{"start":{"line":277,"column":8},"end":{"line":279,"column":9}},"172":{"start":{"line":278,"column":10},"end":{"line":278,"column":26}},"173":{"start":{"line":280,"column":8},"end":{"line":296,"column":9}},"174":{"start":{"line":281,"column":10},"end":{"line":281,"column":55}},"175":{"start":{"line":282,"column":10},"end":{"line":295,"column":13}},"176":{"start":{"line":283,"column":12},"end":{"line":285,"column":13}},"177":{"start":{"line":284,"column":14},"end":{"line":284,"column":30}},"178":{"start":{"line":286,"column":12},"end":{"line":286,"column":57}},"179":{"start":{"line":287,"column":12},"end":{"line":294,"column":24}},"180":{"start":{"line":288,"column":14},"end":{"line":288,"column":23}},"181":{"start":{"line":289,"column":14},"end":{"line":289,"column":62}},"182":{"start":{"line":290,"column":14},"end":{"line":293,"column":22}},"183":{"start":{"line":291,"column":16},"end":{"line":291,"column":30}},"184":{"start":{"line":292,"column":16},"end":{"line":292,"column":46}},"185":{"start":{"line":297,"column":8},"end":{"line":297,"column":53}},"186":{"start":{"line":302,"column":2},"end":{"line":319,"column":4}},"187":{"start":{"line":303,"column":4},"end":{"line":303,"column":15}},"188":{"start":{"line":304,"column":4},"end":{"line":306,"column":5}},"189":{"start":{"line":305,"column":6},"end":{"line":305,"column":19}},"190":{"start":{"line":307,"column":4},"end":{"line":307,"column":40}},"191":{"start":{"line":308,"column":4},"end":{"line":318,"column":14}},"192":{"start":{"line":309,"column":6},"end":{"line":309,"column":35}},"193":{"start":{"line":311,"column":6},"end":{"line":317,"column":8}},"194":{"start":{"line":312,"column":8},"end":{"line":315,"column":9}},"195":{"start":{"line":313,"column":10},"end":{"line":313,"column":61}},"196":{"start":{"line":314,"column":10},"end":{"line":314,"column":51}},"197":{"start":{"line":316,"column":8},"end":{"line":316,"column":43}},"198":{"start":{"line":321,"column":2},"end":{"line":349,"column":4}},"199":{"start":{"line":322,"column":4},"end":{"line":322,"column":17}},"200":{"start":{"line":323,"column":4},"end":{"line":327,"column":5}},"201":{"start":{"line":324,"column":6},"end":{"line":324,"column":122}},"202":{"start":{"line":325,"column":6},"end":{"line":325,"column":33}},"203":{"start":{"line":326,"column":6},"end":{"line":326,"column":27}},"204":{"start":{"line":328,"column":4},"end":{"line":335,"column":13}},"205":{"start":{"line":329,"column":6},"end":{"line":334,"column":8}},"206":{"start":{"line":330,"column":8},"end":{"line":330,"column":30}},"207":{"start":{"line":331,"column":8},"end":{"line":333,"column":9}},"208":{"start":{"line":332,"column":10},"end":{"line":332,"column":42}},"209":{"start":{"line":336,"column":4},"end":{"line":348,"column":14}},"210":{"start":{"line":337,"column":6},"end":{"line":347,"column":8}},"211":{"start":{"line":338,"column":8},"end":{"line":340,"column":9}},"212":{"start":{"line":339,"column":10},"end":{"line":339,"column":26}},"213":{"start":{"line":341,"column":8},"end":{"line":345,"column":9}},"214":{"start":{"line":342,"column":10},"end":{"line":342,"column":126}},"215":{"start":{"line":343,"column":10},"end":{"line":343,"column":37}},"216":{"start":{"line":344,"column":10},"end":{"line":344,"column":26}},"217":{"start":{"line":346,"column":8},"end":{"line":346,"column":33}},"218":{"start":{"line":351,"column":2},"end":{"line":372,"column":4}},"219":{"start":{"line":352,"column":4},"end":{"line":352,"column":19}},"220":{"start":{"line":353,"column":4},"end":{"line":361,"column":5}},"221":{"start":{"line":354,"column":6},"end":{"line":354,"column":22}},"222":{"start":{"line":355,"column":11},"end":{"line":361,"column":5}},"223":{"start":{"line":356,"column":6},"end":{"line":356,"column":55}},"224":{"start":{"line":358,"column":6},"end":{"line":358,"column":78}},"225":{"start":{"line":359,"column":6},"end":{"line":359,"column":24}},"226":{"start":{"line":360,"column":6},"end":{"line":360,"column":27}},"227":{"start":{"line":362,"column":4},"end":{"line":362,"column":39}},"228":{"start":{"line":363,"column":4},"end":{"line":371,"column":14}},"229":{"start":{"line":364,"column":6},"end":{"line":370,"column":8}},"230":{"start":{"line":365,"column":8},"end":{"line":367,"column":9}},"231":{"start":{"line":366,"column":10},"end":{"line":366,"column":31}},"232":{"start":{"line":368,"column":8},"end":{"line":368,"column":30}},"233":{"start":{"line":369,"column":8},"end":{"line":369,"column":23}},"234":{"start":{"line":374,"column":2},"end":{"line":398,"column":4}},"235":{"start":{"line":375,"column":4},"end":{"line":375,"column":12}},"236":{"start":{"line":376,"column":4},"end":{"line":378,"column":5}},"237":{"start":{"line":377,"column":6},"end":{"line":377,"column":18}},"238":{"start":{"line":379,"column":4},"end":{"line":386,"column":13}},"239":{"start":{"line":380,"column":6},"end":{"line":385,"column":8}},"240":{"start":{"line":381,"column":8},"end":{"line":381,"column":30}},"241":{"start":{"line":382,"column":8},"end":{"line":384,"column":9}},"242":{"start":{"line":383,"column":10},"end":{"line":383,"column":42}},"243":{"start":{"line":387,"column":4},"end":{"line":397,"column":14}},"244":{"start":{"line":388,"column":6},"end":{"line":396,"column":8}},"245":{"start":{"line":389,"column":8},"end":{"line":391,"column":9}},"246":{"start":{"line":390,"column":10},"end":{"line":390,"column":26}},"247":{"start":{"line":392,"column":8},"end":{"line":394,"column":9}},"248":{"start":{"line":393,"column":10},"end":{"line":393,"column":27}},"249":{"start":{"line":395,"column":8},"end":{"line":395,"column":41}},"250":{"start":{"line":400,"column":2},"end":{"line":434,"column":4}},"251":{"start":{"line":401,"column":4},"end":{"line":401,"column":14}},"252":{"start":{"line":402,"column":4},"end":{"line":413,"column":5}},"253":{"start":{"line":403,"column":6},"end":{"line":405,"column":7}},"254":{"start":{"line":404,"column":8},"end":{"line":404,"column":47}},"255":{"start":{"line":406,"column":6},"end":{"line":406,"column":30}},"256":{"start":{"line":407,"column":11},"end":{"line":413,"column":5}},"257":{"start":{"line":408,"column":6},"end":{"line":408,"column":30}},"258":{"start":{"line":409,"column":11},"end":{"line":413,"column":5}},"259":{"start":{"line":410,"column":6},"end":{"line":410,"column":25}},"260":{"start":{"line":412,"column":6},"end":{"line":412,"column":57}},"261":{"start":{"line":414,"column":4},"end":{"line":414,"column":28}},"262":{"start":{"line":415,"column":4},"end":{"line":415,"column":39}},"263":{"start":{"line":416,"column":4},"end":{"line":433,"column":14}},"264":{"start":{"line":417,"column":6},"end":{"line":432,"column":8}},"265":{"start":{"line":418,"column":8},"end":{"line":427,"column":9}},"266":{"start":{"line":419,"column":10},"end":{"line":426,"column":11}},"267":{"start":{"line":420,"column":12},"end":{"line":420,"column":25}},"268":{"start":{"line":421,"column":17},"end":{"line":426,"column":11}},"269":{"start":{"line":422,"column":12},"end":{"line":422,"column":29}},"270":{"start":{"line":424,"column":12},"end":{"line":424,"column":30}},"271":{"start":{"line":425,"column":12},"end":{"line":425,"column":29}},"272":{"start":{"line":428,"column":8},"end":{"line":430,"column":9}},"273":{"start":{"line":429,"column":10},"end":{"line":429,"column":56}},"274":{"start":{"line":431,"column":8},"end":{"line":431,"column":32}},"275":{"start":{"line":436,"column":2},"end":{"line":472,"column":4}},"276":{"start":{"line":437,"column":4},"end":{"line":437,"column":29}},"277":{"start":{"line":438,"column":4},"end":{"line":440,"column":5}},"278":{"start":{"line":439,"column":6},"end":{"line":439,"column":18}},"279":{"start":{"line":441,"column":4},"end":{"line":445,"column":5}},"280":{"start":{"line":442,"column":6},"end":{"line":442,"column":22}},"281":{"start":{"line":443,"column":11},"end":{"line":445,"column":5}},"282":{"start":{"line":444,"column":6},"end":{"line":444,"column":17}},"283":{"start":{"line":446,"column":4},"end":{"line":450,"column":5}},"284":{"start":{"line":447,"column":6},"end":{"line":447,"column":27}},"285":{"start":{"line":448,"column":11},"end":{"line":450,"column":5}},"286":{"start":{"line":449,"column":6},"end":{"line":449,"column":22}},"287":{"start":{"line":451,"column":4},"end":{"line":451,"column":25}},"288":{"start":{"line":452,"column":4},"end":{"line":452,"column":15}},"289":{"start":{"line":453,"column":4},"end":{"line":460,"column":13}},"290":{"start":{"line":454,"column":6},"end":{"line":459,"column":8}},"291":{"start":{"line":455,"column":8},"end":{"line":455,"column":30}},"292":{"start":{"line":456,"column":8},"end":{"line":458,"column":9}},"293":{"start":{"line":457,"column":10},"end":{"line":457,"column":42}},"294":{"start":{"line":461,"column":4},"end":{"line":471,"column":14}},"295":{"start":{"line":462,"column":6},"end":{"line":470,"column":8}},"296":{"start":{"line":463,"column":8},"end":{"line":465,"column":9}},"297":{"start":{"line":464,"column":10},"end":{"line":464,"column":26}},"298":{"start":{"line":466,"column":8},"end":{"line":468,"column":9}},"299":{"start":{"line":467,"column":10},"end":{"line":467,"column":27}},"300":{"start":{"line":469,"column":8},"end":{"line":469,"column":39}},"301":{"start":{"line":474,"column":2},"end":{"line":511,"column":4}},"302":{"start":{"line":475,"column":4},"end":{"line":475,"column":14}},"303":{"start":{"line":476,"column":4},"end":{"line":487,"column":5}},"304":{"start":{"line":477,"column":6},"end":{"line":479,"column":7}},"305":{"start":{"line":478,"column":8},"end":{"line":478,"column":47}},"306":{"start":{"line":480,"column":6},"end":{"line":480,"column":30}},"307":{"start":{"line":481,"column":11},"end":{"line":487,"column":5}},"308":{"start":{"line":482,"column":6},"end":{"line":482,"column":30}},"309":{"start":{"line":483,"column":11},"end":{"line":487,"column":5}},"310":{"start":{"line":484,"column":6},"end":{"line":484,"column":23}},"311":{"start":{"line":486,"column":6},"end":{"line":486,"column":63}},"312":{"start":{"line":488,"column":4},"end":{"line":488,"column":39}},"313":{"start":{"line":489,"column":4},"end":{"line":510,"column":14}},"314":{"start":{"line":490,"column":6},"end":{"line":509,"column":8}},"315":{"start":{"line":491,"column":8},"end":{"line":500,"column":9}},"316":{"start":{"line":492,"column":10},"end":{"line":499,"column":11}},"317":{"start":{"line":493,"column":12},"end":{"line":493,"column":25}},"318":{"start":{"line":494,"column":17},"end":{"line":499,"column":11}},"319":{"start":{"line":495,"column":12},"end":{"line":495,"column":29}},"320":{"start":{"line":497,"column":12},"end":{"line":497,"column":30}},"321":{"start":{"line":498,"column":12},"end":{"line":498,"column":29}},"322":{"start":{"line":501,"column":8},"end":{"line":503,"column":9}},"323":{"start":{"line":502,"column":10},"end":{"line":502,"column":56}},"324":{"start":{"line":504,"column":8},"end":{"line":504,"column":33}},"325":{"start":{"line":505,"column":8},"end":{"line":507,"column":9}},"326":{"start":{"line":506,"column":10},"end":{"line":506,"column":54}},"327":{"start":{"line":508,"column":8},"end":{"line":508,"column":30}},"328":{"start":{"line":513,"column":2},"end":{"line":539,"column":4}},"329":{"start":{"line":514,"column":4},"end":{"line":514,"column":12}},"330":{"start":{"line":515,"column":4},"end":{"line":522,"column":13}},"331":{"start":{"line":516,"column":6},"end":{"line":521,"column":8}},"332":{"start":{"line":517,"column":8},"end":{"line":517,"column":30}},"333":{"start":{"line":518,"column":8},"end":{"line":520,"column":9}},"334":{"start":{"line":519,"column":10},"end":{"line":519,"column":42}},"335":{"start":{"line":523,"column":4},"end":{"line":538,"column":14}},"336":{"start":{"line":524,"column":6},"end":{"line":537,"column":8}},"337":{"start":{"line":525,"column":8},"end":{"line":527,"column":9}},"338":{"start":{"line":526,"column":10},"end":{"line":526,"column":26}},"339":{"start":{"line":528,"column":8},"end":{"line":530,"column":9}},"340":{"start":{"line":529,"column":10},"end":{"line":529,"column":27}},"341":{"start":{"line":531,"column":8},"end":{"line":535,"column":9}},"342":{"start":{"line":532,"column":10},"end":{"line":532,"column":84}},"343":{"start":{"line":533,"column":10},"end":{"line":533,"column":34}},"344":{"start":{"line":534,"column":10},"end":{"line":534,"column":26}},"345":{"start":{"line":536,"column":8},"end":{"line":536,"column":28}},"346":{"start":{"line":541,"column":2},"end":{"line":547,"column":4}},"347":{"start":{"line":542,"column":4},"end":{"line":542,"column":38}},"348":{"start":{"line":543,"column":4},"end":{"line":543,"column":39}},"349":{"start":{"line":544,"column":4},"end":{"line":544,"column":40}},"350":{"start":{"line":545,"column":4},"end":{"line":545,"column":28}},"351":{"start":{"line":546,"column":4},"end":{"line":546,"column":21}},"352":{"start":{"line":549,"column":2},"end":{"line":549,"column":19}}},"branchMap":{"1":{"line":3,"type":"if","locations":[{"start":{"line":3,"column":63},"end":{"line":3,"column":63}},{"start":{"line":3,"column":63},"end":{"line":3,"column":63}}]},"2":{"line":6,"type":"binary-expr","locations":[{"start":{"line":6,"column":9},"end":{"line":6,"column":22}},{"start":{"line":6,"column":27},"end":{"line":6,"column":60}}]},"3":{"line":40,"type":"if","locations":[{"start":{"line":40,"column":4},"end":{"line":40,"column":4}},{"start":{"line":40,"column":4},"end":{"line":40,"column":4}}]},"4":{"line":45,"type":"if","locations":[{"start":{"line":45,"column":4},"end":{"line":45,"column":4}},{"start":{"line":45,"column":4},"end":{"line":45,"column":4}}]},"5":{"line":50,"type":"binary-expr","locations":[{"start":{"line":50,"column":19},"end":{"line":50,"column":39}},{"start":{"line":50,"column":43},"end":{"line":50,"column":59}}]},"6":{"line":91,"type":"if","locations":[{"start":{"line":91,"column":4},"end":{"line":91,"column":4}},{"start":{"line":91,"column":4},"end":{"line":91,"column":4}}]},"7":{"line":111,"type":"if","locations":[{"start":{"line":111,"column":4},"end":{"line":111,"column":4}},{"start":{"line":111,"column":4},"end":{"line":111,"column":4}}]},"8":{"line":121,"type":"if","locations":[{"start":{"line":121,"column":4},"end":{"line":121,"column":4}},{"start":{"line":121,"column":4},"end":{"line":121,"column":4}}]},"9":{"line":130,"type":"if","locations":[{"start":{"line":130,"column":4},"end":{"line":130,"column":4}},{"start":{"line":130,"column":4},"end":{"line":130,"column":4}}]},"10":{"line":131,"type":"cond-expr","locations":[{"start":{"line":131,"column":55},"end":{"line":131,"column":70}},{"start":{"line":131,"column":74},"end":{"line":131,"column":87}}]},"11":{"line":137,"type":"if","locations":[{"start":{"line":137,"column":4},"end":{"line":137,"column":4}},{"start":{"line":137,"column":4},"end":{"line":137,"column":4}}]},"12":{"line":145,"type":"if","locations":[{"start":{"line":145,"column":4},"end":{"line":145,"column":4}},{"start":{"line":145,"column":4},"end":{"line":145,"column":4}}]},"13":{"line":152,"type":"if","locations":[{"start":{"line":152,"column":4},"end":{"line":152,"column":4}},{"start":{"line":152,"column":4},"end":{"line":152,"column":4}}]},"14":{"line":163,"type":"if","locations":[{"start":{"line":163,"column":8},"end":{"line":163,"column":8}},{"start":{"line":163,"column":8},"end":{"line":163,"column":8}}]},"15":{"line":170,"type":"if","locations":[{"start":{"line":170,"column":8},"end":{"line":170,"column":8}},{"start":{"line":170,"column":8},"end":{"line":170,"column":8}}]},"16":{"line":179,"type":"if","locations":[{"start":{"line":179,"column":4},"end":{"line":179,"column":4}},{"start":{"line":179,"column":4},"end":{"line":179,"column":4}}]},"17":{"line":184,"type":"if","locations":[{"start":{"line":184,"column":8},"end":{"line":184,"column":8}},{"start":{"line":184,"column":8},"end":{"line":184,"column":8}}]},"18":{"line":192,"type":"if","locations":[{"start":{"line":192,"column":14},"end":{"line":192,"column":14}},{"start":{"line":192,"column":14},"end":{"line":192,"column":14}}]},"19":{"line":214,"type":"if","locations":[{"start":{"line":214,"column":8},"end":{"line":214,"column":8}},{"start":{"line":214,"column":8},"end":{"line":214,"column":8}}]},"20":{"line":221,"type":"if","locations":[{"start":{"line":221,"column":8},"end":{"line":221,"column":8}},{"start":{"line":221,"column":8},"end":{"line":221,"column":8}}]},"21":{"line":224,"type":"if","locations":[{"start":{"line":224,"column":8},"end":{"line":224,"column":8}},{"start":{"line":224,"column":8},"end":{"line":224,"column":8}}]},"22":{"line":227,"type":"if","locations":[{"start":{"line":227,"column":12},"end":{"line":227,"column":12}},{"start":{"line":227,"column":12},"end":{"line":227,"column":12}}]},"23":{"line":247,"type":"if","locations":[{"start":{"line":247,"column":4},"end":{"line":247,"column":4}},{"start":{"line":247,"column":4},"end":{"line":247,"column":4}}]},"24":{"line":253,"type":"if","locations":[{"start":{"line":253,"column":8},"end":{"line":253,"column":8}},{"start":{"line":253,"column":8},"end":{"line":253,"column":8}}]},"25":{"line":253,"type":"binary-expr","locations":[{"start":{"line":253,"column":12},"end":{"line":253,"column":15}},{"start":{"line":253,"column":19},"end":{"line":253,"column":49}}]},"26":{"line":264,"type":"if","locations":[{"start":{"line":264,"column":4},"end":{"line":264,"column":4}},{"start":{"line":264,"column":4},"end":{"line":264,"column":4}}]},"27":{"line":270,"type":"if","locations":[{"start":{"line":270,"column":8},"end":{"line":270,"column":8}},{"start":{"line":270,"column":8},"end":{"line":270,"column":8}}]},"28":{"line":277,"type":"if","locations":[{"start":{"line":277,"column":8},"end":{"line":277,"column":8}},{"start":{"line":277,"column":8},"end":{"line":277,"column":8}}]},"29":{"line":280,"type":"if","locations":[{"start":{"line":280,"column":8},"end":{"line":280,"column":8}},{"start":{"line":280,"column":8},"end":{"line":280,"column":8}}]},"30":{"line":283,"type":"if","locations":[{"start":{"line":283,"column":12},"end":{"line":283,"column":12}},{"start":{"line":283,"column":12},"end":{"line":283,"column":12}}]},"31":{"line":304,"type":"if","locations":[{"start":{"line":304,"column":4},"end":{"line":304,"column":4}},{"start":{"line":304,"column":4},"end":{"line":304,"column":4}}]},"32":{"line":312,"type":"if","locations":[{"start":{"line":312,"column":8},"end":{"line":312,"column":8}},{"start":{"line":312,"column":8},"end":{"line":312,"column":8}}]},"33":{"line":312,"type":"binary-expr","locations":[{"start":{"line":312,"column":12},"end":{"line":312,"column":15}},{"start":{"line":312,"column":19},"end":{"line":312,"column":49}}]},"34":{"line":323,"type":"if","locations":[{"start":{"line":323,"column":4},"end":{"line":323,"column":4}},{"start":{"line":323,"column":4},"end":{"line":323,"column":4}}]},"35":{"line":331,"type":"if","locations":[{"start":{"line":331,"column":8},"end":{"line":331,"column":8}},{"start":{"line":331,"column":8},"end":{"line":331,"column":8}}]},"36":{"line":338,"type":"if","locations":[{"start":{"line":338,"column":8},"end":{"line":338,"column":8}},{"start":{"line":338,"column":8},"end":{"line":338,"column":8}}]},"37":{"line":341,"type":"if","locations":[{"start":{"line":341,"column":8},"end":{"line":341,"column":8}},{"start":{"line":341,"column":8},"end":{"line":341,"column":8}}]},"38":{"line":353,"type":"if","locations":[{"start":{"line":353,"column":4},"end":{"line":353,"column":4}},{"start":{"line":353,"column":4},"end":{"line":353,"column":4}}]},"39":{"line":355,"type":"if","locations":[{"start":{"line":355,"column":11},"end":{"line":355,"column":11}},{"start":{"line":355,"column":11},"end":{"line":355,"column":11}}]},"40":{"line":365,"type":"if","locations":[{"start":{"line":365,"column":8},"end":{"line":365,"column":8}},{"start":{"line":365,"column":8},"end":{"line":365,"column":8}}]},"41":{"line":376,"type":"if","locations":[{"start":{"line":376,"column":4},"end":{"line":376,"column":4}},{"start":{"line":376,"column":4},"end":{"line":376,"column":4}}]},"42":{"line":382,"type":"if","locations":[{"start":{"line":382,"column":8},"end":{"line":382,"column":8}},{"start":{"line":382,"column":8},"end":{"line":382,"column":8}}]},"43":{"line":389,"type":"if","locations":[{"start":{"line":389,"column":8},"end":{"line":389,"column":8}},{"start":{"line":389,"column":8},"end":{"line":389,"column":8}}]},"44":{"line":392,"type":"if","locations":[{"start":{"line":392,"column":8},"end":{"line":392,"column":8}},{"start":{"line":392,"column":8},"end":{"line":392,"column":8}}]},"45":{"line":402,"type":"if","locations":[{"start":{"line":402,"column":4},"end":{"line":402,"column":4}},{"start":{"line":402,"column":4},"end":{"line":402,"column":4}}]},"46":{"line":403,"type":"if","locations":[{"start":{"line":403,"column":6},"end":{"line":403,"column":6}},{"start":{"line":403,"column":6},"end":{"line":403,"column":6}}]},"47":{"line":407,"type":"if","locations":[{"start":{"line":407,"column":11},"end":{"line":407,"column":11}},{"start":{"line":407,"column":11},"end":{"line":407,"column":11}}]},"48":{"line":409,"type":"if","locations":[{"start":{"line":409,"column":11},"end":{"line":409,"column":11}},{"start":{"line":409,"column":11},"end":{"line":409,"column":11}}]},"49":{"line":418,"type":"if","locations":[{"start":{"line":418,"column":8},"end":{"line":418,"column":8}},{"start":{"line":418,"column":8},"end":{"line":418,"column":8}}]},"50":{"line":419,"type":"if","locations":[{"start":{"line":419,"column":10},"end":{"line":419,"column":10}},{"start":{"line":419,"column":10},"end":{"line":419,"column":10}}]},"51":{"line":421,"type":"if","locations":[{"start":{"line":421,"column":17},"end":{"line":421,"column":17}},{"start":{"line":421,"column":17},"end":{"line":421,"column":17}}]},"52":{"line":428,"type":"if","locations":[{"start":{"line":428,"column":8},"end":{"line":428,"column":8}},{"start":{"line":428,"column":8},"end":{"line":428,"column":8}}]},"53":{"line":438,"type":"if","locations":[{"start":{"line":438,"column":4},"end":{"line":438,"column":4}},{"start":{"line":438,"column":4},"end":{"line":438,"column":4}}]},"54":{"line":441,"type":"if","locations":[{"start":{"line":441,"column":4},"end":{"line":441,"column":4}},{"start":{"line":441,"column":4},"end":{"line":441,"column":4}}]},"55":{"line":443,"type":"if","locations":[{"start":{"line":443,"column":11},"end":{"line":443,"column":11}},{"start":{"line":443,"column":11},"end":{"line":443,"column":11}}]},"56":{"line":446,"type":"if","locations":[{"start":{"line":446,"column":4},"end":{"line":446,"column":4}},{"start":{"line":446,"column":4},"end":{"line":446,"column":4}}]},"57":{"line":448,"type":"if","locations":[{"start":{"line":448,"column":11},"end":{"line":448,"column":11}},{"start":{"line":448,"column":11},"end":{"line":448,"column":11}}]},"58":{"line":456,"type":"if","locations":[{"start":{"line":456,"column":8},"end":{"line":456,"column":8}},{"start":{"line":456,"column":8},"end":{"line":456,"column":8}}]},"59":{"line":463,"type":"if","locations":[{"start":{"line":463,"column":8},"end":{"line":463,"column":8}},{"start":{"line":463,"column":8},"end":{"line":463,"column":8}}]},"60":{"line":466,"type":"if","locations":[{"start":{"line":466,"column":8},"end":{"line":466,"column":8}},{"start":{"line":466,"column":8},"end":{"line":466,"column":8}}]},"61":{"line":476,"type":"if","locations":[{"start":{"line":476,"column":4},"end":{"line":476,"column":4}},{"start":{"line":476,"column":4},"end":{"line":476,"column":4}}]},"62":{"line":477,"type":"if","locations":[{"start":{"line":477,"column":6},"end":{"line":477,"column":6}},{"start":{"line":477,"column":6},"end":{"line":477,"column":6}}]},"63":{"line":481,"type":"if","locations":[{"start":{"line":481,"column":11},"end":{"line":481,"column":11}},{"start":{"line":481,"column":11},"end":{"line":481,"column":11}}]},"64":{"line":483,"type":"if","locations":[{"start":{"line":483,"column":11},"end":{"line":483,"column":11}},{"start":{"line":483,"column":11},"end":{"line":483,"column":11}}]},"65":{"line":491,"type":"if","locations":[{"start":{"line":491,"column":8},"end":{"line":491,"column":8}},{"start":{"line":491,"column":8},"end":{"line":491,"column":8}}]},"66":{"line":492,"type":"if","locations":[{"start":{"line":492,"column":10},"end":{"line":492,"column":10}},{"start":{"line":492,"column":10},"end":{"line":492,"column":10}}]},"67":{"line":494,"type":"if","locations":[{"start":{"line":494,"column":17},"end":{"line":494,"column":17}},{"start":{"line":494,"column":17},"end":{"line":494,"column":17}}]},"68":{"line":501,"type":"if","locations":[{"start":{"line":501,"column":8},"end":{"line":501,"column":8}},{"start":{"line":501,"column":8},"end":{"line":501,"column":8}}]},"69":{"line":505,"type":"if","locations":[{"start":{"line":505,"column":8},"end":{"line":505,"column":8}},{"start":{"line":505,"column":8},"end":{"line":505,"column":8}}]},"70":{"line":518,"type":"if","locations":[{"start":{"line":518,"column":8},"end":{"line":518,"column":8}},{"start":{"line":518,"column":8},"end":{"line":518,"column":8}}]},"71":{"line":525,"type":"if","locations":[{"start":{"line":525,"column":8},"end":{"line":525,"column":8}},{"start":{"line":525,"column":8},"end":{"line":525,"column":8}}]},"72":{"line":528,"type":"if","locations":[{"start":{"line":528,"column":8},"end":{"line":528,"column":8}},{"start":{"line":528,"column":8},"end":{"line":528,"column":8}}]},"73":{"line":531,"type":"if","locations":[{"start":{"line":531,"column":8},"end":{"line":531,"column":8}},{"start":{"line":531,"column":8},"end":{"line":531,"column":8}}]}}},"D:\\Documents\\web sites\\buma.dev\\library\\sm-store\\lib\\PersistenceManager.js":{"path":"D:\\Documents\\web sites\\buma.dev\\library\\sm-store\\lib\\PersistenceManager.js","s":{"1":1,"2":1,"3":0,"4":0,"5":1,"6":1,"7":1,"8":1,"9":1,"10":1,"11":1,"12":1,"13":1,"14":1,"15":1,"16":1,"17":1,"18":1,"19":1,"20":1,"21":1,"22":1,"23":285,"24":1,"25":1,"26":1158,"27":1158,"28":0,"29":0,"30":0,"31":1158,"32":1158,"33":4632,"34":4632,"35":0,"36":0,"37":0,"38":1158,"39":1,"40":747,"41":747,"42":747,"43":0,"44":1,"45":215,"46":214,"47":1,"48":1,"49":1539,"50":1539,"51":1539,"52":0,"53":1539,"54":1488,"55":1,"56":645,"57":215,"58":430,"59":1,"60":228,"61":228,"62":228,"63":228,"64":0,"65":0,"66":228,"67":228,"68":0,"69":228,"70":228,"71":0,"72":0,"73":0,"74":0,"75":0,"76":0,"77":228,"78":228,"79":228,"80":0,"81":228,"82":228,"83":228,"84":228,"85":0,"86":0,"87":0,"88":228,"89":0,"90":0,"91":228,"92":1,"93":270,"94":1,"95":699,"96":699,"97":699,"98":699,"99":0,"100":0,"101":699,"102":1,"103":48,"104":48,"105":48,"106":48,"107":48,"108":0,"109":0,"110":48,"111":1,"112":747,"113":747,"114":6,"115":6,"116":747,"117":1,"118":33,"119":33,"120":33,"121":33,"122":0,"123":0,"124":33,"125":33,"126":0,"127":33,"128":33,"129":0,"130":0,"131":0,"132":0,"133":0,"134":0,"135":33,"136":33,"137":33,"138":0,"139":33,"140":33,"141":33,"142":33,"143":0,"144":0,"145":0,"146":33,"147":0,"148":0,"149":33,"150":1,"151":33,"152":1,"153":24,"154":24,"155":24,"156":24,"157":0,"158":0,"159":24,"160":1,"161":24,"162":1,"163":51,"164":51,"165":0,"166":51,"167":0,"168":51,"169":51,"170":51,"171":51,"172":30,"173":21,"174":21,"175":21,"176":21,"177":21,"178":0,"179":21,"180":15,"181":6,"182":1,"183":6,"184":6,"185":0,"186":6,"187":0,"188":6,"189":0,"190":6,"191":0,"192":6,"193":6,"194":6,"195":6,"196":0,"197":6,"198":6,"199":6,"200":6,"201":6,"202":0,"203":6,"204":3,"205":3,"206":3,"207":1,"208":354,"209":354,"210":0,"211":354,"212":0,"213":354,"214":0,"215":0,"216":0,"217":354,"218":354,"219":354,"220":354,"221":354,"222":1,"223":438,"224":438,"225":438,"226":96,"227":6,"228":90,"229":9,"230":9,"231":81,"232":42,"233":42,"234":42,"235":42,"236":42,"237":42,"238":84,"239":84,"240":84,"241":3,"242":3,"243":81,"244":42,"245":39,"246":81,"247":9,"248":96,"249":96,"250":63,"251":102,"252":102,"253":33,"254":3,"255":3,"256":3,"257":3,"258":342,"259":438,"260":39,"261":39,"262":438,"263":1,"264":1,"265":105,"266":105,"267":3,"268":102,"269":102,"270":24,"271":78,"272":102,"273":6,"274":102,"275":96,"276":6,"277":3,"278":3,"279":3,"280":3,"281":0,"282":3,"283":3,"284":1,"285":1,"286":624,"287":624,"288":39,"289":624,"290":624,"291":573,"292":624,"293":573,"294":624,"295":573,"296":624,"297":915,"298":624,"299":624,"300":573,"301":3534,"302":51,"303":207,"304":624,"305":624,"306":573,"307":624,"308":342,"309":342,"310":624,"311":987,"312":624,"313":624,"314":624,"315":624,"316":246,"317":246,"318":246,"319":246,"320":246,"321":246,"322":246,"323":354,"324":354,"325":246,"326":246,"327":246,"328":354,"329":354,"330":624,"331":624,"332":621,"333":624,"334":51,"335":624,"336":624,"337":2415,"338":2415,"339":2415,"340":183,"341":183,"342":12,"343":171,"344":171,"345":11,"346":160,"347":4,"348":3,"349":1,"350":156,"351":171,"352":3,"353":3,"354":3,"355":2232,"356":2400,"357":2400,"358":2400,"359":2400,"360":432,"361":432,"362":2400,"363":360,"364":2400,"365":30,"366":2370,"367":288,"368":2370,"369":0,"370":2370,"371":621,"372":1,"373":573,"374":573,"375":336,"376":336,"377":237,"378":237,"379":237,"380":237,"381":237,"382":579,"383":579,"384":342,"385":342,"386":342,"387":342,"388":342,"389":342,"390":0,"391":342,"392":342,"393":342,"394":342,"395":237,"396":237,"397":237,"398":237,"399":0,"400":237,"401":1,"402":573,"403":573,"404":573,"405":573,"406":573,"407":573,"408":573,"409":573,"410":573,"411":573,"412":573,"413":0,"414":573,"415":570,"416":234,"417":336,"418":224,"419":112,"420":573,"421":573,"422":267,"423":267,"424":267,"425":267,"426":267,"427":306,"428":1,"429":1,"430":1,"431":747,"432":747,"433":747,"434":747,"435":747,"436":747,"437":747,"438":747,"439":747,"440":747,"441":747,"442":747,"443":747,"444":1,"445":48,"446":48,"447":48,"448":48,"449":48,"450":48,"451":48,"452":48,"453":48,"454":48,"455":48,"456":48,"457":48,"458":0,"459":0,"460":0,"461":48,"462":48,"463":48,"464":57,"465":57,"466":57,"467":57,"468":21,"469":0,"470":0,"471":0,"472":0,"473":21,"474":21,"475":21,"476":36,"477":36,"478":36,"479":0,"480":36,"481":0,"482":0,"483":0,"484":0,"485":0,"486":0,"487":0,"488":36,"489":21,"490":21,"491":21,"492":0,"493":0,"494":21,"495":21,"496":36,"497":1,"498":699,"499":699,"500":1,"501":699,"502":699,"503":0,"504":0,"505":0,"506":699,"507":699,"508":699,"509":699,"510":699,"511":699,"512":699,"513":0,"514":699,"515":699,"516":15,"517":684,"518":684,"519":519,"520":519,"521":0,"522":0,"523":0,"524":0,"525":165,"526":684,"527":684,"528":1395,"529":1395,"530":1395,"531":684,"532":75,"533":129,"534":129,"535":0,"536":129,"537":0,"538":0,"539":0,"540":129,"541":75,"542":0,"543":75,"544":75,"545":609,"546":30,"547":579,"548":699,"549":1,"550":1,"551":123,"552":123,"553":123,"554":0,"555":123,"556":0,"557":0,"558":0,"559":123,"560":123,"561":123,"562":123,"563":12,"564":12,"565":12,"566":12,"567":12,"568":24,"569":24,"570":111,"571":123,"572":0,"573":0,"574":0,"575":123,"576":1,"577":1,"578":72,"579":72,"580":0,"581":72,"582":72,"583":72,"584":72,"585":72,"586":72,"587":72,"588":72,"589":117,"590":72,"591":99,"592":72,"593":48,"594":48,"595":72,"596":72,"597":72,"598":324,"599":0,"600":0,"601":72,"602":72,"603":72,"604":72,"605":72,"606":72,"607":72,"608":72,"609":270,"610":270,"611":27,"612":27,"613":18,"614":252,"615":18,"616":0,"617":18,"618":0,"619":0,"620":0,"621":18,"622":234,"623":252,"624":252,"625":252,"626":0,"627":0,"628":0,"629":0,"630":252,"631":252,"632":252,"633":36,"634":24,"635":36,"636":12,"637":252,"638":24,"639":24,"640":12,"641":12,"642":252,"643":12,"644":252,"645":0,"646":252,"647":24,"648":252,"649":0,"650":252,"651":252,"652":252,"653":228,"654":72,"655":72,"656":45,"657":27,"658":27,"659":27,"660":0,"661":0,"662":27,"663":27,"664":27,"665":27,"666":0,"667":27,"668":27,"669":39,"670":39,"671":27,"672":72,"673":1,"674":72,"675":72,"676":45,"677":27,"678":27,"679":27,"680":27,"681":66,"682":66,"683":39,"684":39,"685":39,"686":27,"687":27,"688":27,"689":27,"690":27,"691":27,"692":27,"693":0,"694":27,"695":27,"696":39,"697":39,"698":39,"699":39,"700":39,"701":24,"702":24,"703":24,"704":27,"705":27,"706":27,"707":0,"708":0,"709":27,"710":3,"711":3,"712":27,"713":27,"714":27,"715":1,"716":72,"717":72,"718":72,"719":72,"720":72,"721":72,"722":72,"723":72,"724":72,"725":72,"726":0,"727":72,"728":48,"729":24,"730":24,"731":0,"732":0,"733":72,"734":72,"735":9,"736":63,"737":63,"738":72,"739":72,"740":72,"741":72,"742":0,"743":72,"744":72,"745":24,"746":0,"747":0,"748":0,"749":24,"750":48,"751":72,"752":1,"753":1,"754":1,"755":51,"756":51,"757":0,"758":51,"759":51,"760":0,"761":51,"762":81,"763":51,"764":51,"765":51,"766":51,"767":51,"768":51,"769":51,"770":51,"771":51,"772":195,"773":195,"774":24,"775":171,"776":12,"777":12,"778":12,"779":12,"780":12,"781":12,"782":12,"783":6,"784":12,"785":51,"786":21,"787":21,"788":21,"789":21,"790":21,"791":21,"792":21,"793":27,"794":27,"795":21,"796":51,"797":1,"798":51,"799":51,"800":51,"801":0,"802":51,"803":17,"804":51,"805":51,"806":30,"807":21,"808":21,"809":21,"810":21,"811":27,"812":27,"813":27,"814":27,"815":27,"816":0,"817":21,"818":21,"819":0,"820":21,"821":21,"822":21,"823":0,"824":21,"825":27,"826":27,"827":0,"828":21,"829":1,"830":51,"831":51,"832":51,"833":1},"b":{"1":[0,0],"2":[1,0],"3":[0,1158],"4":[1158,1158],"5":[0,4632],"6":[0,747],"7":[214,1],"8":[1539,0],"9":[1488,51],"10":[215,430],"11":[645,645],"12":[0,228],"13":[0,228],"14":[0,0],"15":[0,0],"16":[0,228],"17":[0,228],"18
[...]
","line":205,"loc":{"start":{"line":205,"column":2},"end":{"line":205,"column":31}}},"27":{"name":"(anonymous_27)","line":212,"loc":{"start":{"line":212,"column":33},"end":{"line":212,"column":72}}},"28":{"name":"(anonymous_28)","line":231,"loc":{"start":{"line":231,"column":64},"end":{"line":231,"column":75}}},"29":{"name":"(anonymous_29)","line":232,"loc":{"start":{"line":232,"column":52},"end":{"line":232,"column":63}}},"30":{"name":"(anonymous_30)","line":235,"loc":{"start":{"line":235,"column":36},"end":{"line":235,"column":49}}},"31":{"name":"(anonymous_31)","line":243,"loc":{"start":{"line":243,"column":23},"end":{"line":243,"column":37}}},"32":{"name":"(anonymous_32)","line":247,"loc":{"start":{"line":247,"column":22},"end":{"line":247,"column":38}}},"33":{"name":"(anonymous_33)","line":248,"loc":{"start":{"line":248,"column":13},"end":{"line":248,"column":24}}},"34":{"name":"(anonymous_34)","line":259,"loc":{"start":{"line":259,"column":28},"end":{"line":259,"column":44}}},"35":{"name":"(anonymous_35)","line":260,"loc":{"start":{"line":260,"column":13},"end":{"line":260,"column":32}}},"36":{"name":"(anonymous_36)","line":266,"loc":{"start":{"line":266,"column":47},"end":{"line":266,"column":62}}},"37":{"name":"(anonymous_37)","line":275,"loc":{"start":{"line":275,"column":15},"end":{"line":275,"column":31}}},"38":{"name":"(anonymous_38)","line":276,"loc":{"start":{"line":276,"column":13},"end":{"line":276,"column":37}}}},"statementMap":{"1":{"start":{"line":2,"column":0},"end":{"line":4,"column":30}},"2":{"start":{"line":3,"column":37},"end":{"line":3,"column":121}},"3":{"start":{"line":3,"column":63},"end":{"line":3,"column":119}},"4":{"start":{"line":3,"column":94},"end":{"line":3,"column":119}},"5":{"start":{"line":3,"column":122},"end":{"line":3,"column":167}},"6":{"start":{"line":3,"column":140},"end":{"line":3,"column":165}},"7":{"start":{"line":3,"column":168},"end":{"line":3,"column":202}},"8":{"start":{"line":3,"column":203},"end":{"line":3,"column":232}},"9":{"start":{"line":3,"column":233},"end":{"line":3,"column":268}},"10":{"start":{"line":3,"column":269},"end":{"line":3,"column":282}},"11":{"start":{"line":6,"column":0},"end":{"line":6,"column":23}},"12":{"start":{"line":8,"column":0},"end":{"line":8,"column":22}},"13":{"start":{"line":10,"column":0},"end":{"line":10,"column":40}},"14":{"start":{"line":12,"column":0},"end":{"line":12,"column":29}},"15":{"start":{"line":14,"column":0},"end":{"line":14,"column":46}},"16":{"start":{"line":16,"column":0},"end":{"line":16,"column":62}},"17":{"start":{"line":18,"column":0},"end":{"line":18,"column":44}},"18":{"start":{"line":20,"column":0},"end":{"line":24,"column":2}},"19":{"start":{"line":26,"column":0},"end":{"line":26,"column":25}},"20":{"start":{"line":28,"column":0},"end":{"line":59,"column":41}},"21":{"start":{"line":31,"column":4},"end":{"line":31,"column":56}},"22":{"start":{"line":32,"column":4},"end":{"line":32,"column":38}},"23":{"start":{"line":33,"column":4},"end":{"line":37,"column":5}},"24":{"start":{"line":34,"column":6},"end":{"line":34,"column":51}},"25":{"start":{"line":36,"column":6},"end":{"line":36,"column":26}},"26":{"start":{"line":38,"column":4},"end":{"line":40,"column":5}},"27":{"start":{"line":39,"column":6},"end":{"line":39,"column":54}},"28":{"start":{"line":41,"column":4},"end":{"line":43,"column":5}},"29":{"start":{"line":42,"column":6},"end":{"line":42,"column":28}},"30":{"start":{"line":44,"column":4},"end":{"line":53,"column":5}},"31":{"start":{"line":45,"column":6},"end":{"line":45,"column":15}},"32":{"start":{"line":46,"column":6},"end":{"line":46,"column":44}},"33":{"start":{"line":47,"column":6},"end":{"line":52,"column":7}},"34":{"start":{"line":48,"column":8},"end":{"line":48,"column":28}},"35":{"start":{"line":49,"column":8},"end":{"line":51,"column":9}},"36":{"start":{"line":50,"column":10},"end":{"line":50,"column":27}},"37":{"start":{"line":54,"column":4},"end":{"line":56,"column":5}},"38":{"start":{"line":55,"column":6},"end":{"line":55,"column":58}},"39":{"start":{"line":57,"column":4},"end":{"line":57,"column":59}},"40":{"start":{"line":61,"column":0},"end":{"line":112,"column":17}},"41":{"start":{"line":62,"column":2},"end":{"line":62,"column":40}},"42":{"start":{"line":64,"column":2},"end":{"line":64,"column":48}},"43":{"start":{"line":66,"column":2},"end":{"line":89,"column":3}},"44":{"start":{"line":67,"column":4},"end":{"line":67,"column":55}},"45":{"start":{"line":68,"column":4},"end":{"line":68,"column":48}},"46":{"start":{"line":69,"column":4},"end":{"line":69,"column":51}},"47":{"start":{"line":70,"column":4},"end":{"line":70,"column":24}},"48":{"start":{"line":71,"column":4},"end":{"line":75,"column":14}},"49":{"start":{"line":72,"column":6},"end":{"line":74,"column":8}},"50":{"start":{"line":73,"column":8},"end":{"line":73,"column":33}},"51":{"start":{"line":76,"column":4},"end":{"line":76,"column":36}},"52":{"start":{"line":77,"column":4},"end":{"line":82,"column":14}},"53":{"start":{"line":78,"column":6},"end":{"line":81,"column":8}},"54":{"start":{"line":79,"column":8},"end":{"line":79,"column":51}},"55":{"start":{"line":80,"column":8},"end":{"line":80,"column":30}},"56":{"start":{"line":83,"column":4},"end":{"line":87,"column":14}},"57":{"start":{"line":84,"column":6},"end":{"line":86,"column":8}},"58":{"start":{"line":85,"column":8},"end":{"line":85,"column":26}},"59":{"start":{"line":88,"column":4},"end":{"line":88,"column":11}},"60":{"start":{"line":91,"column":2},"end":{"line":96,"column":4}},"61":{"start":{"line":92,"column":4},"end":{"line":92,"column":14}},"62":{"start":{"line":93,"column":4},"end":{"line":93,"column":40}},"63":{"start":{"line":94,"column":4},"end":{"line":94,"column":27}},"64":{"start":{"line":95,"column":4},"end":{"line":95,"column":17}},"65":{"start":{"line":98,"column":2},"end":{"line":103,"column":4}},"66":{"start":{"line":99,"column":4},"end":{"line":99,"column":15}},"67":{"start":{"line":100,"column":4},"end":{"line":100,"column":42}},"68":{"start":{"line":101,"column":4},"end":{"line":101,"column":28}},"69":{"start":{"line":102,"column":4},"end":{"line":102,"column":18}},"70":{"start":{"line":105,"column":2},"end":{"line":108,"column":4}},"71":{"start":{"line":106,"column":4},"end":{"line":106,"column":37}},"72":{"start":{"line":107,"column":4},"end":{"line":107,"column":20}},"73":{"start":{"line":110,"column":2},"end":{"line":110,"column":27}},"74":{"start":{"line":114,"column":0},"end":{"line":198,"column":17}},"75":{"start":{"line":115,"column":2},"end":{"line":115,"column":35}},"76":{"start":{"line":117,"column":2},"end":{"line":119,"column":3}},"77":{"start":{"line":118,"column":4},"end":{"line":118,"column":32}},"78":{"start":{"line":121,"column":2},"end":{"line":132,"column":4}},"79":{"start":{"line":122,"column":4},"end":{"line":122,"column":21}},"80":{"start":{"line":123,"column":4},"end":{"line":130,"column":5}},"81":{"start":{"line":124,"column":6},"end":{"line":124,"column":27}},"82":{"start":{"line":126,"column":6},"end":{"line":126,"column":23}},"83":{"start":{"line":127,"column":6},"end":{"line":129,"column":7}},"84":{"start":{"line":128,"column":8},"end":{"line":128,"column":26}},"85":{"start":{"line":131,"column":4},"end":{"line":131,"column":78}},"86":{"start":{"line":134,"column":2},"end":{"line":194,"column":4}},"87":{"start":{"line":135,"column":4},"end":{"line":135,"column":50}},"88":{"start":{"line":136,"column":4},"end":{"line":136,"column":22}},"89":{"start":{"line":137,"column":4},"end":{"line":137,"column":25}},"90":{"start":{"line":138,"column":4},"end":{"line":138,"column":29}},"91":{"start":{"line":139,"column":4},"end":{"line":149,"column":5}},"92":{"start":{"line":140,"column":6},"end":{"line":147,"column":9}},"93":{"start":{"line":141,"column":8},"end":{"line":143,"column":9}},"94":{"start":{"line":142,"column":10},"end":{"line":142,"column":31}},"95":{"start":{"line":144,"column":8},"end":{"line":146,"column":11}},"96":{"start":{"line":148,"column":6},"end":{"line":148,"column":13}},"97":{"start":{"line":150,"column":4},"end":{"line":161,"column":5}},"98":{"start":{"line":151,"column":6},"end":{"line":159,"column":9}},"99":{"start":{"line":152,"column":8},"end":{"line":154,"column":9}},"100":{"start":{"line":153,"column":10},"end":{"line":153,"column":31}},"101":{"start":{"line":155,"column":8},"end":{"line":158,"column":11}},"102":{"start":{"line":160,"column":6},"end":{"line":160,"column":13}},"103":{"start":{"line":162,"column":4},"end":{"line":164,"column":6}},"104":{"start":{"line":165,"column":4},"end":{"line":165,"column":21}},"105":{"start":{"line":166,"column":4},"end":{"line":193,"column":7}},"106":{"start":{"line":167,"column":6},"end":{"line":173,"column":7}},"107":{"start":{"line":168,"column":8},"end":{"line":171,"column":9}},"108":{"start":{"line":169,"column":10},"end":{"line":169,"column":26}},"109":{"start":{"line":170,"column":10},"end":{"line":170,"column":24}},"110":{"start":{"line":172,"column":8},"end":{"line":172,"column":15}},"111":{"start":{"line":174,"column":6},"end":{"line":174,"column":28}},"112":{"start":{"line":176,"column":6},"end":{"line":178,"column":7}},"113":{"start":{"line":177,"column":8},"end":{"line":177,"column":15}},"114":{"start":{"line":179,"column":6},"end":{"line":181,"column":7}},"115":{"start":{"line":180,"column":8},"end":{"line":180,"column":29}},"116":{"start":{"line":182,"column":6},"end":{"line":182,"column":33}},"117":{"start":{"line":183,"column":6},"end":{"line":191,"column":7}},"118":{"start":{"line":184,"column":8},"end":{"line":188,"column":11}},"119":{"start":{"line":185,"column":10},"end":{"line":187,"column":12}},"120":{"start":{"line":190,"column":8},"end":{"line":190,"column":27}},"121":{"start":{"line":192,"column":6},"end":{"line":192,"column":28}},"122":{"start":{"line":196,"column":2},"end":{"line":196,"column":22}},"123":{"start":{"line":200,"column":0},"end":{"line":200,"column":41}},"124":{"start":{"line":202,"column":0},"end":{"line":287,"column":16}},"125":{"start":{"line":203,"column":2},"end":{"line":203,"column":36}},"126":{"start":{"line":205,"column":2},"end":{"line":210,"column":3}},"127":{"start":{"line":206,"column":4},"end":{"line":208,"column":7}},"128":{"start":{"line":209,"column":4},"end":{"line":209,"column":32}},"129":{"start":{"line":212,"column":2},"end":{"line":233,"column":4}},"130":{"start":{"line":213,"column":4},"end":{"line":213,"column":21}},"131":{"start":{"line":214,"column":4},"end":{"line":230,"column":5}},"132":{"start":{"line":215,"column":6},"end":{"line":215,"column":27}},"133":{"start":{"line":217,"column":6},"end":{"line":217,"column":23}},"134":{"start":{"line":218,"column":6},"end":{"line":229,"column":7}},"135":{"start":{"line":219,"column":8},"end":{"line":221,"column":9}},"136":{"start":{"line":220,"column":10},"end":{"line":220,"column":24}},"137":{"start":{"line":222,"column":13},"end":{"line":229,"column":7}},"138":{"start":{"line":223,"column":8},"end":{"line":225,"column":9}},"139":{"start":{"line":224,"column":10},"end":{"line":224,"column":26}},"140":{"start":{"line":226,"column":8},"end":{"line":228,"column":9}},"141":{"start":{"line":227,"column":10},"end":{"line":227,"column":28}},"142":{"start":{"line":231,"column":4},"end":{"line":231,"column":78}},"143":{"start":{"line":232,"column":4},"end":{"line":232,"column":66}},"144":{"start":{"line":235,"column":2},"end":{"line":283,"column":4}},"145":{"start":{"line":236,"column":4},"end":{"line":236,"column":46}},"146":{"start":{"line":237,"column":4},"end":{"line":237,"column":22}},"147":{"start":{"line":238,"column":4},"end":{"line":238,"column":25}},"148":{"start":{"line":239,"column":4},"end":{"line":239,"column":21}},"149":{"start":{"line":240,"column":4},"end":{"line":240,"column":16}},"150":{"start":{"line":241,"column":4},"end":{"line":241,"column":21}},"151":{"start":{"line":242,"column":4},"end":{"line":242,"column":35}},"152":{"start":{"line":243,"column":4},"end":{"line":246,"column":7}},"153":{"start":{"line":244,"column":6},"end":{"line":244,"column":22}},"154":{"start":{"line":245,"column":6},"end":{"line":245,"column":16}},"155":{"start":{"line":247,"column":4},"end":{"line":258,"column":14}},"156":{"start":{"line":248,"column":6},"end":{"line":257,"column":8}},"157":{"start":{"line":249,"column":8},"end":{"line":249,"column":53}},"158":{"start":{"line":250,"column":8},"end":{"line":252,"column":9}},"159":{"start":{"line":251,"column":10},"end":{"line":251,"column":17}},"160":{"start":{"line":253,"column":8},"end":{"line":255,"column":9}},"161":{"start":{"line":254,"column":10},"end":{"line":254,"column":29}},"162":{"start":{"line":256,"column":8},"end":{"line":256,"column":27}},"163":{"start":{"line":259,"column":4},"end":{"line":282,"column":14}},"164":{"start":{"line":260,"column":6},"end":{"line":274,"column":8}},"165":{"start":{"line":261,"column":8},"end":{"line":264,"column":9}},"166":{"start":{"line":262,"column":10},"end":{"line":262,"column":35}},"167":{"start":{"line":263,"column":10},"end":{"line":263,"column":17}},"168":{"start":{"line":265,"column":8},"end":{"line":272,"column":9}},"169":{"start":{"line":266,"column":10},"end":{"line":270,"column":13}},"170":{"start":{"line":267,"column":12},"end":{"line":269,"column":14}},"171":{"start":{"line":271,"column":10},"end":{"line":271,"column":46}},"172":{"start":{"line":273,"column":8},"end":{"line":273,"column":33}},"173":{"start":{"line":276,"column":6},"end":{"line":281,"column":8}},"174":{"start":{"line":277,"column":8},"end":{"line":277,"column":20}},"175":{"start":{"line":278,"column":8},"end":{"line":280,"column":9}},"176":{"start":{"line":279,"column":10},"end":{"line":279,"column":35}},"177":{"start":{"line":285,"column":2},"end":{"line":285,"column":23}}},"branchMap":{"1":{"line":3,"type":"if","locations":[{"start":{"line":3,"column":63},"end":{"line":3,"column":63}},{"start":{"line":3,"column":63},"end":{"line":3,"column":63}}]},"2":{"line":16,"type":"binary-expr","locations":[{"start":{"line":16,"column":9},"end":{"line":16,"column":22}},{"start":{"line":16,"column":27},"end":{"line":16,"column":60}}]},"3":{"line":32,"type":"binary-expr","locations":[{"start":{"line":32,"column":15},"end":{"line":32,"column":31}},{"start":{"line":32,"column":35},"end":{"line":32,"column":37}}]},"4":{"line":33,"type":"if","locations":[{"start":{"line":33,"column":4},"end":{"line":33,"column":4}},{"start":{"line":33,"column":4},"end":{"line":33,"column":4}}]},"5":{"line":38,"type":"if","locations":[{"start":{"line":38,"column":4},"end":{"line":38,"column":4}},{"start":{"line":38,"column":4},"end":{"line":38,"column":4}}]},"6":{"line":41,"type":"if","locations":[{"start":{"line":41,"column":4},"end":{"line":41,"column":4}},{"start":{"line":41,"column":4},"end":{"line":41,"column":4}}]},"7":{"line":41,"type":"binary-expr","locations":[{"start":{"line":41,"column":8},"end":{"line":41,"column":17}},{"start":{"line":41,"column":21},"end":{"line":41,"column":44}}]},"8":{"line":44,"type":"if","locations":[{"start":{"line":44,"column":4},"end":{"line":44,"column":4}},{"start":{"line":44,"column":4},"end":{"line":44,"column":4}}]},"9":{"line":49,"type":"if","locations":[{"start":{"line":49,"column":8},"end":{"line":49,"column":8}},{"start":{"line":49,"column":8},"end":{"line":49,"column":8}}]},"10":{"line":54,"type":"if","locations":[{"start":{"line":54,"column":4},"end":{"line":54,"column":4}},{"start":{"line":54,"column":4},"end":{"line":54,"column":4}}]},"11":{"line":123,"type":"if","locations":[{"start":{"line":123,"column":4},"end":{"line":123,"column":4}},{"start":{"line":123,"column":4},"end":{"line":123,"column":4}}]},"12":{"line":127,"type":"if","locations":[{"start":{"line":127,"column":6},"end":{"line":127,"column":6}},{"start":{"line":127,"column":6},"end":{"line":127,"column":6}}]},"13":{"line":127,"type":"binary-expr","locations":[{"start":{"line":127,"column":10},"end":{"line":127,"column":32}},{"start":{"line":127,"column":36},"end":{"line":127,"column":64}}]},"14":{"line":131,"type":"cond-expr","locations":[{"start":{"line":131,"column":53},"end":{"line":131,"column":61}},{"start":{"line":131,"column":64},"end":{"line":131,"column":77}}]},"15":{"line":139,"type":"if","locations":[{"start":{"line":139,"column":4},"end":{"line":139,"column":4}},{"start":{"line":139,"column":4},"end":{"line":139,"column":4}}]},"16":{"line":141,"type":"if","locations":[{"start":{"line":141,"column":8},"end":{"line":141,"column":8}},{"start":{"line":141,"column":8},"end":{"line":141,"column":8}}]},"17":{"line":150,"type":"if","locations":[{"start":{"line":150,"column":4},"end":{"line":150,"column":4}},{"start":{"line":150,"column":4},"end":{"line":150,"column":4}}]},"18":{"line":152,"type":"if","locations":[{"start":{"line":152,"column":8},"end":{"line":152,"column":8}},{"start":{"line":152,"column":8},"end":{"line":152,"column":8}}]},"19":{"line":167,"type":"if","locations":[{"start":{"line":167,"column":6},"end":{"line":167,"column":6}},{"start":{"line":167,"column":6},"end":{"line":167,"column":6}}]},"20":{"line":168,"type":"if","locations":[{"start":{"line":168,"column":8},"end":{"line":168,"column":8}},{"start":{"line":168,"column":8},"end":{"line":168,"column":8}}]},"21":{"line":176,"type":"if","locations":[{"start":{"line":176,"column":6},"end":{"line":176,"column":6}},{"start":{"line":176,"column":6},"end":{"line":176,"column":6}}]},"22":{"line":179,"type":"if","locations":[{"start":{"line":179,"column":6},"end":{"line":179,"column":6}},{"start":{"line":179,"column":6},"end":{"line":179,"column":6}}]},"23":{"line":183,"type":"if","locations":[{"start":{"line":183,"column":6},"end":{"line":183,"column":6}},{"start":{"line":183,"column":6},"end":{"line":183,"column":6}}]},"24":{"line":214,"type":"if","locations":[{"start":{"line":214,"column":4},"end":{"line":214,"column":4}},{"start":{"line":214,"column":4},"end":{"line":214,"column":4}}]},"25":{"line":218,"type":"if","locations":[{"start":{"line":218,"column":6},"end":{"line":218,"column":6}},{"start":{"line":218,"column":6},"end":{"line":218,"column":6}}]},"26":{"line":219,"type":"if","locations":[{"start":{"line":219,"column":8},"end":{"line":219,"column":8}},{"start":{"line":219,"column":8},"end":{"line":219,"column":8}}]},"27":{"line":222,"type":"if","locations":[{"start":{"line":222,"column":13},"end":{"line":222,"column":13}},{"start":{"line":222,"column":13},"end":{"line":222,"column":13}}]},"28":{"line":223,"type":"if","locations":[{"start":{"line":223,"column":8},"end":{"line":223,"column":8}},{"start":{"line":223,"column":8},"end":{"line":223,"column":8}}]},"29":{"line":226,"type":"if","locations":[{"start":{"line":226,"column":8},"end":{"line":226,"column":8}},{"start":{"line":226,"column":8},"end":{"line":226,"column":8}}]},"30":{"line":231,"type":"cond-expr","locations":[{"start":{"line":231,"column":53},"end":{"line":231,"column":61}},{"start":{"line":231,"column":64},"end":{"line":231,"column":77}}]},"31":{"line":232,"type":"cond-expr","locations":[{"start":{"line":232,"column":45},"end":{"line":232,"column":49}},{"start":{"line":232,"column":52},"end":{"line":232,"column":65}}]},"32":{"line":250,"type":"if","locations":[{"start":{"line":250,"column":8},"end":{"line":250,"column":8}},{"start":{"line":250,"column":8},"end":{"line":250,"column":8}}]},"33":{"line":253,"type":"if","locations":[{"start":{"line":253,"column":8},"end":{"line":253,"column":8}},{"start":{"line":253,"column":8},"end":{"line":253,"column":8}}]},"34":{"line":261,"type":"if","locations":[{"start":{"line":261,"column":8},"end":{"line":261,"column":8}},{"start":{"line":261,"column":8},"end":{"line":261,"column":8}}]},"35":{"line":265,"type":"if","locations":[{"start":{"line":265,"column":8},"end":{"line":265,"column":8}},{"start":{"line":265,"column":8},"end":{"line":265,"column":8}}]},"36":{"line":278,"type":"if","locations":[{"start":{"line":278,"column":8},"end":{"line":278,"column":8}},{"start":{"line":278,"column":8},"end":{"line":278,"column":8}}]}}}}