{"D:\\Documents\\web sites\\buma.dev\\library\\sm-store\\index.js":{"path":"D:\\Documents\\web sites\\buma.dev\\library\\sm-store\\index.js","s":{"1":1},"b":{},"f":{},"fnMap":{},"statementMap":{"1":{"start":{"line":1,"column":0},"end":{"line":5,"column":2}}},"branchMap":{}},"D:\\Documents\\web sites\\buma.dev\\library\\sm-store\\lib\\AdapterPool.js":{"path":"D:\\Documents\\web sites\\buma.dev\\library\\sm-store\\lib\\AdapterPool.js","s":{"1":1,"2":1,"3":1,"4":1,"5":1,"6":1,"7":1,"8":18,"9":18,"10":18,"11":18,"12":3,"13":3,"14":18,"15":0,"16":0,"17":0,"18":18,"19":1,"20":1,"21":1,"22":1,"23":1,"24":1,"25":33,"26":33,"27":3,"28":3,"29":3,"30":30,"31":30,"32":30,"33":30,"34":30,"35":30,"36":30,"37":30,"38":12,"39":30,"40":12,"41":12,"42":12,"43":30,"44":72,"45":30,"46":12,"47":12,"48":12,"49":18,"50":18,"51":18,"52":18,"53":18,"54":18,"55":18,"56":0,"57":18,"58":18,"59":0,"60":18,"61":18,"62":0,"63":18,"64":18,"65":18,"66":18,"67":9,"68":9,"69":18,"70":9,"71":9,"72":18,"73":216,"74":0,"75":216,"76":216,"77":216,"78":324,"79":18,"80":0,"81":18,"82":1,"83":9,"84":0,"85":9,"86":9,"87":9,"88":0,"89":9,"90":9,"91":1,"92":1128,"93":1,"94":105,"95":105,"96":105,"97":1,"98":0,"99":1},"b":{"1":[1,1],"2":[18,0],"3":[3,15],"4":[0,18],"5":[3,30],"6":[30,18],"7":[30,24],"8":[12,18],"9":[12,18],"10":[12,18],"11":[30,18],"12":[18,0],"13":[18,0],"14":[18,0],"15":[18,0],"16":[0,216],"17":[0,18],"18":[0,9],"19":[0,9]},"f":{"1":1,"2":18,"3":1,"4":33,"5":18,"6":9,"7":18,"8":9,"9":216,"10":216,"11":324,"12":9,"13":0,"14":9,"15":9,"16":1128,"17":105,"18":0},"fnMap":{"1":{"name":"(anonymous_1)","line":2,"loc":{"start":{"line":2,"column":1},"end":{"line":2,"column":12}}},"2":{"name":"(anonymous_2)","line":13,"loc":{"start":{"line":13,"column":24},"end":{"line":13,"column":42}}},"3":{"name":"(anonymous_3)","line":44,"loc":{"start":{"line":44,"column":34},"end":{"line":44,"column":45}}},"4":{"name":"AdapterPool","line":45,"loc":{"start":{"line":45,"column":4},"end":{"line":45,"column":55}}},"5":{"name":"(anonymous_5)","line":101,"loc":{"start":{"line":101,"column":17},"end":{"line":101,"column":33}}},"6":{"name":"(anonymous_6)","line":102,"loc":{"start":{"line":102,"column":17},"end":{"line":102,"column":36}}},"7":{"name":"(anonymous_7)","line":107,"loc":{"start":{"line":107,"column":18},"end":{"line":107,"column":34}}},"8":{"name":"(anonymous_8)","line":108,"loc":{"start":{"line":108,"column":17},"end":{"line":108,"column":34}}},"9":{"name":"(anonymous_9)","line":123,"loc":{"start":{"line":123,"column":24},"end":{"line":123,"column":47}}},"10":{"name":"(anonymous_10)","line":124,"loc":{"start":{"line":124,"column":18},"end":{"line":124,"column":34}}},"11":{"name":"(anonymous_11)","line":125,"loc":{"start":{"line":125,"column":19},"end":{"line":125,"column":30}}},"12":{"name":"(anonymous_12)","line":137,"loc":{"start":{"line":137,"column":34},"end":{"line":137,"column":49}}},"13":{"name":"(anonymous_13)","line":139,"loc":{"start":{"line":139,"column":15},"end":{"line":139,"column":26}}},"14":{"name":"(anonymous_14)","line":141,"loc":{"start":{"line":141,"column":25},"end":{"line":141,"column":41}}},"15":{"name":"(anonymous_15)","line":142,"loc":{"start":{"line":142,"column":15},"end":{"line":142,"column":41}}},"16":{"name":"(anonymous_16)","line":152,"loc":{"start":{"line":152,"column":39},"end":{"line":152,"column":50}}},"17":{"name":"(anonymous_17)","line":156,"loc":{"start":{"line":156,"column":44},"end":{"line":156,"column":62}}},"18":{"name":"(anonymous_18)","line":162,"loc":{"start":{"line":162,"column":45},"end":{"line":162,"column":56}}}},"statementMap":{"1":{"start":{"line":2,"column":0},"end":{"line":170,"column":14}},"2":{"start":{"line":3,"column":2},"end":{"line":3,"column":82}},"3":{"start":{"line":5,"column":2},"end":{"line":5,"column":64}},"4":{"start":{"line":7,"column":2},"end":{"line":7,"column":43}},"5":{"start":{"line":9,"column":2},"end":{"line":9,"column":16}},"6":{"start":{"line":11,"column":2},"end":{"line":11,"column":25}},"7":{"start":{"line":13,"column":2},"end":{"line":30,"column":4}},"8":{"start":{"line":16,"column":4},"end":{"line":16,"column":21}},"9":{"start":{"line":17,"column":4},"end":{"line":23,"column":5}},"10":{"start":{"line":18,"column":6},"end":{"line":18,"column":51}},"11":{"start":{"line":19,"column":6},"end":{"line":22,"column":7}},"12":{"start":{"line":20,"column":8},"end":{"line":20,"column":77}},"13":{"start":{"line":21,"column":8},"end":{"line":21,"column":53}},"14":{"start":{"line":24,"column":4},"end":{"line":28,"column":5}},"15":{"start":{"line":25,"column":6},"end":{"line":25,"column":71}},"16":{"start":{"line":26,"column":6},"end":{"line":26,"column":31}},"17":{"start":{"line":27,"column":6},"end":{"line":27,"column":16}},"18":{"start":{"line":29,"column":4},"end":{"line":29,"column":19}},"19":{"start":{"line":32,"column":2},"end":{"line":32,"column":24}},"20":{"start":{"line":34,"column":2},"end":{"line":34,"column":25}},"21":{"start":{"line":36,"column":2},"end":{"line":36,"column":41}},"22":{"start":{"line":38,"column":2},"end":{"line":42,"column":4}},"23":{"start":{"line":44,"column":2},"end":{"line":168,"column":7}},"24":{"start":{"line":45,"column":4},"end":{"line":135,"column":5}},"25":{"start":{"line":46,"column":6},"end":{"line":46,"column":83}},"26":{"start":{"line":47,"column":6},"end":{"line":51,"column":7}},"27":{"start":{"line":48,"column":8},"end":{"line":48,"column":60}},"28":{"start":{"line":49,"column":8},"end":{"line":49,"column":40}},"29":{"start":{"line":50,"column":8},"end":{"line":50,"column":18}},"30":{"start":{"line":52,"column":6},"end":{"line":52,"column":41}},"31":{"start":{"line":53,"column":6},"end":{"line":53,"column":27}},"32":{"start":{"line":54,"column":6},"end":{"line":54,"column":52}},"33":{"start":{"line":55,"column":6},"end":{"line":55,"column":24}},"34":{"start":{"line":56,"column":6},"end":{"line":56,"column":105}},"35":{"start":{"line":57,"column":6},"end":{"line":57,"column":78}},"36":{"start":{"line":58,"column":6},"end":{"line":58,"column":42}},"37":{"start":{"line":59,"column":6},"end":{"line":61,"column":7}},"38":{"start":{"line":60,"column":8},"end":{"line":60,"column":54}},"39":{"start":{"line":62,"column":6},"end":{"line":66,"column":7}},"40":{"start":{"line":63,"column":8},"end":{"line":63,"column":38}},"41":{"start":{"line":64,"column":8},"end":{"line":64,"column":36}},"42":{"start":{"line":65,"column":8},"end":{"line":65,"column":40}},"43":{"start":{"line":67,"column":6},"end":{"line":69,"column":7}},"44":{"start":{"line":68,"column":8},"end":{"line":68,"column":42}},"45":{"start":{"line":70,"column":6},"end":{"line":74,"column":7}},"46":{"start":{"line":71,"column":8},"end":{"line":71,"column":62}},"47":{"start":{"line":72,"column":8},"end":{"line":72,"column":33}},"48":{"start":{"line":73,"column":8},"end":{"line":73,"column":18}},"49":{"start":{"line":75,"column":6},"end":{"line":75,"column":28}},"50":{"start":{"line":76,"column":6},"end":{"line":81,"column":7}},"51":{"start":{"line":77,"column":8},"end":{"line":77,"column":29}},"52":{"start":{"line":78,"column":8},"end":{"line":80,"column":9}},"53":{"start":{"line":79,"column":10},"end":{"line":79,"column":45}},"54":{"start":{"line":82,"column":6},"end":{"line":86,"column":7}},"55":{"start":{"line":83,"column":8},"end":{"line":83,"column":78}},"56":{"start":{"line":85,"column":8},"end":{"line":85,"column":66}},"57":{"start":{"line":87,"column":6},"end":{"line":91,"column":7}},"58":{"start":{"line":88,"column":8},"end":{"line":88,"column":78}},"59":{"start":{"line":90,"column":8},"end":{"line":90,"column":66}},"60":{"start":{"line":92,"column":6},"end":{"line":96,"column":7}},"61":{"start":{"line":93,"column":8},"end":{"line":93,"column":74}},"62":{"start":{"line":95,"column":8},"end":{"line":95,"column":62}},"63":{"start":{"line":97,"column":6},"end":{"line":97,"column":55}},"64":{"start":{"line":98,"column":6},"end":{"line":98,"column":44}},"65":{"start":{"line":99,"column":6},"end":{"line":116,"column":9}},"66":{"start":{"line":102,"column":10},"end":{"line":105,"column":12}},"67":{"start":{"line":103,"column":12},"end":{"line":103,"column":57}},"68":{"start":{"line":104,"column":12},"end":{"line":104,"column":68}},"69":{"start":{"line":108,"column":10},"end":{"line":111,"column":12}},"70":{"start":{"line":109,"column":12},"end":{"line":109,"column":58}},"71":{"start":{"line":110,"column":12},"end":{"line":110,"column":25}},"72":{"start":{"line":117,"column":6},"end":{"line":130,"column":7}},"73":{"start":{"line":120,"column":8},"end":{"line":122,"column":9}},"74":{"start":{"line":121,"column":10},"end":{"line":121,"column":19},"skip":true},"75":{"start":{"line":123,"column":8},"end":{"line":129,"column":30}},"76":{"start":{"line":124,"column":10},"end":{"line":128,"column":19}},"77":{"start":{"line":125,"column":12},"end":{"line":127,"column":14}},"78":{"start":{"line":126,"column":14},"end":{"line":126,"column":57}},"79":{"start":{"line":131,"column":6},"end":{"line":133,"column":7}},"80":{"start":{"line":132,"column":8},"end":{"line":132,"column":25}},"81":{"start":{"line":134,"column":6},"end":{"line":134,"column":13}},"82":{"start":{"line":137,"column":4},"end":{"line":150,"column":6}},"83":{"start":{"line":138,"column":6},"end":{"line":140,"column":7}},"84":{"start":{"line":139,"column":8},"end":{"line":139,"column":29}},"85":{"start":{"line":141,"column":6},"end":{"line":149,"column":16}},"86":{"start":{"line":142,"column":8},"end":{"line":148,"column":10}},"87":{"start":{"line":143,"column":10},"end":{"line":145,"column":11}},"88":{"start":{"line":144,"column":12},"end":{"line":144,"column":29}},"89":{"start":{"line":146,"column":10},"end":{"line":146,"column":41}},"90":{"start":{"line":147,"column":10},"end":{"line":147,"column":24}},"91":{"start":{"line":152,"column":4},"end":{"line":154,"column":6}},"92":{"start":{"line":153,"column":6},"end":{"line":153,"column":34}},"93":{"start":{"line":156,"column":4},"end":{"line":160,"column":6}},"94":{"start":{"line":157,"column":6},"end":{"line":157,"column":20}},"95":{"start":{"line":158,"column":6},"end":{"line":158,"column":41}},"96":{"start":{"line":159,"column":6},"end":{"line":159,"column":42}},"97":{"start":{"line":162,"column":4},"end":{"line":164,"column":6}},"98":{"start":{"line":163,"column":6},"end":{"line":163,"column":40}},"99":{"start":{"line":166,"column":4},"end":{"line":166,"column":23}}},"branchMap":{"1":{"line":5,"type":"binary-expr","locations":[{"start":{"line":5,"column":11},"end":{"line":5,"column":24}},{"start":{"line":5,"column":29},"end":{"line":5,"column":62}}]},"2":{"line":17,"type":"if","locations":[{"start":{"line":17,"column":4},"end":{"line":17,"column":4}},{"start":{"line":17,"column":4},"end":{"line":17,"column":4}}]},"3":{"line":19,"type":"if","locations":[{"start":{"line":19,"column":6},"end":{"line":19,"column":6}},{"start":{"line":19,"column":6},"end":{"line":19,"column":6}}]},"4":{"line":24,"type":"if","locations":[{"start":{"line":24,"column":4},"end":{"line":24,"column":4}},{"start":{"line":24,"column":4},"end":{"line":24,"column":4}}]},"5":{"line":47,"type":"if","locations":[{"start":{"line":47,"column":6},"end":{"line":47,"column":6}},{"start":{"line":47,"column":6},"end":{"line":47,"column":6}}]},"6":{"line":56,"type":"binary-expr","locations":[{"start":{"line":56,"column":29},"end":{"line":56,"column":44}},{"start":{"line":56,"column":48},"end":{"line":56,"column":104}}]},"7":{"line":57,"type":"binary-expr","locations":[{"start":{"line":57,"column":30},"end":{"line":57,"column":45}},{"start":{"line":57,"column":49},"end":{"line":57,"column":77}}]},"8":{"line":59,"type":"if","locations":[{"start":{"line":59,"column":6},"end":{"line":59,"column":6}},{"start":{"line":59,"column":6},"end":{"line":59,"column":6}}]},"9":{"line":62,"type":"if","locations":[{"start":{"line":62,"column":6},"end":{"line":62,"column":6}},{"start":{"line":62,"column":6},"end":{"line":62,"column":6}}]},"10":{"line":70,"type":"if","locations":[{"start":{"line":70,"column":6},"end":{"line":70,"column":6}},{"start":{"line":70,"column":6},"end":{"line":70,"column":6}}]},"11":{"line":70,"type":"binary-expr","locations":[{"start":{"line":70,"column":10},"end":{"line":70,"column":50}},{"start":{"line":70,"column":54},"end":{"line":70,"column":87}}]},"12":{"line":78,"type":"if","locations":[{"start":{"line":78,"column":8},"end":{"line":78,"column":8}},{"start":{"line":78,"column":8},"end":{"line":78,"column":8}}]},"13":{"line":82,"type":"if","locations":[{"start":{"line":82,"column":6},"end":{"line":82,"column":6}},{"start":{"line":82,"column":6},"end":{"line":82,"column":6}}]},"14":{"line":87,"type":"if","locations":[{"start":{"line":87,"column":6},"end":{"line":87,"column":6}},{"start":{"line":87,"column":6},"end":{"line":87,"column":6}}]},"15":{"line":92,"type":"if","locations":[{"start":{"line":92,"column":6},"end":{"line":92,"column":6}},{"start":{"line":92,"column":6},"end":{"line":92,"column":6}}]},"16":{"line":120,"type":"if","locations":[{"start":{"line":120,"column":8},"end":{"line":120,"column":8},"skip":true},{"start":{"line":120,"column":8},"end":{"line":120,"column":8}}]},"17":{"line":131,"type":"if","locations":[{"start":{"line":131,"column":6},"end":{"line":131,"column":6}},{"start":{"line":131,"column":6},"end":{"line":131,"column":6}}]},"18":{"line":138,"type":"if","locations":[{"start":{"line":138,"column":6},"end":{"line":138,"column":6}},{"start":{"line":138,"column":6},"end":{"line":138,"column":6}}]},"19":{"line":143,"type":"if","locations":[{"start":{"line":143,"column":10},"end":{"line":143,"column":10}},{"start":{"line":143,"column":10},"end":{"line":143,"column":10}}]}}},"D:\\Documents\\web sites\\buma.dev\\library\\sm-store\\lib\\GenericUtil.js":{"path":"D:\\Documents\\web sites\\buma.dev\\library\\sm-store\\lib\\GenericUtil.js","s":{"1":1,"2":1,"3":1,"4":1,"5":1,"6":1,"7":1,"8":84,"9":2181,"10":51091,"11":1,"12":1,"13":1,"14":1,"15":1,"16":1,"17":1,"18":9421,"19":9421,"20":9421,"21":47,"22":9374,"23":0,"24":0,"25":0,"26":9374,"27":0,"28":0,"29":0,"30":0,"31":0,"32":9374,"33":0,"34":9374,"35":0,"36":9374,"37":1,"38":9221,"39":9221,"40":9221,"41":1,"42":200,"43":200,"44":200,"45":1,"46":1},"b":{"1":[84,84],"2":[2181,66],"3":[51091,45066],"4":[47,9374],"5":[0,9374],"6":[0,0],"7":[0,9374],"8":[0,9374],"9":[9221,0],"10":[200,0]},"f":{"1":1,"2":1,"3":84,"4":2181,"5":51091,"6":1,"7":9421,"8":0,"9":9221,"10":200},"fnMap":{"1":{"name":"(anonymous_1)","line":2,"loc":{"start":{"line":2,"column":1},"end":{"line":2,"column":12}}},"2":{"name":"(anonymous_2)","line":5,"loc":{"start":{"line":5,"column":12},"end":{"line":5,"column":30}}},"3":{"name":"(anonymous_3)","line":10,"loc":{"start":{"line":10,"column":17},"end":{"line":10,"column":31}}},"4":{"name":"(anonymous_4)","line":13,"loc":{"start":{"line":13,"column":16},"end":{"line":13,"column":30}}},"5":{"name":"(anonymous_5)","line":16,"loc":{"start":{"line":16,"column":22},"end":{"line":16,"column":36}}},"6":{"name":"(anonymous_6)","line":20,"loc":{"start":{"line":20,"column":5},"end":{"line":20,"column":19}}},"7":{"name":"(anonymous_7)","line":77,"loc":{"start":{"line":77,"column":16},"end":{"line":77,"column":35}}},"8":{"name":"(anonymous_8)","line":101,"loc":{"start":{"line":101,"column":39},"end":{"line":101,"column":73}}},"9":{"name":"(anonymous_9)","line":106,"loc":{"start":{"line":106,"column":21},"end":{"line":106,"column":44}}},"10":{"name":"(anonymous_10)","line":112,"loc":{"start":{"line":112,"column":19},"end":{"line":112,"column":42}}}},"statementMap":{"1":{"start":{"line":2,"column":0},"end":{"line":124,"column":14}},"2":{"start":{"line":3,"column":2},"end":{"line":3,"column":14}},"3":{"start":{"line":5,"column":2},"end":{"line":120,"column":4}},"4":{"start":{"line":6,"column":4},"end":{"line":6,"column":46}},"5":{"start":{"line":7,"column":4},"end":{"line":7,"column":27}},"6":{"start":{"line":8,"column":4},"end":{"line":8,"column":53}},"7":{"start":{"line":9,"column":4},"end":{"line":19,"column":6}},"8":{"start":{"line":11,"column":8},"end":{"line":11,"column":71}},"9":{"start":{"line":14,"column":8},"end":{"line":14,"column":55}},"10":{"start":{"line":17,"column":8},"end":{"line":17,"column":57}},"11":{"start":{"line":20,"column":4},"end":{"line":118,"column":29}},"12":{"start":{"line":21,"column":6},"end":{"line":21,"column":38}},"13":{"start":{"line":22,"column":6},"end":{"line":25,"column":8}},"14":{"start":{"line":26,"column":6},"end":{"line":26,"column":22}},"15":{"start":{"line":27,"column":6},"end":{"line":52,"column":8}},"16":{"start":{"line":53,"column":6},"end":{"line":76,"column":8}},"17":{"start":{"line":77,"column":6},"end":{"line":105,"column":8}},"18":{"start":{"line":78,"column":8},"end":{"line":78,"column":36}},"19":{"start":{"line":79,"column":8},"end":{"line":79,"column":26}},"20":{"start":{"line":80,"column":8},"end":{"line":82,"column":9}},"21":{"start":{"line":81,"column":10},"end":{"line":81,"column":21}},"22":{"start":{"line":83,"column":8},"end":{"line":89,"column":9}},"23":{"start":{"line":84,"column":10},"end":{"line":88,"column":11}},"24":{"start":{"line":85,"column":12},"end":{"line":85,"column":23}},"25":{"start":{"line":87,"column":12},"end":{"line":87,"column":23}},"26":{"start":{"line":90,"column":8},"end":{"line":97,"column":9}},"27":{"start":{"line":91,"column":10},"end":{"line":91,"column":19}},"28":{"start":{"line":92,"column":10},"end":{"line":95,"column":11}},"29":{"start":{"line":93,"column":12},"end":{"line":93,"column":26}},"30":{"start":{"line":94,"column":12},"end":{"line":94,"column":49}},"31":{"start":{"line":96,"column":10},"end":{"line":96,"column":44}},"32":{"start":{"line":98,"column":8},"end":{"line":100,"column":9}},"33":{"start":{"line":99,"column":10},"end":{"line":99,"column":25}},"34":{"start":{"line":101,"column":8},"end":{"line":103,"column":11}},"35":{"start":{"line":102,"column":10},"end":{"line":102,"column":35}},"36":{"start":{"line":104,"column":8},"end":{"line":104,"column":43}},"37":{"start":{"line":106,"column":6},"end":{"line":111,"column":8}},"38":{"start":{"line":107,"column":8},"end":{"line":109,"column":9}},"39":{"start":{"line":108,"column":10},"end":{"line":108,"column":36}},"40":{"start":{"line":110,"column":8},"end":{"line":110,"column":52}},"41":{"start":{"line":112,"column":6},"end":{"line":117,"column":8}},"42":{"start":{"line":113,"column":8},"end":{"line":115,"column":9}},"43":{"start":{"line":114,"column":10},"end":{"line":114,"column":36}},"44":{"start":{"line":116,"column":8},"end":{"line":116,"column":57}},"45":{"start":{"line":119,"column":4},"end":{"line":119,"column":23}},"46":{"start":{"line":122,"column":2},"end":{"line":122,"column":36}}},"branchMap":{"1":{"line":11,"type":"binary-expr","locations":[{"start":{"line":11,"column":15},"end":{"line":11,"column":34}},{"start":{"line":11,"column":38},"end":{"line":11,"column":70}}]},"2":{"line":14,"type":"binary-expr","locations":[{"start":{"line":14,"column":15},"end":{"line":14,"column":38}},{"start":{"line":14,"column":42},"end":{"line":14,"column":54}}]},"3":{"line":17,"type":"binary-expr","locations":[{"start":{"line":17,"column":15},"end":{"line":17,"column":38}},{"start":{"line":17,"column":42},"end":{"line":17,"column":56}}]},"4":{"line":80,"type":"if","locations":[{"start":{"line":80,"column":8},"end":{"line":80,"column":8}},{"start":{"line":80,"column":8},"end":{"line":80,"column":8}}]},"5":{"line":83,"type":"if","locations":[{"start":{"line":83,"column":8},"end":{"line":83,"column":8}},{"start":{"line":83,"column":8},"end":{"line":83,"column":8}}]},"6":{"line":84,"type":"if","locations":[{"start":{"line":84,"column":10},"end":{"line":84,"column":10}},{"start":{"line":84,"column":10},"end":{"line":84,"column":10}}]},"7":{"line":90,"type":"if","locations":[{"start":{"line":90,"column":8},"end":{"line":90,"column":8}},{"start":{"line":90,"column":8},"end":{"line":90,"column":8}}]},"8":{"line":98,"type":"if","locations":[{"start":{"line":98,"column":8},"end":{"line":98,"column":8}},{"start":{"line":98,"column":8},"end":{"line":98,"column":8}}]},"9":{"line":107,"type":"if","locations":[{"start":{"line":107,"column":8},"end":{"line":107,"column":8}},{"start":{"line":107,"column":8},"end":{"line":107,"column":8}}]},"10":{"line":113,"type":"if","locations":[{"start":{"line":113,"column":8},"end":{"line":113,"column":8}},{"start":{"line":113,"column":8},"end":{"line":113,"column":8}}]}}},"D:\\Documents\\web sites\\buma.dev\\library\\sm-store\\lib\\Connector.js":{"path":"D:\\Documents\\web sites\\buma.dev\\library\\sm-store\\lib\\Connector.js","s":{"1":1,"2":1,"3":1,"4":1,"5":1,"6":1,"7":1,"8":1,"9":1,"10":1,"11":1,"12":1,"13":1,"14":1,"15":1,"16":1,"17":1,"18":1,"19":1,"20":1,"21":1,"22":1,"23":1,"24":141,"25":141,"26":141,"27":3,"28":3,"29":3,"30":138,"31":33,"32":105,"33":138,"34":138,"35":138,"36":138,"37":138,"38":138,"39":1,"40":30,"41":1,"42":1122,"43":1,"44":363,"45":1,"46":27663,"47":1,"48":12,"49":1,"50":228,"51":1,"52":42,"53":1,"54":0,"55":1,"56":504,"57":147,"58":504,"59":1,"60":504,"61":1,"62":21,"63":1,"64":42,"65":1,"66":0,"67":0,"68":0,"69":0,"70":0,"71":0,"72":1,"73":5460,"74":5460,"75":18,"76":18,"77":18,"78":1,"79":2739,"80":2739,"81":3,"82":3,"83":2736,"84":2736,"85":2739,"86":18,"87":2721,"88":2721,"89":2721,"90":2721,"91":2667,"92":2721,"93":1,"94":2739,"95":2718,"96":2739,"97":1,"98":375,"99":375,"100":375,"101":375,"102":375,"103":375,"104":375,"105":375,"106":375,"107":6,"108":369,"109":1,"110":411,"111":264,"112":147,"113":147,"114":147,"115":0,"116":147,"117":147,"118":3,"119":3,"120":0,"121":3,"122":3,"123":3,"124":3,"125":147,"126":147,"127":1,"128":1566,"129":1566,"130":1566,"131":1566,"132":1566,"133":1566,"134":1566,"135":1566,"136":1566,"137":3,"138":1563,"139":39,"140":39,"141":39,"142":0,"143":39,"144":39,"145":39,"146":39,"147":39,"148":39,"149":39,"150":1524,"151":1,"152":1563,"153":864,"154":1563,"155":1563,"156":1563,"157":1563,"158":3,"159":3,"160":1560,"161":1,"162":54,"163":54,"164":54,"165":54,"166":54,"167":54,"168":54,"169":54,"170":54,"171":54,"172":54,"173":0,"174":54,"175":3,"176":3,"177":3,"178":0,"179":3,"180":3,"181":3,"182":3,"183":3,"184":3,"185":3,"186":51,"187":1,"188":54,"189":54,"190":0,"191":54,"192":54,"193":828,"194":54,"195":54,"196":0,"197":0,"198":54,"199":1,"200":363,"201":363,"202":6,"203":6,"204":6,"205":357,"206":357,"207":357,"208":357,"209":357,"210":357,"211":357,"212":357,"213":0,"214":357,"215":0,"216":0,"217":0,"218":357,"219":1,"220":357,"221":357,"222":111,"223":246,"224":246,"225":0,"226":0,"227":0,"228":357,"229":357,"230":357,"231":357,"232":0,"233":357,"234":357,"235":357,"236":1,"237":81,"238":81,"239":3,"240":81,"241":81,"242":81,"243":81,"244":81,"245":81,"246":81,"247":81,"248":3,"249":78,"250":0,"251":78,"252":1,"253":162,"254":162,"255":81,"256":81,"257":0,"258":81,"259":0,"260":81,"261":78,"262":3,"263":81,"264":81,"265":81,"266":81,"267":81,"268":0,"269":0,"270":0,"271":0,"272":0,"273":0,"274":81,"275":78,"276":3,"277":1,"278":276,"279":276,"280":273,"281":276,"282":3,"283":273,"284":273,"285":276,"286":273,"287":3,"288":3,"289":276,"290":276,"291":276,"292":276,"293":276,"294":276,"295":276,"296":276,"297":276,"298":276,"299":3,"300":273,"301":0,"302":273,"303":1,"304":279,"305":279,"306":3,"307":3,"308":0,"309":276,"310":0,"311":276,"312":33,"313":243,"314":276,"315":276,"316":276,"317":276,"318":0,"319":0,"320":0,"321":0,"322":0,"323":0,"324":276,"325":0,"326":276,"327":276,"328":6,"329":270,"330":1,"331":27,"332":27,"333":27,"334":27,"335":27,"336":27,"337":27,"338":27,"339":27,"340":3,"341":24,"342":3,"343":21,"344":0,"345":0,"346":0,"347":21,"348":1,"349":147,"350":147,"351":147,"352":147,"353":147,"354":1},"b":{"1":[1,0],"2":[1,0],"3":[3,138],"4":[33,105],"5":[138,135],"6":[147,357],"7":[0,0],"8":[18,5442],"9":[3,2736],"10":[3,0],"11":[18,2721],"12":[2667,54],"13":[2718,21],"14":[375,0],"15":[6,369],"16":[264,147],"17":[0,147],"18":[0,3],"19":[1566,0],"20":[3,1563],"21":[39,1524],"22":[0,39],"23":[864,699],"24":[3,1560],"25":[1563,3],"26":[54,0],"27":[54,0],"28":[0,54],"29":[3,51],"30":[0,3],"31":[0,54],"32":[0,54],"33":[54,0],"34":[6,357],"35":[357,0],"36":[0,357],"37":[0,357],"38":[111,246],"39":[246,0],"40":[0,357],"41":[3,78],"42":[81,0],"43":[3,78],"44":[0,78],"45":[81,81],"46":[81,0],"47":[0,81],"48":[78,3],"49":[0,81],"50":[0,0],"51":[0,0],"52":[78,3],"53":[273,3],"54":[3,273],"55":[273,0],"56":[273,3],"57":[3,0],"58":[276,0],"59":[3,273],"60":[0,273],"61":[3,276],"62":[3,0],"63":[0,276],"64":[33,243],"65":[0,276],"66":[0,0],"67":[0,0],"68":[0,276],"69":[6,270],"70":[27,0],"71":[3,24],"72":[3,21],"73":[0,21]},"f":{"1":1,"2":1,"3":1,"4":1,"5":141,"6":30,"7":1122,"8":363,"9":27663,"10":12,"11":228,"12":42,"13":0,"14":504,"15":504,"16":21,"17":42,"18":0,"19":5460,"20":2739,"21":0,"22":2721,"23":2721,"24":2739,"25":375,"26":375,"27":375,"28":375,"29":375,"30":411,"31":147,"32":147,"33":3,"34":3,"35":3,"36":1566,"37":1566,"38":1566,"39":1566,"40":1566,"41":39,"42":39,"43":39,"44":1563,"45":1563,"46":1563,"47":54,"48":54,"49":54,"50":54,"51":54,"52":3,"53":3,"54":3,"55":54,"56":828,"57":54,"58":54,"59":363,"60":357,"61":357,"62":357,"63":357,"64":357,"65":357,"66":357,"67":81,"68":81,"69":81,"70":81,"71":81,"72":162,"73":81,"74":81,"75":276,"76":276,"77":276,"78":276,"79":276,"80":279,"81":276,"82":276,"83":27,"84":27,"85":27,"86":27,"87":27,"88":147},"fnMap":{"1":{"name":"(anonymous_1)","line":2,"loc":{"start":{"line":2,"column":1},"end":{"line":2,"column":12}}},"2":{"name":"(anonymous_2)","line":4,"loc":{"start":{"line":4,"column":13},"end":{"line":4,"column":37}}},"3":{"name":"ctor","line":4,"loc":{"start":{"line":4,"column":124},"end":{"line":4,"column":140}}},"4":{"name":"(anonymous_4)","line":33,"loc":{"start":{"line":33,"column":32},"end":{"line":33,"column":53}}},"5":{"name":"Connector","line":38,"loc":{"start":{"line":38,"column":4},"end":{"line":38,"column":38}}},"6":{"name":"(anonymous_6)","line":59,"loc":{"start":{"line":59,"column":32},"end":{"line":59,"column":43}}},"7":{"name":"(anonymous_7)","line":63,"loc":{"start":{"line":63,"column":37},"end":{"line":63,"column":48}}},"8":{"name":"(anonymous_8)","line":67,"loc":{"start":{"line":67,"column":33},"end":{"line":67,"column":44}}},"9":{"name":"(anonymous_9)","line":71,"loc":{"start":{"line":71,"column":35},"end":{"line":71,"column":46}}},"10":{"name":"(anonymous_10)","line":75,"loc":{"start":{"line":75,"column":36},"end":{"line":75,"column":47}}},"11":{"name":"(anonymous_11)","line":79,"loc":{"start":{"line":79,"column":39},"end":{"line":79,"column":50}}},"12":{"name":"(anonymous_12)","line":83,"loc":{"start":{"line":83,"column":39},"end":{"line":83,"column":50}}},"13":{"name":"(anonymous_13)","line":87,"loc":{"start":{"line":87,"column":43},"end":{"line":87,"column":54}}},"14":{"name":"(anonymous_14)","line":91,"loc":{"start":{"line":91,"column":40},"end":{"line":91,"column":61}}},"15":{"name":"(anonymous_15)","line":98,"loc":{"start":{"line":98,"column":43},"end":{"line":98,"column":54}}},"16":{"name":"(anonymous_16)","line":102,"loc":{"start":{"line":102,"column":35},"end":{"line":102,"column":46}}},"17":{"name":"(anonymous_17)","line":106,"loc":{"start":{"line":106,"column":44},"end":{"line":106,"column":55}}},"18":{"name":"(anonymous_18)","line":110,"loc":{"start":{"line":110,"column":38},"end":{"line":110,"column":57}}},"19":{"name":"(anonymous_19)","line":120,"loc":{"start":{"line":120,"column":36},"end":{"line":120,"column":47}}},"20":{"name":"(anonymous_20)","line":129,"loc":{"start":{"line":129,"column":40},"end":{"line":129,"column":66}}},"21":{"name":"(anonymous_21)","line":132,"loc":{"start":{"line":132,"column":76},"end":{"line":132,"column":87}}},"22":{"name":"(anonymous_22)","line":141,"loc":{"start":{"line":141,"column":25},"end":{"line":141,"column":41}}},"23":{"name":"(anonymous_23)","line":142,"loc":{"start":{"line":142,"column":15},"end":{"line":142,"column":26}}},"24":{"name":"(anonymous_24)","line":152,"loc":{"start":{"line":152,"column":40},"end":{"line":152,"column":51}}},"25":{"name":"(anonymous_25)","line":159,"loc":{"start":{"line":159,"column":34},"end":{"line":159,"column":53}}},"26":{"name":"(anonymous_26)","line":161,"loc":{"start":{"line":161,"column":13},"end":{"line":161,"column":29}}},"27":{"name":"(anonymous_27)","line":162,"loc":{"start":{"line":162,"column":15},"end":{"line":162,"column":26}}},"28":{"name":"(anonymous_28)","line":169,"loc":{"start":{"line":169,"column":49},"end":{"line":169,"column":65}}},"29":{"name":"(anonymous_29)","line":170,"loc":{"start":{"line":170,"column":15},"end":{"line":170,"column":29}}},"30":{"name":"(anonymous_30)","line":179,"loc":{"start":{"line":179,"column":35},"end":{"line":179,"column":54}}},"31":{"name":"(anonymous_31)","line":183,"loc":{"start":{"line":183,"column":25},"end":{"line":183,"column":41}}},"32":{"name":"(anonymous_32)","line":184,"loc":{"start":{"line":184,"column":15},"end":{"line":184,"column":41}}},"33":{"name":"(anonymous_33)","line":189,"loc":{"start":{"line":189,"column":44},"end":{"line":189,"column":55}}},"34":{"name":"(anonymous_34)","line":192,"loc":{"start":{"line":192,"column":22},"end":{"line":192,"column":33}}},"35":{"name":"(anonymous_35)","line":198,"loc":{"start":{"line":198,"column":39},"end":{"line":198,"column":50}}},"36":{"name":"(anonymous_36)","line":210,"loc":{"start":{"line":210,"column":32},"end":{"line":210,"column":67}}},"37":{"name":"(anonymous_37)","line":212,"loc":{"start":{"line":212,"column":13},"end":{"line":212,"column":29}}},"38":{"name":"(anonymous_38)","line":213,"loc":{"start":{"line":213,"column":15},"end":{"line":213,"column":26}}},"39":{"name":"(anonymous_39)","line":220,"loc":{"start":{"line":220,"column":40},"end":{"line":220,"column":56}}},"40":{"name":"(anonymous_40)","line":221,"loc":{"start":{"line":221,"column":15},"end":{"line":221,"column":29}}},"41":{"name":"(anonymous_41)","line":227,"loc":{"start":{"line":227,"column":34},"end":{"line":227,"column":48}}},"42":{"name":"(anonymous_42)","line":231,"loc":{"start":{"line":231,"column":41},"end":{"line":231,"column":55}}},"43":{"name":"(anonymous_43)","line":235,"loc":{"start":{"line":235,"column":38},"end":{"line":235,"column":52}}},"44":{"name":"(anonymous_44)","line":247,"loc":{"start":{"line":247,"column":33},"end":{"line":247,"column":68}}},"45":{"name":"(anonymous_45)","line":252,"loc":{"start":{"line":252,"column":44},"end":{"line":252,"column":60}}},"46":{"name":"(anonymous_46)","line":253,"loc":{"start":{"line":253,"column":15},"end":{"line":253,"column":34}}},"47":{"name":"(anonymous_47)","line":263,"loc":{"start":{"line":263,"column":33},"end":{"line":263,"column":74}}},"48":{"name":"(anonymous_48)","line":268,"loc":{"start":{"line":268,"column":13},"end":{"line":268,"column":29}}},"49":{"name":"(anonymous_49)","line":269,"loc":{"start":{"line":269,"column":15},"end":{"line":269,"column":26}}},"50":{"name":"(anonymous_50)","line":276,"loc":{"start":{"line":276,"column":41},"end":{"line":276,"column":57}}},"51":{"name":"(anonymous_51)","line":277,"loc":{"start":{"line":277,"column":15},"end":{"line":277,"column":29}}},"52":{"name":"(anonymous_52)","line":283,"loc":{"start":{"line":283,"column":34},"end":{"line":283,"column":48}}},"53":{"name":"(anonymous_53)","line":288,"loc":{"start":{"line":288,"column":52},"end":{"line":288,"column":66}}},"54":{"name":"(anonymous_54)","line":291,"loc":{"start":{"line":291,"column":38},"end":{"line":291,"column":52}}},"55":{"name":"(anonymous_55)","line":303,"loc":{"start":{"line":303,"column":34},"end":{"line":303,"column":75}}},"56":{"name":"(anonymous_56)","line":309,"loc":{"start":{"line":309,"column":46},"end":{"line":309,"column":60}}},"57":{"name":"(anonymous_57)","line":311,"loc":{"start":{"line":311,"column":10},"end":{"line":311,"column":26}}},"58":{"name":"(anonymous_58)","line":312,"loc":{"start":{"line":312,"column":15},"end":{"line":312,"column":29}}},"59":{"name":"(anonymous_59)","line":322,"loc":{"start":{"line":322,"column":32},"end":{"line":322,"column":60}}},"60":{"name":"(anonymous_60)","line":329,"loc":{"start":{"line":329,"column":13},"end":{"line":329,"column":29}}},"61":{"name":"(anonymous_61)","line":330,"loc":{"start":{"line":330,"column":15},"end":{"line":330,"column":26}}},"62":{"name":"(anonymous_62)","line":337,"loc":{"start":{"line":337,"column":59},"end":{"line":337,"column":75}}},"63":{"name":"(anonymous_63)","line":338,"loc":{"start":{"line":338,"column":15},"end":{"line":338,"column":29}}},"64":{"name":"(anonymous_64)","line":352,"loc":{"start":{"line":352,"column":33},"end":{"line":352,"column":52}}},"65":{"name":"(anonymous_65)","line":364,"loc":{"start":{"line":364,"column":37},"end":{"line":364,"column":53}}},"66":{"name":"(anonymous_66)","line":365,"loc":{"start":{"line":365,"column":15},"end":{"line":365,"column":34}}},"67":{"name":"(anonymous_67)","line":376,"loc":{"start":{"line":376,"column":35},"end":{"line":376,"column":59}}},"68":{"name":"(anonymous_68)","line":381,"loc":{"start":{"line":381,"column":13},"end":{"line":381,"column":29}}},"69":{"name":"(anonymous_69)","line":382,"loc":{"start":{"line":382,"column":15},"end":{"line":382,"column":26}}},"70":{"name":"(anonymous_70)","line":389,"loc":{"start":{"line":389,"column":50},"end":{"line":389,"column":66}}},"71":{"name":"(anonymous_71)","line":390,"loc":{"start":{"line":390,"column":15},"end":{"line":390,"column":29}}},"72":{"name":"(anonymous_72)","line":402,"loc":{"start":{"line":402,"column":36},"end":{"line":402,"column":68}}},"73":{"name":"(anonymous_73)","line":418,"loc":{"start":{"line":418,"column":44},"end":{"line":418,"column":60}}},"74":{"name":"(anonymous_74)","line":419,"loc":{"start":{"line":419,"column":15},"end":{"line":419,"column":29}}},"75":{"name":"(anonymous_75)","line":438,"loc":{"start":{"line":438,"column":33},"end":{"line":438,"column":57}}},"76":{"name":"(anonymous_76)","line":455,"loc":{"start":{"line":455,"column":13},"end":{"line":455,"column":29}}},"77":{"name":"(anonymous_77)","line":456,"loc":{"start":{"line":456,"column":15},"end":{"line":456,"column":26}}},"78":{"name":"(anonymous_78)","line":463,"loc":{"start":{"line":463,"column":48},"end":{"line":463,"column":64}}},"79":{"name":"(anonymous_79)","line":464,"loc":{"start":{"line":464,"column":15},"end":{"line":464,"column":29}}},"80":{"name":"(anonymous_80)","line":476,"loc":{"start":{"line":476,"column":34},"end":{"line":476,"column":66}}},"81":{"name":"(anonymous_81)","line":491,"loc":{"start":{"line":491,"column":44},"end":{"line":491,"column":60}}},"82":{"name":"(anonymous_82)","line":492,"loc":{"start":{"line":492,"column":15},"end":{"line":492,"column":29}}},"83":{"name":"(anonymous_83)","line":515,"loc":{"start":{"line":515,"column":34},"end":{"line":515,"column":53}}},"84":{"name":"(anonymous_84)","line":517,"loc":{"start":{"line":517,"column":13},"end":{"line":517,"column":29}}},"85":{"name":"(anonymous_85)","line":518,"loc":{"start":{"line":518,"column":15},"end":{"line":518,"column":26}}},"86":{"name":"(anonymous_86)","line":525,"loc":{"start":{"line":525,"column":49},"end":{"line":525,"column":65}}},"87":{"name":"(anonymous_87)","line":526,"loc":{"start":{"line":526,"column":15},"end":{"line":526,"column":29}}},"88":{"name":"(anonymous_88)","line":543,"loc":{"start":{"line":543,"column":35},"end":{"line":543,"column":62}}}},"statementMap":{"1":{"start":{"line":2,"column":0},"end":{"line":555,"column":14}},"2":{"start":{"line":3,"column":2},"end":{"line":5,"column":32}},"3":{"start":{"line":4,"column":39},"end":{"line":4,"column":123}},"4":{"start":{"line":4,"column":65},"end":{"line":4,"column":121}},"5":{"start":{"line":4,"column":96},"end":{"line":4,"column":121}},"6":{"start":{"line":4,"column":124},"end":{"line":4,"column":169}},"7":{"start":{"line":4,"column":142},"end":{"line":4,"column":167}},"8":{"start":{"line":4,"column":170},"end":{"line":4,"column":204}},"9":{"start":{"line":4,"column":205},"end":{"line":4,"column":234}},"10":{"start":{"line":4,"column":235},"end":{"line":4,"column":270}},"11":{"start":{"line":4,"column":271},"end":{"line":4,"column":284}},"12":{"start":{"line":7,"column":2},"end":{"line":7,"column":64}},"13":{"start":{"line":9,"column":2},"end":{"line":9,"column":41}},"14":{"start":{"line":11,"column":2},"end":{"line":11,"column":48}},"15":{"start":{"line":13,"column":2},"end":{"line":13,"column":41}},"16":{"start":{"line":15,"column":2},"end":{"line":15,"column":30}},"17":{"start":{"line":17,"column":2},"end":{"line":17,"column":24}},"18":{"start":{"line":19,"column":2},"end":{"line":29,"column":4}},"19":{"start":{"line":31,"column":2},"end":{"line":31,"column":35}},"20":{"start":{"line":33,"column":2},"end":{"line":553,"column":19}},"21":{"start":{"line":34,"column":4},"end":{"line":34,"column":34}},"22":{"start":{"line":36,"column":4},"end":{"line":36,"column":40}},"23":{"start":{"line":38,"column":4},"end":{"line":57,"column":5}},"24":{"start":{"line":39,"column":6},"end":{"line":39,"column":16}},"25":{"start":{"line":40,"column":6},"end":{"line":40,"column":61}},"26":{"start":{"line":41,"column":6},"end":{"line":45,"column":7}},"27":{"start":{"line":42,"column":8},"end":{"line":42,"column":49}},"28":{"start":{"line":43,"column":8},"end":{"line":43,"column":38}},"29":{"start":{"line":44,"column":8},"end":{"line":44,"column":20}},"30":{"start":{"line":46,"column":6},"end":{"line":50,"column":7}},"31":{"start":{"line":47,"column":8},"end":{"line":47,"column":40}},"32":{"start":{"line":49,"column":8},"end":{"line":49,"column":26}},"33":{"start":{"line":51,"column":6},"end":{"line":51,"column":62}},"34":{"start":{"line":52,"column":6},"end":{"line":52,"column":51}},"35":{"start":{"line":53,"column":6},"end":{"line":53,"column":23}},"36":{"start":{"line":54,"column":6},"end":{"line":54,"column":27}},"37":{"start":{"line":55,"column":6},"end":{"line":55,"column":36}},"38":{"start":{"line":56,"column":6},"end":{"line":56,"column":30}},"39":{"start":{"line":59,"column":4},"end":{"line":61,"column":6}},"40":{"start":{"line":60,"column":6},"end":{"line":60,"column":52}},"41":{"start":{"line":63,"column":4},"end":{"line":65,"column":6}},"42":{"start":{"line":64,"column":6},"end":{"line":64,"column":36}},"43":{"start":{"line":67,"column":4},"end":{"line":69,"column":6}},"44":{"start":{"line":68,"column":6},"end":{"line":68,"column":74}},"45":{"start":{"line":71,"column":4},"end":{"line":73,"column":6}},"46":{"start":{"line":72,"column":6},"end":{"line":72,"column":76}},"47":{"start":{"line":75,"column":4},"end":{"line":77,"column":6}},"48":{"start":{"line":76,"column":6},"end":{"line":76,"column":77}},"49":{"start":{"line":79,"column":4},"end":{"line":81,"column":6}},"50":{"start":{"line":80,"column":6},"end":{"line":80,"column":80}},"51":{"start":{"line":83,"column":4},"end":{"line":85,"column":6}},"52":{"start":{"line":84,"column":6},"end":{"line":84,"column":28}},"53":{"start":{"line":87,"column":4},"end":{"line":89,"column":6}},"54":{"start":{"line":88,"column":6},"end":{"line":88,"column":42}},"55":{"start":{"line":91,"column":4},"end":{"line":96,"column":6}},"56":{"start":{"line":92,"column":6},"end":{"line":94,"column":7}},"57":{"start":{"line":93,"column":8},"end":{"line":93,"column":38}},"58":{"start":{"line":95,"column":6},"end":{"line":95,"column":32}},"59":{"start":{"line":98,"column":4},"end":{"line":100,"column":6}},"60":{"start":{"line":99,"column":6},"end":{"line":99,"column":32}},"61":{"start":{"line":102,"column":4},"end":{"line":104,"column":6}},"62":{"start":{"line":103,"column":6},"end":{"line":103,"column":24}},"63":{"start":{"line":106,"column":4},"end":{"line":108,"column":6}},"64":{"start":{"line":107,"column":6},"end":{"line":107,"column":30}},"65":{"start":{"line":110,"column":4},"end":{"line":118,"column":6}},"66":{"start":{"line":111,"column":6},"end":{"line":111,"column":14}},"67":{"start":{"line":112,"column":6},"end":{"line":114,"column":7}},"68":{"start":{"line":113,"column":8},"end":{"line":113,"column":15}},"69":{"start":{"line":115,"column":6},"end":{"line":115,"column":93}},"70":{"start":{"line":116,"column":6},"end":{"line":116,"column":25}},"71":{"start":{"line":117,"column":6},"end":{"line":117,"column":17}},"72":{"start":{"line":120,"column":4},"end":{"line":127,"column":6}},"73":{"start":{"line":121,"column":6},"end":{"line":121,"column":16}},"74":{"start":{"line":122,"column":6},"end":{"line":126,"column":7}},"75":{"start":{"line":123,"column":8},"end":{"line":123,"column":60}},"76":{"start":{"line":124,"column":8},"end":{"line":124,"column":37}},"77":{"start":{"line":125,"column":8},"end":{"line":125,"column":21}},"78":{"start":{"line":129,"column":4},"end":{"line":150,"column":6}},"79":{"start":{"line":130,"column":6},"end":{"line":130,"column":22}},"80":{"start":{"line":131,"column":6},"end":{"line":137,"column":7}},"81":{"start":{"line":132,"column":8},"end":{"line":132,"column":91}},"82":{"start":{"line":133,"column":8},"end":{"line":133,"column":37}},"83":{"start":{"line":135,"column":8},"end":{"line":135,"column":26}},"84":{"start":{"line":136,"column":8},"end":{"line":136,"column":22}},"85":{"start":{"line":138,"column":6},"end":{"line":140,"column":7}},"86":{"start":{"line":139,"column":8},"end":{"line":139,"column":27}},"87":{"start":{"line":141,"column":6},"end":{"line":145,"column":15}},"88":{"start":{"line":142,"column":8},"end":{"line":144,"column":10}},"89":{"start":{"line":143,"column":10},"end":{"line":143,"column":43}},"90":{"start":{"line":146,"column":6},"end":{"line":148,"column":7}},"91":{"start":{"line":147,"column":8},"end":{"line":147,"column":27}},"92":{"start":{"line":149,"column":6},"end":{"line":149,"column":48}},"93":{"start":{"line":152,"column":4},"end":{"line":157,"column":6}},"94":{"start":{"line":153,"column":6},"end":{"line":155,"column":7}},"95":{"start":{"line":154,"column":8},"end":{"line":154,"column":38}},"96":{"start":{"line":156,"column":6},"end":{"line":156,"column":40}},"97":{"start":{"line":159,"column":4},"end":{"line":177,"column":6}},"98":{"start":{"line":160,"column":6},"end":{"line":160,"column":14}},"99":{"start":{"line":161,"column":6},"end":{"line":168,"column":15}},"100":{"start":{"line":162,"column":8},"end":{"line":167,"column":10}},"101":{"start":{"line":163,"column":10},"end":{"line":163,"column":32}},"102":{"start":{"line":164,"column":10},"end":{"line":166,"column":11}},"103":{"start":{"line":165,"column":12},"end":{"line":165,"column":44}},"104":{"start":{"line":169,"column":6},"end":{"line":176,"column":16}},"105":{"start":{"line":170,"column":8},"end":{"line":175,"column":10}},"106":{"start":{"line":171,"column":10},"end":{"line":173,"column":11}},"107":{"start":{"line":172,"column":12},"end":{"line":172,"column":28}},"108":{"start":{"line":174,"column":10},"end":{"line":174,"column":30}},"109":{"start":{"line":179,"column":4},"end":{"line":208,"column":6}},"110":{"start":{"line":180,"column":6},"end":{"line":182,"column":7}},"111":{"start":{"line":181,"column":8},"end":{"line":181,"column":37}},"112":{"start":{"line":183,"column":6},"end":{"line":207,"column":16}},"113":{"start":{"line":184,"column":8},"end":{"line":206,"column":10}},"114":{"start":{"line":185,"column":10},"end":{"line":187,"column":11}},"115":{"start":{"line":186,"column":12},"end":{"line":186,"column":33}},"116":{"start":{"line":188,"column":10},"end":{"line":188,"column":42}},"117":{"start":{"line":189,"column":10},"end":{"line":203,"column":28}},"118":{"start":{"line":190,"column":12},"end":{"line":202,"column":15}},"119":{"start":{"line":193,"column":16},"end":{"line":195,"column":17}},"120":{"start":{"line":194,"column":18},"end":{"line":194,"column":47}},"121":{"start":{"line":196,"column":16},"end":{"line":196,"column":45}},"122":{"start":{"line":197,"column":16},"end":{"line":197,"column":101}},"123":{"start":{"line":198,"column":16},"end":{"line":200,"column":25}},"124":{"start":{"line":199,"column":18},"end":{"line":199,"column":47}},"125":{"start":{"line":204,"column":10},"end":{"line":204,"column":45}},"126":{"start":{"line":205,"column":10},"end":{"line":205,"column":38}},"127":{"start":{"line":210,"column":4},"end":{"line":245,"column":6}},"128":{"start":{"line":211,"column":6},"end":{"line":211,"column":14}},"129":{"start":{"line":212,"column":6},"end":{"line":219,"column":15}},"130":{"start":{"line":213,"column":8},"end":{"line":218,"column":10}},"131":{"start":{"line":214,"column":10},"end":{"line":214,"column":32}},"132":{"start":{"line":215,"column":10},"end":{"line":217,"column":11}},"133":{"start":{"line":216,"column":12},"end":{"line":216,"column":44}},"134":{"start":{"line":220,"column":6},"end":{"line":244,"column":16}},"135":{"start":{"line":221,"column":8},"end":{"line":243,"column":10}},"136":{"start":{"line":222,"column":10},"end":{"line":224,"column":11}},"137":{"start":{"line":223,"column":12},"end":{"line":223,"column":28}},"138":{"start":{"line":225,"column":10},"end":{"line":241,"column":11}},"139":{"start":{"line":226,"column":12},"end":{"line":226,"column":56}},"140":{"start":{"line":227,"column":12},"end":{"line":240,"column":15}},"141":{"start":{"line":228,"column":14},"end":{"line":230,"column":15}},"142":{"start":{"line":229,"column":16},"end":{"line":229,"column":32}},"143":{"start":{"line":231,"column":14},"end":{"line":239,"column":26}},"144":{"start":{"line":232,"column":16},"end":{"line":232,"column":25}},"145":{"start":{"line":233,"column":16},"end":{"line":233,"column":64}},"146":{"start":{"line":234,"column":16},"end":{"line":234,"column":60}},"147":{"start":{"line":235,"column":16},"end":{"line":238,"column":24}},"148":{"start":{"line":236,"column":18},"end":{"line":236,"column":32}},"149":{"start":{"line":237,"column":18},"end":{"line":237,"column":48}},"150":{"start":{"line":242,"column":10},"end":{"line":242,"column":44}},"151":{"start":{"line":247,"column":4},"end":{"line":261,"column":6}},"152":{"start":{"line":248,"column":6},"end":{"line":250,"column":7}},"153":{"start":{"line":249,"column":8},"end":{"line":249,"column":21}},"154":{"start":{"line":251,"column":6},"end":{"line":251,"column":41}},"155":{"start":{"line":252,"column":6},"end":{"line":260,"column":16}},"156":{"start":{"line":253,"column":8},"end":{"line":259,"column":10}},"157":{"start":{"line":254,"column":10},"end":{"line":257,"column":11}},"158":{"start":{"line":255,"column":12},"end":{"line":255,"column":62}},"159":{"start":{"line":256,"column":12},"end":{"line":256,"column":57}},"160":{"start":{"line":258,"column":10},"end":{"line":258,"column":36}},"161":{"start":{"line":263,"column":4},"end":{"line":301,"column":6}},"162":{"start":{"line":264,"column":6},"end":{"line":264,"column":14}},"163":{"start":{"line":265,"column":6},"end":{"line":267,"column":7}},"164":{"start":{"line":266,"column":8},"end":{"line":266,"column":21}},"165":{"start":{"line":268,"column":6},"end":{"line":275,"column":15}},"166":{"start":{"line":269,"column":8},"end":{"line":274,"column":10}},"167":{"start":{"line":270,"column":10},"end":{"line":270,"column":32}},"168":{"start":{"line":271,"column":10},"end":{"line":273,"column":11}},"169":{"start":{"line":272,"column":12},"end":{"line":272,"column":40}},"170":{"start":{"line":276,"column":6},"end":{"line":300,"column":16}},"171":{"start":{"line":277,"column":8},"end":{"line":299,"column":10}},"172":{"start":{"line":278,"column":10},"end":{"line":280,"column":11}},"173":{"start":{"line":279,"column":12},"end":{"line":279,"column":28}},"174":{"start":{"line":281,"column":10},"end":{"line":297,"column":11}},"175":{"start":{"line":282,"column":12},"end":{"line":282,"column":57}},"176":{"start":{"line":283,"column":12},"end":{"line":296,"column":15}},"177":{"start":{"line":284,"column":14},"end":{"line":286,"column":15}},"178":{"start":{"line":285,"column":16},"end":{"line":285,"column":32}},"179":{"start":{"line":287,"column":14},"end":{"line":287,"column":59}},"180":{"start":{"line":288,"column":14},"end":{"line":295,"column":26}},"181":{"start":{"line":289,"column":16},"end":{"line":289,"column":25}},"182":{"start":{"line":290,"column":16},"end":{"line":290,"column":64}},"183":{"start":{"line":291,"column":16},"end":{"line":294,"column":24}},"184":{"start":{"line":292,"column":18},"end":{"line":292,"column":32}},"185":{"start":{"line":293,"column":18},"end":{"line":293,"column":48}},"186":{"start":{"line":298,"column":10},"end":{"line":298,"column":55}},"187":{"start":{"line":303,"column":4},"end":{"line":320,"column":6}},"188":{"start":{"line":304,"column":6},"end":{"line":304,"column":17}},"189":{"start":{"line":305,"column":6},"end":{"line":307,"column":7}},"190":{"start":{"line":306,"column":8},"end":{"line":306,"column":21}},"191":{"start":{"line":308,"column":6},"end":{"line":308,"column":42}},"192":{"start":{"line":309,"column":6},"end":{"line":319,"column":16}},"193":{"start":{"line":310,"column":8},"end":{"line":310,"column":37}},"194":{"start":{"line":312,"column":8},"end":{"line":318,"column":10}},"195":{"start":{"line":313,"column":10},"end":{"line":316,"column":11}},"196":{"start":{"line":314,"column":12},"end":{"line":314,"column":63}},"197":{"start":{"line":315,"column":12},"end":{"line":315,"column":53}},"198":{"start":{"line":317,"column":10},"end":{"line":317,"column":45}},"199":{"start":{"line":322,"column":4},"end":{"line":350,"column":6}},"200":{"start":{"line":323,"column":6},"end":{"line":323,"column":19}},"201":{"start":{"line":324,"column":6},"end":{"line":328,"column":7}},"202":{"start":{"line":325,"column":8},"end":{"line":325,"column":124}},"203":{"start":{"line":326,"column":8},"end":{"line":326,"column":35}},"204":{"start":{"line":327,"column":8},"end":{"line":327,"column":29}},"205":{"start":{"line":329,"column":6},"end":{"line":336,"column":15}},"206":{"start":{"line":330,"column":8},"end":{"line":335,"column":10}},"207":{"start":{"line":331,"column":10},"end":{"line":331,"column":32}},"208":{"start":{"line":332,"column":10},"end":{"line":334,"column":11}},"209":{"start":{"line":333,"column":12},"end":{"line":333,"column":44}},"210":{"start":{"line":337,"column":6},"end":{"line":349,"column":16}},"211":{"start":{"line":338,"column":8},"end":{"line":348,"column":10}},"212":{"start":{"line":339,"column":10},"end":{"line":341,"column":11}},"213":{"start":{"line":340,"column":12},"end":{"line":340,"column":28}},"214":{"start":{"line":342,"column":10},"end":{"line":346,"column":11}},"215":{"start":{"line":343,"column":12},"end":{"line":343,"column":128}},"216":{"start":{"line":344,"column":12},"end":{"line":344,"column":39}},"217":{"start":{"line":345,"column":12},"end":{"line":345,"column":28}},"218":{"start":{"line":347,"column":10},"end":{"line":347,"column":35}},"219":{"start":{"line":352,"column":4},"end":{"line":374,"column":6}},"220":{"start":{"line":353,"column":6},"end":{"line":353,"column":21}},"221":{"start":{"line":354,"column":6},"end":{"line":362,"column":7}},"222":{"start":{"line":355,"column":8},"end":{"line":355,"column":24}},"223":{"start":{"line":356,"column":13},"end":{"line":362,"column":7}},"224":{"start":{"line":357,"column":8},"end":{"line":357,"column":57}},"225":{"start":{"line":359,"column":8},"end":{"line":359,"column":80}},"226":{"start":{"line":360,"column":8},"end":{"line":360,"column":26}},"227":{"start":{"line":361,"column":8},"end":{"line":361,"column":29}},"228":{"start":{"line":363,"column":6},"end":{"line":363,"column":41}},"229":{"start":{"line":364,"column":6},"end":{"line":373,"column":16}},"230":{"start":{"line":365,"column":8},"end":{"line":372,"column":10}},"231":{"start":{"line":366,"column":10},"end":{"line":368,"column":11}},"232":{"start":{"line":367,"column":12},"end":{"line":367,"column":33}},"233":{"start":{"line":369,"column":10},"end":{"line":369,"column":44}},"234":{"start":{"line":370,"column":10},"end":{"line":370,"column":32}},"235":{"start":{"line":371,"column":10},"end":{"line":371,"column":25}},"236":{"start":{"line":376,"column":4},"end":{"line":400,"column":6}},"237":{"start":{"line":377,"column":6},"end":{"line":377,"column":14}},"238":{"start":{"line":378,"column":6},"end":{"line":380,"column":7}},"239":{"start":{"line":379,"column":8},"end":{"line":379,"column":20}},"240":{"start":{"line":381,"column":6},"end":{"line":388,"column":15}},"241":{"start":{"line":382,"column":8},"end":{"line":387,"column":10}},"242":{"start":{"line":383,"column":10},"end":{"line":383,"column":32}},"243":{"start":{"line":384,"column":10},"end":{"line":386,"column":11}},"244":{"start":{"line":385,"column":12},"end":{"line":385,"column":44}},"245":{"start":{"line":389,"column":6},"end":{"line":399,"column":16}},"246":{"start":{"line":390,"column":8},"end":{"line":398,"column":10}},"247":{"start":{"line":391,"column":10},"end":{"line":393,"column":11}},"248":{"start":{"line":392,"column":12},"end":{"line":392,"column":28}},"249":{"start":{"line":394,"column":10},"end":{"line":396,"column":11}},"250":{"start":{"line":395,"column":12},"end":{"line":395,"column":29}},"251":{"start":{"line":397,"column":10},"end":{"line":397,"column":43}},"252":{"start":{"line":402,"column":4},"end":{"line":436,"column":6}},"253":{"start":{"line":403,"column":6},"end":{"line":403,"column":16}},"254":{"start":{"line":404,"column":6},"end":{"line":415,"column":7}},"255":{"start":{"line":405,"column":8},"end":{"line":407,"column":9}},"256":{"start":{"line":406,"column":10},"end":{"line":406,"column":49}},"257":{"start":{"line":408,"column":8},"end":{"line":408,"column":32}},"258":{"start":{"line":409,"column":13},"end":{"line":415,"column":7}},"259":{"start":{"line":410,"column":8},"end":{"line":410,"column":32}},"260":{"start":{"line":411,"column":13},"end":{"line":415,"column":7}},"261":{"start":{"line":412,"column":8},"end":{"line":412,"column":27}},"262":{"start":{"line":414,"column":8},"end":{"line":414,"column":59}},"263":{"start":{"line":416,"column":6},"end":{"line":416,"column":30}},"264":{"start":{"line":417,"column":6},"end":{"line":417,"column":41}},"265":{"start":{"line":418,"column":6},"end":{"line":435,"column":16}},"266":{"start":{"line":419,"column":8},"end":{"line":434,"column":10}},"267":{"start":{"line":420,"column":10},"end":{"line":429,"column":11}},"268":{"start":{"line":421,"column":12},"end":{"line":428,"column":13}},"269":{"start":{"line":422,"column":14},"end":{"line":422,"column":27}},"270":{"start":{"line":423,"column":19},"end":{"line":428,"column":13}},"271":{"start":{"line":424,"column":14},"end":{"line":424,"column":31}},"272":{"start":{"line":426,"column":14},"end":{"line":426,"column":32}},"273":{"start":{"line":427,"column":14},"end":{"line":427,"column":31}},"274":{"start":{"line":430,"column":10},"end":{"line":432,"column":11}},"275":{"start":{"line":431,"column":12},"end":{"line":431,"column":58}},"276":{"start":{"line":433,"column":10},"end":{"line":433,"column":34}},"277":{"start":{"line":438,"column":4},"end":{"line":474,"column":6}},"278":{"start":{"line":439,"column":6},"end":{"line":439,"column":31}},"279":{"start":{"line":440,"column":6},"end":{"line":442,"column":7}},"280":{"start":{"line":441,"column":8},"end":{"line":441,"column":20}},"281":{"start":{"line":443,"column":6},"end":{"line":447,"column":7}},"282":{"start":{"line":444,"column":8},"end":{"line":444,"column":24}},"283":{"start":{"line":445,"column":13},"end":{"line":447,"column":7}},"284":{"start":{"line":446,"column":8},"end":{"line":446,"column":19}},"285":{"start":{"line":448,"column":6},"end":{"line":452,"column":7}},"286":{"start":{"line":449,"column":8},"end":{"line":449,"column":29}},"287":{"start":{"line":450,"column":13},"end":{"line":452,"column":7}},"288":{"start":{"line":451,"column":8},"end":{"line":451,"column":24}},"289":{"start":{"line":453,"column":6},"end":{"line":453,"column":27}},"290":{"start":{"line":454,"column":6},"end":{"line":454,"column":17}},"291":{"start":{"line":455,"column":6},"end":{"line":462,"column":15}},"292":{"start":{"line":456,"column":8},"end":{"line":461,"column":10}},"293":{"start":{"line":457,"column":10},"end":{"line":457,"column":32}},"294":{"start":{"line":458,"column":10},"end":{"line":460,"column":11}},"295":{"start":{"line":459,"column":12},"end":{"line":459,"column":44}},"296":{"start":{"line":463,"column":6},"end":{"line":473,"column":16}},"297":{"start":{"line":464,"column":8},"end":{"line":472,"column":10}},"298":{"start":{"line":465,"column":10},"end":{"line":467,"column":11}},"299":{"start":{"line":466,"column":12},"end":{"line":466,"column":28}},"300":{"start":{"line":468,"column":10},"end":{"line":470,"column":11}},"301":{"start":{"line":469,"column":12},"end":{"line":469,"column":29}},"302":{"start":{"line":471,"column":10},"end":{"line":471,"column":41}},"303":{"start":{"line":476,"column":4},"end":{"line":513,"column":6}},"304":{"start":{"line":477,"column":6},"end":{"line":477,"column":16}},"305":{"start":{"line":478,"column":6},"end":{"line":489,"column":7}},"306":{"start":{"line":479,"column":8},"end":{"line":481,"column":9}},"307":{"start":{"line":480,"column":10},"end":{"line":480,"column":49}},"308":{"start":{"line":482,"column":8},"end":{"line":482,"column":32}},"309":{"start":{"line":483,"column":13},"end":{"line":489,"column":7}},"310":{"start":{"line":484,"column":8},"end":{"line":484,"column":32}},"311":{"start":{"line":485,"column":13},"end":{"line":489,"column":7}},"312":{"start":{"line":486,"column":8},"end":{"line":486,"column":25}},"313":{"start":{"line":488,"column":8},"end":{"line":488,"column":65}},"314":{"start":{"line":490,"column":6},"end":{"line":490,"column":41}},"315":{"start":{"line":491,"column":6},"end":{"line":512,"column":16}},"316":{"start":{"line":492,"column":8},"end":{"line":511,"column":10}},"317":{"start":{"line":493,"column":10},"end":{"line":502,"column":11}},"318":{"start":{"line":494,"column":12},"end":{"line":501,"column":13}},"319":{"start":{"line":495,"column":14},"end":{"line":495,"column":27}},"320":{"start":{"line":496,"column":19},"end":{"line":501,"column":13}},"321":{"start":{"line":497,"column":14},"end":{"line":497,"column":31}},"322":{"start":{"line":499,"column":14},"end":{"line":499,"column":32}},"323":{"start":{"line":500,"column":14},"end":{"line":500,"column":31}},"324":{"start":{"line":503,"column":10},"end":{"line":505,"column":11}},"325":{"start":{"line":504,"column":12},"end":{"line":504,"column":58}},"326":{"start":{"line":506,"column":10},"end":{"line":506,"column":35}},"327":{"start":{"line":507,"column":10},"end":{"line":509,"column":11}},"328":{"start":{"line":508,"column":12},"end":{"line":508,"column":56}},"329":{"start":{"line":510,"column":10},"end":{"line":510,"column":32}},"330":{"start":{"line":515,"column":4},"end":{"line":541,"column":6}},"331":{"start":{"line":516,"column":6},"end":{"line":516,"column":14}},"332":{"start":{"line":517,"column":6},"end":{"line":524,"column":15}},"333":{"start":{"line":518,"column":8},"end":{"line":523,"column":10}},"334":{"start":{"line":519,"column":10},"end":{"line":519,"column":32}},"335":{"start":{"line":520,"column":10},"end":{"line":522,"column":11}},"336":{"start":{"line":521,"column":12},"end":{"line":521,"column":44}},"337":{"start":{"line":525,"column":6},"end":{"line":540,"column":16}},"338":{"start":{"line":526,"column":8},"end":{"line":539,"column":10}},"339":{"start":{"line":527,"column":10},"end":{"line":529,"column":11}},"340":{"start":{"line":528,"column":12},"end":{"line":528,"column":28}},"341":{"start":{"line":530,"column":10},"end":{"line":532,"column":11}},"342":{"start":{"line":531,"column":12},"end":{"line":531,"column":29}},"343":{"start":{"line":533,"column":10},"end":{"line":537,"column":11}},"344":{"start":{"line":534,"column":12},"end":{"line":534,"column":86}},"345":{"start":{"line":535,"column":12},"end":{"line":535,"column":36}},"346":{"start":{"line":536,"column":12},"end":{"line":536,"column":28}},"347":{"start":{"line":538,"column":10},"end":{"line":538,"column":30}},"348":{"start":{"line":543,"column":4},"end":{"line":549,"column":6}},"349":{"start":{"line":544,"column":6},"end":{"line":544,"column":40}},"350":{"start":{"line":545,"column":6},"end":{"line":545,"column":41}},"351":{"start":{"line":546,"column":6},"end":{"line":546,"column":42}},"352":{"start":{"line":547,"column":6},"end":{"line":547,"column":30}},"353":{"start":{"line":548,"column":6},"end":{"line":548,"column":23}},"354":{"start":{"line":551,"column":4},"end":{"line":551,"column":21}}},"branchMap":{"1":{"line":4,"type":"if","locations":[{"start":{"line":4,"column":65},"end":{"line":4,"column":65}},{"start":{"line":4,"column":65},"end":{"line":4,"column":65}}]},"2":{"line":7,"type":"binary-expr","locations":[{"start":{"line":7,"column":11},"end":{"line":7,"column":24}},{"start":{"line":7,"column":29},"end":{"line":7,"column":62}}]},"3":{"line":41,"type":"if","locations":[{"start":{"line":41,"column":6},"end":{"line":41,"column":6}},{"start":{"line":41,"column":6},"end":{"line":41,"column":6}}]},"4":{"line":46,"type":"if","locations":[{"start":{"line":46,"column":6},"end":{"line":46,"column":6}},{"start":{"line":46,"column":6},"end":{"line":46,"column":6}}]},"5":{"line":51,"type":"binary-expr","locations":[{"start":{"line":51,"column":21},"end":{"line":51,"column":41}},{"start":{"line":51,"column":45},"end":{"line":51,"column":61}}]},"6":{"line":92,"type":"if","locations":[{"start":{"line":92,"column":6},"end":{"line":92,"column":6}},{"start":{"line":92,"column":6},"end":{"line":92,"column":6}}]},"7":{"line":112,"type":"if","locations":[{"start":{"line":112,"column":6},"end":{"line":112,"column":6}},{"start":{"line":112,"column":6},"end":{"line":112,"column":6}}]},"8":{"line":122,"type":"if","locations":[{"start":{"line":122,"column":6},"end":{"line":122,"column":6}},{"start":{"line":122,"column":6},"end":{"line":122,"column":6}}]},"9":{"line":131,"type":"if","locations":[{"start":{"line":131,"column":6},"end":{"line":131,"column":6}},{"start":{"line":131,"column":6},"end":{"line":131,"column":6}}]},"10":{"line":132,"type":"cond-expr","locations":[{"start":{"line":132,"column":57},"end":{"line":132,"column":72}},{"start":{"line":132,"column":76},"end":{"line":132,"column":89}}]},"11":{"line":138,"type":"if","locations":[{"start":{"line":138,"column":6},"end":{"line":138,"column":6}},{"start":{"line":138,"column":6},"end":{"line":138,"column":6}}]},"12":{"line":146,"type":"if","locations":[{"start":{"line":146,"column":6},"end":{"line":146,"column":6}},{"start":{"line":146,"column":6},"end":{"line":146,"column":6}}]},"13":{"line":153,"type":"if","locations":[{"start":{"line":153,"column":6},"end":{"line":153,"column":6}},{"start":{"line":153,"column":6},"end":{"line":153,"column":6}}]},"14":{"line":164,"type":"if","locations":[{"start":{"line":164,"column":10},"end":{"line":164,"column":10}},{"start":{"line":164,"column":10},"end":{"line":164,"column":10}}]},"15":{"line":171,"type":"if","locations":[{"start":{"line":171,"column":10},"end":{"line":171,"column":10}},{"start":{"line":171,"column":10},"end":{"line":171,"column":10}}]},"16":{"line":180,"type":"if","locations":[{"start":{"line":180,"column":6},"end":{"line":180,"column":6}},{"start":{"line":180,"column":6},"end":{"line":180,"column":6}}]},"17":{"line":185,"type":"if","locations":[{"start":{"line":185,"column":10},"end":{"line":185,"column":10}},{"start":{"line":185,"column":10},"end":{"line":185,"column":10}}]},"18":{"line":193,"type":"if","locations":[{"start":{"line":193,"column":16},"end":{"line":193,"column":16}},{"start":{"line":193,"column":16},"end":{"line":193,"column":16}}]},"19":{"line":215,"type":"if","locations":[{"start":{"line":215,"column":10},"end":{"line":215,"column":10}},{"start":{"line":215,"column":10},"end":{"line":215,"column":10}}]},"20":{"line":222,"type":"if","locations":[{"start":{"line":222,"column":10},"end":{"line":222,"column":10}},{"start":{"line":222,"column":10},"end":{"line":222,"column":10}}]},"21":{"line":225,"type":"if","locations":[{"start":{"line":225,"column":10},"end":{"line":225,"column":10}},{"start":{"line":225,"column":10},"end":{"line":225,"column":10}}]},"22":{"line":228,"type":"if","locations":[{"start":{"line":228,"column":14},"end":{"line":228,"column":14}},{"start":{"line":228,"column":14},"end":{"line":228,"column":14}}]},"23":{"line":248,"type":"if","locations":[{"start":{"line":248,"column":6},"end":{"line":248,"column":6}},{"start":{"line":248,"column":6},"end":{"line":248,"column":6}}]},"24":{"line":254,"type":"if","locations":[{"start":{"line":254,"column":10},"end":{"line":254,"column":10}},{"start":{"line":254,"column":10},"end":{"line":254,"column":10}}]},"25":{"line":254,"type":"binary-expr","locations":[{"start":{"line":254,"column":14},"end":{"line":254,"column":17}},{"start":{"line":254,"column":21},"end":{"line":254,"column":51}}]},"26":{"line":265,"type":"if","locations":[{"start":{"line":265,"column":6},"end":{"line":265,"column":6}},{"start":{"line":265,"column":6},"end":{"line":265,"column":6}}]},"27":{"line":271,"type":"if","locations":[{"start":{"line":271,"column":10},"end":{"line":271,"column":10}},{"start":{"line":271,"column":10},"end":{"line":271,"column":10}}]},"28":{"line":278,"type":"if","locations":[{"start":{"line":278,"column":10},"end":{"line":278,"column":10}},{"start":{"line":278,"column":10},"end":{"line":278,"column":10}}]},"29":{"line":281,"type":"if","locations":[{"start":{"line":281,"column":10},"end":{"line":281,"column":10}},{"start":{"line":281,"column":10},"end":{"line":281,"column":10}}]},"30":{"line":284,"type":"if","locations":[{"start":{"line":284,"column":14},"end":{"line":284,"column":14}},{"start":{"line":284,"column":14},"end":{"line":284,"column":14}}]},"31":{"line":305,"type":"if","locations":[{"start":{"line":305,"column":6},"end":{"line":305,"column":6}},{"start":{"line":305,"column":6},"end":{"line":305,"column":6}}]},"32":{"line":313,"type":"if","locations":[{"start":{"line":313,"column":10},"end":{"line":313,"column":10}},{"start":{"line":313,"column":10},"end":{"line":313,"column":10}}]},"33":{"line":313,"type":"binary-expr","locations":[{"start":{"line":313,"column":14},"end":{"line":313,"column":17}},{"start":{"line":313,"column":21},"end":{"line":313,"column":51}}]},"34":{"line":324,"type":"if","locations":[{"start":{"line":324,"column":6},"end":{"line":324,"column":6}},{"start":{"line":324,"column":6},"end":{"line":324,"column":6}}]},"35":{"line":332,"type":"if","locations":[{"start":{"line":332,"column":10},"end":{"line":332,"column":10}},{"start":{"line":332,"column":10},"end":{"line":332,"column":10}}]},"36":{"line":339,"type":"if","locations":[{"start":{"line":339,"column":10},"end":{"line":339,"column":10}},{"start":{"line":339,"column":10},"end":{"line":339,"column":10}}]},"37":{"line":342,"type":"if","locations":[{"start":{"line":342,"column":10},"end":{"line":342,"column":10}},{"start":{"line":342,"column":10},"end":{"line":342,"column":10}}]},"38":{"line":354,"type":"if","locations":[{"start":{"line":354,"column":6},"end":{"line":354,"column":6}},{"start":{"line":354,"column":6},"end":{"line":354,"column":6}}]},"39":{"line":356,"type":"if","locations":[{"start":{"line":356,"column":13},"end":{"line":356,"column":13}},{"start":{"line":356,"column":13},"end":{"line":356,"column":13}}]},"40":{"line":366,"type":"if","locations":[{"start":{"line":366,"column":10},"end":{"line":366,"column":10}},{"start":{"line":366,"column":10},"end":{"line":366,"column":10}}]},"41":{"line":378,"type":"if","locations":[{"start":{"line":378,"column":6},"end":{"line":378,"column":6}},{"start":{"line":378,"column":6},"end":{"line":378,"column":6}}]},"42":{"line":384,"type":"if","locations":[{"start":{"line":384,"column":10},"end":{"line":384,"column":10}},{"start":{"line":384,"column":10},"end":{"line":384,"column":10}}]},"43":{"line":391,"type":"if","locations":[{"start":{"line":391,"column":10},"end":{"line":391,"column":10}},{"start":{"line":391,"column":10},"end":{"line":391,"column":10}}]},"44":{"line":394,"type":"if","locations":[{"start":{"line":394,"column":10},"end":{"line":394,"column":10}},{"start":{"line":394,"column":10},"end":{"line":394,"column":10}}]},"45":{"line":404,"type":"if","locations":[{"start":{"line":404,"column":6},"end":{"line":404,"column":6}},{"start":{"line":404,"column":6},"end":{"line":404,"column":6}}]},"46":{"line":405,"type":"if","locations":[{"start":{"line":405,"column":8},"end":{"line":405,"column":8}},{"start":{"line":405,"column":8},"end":{"line":405,"column":8}}]},"47":{"line":409,"type":"if","locations":[{"start":{"line":409,"column":13},"end":{"line":409,"column":13}},{"start":{"line":409,"column":13},"end":{"line":409,"column":13}}]},"48":{"line":411,"type":"if","locations":[{"start":{"line":411,"column":13},"end":{"line":411,"column":13}},{"start":{"line":411,"column":13},"end":{"line":411,"column":13}}]},"49":{"line":420,"type":"if","locations":[{"start":{"line":420,"column":10},"end":{"line":420,"column":10}},{"start":{"line":420,"column":10},"end":{"line":420,"column":10}}]},"50":{"line":421,"type":"if","locations":[{"start":{"line":421,"column":12},"end":{"line":421,"column":12}},{"start":{"line":421,"column":12},"end":{"line":421,"column":12}}]},"51":{"line":423,"type":"if","locations":[{"start":{"line":423,"column":19},"end":{"line":423,"column":19}},{"start":{"line":423,"column":19},"end":{"line":423,"column":19}}]},"52":{"line":430,"type":"if","locations":[{"start":{"line":430,"column":10},"end":{"line":430,"column":10}},{"start":{"line":430,"column":10},"end":{"line":430,"column":10}}]},"53":{"line":440,"type":"if","locations":[{"start":{"line":440,"column":6},"end":{"line":440,"column":6}},{"start":{"line":440,"column":6},"end":{"line":440,"column":6}}]},"54":{"line":443,"type":"if","locations":[{"start":{"line":443,"column":6},"end":{"line":443,"column":6}},{"start":{"line":443,"column":6},"end":{"line":443,"column":6}}]},"55":{"line":445,"type":"if","locations":[{"start":{"line":445,"column":13},"end":{"line":445,"column":13}},{"start":{"line":445,"column":13},"end":{"line":445,"column":13}}]},"56":{"line":448,"type":"if","locations":[{"start":{"line":448,"column":6},"end":{"line":448,"column":6}},{"start":{"line":448,"column":6},"end":{"line":448,"column":6}}]},"57":{"line":450,"type":"if","locations":[{"start":{"line":450,"column":13},"end":{"line":450,"column":13}},{"start":{"line":450,"column":13},"end":{"line":450,"column":13}}]},"58":{"line":458,"type":"if","locations":[{"start":{"line":458,"column":10},"end":{"line":458,"column":10}},{"start":{"line":458,"column":10},"end":{"line":458,"column":10}}]},"59":{"line":465,"type":"if","locations":[{"start":{"line":465,"column":10},"end":{"line":465,"column":10}},{"start":{"line":465,"column":10},"end":{"line":465,"column":10}}]},"60":{"line":468,"type":"if","locations":[{"start":{"line":468,"column":10},"end":{"line":468,"column":10}},{"start":{"line":468,"column":10},"end":{"line":468,"column":10}}]},"61":{"line":478,"type":"if","locations":[{"start":{"line":478,"column":6},"end":{"line":478,"column":6}},{"start":{"line":478,"column":6},"end":{"line":478,"column":6}}]},"62":{"line":479,"type":"if","locations":[{"start":{"line":479,"column":8},"end":{"line":479,"column":8}},{"start":{"line":479,"column":8},"end":{"line":479,"column":8}}]},"63":{"line":483,"type":"if","locations":[{"start":{"line":483,"column":13},"end":{"line":483,"column":13}},{"start":{"line":483,"column":13},"end":{"line":483,"column":13}}]},"64":{"line":485,"type":"if","locations":[{"start":{"line":485,"column":13},"end":{"line":485,"column":13}},{"start":{"line":485,"column":13},"end":{"line":485,"column":13}}]},"65":{"line":493,"type":"if","locations":[{"start":{"line":493,"column":10},"end":{"line":493,"column":10}},{"start":{"line":493,"column":10},"end":{"line":493,"column":10}}]},"66":{"line":494,"type":"if","locations":[{"start":{"line":494,"column":12},"end":{"line":494,"column":12}},{"start":{"line":494,"column":12},"end":{"line":494,"column":12}}]},"67":{"line":496,"type":"if","locations":[{"start":{"line":496,"column":19},"end":{"line":496,"column":19}},{"start":{"line":496,"column":19},"end":{"line":496,"column":19}}]},"68":{"line":503,"type":"if","locations":[{"start":{"line":503,"column":10},"end":{"line":503,"column":10}},{"start":{"line":503,"column":10},"end":{"line":503,"column":10}}]},"69":{"line":507,"type":"if","locations":[{"start":{"line":507,"column":10},"end":{"line":507,"column":10}},{"start":{"line":507,"column":10},"end":{"line":507,"column":10}}]},"70":{"line":520,"type":"if","locations":[{"start":{"line":520,"column":10},"end":{"line":520,"column":10}},{"start":{"line":520,"column":10},"end":{"line":520,"column":10}}]},"71":{"line":527,"type":"if","locations":[{"start":{"line":527,"column":10},"end":{"line":527,"column":10}},{"start":{"line":527,"column":10},"end":{"line":527,"column":10}}]},"72":{"line":530,"type":"if","locations":[{"start":{"line":530,"column":10},"end":{"line":530,"column":10}},{"start":{"line":530,"column":10},"end":{"line":530,"column":10}}]},"73":{"line":533,"type":"if","locations":[{"start":{"line":533,"column":10},"end":{"line":533,"column":10}},{"start":{"line":533,"column":10},"end":{"line":533,"column":10}}]}}},"D:\\Documents\\web sites\\buma.dev\\library\\sm-store\\lib\\PersistenceManager.js":{"path":"D:\\Documents\\web sites\\buma.dev\\library\\sm-store\\lib\\PersistenceManager.js","s":{"1":1,"2":1,"3":1,"4":0,"5":0,"6":1,"7":1,"8":1,"9":1,"10":1,"11":1,"12":1,"13":1,"14":1,"15":1,"16":1,"17":1,"18":1,"19":1,"20":1,"21":1,"22":1,"23":1,"24":285,"25":1,"26":1,"27":215,"28":214,"29":1,"30":1,"31":1539,"32":1539,"33":1539,"34":0,"35":1539,"36":1488,"37":1,"38":645,"39":215,"40":430,"41":1,"42":228,"43":228,"44":228,"45":228,"46":0,"47":0,"48":228,"49":228,"50":0,"51":228,"52":228,"53":0,"54":0,"55":0,"56":0,"57":0,"58":0,"59":228,"60":228,"61":228,"62":0,"63":228,"64":228,"65":228,"66":228,"67":0,"68":0,"69":0,"70":228,"71":0,"72":0,"73":228,"74":1,"75":270,"76":1,"77":699,"78":699,"79":699,"80":699,"81":0,"82":0,"83":699,"84":1,"85":48,"86":48,"87":48,"88":48,"89":48,"90":0,"91":0,"92":48,"93":1,"94":747,"95":747,"96":6,"97":6,"98":747,"99":1,"100":33,"101":33,"102":33,"103":33,"104":0,"105":0,"106":33,"107":33,"108":0,"109":33,"110":33,"111":0,"112":0,"113":0,"114":0,"115":0,"116":0,"117":33,"118":33,"119":33,"120":0,"121":33,"122":33,"123":33,"124":33,"125":0,"126":0,"127":0,"128":33,"129":0,"130":0,"131":33,"132":1,"133":33,"134":1,"135":24,"136":24,"137":24,"138":24,"139":0,"140":0,"141":24,"142":1,"143":24,"144":1,"145":51,"146":51,"147":0,"148":51,"149":51,"150":51,"151":51,"152":30,"153":21,"154":21,"155":21,"156":21,"157":21,"158":0,"159":21,"160":15,"161":6,"162":1,"163":6,"164":6,"165":0,"166":6,"167":0,"168":6,"169":0,"170":6,"171":6,"172":6,"173":6,"174":0,"175":6,"176":6,"177":6,"178":6,"179":6,"180":0,"181":6,"182":3,"183":3,"184":3,"185":1,"186":354,"187":354,"188":0,"189":354,"190":0,"191":0,"192":0,"193":354,"194":354,"195":354,"196":354,"197":354,"198":1,"199":438,"200":438,"201":438,"202":96,"203":6,"204":90,"205":9,"206":9,"207":81,"208":42,"209":42,"210":42,"211":42,"212":42,"213":42,"214":84,"215":84,"216":84,"217":3,"218":3,"219":81,"220":42,"221":39,"222":81,"223":9,"224":96,"225":96,"226":63,"227":102,"228":102,"229":33,"230":3,"231":3,"232":3,"233":3,"234":342,"235":438,"236":39,"237":39,"238":438,"239":1,"240":1,"241":105,"242":105,"243":3,"244":102,"245":102,"246":24,"247":78,"248":102,"249":6,"250":102,"251":96,"252":6,"253":3,"254":3,"255":3,"256":3,"257":0,"258":3,"259":3,"260":1,"261":1,"262":624,"263":624,"264":39,"265":624,"266":573,"267":624,"268":573,"269":624,"270":573,"271":624,"272":915,"273":624,"274":624,"275":573,"276":3534,"277":51,"278":207,"279":624,"280":624,"281":573,"282":624,"283":342,"284":342,"285":624,"286":987,"287":624,"288":624,"289":624,"290":624,"291":246,"292":246,"293":246,"294":246,"295":246,"296":246,"297":246,"298":354,"299":354,"300":246,"301":246,"302":246,"303":354,"304":354,"305":624,"306":624,"307":621,"308":624,"309":51,"310":624,"311":624,"312":2415,"313":2415,"314":2415,"315":183,"316":183,"317":12,"318":171,"319":171,"320":11,"321":160,"322":4,"323":3,"324":1,"325":156,"326":171,"327":3,"328":3,"329":3,"330":2232,"331":2400,"332":2400,"333":2400,"334":2400,"335":432,"336":432,"337":2400,"338":360,"339":2400,"340":30,"341":2370,"342":288,"343":2370,"344":0,"345":2370,"346":621,"347":1,"348":573,"349":573,"350":336,"351":336,"352":237,"353":237,"354":237,"355":237,"356":237,"357":579,"358":579,"359":342,"360":342,"361":342,"362":342,"363":342,"364":342,"365":0,"366":342,"367":342,"368":342,"369":342,"370":237,"371":237,"372":237,"373":237,"374":0,"375":237,"376":1,"377":573,"378":573,"379":573,"380":573,"381":573,"382":573,"383":573,"384":573,"385":573,"386":573,"387":573,"388":0,"389":573,"390":570,"391":234,"392":336,"393":224,"394":112,"395":573,"396":573,"397":267,"398":267,"399":267,"400":267,"401":267,"402":306,"403":1,"404":1,"405":1,"406":747,"407":747,"408":747,"409":747,"410":747,"411":747,"412":747,"413":747,"414":747,"415":747,"416":747,"417":747,"418":747,"419":1,"420":48,"421":48,"422":48,"423":48,"424":48,"425":48,"426":48,"427":48,"428":48,"429":48,"430":48,"431":48,"432":48,"433":0,"434":0,"435":0,"436":48,"437":48,"438":48,"439":57,"440":57,"441":57,"442":57,"443":21,"444":0,"445":0,"446":0,"447":0,"448":21,"449":21,"450":21,"451":36,"452":36,"453":36,"454":0,"455":36,"456":0,"457":0,"458":0,"459":0,"460":0,"461":0,"462":0,"463":36,"464":21,"465":21,"466":21,"467":0,"468":0,"469":21,"470":21,"471":36,"472":1,"473":699,"474":699,"475":0,"476":0,"477":0,"478":699,"479":699,"480":699,"481":699,"482":699,"483":699,"484":699,"485":0,"486":699,"487":699,"488":15,"489":684,"490":684,"491":519,"492":519,"493":0,"494":0,"495":0,"496":0,"497":165,"498":684,"499":684,"500":1395,"501":1395,"502":1395,"503":684,"504":75,"505":129,"506":129,"507":0,"508":129,"509":0,"510":0,"511":0,"512":129,"513":75,"514":0,"515":75,"516":75,"517":609,"518":30,"519":579,"520":699,"521":1,"522":1,"523":123,"524":123,"525":123,"526":0,"527":123,"528":0,"529":0,"530":0,"531":123,"532":123,"533":123,"534":123,"535":12,"536":12,"537":12,"538":12,"539":12,"540":24,"541":24,"542":111,"543":123,"544":0,"545":0,"546":0,"547":123,"548":1,"549":1,"550":72,"551":72,"552":0,"553":72,"554":72,"555":72,"556":72,"557":72,"558":72,"559":72,"560":117,"561":72,"562":99,"563":72,"564":48,"565":48,"566":72,"567":72,"568":72,"569":324,"570":0,"571":0,"572":72,"573":72,"574":72,"575":72,"576":72,"577":72,"578":72,"579":72,"580":270,"581":270,"582":27,"583":27,"584":18,"585":252,"586":18,"587":0,"588":18,"589":0,"590":0,"591":0,"592":18,"593":18,"594":234,"595":252,"596":252,"597":252,"598":0,"599":0,"600":0,"601":0,"602":252,"603":252,"604":252,"605":36,"606":24,"607":36,"608":12,"609":252,"610":24,"611":24,"612":12,"613":12,"614":252,"615":12,"616":252,"617":0,"618":252,"619":24,"620":252,"621":0,"622":252,"623":252,"624":252,"625":228,"626":72,"627":72,"628":45,"629":27,"630":27,"631":27,"632":0,"633":0,"634":27,"635":27,"636":27,"637":27,"638":0,"639":27,"640":27,"641":39,"642":39,"643":27,"644":72,"645":1,"646":72,"647":72,"648":45,"649":27,"650":27,"651":27,"652":27,"653":66,"654":66,"655":39,"656":39,"657":39,"658":27,"659":27,"660":27,"661":27,"662":27,"663":27,"664":27,"665":0,"666":27,"667":27,"668":39,"669":39,"670":39,"671":39,"672":39,"673":24,"674":24,"675":24,"676":27,"677":27,"678":27,"679":0,"680":0,"681":27,"682":3,"683":3,"684":27,"685":27,"686":24,"687":27,"688":1,"689":72,"690":72,"691":72,"692":72,"693":72,"694":72,"695":72,"696":72,"697":72,"698":72,"699":0,"700":72,"701":72,"702":48,"703":16,"704":24,"705":24,"706":8,"707":72,"708":72,"709":9,"710":63,"711":63,"712":72,"713":72,"714":72,"715":72,"716":0,"717":72,"718":72,"719":24,"720":0,"721":0,"722":0,"723":24,"724":48,"725":72,"726":1,"727":1,"728":1,"729":51,"730":51,"731":0,"732":51,"733":0,"734":51,"735":81,"736":51,"737":51,"738":51,"739":51,"740":51,"741":51,"742":51,"743":51,"744":51,"745":195,"746":195,"747":24,"748":171,"749":12,"750":12,"751":12,"752":12,"753":12,"754":12,"755":12,"756":
[...]
":{"line":213,"column":74}}},"29":{"name":"(anonymous_29)","line":232,"loc":{"start":{"line":232,"column":66},"end":{"line":232,"column":77}}},"30":{"name":"(anonymous_30)","line":233,"loc":{"start":{"line":233,"column":54},"end":{"line":233,"column":65}}},"31":{"name":"(anonymous_31)","line":236,"loc":{"start":{"line":236,"column":38},"end":{"line":236,"column":51}}},"32":{"name":"(anonymous_32)","line":244,"loc":{"start":{"line":244,"column":25},"end":{"line":244,"column":39}}},"33":{"name":"(anonymous_33)","line":248,"loc":{"start":{"line":248,"column":24},"end":{"line":248,"column":40}}},"34":{"name":"(anonymous_34)","line":249,"loc":{"start":{"line":249,"column":15},"end":{"line":249,"column":26}}},"35":{"name":"(anonymous_35)","line":260,"loc":{"start":{"line":260,"column":30},"end":{"line":260,"column":46}}},"36":{"name":"(anonymous_36)","line":261,"loc":{"start":{"line":261,"column":15},"end":{"line":261,"column":34}}},"37":{"name":"(anonymous_37)","line":267,"loc":{"start":{"line":267,"column":49},"end":{"line":267,"column":64}}},"38":{"name":"(anonymous_38)","line":276,"loc":{"start":{"line":276,"column":17},"end":{"line":276,"column":33}}},"39":{"name":"(anonymous_39)","line":277,"loc":{"start":{"line":277,"column":15},"end":{"line":277,"column":39}}}},"statementMap":{"1":{"start":{"line":2,"column":0},"end":{"line":290,"column":14}},"2":{"start":{"line":3,"column":2},"end":{"line":5,"column":32}},"3":{"start":{"line":4,"column":39},"end":{"line":4,"column":123}},"4":{"start":{"line":4,"column":65},"end":{"line":4,"column":121}},"5":{"start":{"line":4,"column":96},"end":{"line":4,"column":121}},"6":{"start":{"line":4,"column":124},"end":{"line":4,"column":169}},"7":{"start":{"line":4,"column":142},"end":{"line":4,"column":167}},"8":{"start":{"line":4,"column":170},"end":{"line":4,"column":204}},"9":{"start":{"line":4,"column":205},"end":{"line":4,"column":234}},"10":{"start":{"line":4,"column":235},"end":{"line":4,"column":270}},"11":{"start":{"line":4,"column":271},"end":{"line":4,"column":284}},"12":{"start":{"line":7,"column":2},"end":{"line":7,"column":25}},"13":{"start":{"line":9,"column":2},"end":{"line":9,"column":24}},"14":{"start":{"line":11,"column":2},"end":{"line":11,"column":42}},"15":{"start":{"line":13,"column":2},"end":{"line":13,"column":31}},"16":{"start":{"line":15,"column":2},"end":{"line":15,"column":48}},"17":{"start":{"line":17,"column":2},"end":{"line":17,"column":64}},"18":{"start":{"line":19,"column":2},"end":{"line":19,"column":46}},"19":{"start":{"line":21,"column":2},"end":{"line":25,"column":4}},"20":{"start":{"line":27,"column":2},"end":{"line":27,"column":27}},"21":{"start":{"line":29,"column":2},"end":{"line":60,"column":43}},"22":{"start":{"line":32,"column":6},"end":{"line":32,"column":58}},"23":{"start":{"line":33,"column":6},"end":{"line":33,"column":40}},"24":{"start":{"line":34,"column":6},"end":{"line":38,"column":7}},"25":{"start":{"line":35,"column":8},"end":{"line":35,"column":53}},"26":{"start":{"line":37,"column":8},"end":{"line":37,"column":28}},"27":{"start":{"line":39,"column":6},"end":{"line":41,"column":7}},"28":{"start":{"line":40,"column":8},"end":{"line":40,"column":56}},"29":{"start":{"line":42,"column":6},"end":{"line":44,"column":7}},"30":{"start":{"line":43,"column":8},"end":{"line":43,"column":30}},"31":{"start":{"line":45,"column":6},"end":{"line":54,"column":7}},"32":{"start":{"line":46,"column":8},"end":{"line":46,"column":17}},"33":{"start":{"line":47,"column":8},"end":{"line":47,"column":46}},"34":{"start":{"line":48,"column":8},"end":{"line":53,"column":9}},"35":{"start":{"line":49,"column":10},"end":{"line":49,"column":30}},"36":{"start":{"line":50,"column":10},"end":{"line":52,"column":11}},"37":{"start":{"line":51,"column":12},"end":{"line":51,"column":29}},"38":{"start":{"line":55,"column":6},"end":{"line":57,"column":7}},"39":{"start":{"line":56,"column":8},"end":{"line":56,"column":60}},"40":{"start":{"line":58,"column":6},"end":{"line":58,"column":61}},"41":{"start":{"line":62,"column":2},"end":{"line":113,"column":19}},"42":{"start":{"line":63,"column":4},"end":{"line":63,"column":42}},"43":{"start":{"line":65,"column":4},"end":{"line":65,"column":50}},"44":{"start":{"line":67,"column":4},"end":{"line":90,"column":5}},"45":{"start":{"line":68,"column":6},"end":{"line":68,"column":57}},"46":{"start":{"line":69,"column":6},"end":{"line":69,"column":50}},"47":{"start":{"line":70,"column":6},"end":{"line":70,"column":53}},"48":{"start":{"line":71,"column":6},"end":{"line":71,"column":26}},"49":{"start":{"line":72,"column":6},"end":{"line":76,"column":16}},"50":{"start":{"line":73,"column":8},"end":{"line":75,"column":10}},"51":{"start":{"line":74,"column":10},"end":{"line":74,"column":35}},"52":{"start":{"line":77,"column":6},"end":{"line":77,"column":38}},"53":{"start":{"line":78,"column":6},"end":{"line":83,"column":16}},"54":{"start":{"line":79,"column":8},"end":{"line":82,"column":10}},"55":{"start":{"line":80,"column":10},"end":{"line":80,"column":53}},"56":{"start":{"line":81,"column":10},"end":{"line":81,"column":32}},"57":{"start":{"line":84,"column":6},"end":{"line":88,"column":16}},"58":{"start":{"line":85,"column":8},"end":{"line":87,"column":10}},"59":{"start":{"line":86,"column":10},"end":{"line":86,"column":28}},"60":{"start":{"line":89,"column":6},"end":{"line":89,"column":13}},"61":{"start":{"line":92,"column":4},"end":{"line":97,"column":6}},"62":{"start":{"line":93,"column":6},"end":{"line":93,"column":16}},"63":{"start":{"line":94,"column":6},"end":{"line":94,"column":42}},"64":{"start":{"line":95,"column":6},"end":{"line":95,"column":29}},"65":{"start":{"line":96,"column":6},"end":{"line":96,"column":19}},"66":{"start":{"line":99,"column":4},"end":{"line":104,"column":6}},"67":{"start":{"line":100,"column":6},"end":{"line":100,"column":17}},"68":{"start":{"line":101,"column":6},"end":{"line":101,"column":44}},"69":{"start":{"line":102,"column":6},"end":{"line":102,"column":30}},"70":{"start":{"line":103,"column":6},"end":{"line":103,"column":20}},"71":{"start":{"line":106,"column":4},"end":{"line":109,"column":6}},"72":{"start":{"line":107,"column":6},"end":{"line":107,"column":39}},"73":{"start":{"line":108,"column":6},"end":{"line":108,"column":22}},"74":{"start":{"line":111,"column":4},"end":{"line":111,"column":29}},"75":{"start":{"line":115,"column":2},"end":{"line":199,"column":19}},"76":{"start":{"line":116,"column":4},"end":{"line":116,"column":37}},"77":{"start":{"line":118,"column":4},"end":{"line":120,"column":5}},"78":{"start":{"line":119,"column":6},"end":{"line":119,"column":34}},"79":{"start":{"line":122,"column":4},"end":{"line":133,"column":6}},"80":{"start":{"line":123,"column":6},"end":{"line":123,"column":23}},"81":{"start":{"line":124,"column":6},"end":{"line":131,"column":7}},"82":{"start":{"line":125,"column":8},"end":{"line":125,"column":29}},"83":{"start":{"line":127,"column":8},"end":{"line":127,"column":25}},"84":{"start":{"line":128,"column":8},"end":{"line":130,"column":9}},"85":{"start":{"line":129,"column":10},"end":{"line":129,"column":28}},"86":{"start":{"line":132,"column":6},"end":{"line":132,"column":80}},"87":{"start":{"line":135,"column":4},"end":{"line":195,"column":6}},"88":{"start":{"line":136,"column":6},"end":{"line":136,"column":52}},"89":{"start":{"line":137,"column":6},"end":{"line":137,"column":24}},"90":{"start":{"line":138,"column":6},"end":{"line":138,"column":27}},"91":{"start":{"line":139,"column":6},"end":{"line":139,"column":31}},"92":{"start":{"line":140,"column":6},"end":{"line":150,"column":7}},"93":{"start":{"line":141,"column":8},"end":{"line":148,"column":11}},"94":{"start":{"line":142,"column":10},"end":{"line":144,"column":11}},"95":{"start":{"line":143,"column":12},"end":{"line":143,"column":33}},"96":{"start":{"line":145,"column":10},"end":{"line":147,"column":13}},"97":{"start":{"line":149,"column":8},"end":{"line":149,"column":15}},"98":{"start":{"line":151,"column":6},"end":{"line":162,"column":7}},"99":{"start":{"line":152,"column":8},"end":{"line":160,"column":11}},"100":{"start":{"line":153,"column":10},"end":{"line":155,"column":11}},"101":{"start":{"line":154,"column":12},"end":{"line":154,"column":33}},"102":{"start":{"line":156,"column":10},"end":{"line":159,"column":13}},"103":{"start":{"line":161,"column":8},"end":{"line":161,"column":15}},"104":{"start":{"line":163,"column":6},"end":{"line":165,"column":8}},"105":{"start":{"line":166,"column":6},"end":{"line":166,"column":23}},"106":{"start":{"line":167,"column":6},"end":{"line":194,"column":9}},"107":{"start":{"line":168,"column":8},"end":{"line":174,"column":9}},"108":{"start":{"line":169,"column":10},"end":{"line":172,"column":11}},"109":{"start":{"line":170,"column":12},"end":{"line":170,"column":28}},"110":{"start":{"line":171,"column":12},"end":{"line":171,"column":26}},"111":{"start":{"line":173,"column":10},"end":{"line":173,"column":17}},"112":{"start":{"line":175,"column":8},"end":{"line":175,"column":30}},"113":{"start":{"line":177,"column":8},"end":{"line":179,"column":9}},"114":{"start":{"line":178,"column":10},"end":{"line":178,"column":17}},"115":{"start":{"line":180,"column":8},"end":{"line":182,"column":9}},"116":{"start":{"line":181,"column":10},"end":{"line":181,"column":31}},"117":{"start":{"line":183,"column":8},"end":{"line":183,"column":35}},"118":{"start":{"line":184,"column":8},"end":{"line":192,"column":9}},"119":{"start":{"line":185,"column":10},"end":{"line":189,"column":13}},"120":{"start":{"line":186,"column":12},"end":{"line":188,"column":14}},"121":{"start":{"line":191,"column":10},"end":{"line":191,"column":29}},"122":{"start":{"line":193,"column":8},"end":{"line":193,"column":30}},"123":{"start":{"line":197,"column":4},"end":{"line":197,"column":24}},"124":{"start":{"line":201,"column":2},"end":{"line":201,"column":43}},"125":{"start":{"line":203,"column":2},"end":{"line":288,"column":18}},"126":{"start":{"line":204,"column":4},"end":{"line":204,"column":38}},"127":{"start":{"line":206,"column":4},"end":{"line":211,"column":5}},"128":{"start":{"line":207,"column":6},"end":{"line":209,"column":9}},"129":{"start":{"line":210,"column":6},"end":{"line":210,"column":34}},"130":{"start":{"line":213,"column":4},"end":{"line":234,"column":6}},"131":{"start":{"line":214,"column":6},"end":{"line":214,"column":23}},"132":{"start":{"line":215,"column":6},"end":{"line":231,"column":7}},"133":{"start":{"line":216,"column":8},"end":{"line":216,"column":29}},"134":{"start":{"line":218,"column":8},"end":{"line":218,"column":25}},"135":{"start":{"line":219,"column":8},"end":{"line":230,"column":9}},"136":{"start":{"line":220,"column":10},"end":{"line":222,"column":11}},"137":{"start":{"line":221,"column":12},"end":{"line":221,"column":26}},"138":{"start":{"line":223,"column":15},"end":{"line":230,"column":9}},"139":{"start":{"line":224,"column":10},"end":{"line":226,"column":11}},"140":{"start":{"line":225,"column":12},"end":{"line":225,"column":28}},"141":{"start":{"line":227,"column":10},"end":{"line":229,"column":11}},"142":{"start":{"line":228,"column":12},"end":{"line":228,"column":30}},"143":{"start":{"line":232,"column":6},"end":{"line":232,"column":80}},"144":{"start":{"line":233,"column":6},"end":{"line":233,"column":68}},"145":{"start":{"line":236,"column":4},"end":{"line":284,"column":6}},"146":{"start":{"line":237,"column":6},"end":{"line":237,"column":48}},"147":{"start":{"line":238,"column":6},"end":{"line":238,"column":24}},"148":{"start":{"line":239,"column":6},"end":{"line":239,"column":27}},"149":{"start":{"line":240,"column":6},"end":{"line":240,"column":23}},"150":{"start":{"line":241,"column":6},"end":{"line":241,"column":18}},"151":{"start":{"line":242,"column":6},"end":{"line":242,"column":23}},"152":{"start":{"line":243,"column":6},"end":{"line":243,"column":37}},"153":{"start":{"line":244,"column":6},"end":{"line":247,"column":9}},"154":{"start":{"line":245,"column":8},"end":{"line":245,"column":24}},"155":{"start":{"line":246,"column":8},"end":{"line":246,"column":18}},"156":{"start":{"line":248,"column":6},"end":{"line":259,"column":16}},"157":{"start":{"line":249,"column":8},"end":{"line":258,"column":10}},"158":{"start":{"line":250,"column":10},"end":{"line":250,"column":55}},"159":{"start":{"line":251,"column":10},"end":{"line":253,"column":11}},"160":{"start":{"line":252,"column":12},"end":{"line":252,"column":19}},"161":{"start":{"line":254,"column":10},"end":{"line":256,"column":11}},"162":{"start":{"line":255,"column":12},"end":{"line":255,"column":31}},"163":{"start":{"line":257,"column":10},"end":{"line":257,"column":29}},"164":{"start":{"line":260,"column":6},"end":{"line":283,"column":16}},"165":{"start":{"line":261,"column":8},"end":{"line":275,"column":10}},"166":{"start":{"line":262,"column":10},"end":{"line":265,"column":11}},"167":{"start":{"line":263,"column":12},"end":{"line":263,"column":37}},"168":{"start":{"line":264,"column":12},"end":{"line":264,"column":19}},"169":{"start":{"line":266,"column":10},"end":{"line":273,"column":11}},"170":{"start":{"line":267,"column":12},"end":{"line":271,"column":15}},"171":{"start":{"line":268,"column":14},"end":{"line":270,"column":16}},"172":{"start":{"line":272,"column":12},"end":{"line":272,"column":48}},"173":{"start":{"line":274,"column":10},"end":{"line":274,"column":35}},"174":{"start":{"line":277,"column":8},"end":{"line":282,"column":10}},"175":{"start":{"line":278,"column":10},"end":{"line":278,"column":22}},"176":{"start":{"line":279,"column":10},"end":{"line":281,"column":11}},"177":{"start":{"line":280,"column":12},"end":{"line":280,"column":37}},"178":{"start":{"line":286,"column":4},"end":{"line":286,"column":25}}},"branchMap":{"1":{"line":4,"type":"if","locations":[{"start":{"line":4,"column":65},"end":{"line":4,"column":65}},{"start":{"line":4,"column":65},"end":{"line":4,"column":65}}]},"2":{"line":17,"type":"binary-expr","locations":[{"start":{"line":17,"column":11},"end":{"line":17,"column":24}},{"start":{"line":17,"column":29},"end":{"line":17,"column":62}}]},"3":{"line":33,"type":"binary-expr","locations":[{"start":{"line":33,"column":17},"end":{"line":33,"column":33}},{"start":{"line":33,"column":37},"end":{"line":33,"column":39}}]},"4":{"line":34,"type":"if","locations":[{"start":{"line":34,"column":6},"end":{"line":34,"column":6}},{"start":{"line":34,"column":6},"end":{"line":34,"column":6}}]},"5":{"line":39,"type":"if","locations":[{"start":{"line":39,"column":6},"end":{"line":39,"column":6}},{"start":{"line":39,"column":6},"end":{"line":39,"column":6}}]},"6":{"line":42,"type":"if","locations":[{"start":{"line":42,"column":6},"end":{"line":42,"column":6}},{"start":{"line":42,"column":6},"end":{"line":42,"column":6}}]},"7":{"line":42,"type":"binary-expr","locations":[{"start":{"line":42,"column":10},"end":{"line":42,"column":19}},{"start":{"line":42,"column":23},"end":{"line":42,"column":46}}]},"8":{"line":45,"type":"if","locations":[{"start":{"line":45,"column":6},"end":{"line":45,"column":6}},{"start":{"line":45,"column":6},"end":{"line":45,"column":6}}]},"9":{"line":50,"type":"if","locations":[{"start":{"line":50,"column":10},"end":{"line":50,"column":10}},{"start":{"line":50,"column":10},"end":{"line":50,"column":10}}]},"10":{"line":55,"type":"if","locations":[{"start":{"line":55,"column":6},"end":{"line":55,"column":6}},{"start":{"line":55,"column":6},"end":{"line":55,"column":6}}]},"11":{"line":124,"type":"if","locations":[{"start":{"line":124,"column":6},"end":{"line":124,"column":6}},{"start":{"line":124,"column":6},"end":{"line":124,"column":6}}]},"12":{"line":128,"type":"if","locations":[{"start":{"line":128,"column":8},"end":{"line":128,"column":8}},{"start":{"line":128,"column":8},"end":{"line":128,"column":8}}]},"13":{"line":128,"type":"binary-expr","locations":[{"start":{"line":128,"column":12},"end":{"line":128,"column":34}},{"start":{"line":128,"column":38},"end":{"line":128,"column":66}}]},"14":{"line":132,"type":"cond-expr","locations":[{"start":{"line":132,"column":55},"end":{"line":132,"column":63}},{"start":{"line":132,"column":66},"end":{"line":132,"column":79}}]},"15":{"line":140,"type":"if","locations":[{"start":{"line":140,"column":6},"end":{"line":140,"column":6}},{"start":{"line":140,"column":6},"end":{"line":140,"column":6}}]},"16":{"line":142,"type":"if","locations":[{"start":{"line":142,"column":10},"end":{"line":142,"column":10}},{"start":{"line":142,"column":10},"end":{"line":142,"column":10}}]},"17":{"line":151,"type":"if","locations":[{"start":{"line":151,"column":6},"end":{"line":151,"column":6}},{"start":{"line":151,"column":6},"end":{"line":151,"column":6}}]},"18":{"line":153,"type":"if","locations":[{"start":{"line":153,"column":10},"end":{"line":153,"column":10}},{"start":{"line":153,"column":10},"end":{"line":153,"column":10}}]},"19":{"line":168,"type":"if","locations":[{"start":{"line":168,"column":8},"end":{"line":168,"column":8}},{"start":{"line":168,"column":8},"end":{"line":168,"column":8}}]},"20":{"line":169,"type":"if","locations":[{"start":{"line":169,"column":10},"end":{"line":169,"column":10}},{"start":{"line":169,"column":10},"end":{"line":169,"column":10}}]},"21":{"line":177,"type":"if","locations":[{"start":{"line":177,"column":8},"end":{"line":177,"column":8}},{"start":{"line":177,"column":8},"end":{"line":177,"column":8}}]},"22":{"line":180,"type":"if","locations":[{"start":{"line":180,"column":8},"end":{"line":180,"column":8}},{"start":{"line":180,"column":8},"end":{"line":180,"column":8}}]},"23":{"line":184,"type":"if","locations":[{"start":{"line":184,"column":8},"end":{"line":184,"column":8}},{"start":{"line":184,"column":8},"end":{"line":184,"column":8}}]},"24":{"line":215,"type":"if","locations":[{"start":{"line":215,"column":6},"end":{"line":215,"column":6}},{"start":{"line":215,"column":6},"end":{"line":215,"column":6}}]},"25":{"line":219,"type":"if","locations":[{"start":{"line":219,"column":8},"end":{"line":219,"column":8}},{"start":{"line":219,"column":8},"end":{"line":219,"column":8}}]},"26":{"line":220,"type":"if","locations":[{"start":{"line":220,"column":10},"end":{"line":220,"column":10}},{"start":{"line":220,"column":10},"end":{"line":220,"column":10}}]},"27":{"line":223,"type":"if","locations":[{"start":{"line":223,"column":15},"end":{"line":223,"column":15}},{"start":{"line":223,"column":15},"end":{"line":223,"column":15}}]},"28":{"line":224,"type":"if","locations":[{"start":{"line":224,"column":10},"end":{"line":224,"column":10}},{"start":{"line":224,"column":10},"end":{"line":224,"column":10}}]},"29":{"line":227,"type":"if","locations":[{"start":{"line":227,"column":10},"end":{"line":227,"column":10}},{"start":{"line":227,"column":10},"end":{"line":227,"column":10}}]},"30":{"line":232,"type":"cond-expr","locations":[{"start":{"line":232,"column":55},"end":{"line":232,"column":63}},{"start":{"line":232,"column":66},"end":{"line":232,"column":79}}]},"31":{"line":233,"type":"cond-expr","locations":[{"start":{"line":233,"column":47},"end":{"line":233,"column":51}},{"start":{"line":233,"column":54},"end":{"line":233,"column":67}}]},"32":{"line":251,"type":"if","locations":[{"start":{"line":251,"column":10},"end":{"line":251,"column":10}},{"start":{"line":251,"column":10},"end":{"line":251,"column":10}}]},"33":{"line":254,"type":"if","locations":[{"start":{"line":254,"column":10},"end":{"line":254,"column":10}},{"start":{"line":254,"column":10},"end":{"line":254,"column":10}}]},"34":{"line":262,"type":"if","locations":[{"start":{"line":262,"column":10},"end":{"line":262,"column":10}},{"start":{"line":262,"column":10},"end":{"line":262,"column":10}}]},"35":{"line":266,"type":"if","locations":[{"start":{"line":266,"column":10},"end":{"line":266,"column":10}},{"start":{"line":266,"column":10},"end":{"line":266,"column":10}}]},"36":{"line":279,"type":"if","locations":[{"start":{"line":279,"column":10},"end":{"line":279,"column":10}},{"start":{"line":279,"column":10},"end":{"line":279,"column":10}}]}}}}