TN:
SF:D:\Documents\web sites\buma.dev\library\sm-store\index.js
FNF:0
FNH:0
DA:1,1
LF:1
LH:1
BRF:0
BRH:0
end_of_record
TN:
SF:D:\Documents\web sites\buma.dev\library\sm-store\lib\AdapterPool.js
FN:12,(anonymous_1)
FN:43,(anonymous_2)
FN:44,AdapterPool
FN:100,(anonymous_4)
FN:101,(anonymous_5)
FN:106,(anonymous_6)
FN:107,(anonymous_7)
FN:122,(anonymous_8)
FN:123,(anonymous_9)
FN:124,(anonymous_10)
FN:136,(anonymous_11)
FN:138,(anonymous_12)
FN:140,(anonymous_13)
FN:141,(anonymous_14)
FN:151,(anonymous_15)
FN:155,(anonymous_16)
FN:161,(anonymous_17)
FNF:17
FNH:15
FNDA:18,(anonymous_1)
FNDA:1,(anonymous_2)
FNDA:33,AdapterPool
FNDA:18,(anonymous_4)
FNDA:9,(anonymous_5)
FNDA:18,(anonymous_6)
FNDA:9,(anonymous_7)
FNDA:216,(anonymous_8)
FNDA:216,(anonymous_9)
FNDA:324,(anonymous_10)
FNDA:9,(anonymous_11)
FNDA:0,(anonymous_12)
FNDA:9,(anonymous_13)
FNDA:9,(anonymous_14)
FNDA:1128,(anonymous_15)
FNDA:105,(anonymous_16)
FNDA:0,(anonymous_17)
DA:2,1
DA:4,1
DA:6,1
DA:8,1
DA:10,1
DA:12,1
DA:15,18
DA:16,18
DA:17,18
DA:18,18
DA:19,3
DA:20,3
DA:23,18
DA:24,0
DA:25,0
DA:26,0
DA:28,18
DA:31,1
DA:33,1
DA:35,1
DA:37,1
DA:43,1
DA:44,1
DA:45,33
DA:46,33
DA:47,3
DA:48,3
DA:49,3
DA:51,30
DA:52,30
DA:53,30
DA:54,30
DA:55,30
DA:56,30
DA:57,30
DA:58,30
DA:59,12
DA:61,30
DA:62,12
DA:63,12
DA:64,12
DA:66,30
DA:67,72
DA:69,30
DA:70,12
DA:71,12
DA:72,12
DA:74,18
DA:75,18
DA:76,18
DA:77,18
DA:78,18
DA:81,18
DA:82,18
DA:84,0
DA:86,18
DA:87,18
DA:89,0
DA:91,18
DA:92,18
DA:94,0
DA:96,18
DA:97,18
DA:98,18
DA:101,18
DA:102,9
DA:103,9
DA:107,18
DA:108,9
DA:109,9
DA:116,18
DA:119,216
DA:120,1
DA:122,216
DA:123,216
DA:124,216
DA:125,324
DA:130,18
DA:131,0
DA:133,18
DA:136,1
DA:137,9
DA:138,0
DA:140,9
DA:141,9
DA:142,9
DA:143,0
DA:145,9
DA:146,9
DA:151,1
DA:152,1128
DA:155,1
DA:156,105
DA:157,105
DA:158,105
DA:161,1
DA:162,0
DA:165,1
LF:98
LH:88
BRDA:4,1,0,1
BRDA:4,1,1,1
BRDA:16,2,0,18
BRDA:16,2,1,0
BRDA:18,3,0,3
BRDA:18,3,1,15
BRDA:23,4,0,0
BRDA:23,4,1,18
BRDA:46,5,0,3
BRDA:46,5,1,30
BRDA:55,6,0,30
BRDA:55,6,1,18
BRDA:56,7,0,30
BRDA:56,7,1,24
BRDA:58,8,0,12
BRDA:58,8,1,18
BRDA:61,9,0,12
BRDA:61,9,1,18
BRDA:69,10,0,12
BRDA:69,10,1,18
BRDA:69,11,0,30
BRDA:69,11,1,18
BRDA:77,12,0,18
BRDA:77,12,1,0
BRDA:81,13,0,18
BRDA:81,13,1,0
BRDA:86,14,0,18
BRDA:86,14,1,0
BRDA:91,15,0,18
BRDA:91,15,1,0
BRDA:119,16,0,0
BRDA:119,16,1,216
BRDA:130,17,0,0
BRDA:130,17,1,18
BRDA:137,18,0,0
BRDA:137,18,1,9
BRDA:142,19,0,0
BRDA:142,19,1,9
BRF:38
BRH:29
end_of_record
TN:
SF:D:\Documents\web sites\buma.dev\library\sm-store\lib\GenericUtil.js
FN:4,(anonymous_1)
FN:9,(anonymous_2)
FN:12,(anonymous_3)
FN:15,(anonymous_4)
FN:19,(anonymous_5)
FN:76,(anonymous_6)
FN:100,(anonymous_7)
FN:105,(anonymous_8)
FN:111,(anonymous_9)
FNF:9
FNH:8
FNDA:1,(anonymous_1)
FNDA:84,(anonymous_2)
FNDA:2181,(anonymous_3)
FNDA:51091,(anonymous_4)
FNDA:1,(anonymous_5)
FNDA:9421,(anonymous_6)
FNDA:0,(anonymous_7)
FNDA:9221,(anonymous_8)
FNDA:200,(anonymous_9)
DA:2,1
DA:4,1
DA:5,1
DA:6,1
DA:7,1
DA:8,1
DA:10,84
DA:13,2181
DA:16,51091
DA:19,1
DA:20,1
DA:21,1
DA:25,1
DA:26,1
DA:52,1
DA:76,1
DA:77,9421
DA:78,9421
DA:79,9421
DA:80,47
DA:82,9374
DA:83,0
DA:84,0
DA:86,0
DA:89,9374
DA:90,0
DA:91,0
DA:92,0
DA:93,0
DA:95,0
DA:97,9374
DA:98,0
DA:100,9374
DA:101,0
DA:103,9374
DA:105,1
DA:106,9221
DA:107,9221
DA:109,9221
DA:111,1
DA:112,200
DA:113,200
DA:115,200
DA:118,1
DA:121,1
LF:45
LH:35
BRDA:10,1,0,84
BRDA:10,1,1,84
BRDA:13,2,0,2181
BRDA:13,2,1,66
BRDA:16,3,0,51091
BRDA:16,3,1,45066
BRDA:79,4,0,47
BRDA:79,4,1,9374
BRDA:82,5,0,0
BRDA:82,5,1,9374
BRDA:83,6,0,0
BRDA:83,6,1,0
BRDA:89,7,0,0
BRDA:89,7,1,9374
BRDA:97,8,0,0
BRDA:97,8,1,9374
BRDA:106,9,0,9221
BRDA:106,9,1,0
BRDA:112,10,0,200
BRDA:112,10,1,0
BRF:20
BRH:13
end_of_record
TN:
SF:D:\Documents\web sites\buma.dev\library\sm-store\lib\Connector.js
FN:3,(anonymous_1)
FN:3,ctor
FN:32,(anonymous_3)
FN:37,Connector
FN:58,(anonymous_5)
FN:62,(anonymous_6)
FN:66,(anonymous_7)
FN:70,(anonymous_8)
FN:74,(anonymous_9)
FN:78,(anonymous_10)
FN:82,(anonymous_11)
FN:86,(anonymous_12)
FN:90,(anonymous_13)
FN:97,(anonymous_14)
FN:101,(anonymous_15)
FN:105,(anonymous_16)
FN:109,(anonymous_17)
FN:119,(anonymous_18)
FN:128,(anonymous_19)
FN:131,(anonymous_20)
FN:140,(anonymous_21)
FN:141,(anonymous_22)
FN:151,(anonymous_23)
FN:158,(anonymous_24)
FN:160,(anonymous_25)
FN:161,(anonymous_26)
FN:168,(anonymous_27)
FN:169,(anonymous_28)
FN:178,(anonymous_29)
FN:182,(anonymous_30)
FN:183,(anonymous_31)
FN:188,(anonymous_32)
FN:191,(anonymous_33)
FN:197,(anonymous_34)
FN:209,(anonymous_35)
FN:211,(anonymous_36)
FN:212,(anonymous_37)
FN:219,(anonymous_38)
FN:220,(anonymous_39)
FN:226,(anonymous_40)
FN:230,(anonymous_41)
FN:234,(anonymous_42)
FN:246,(anonymous_43)
FN:251,(anonymous_44)
FN:252,(anonymous_45)
FN:262,(anonymous_46)
FN:267,(anonymous_47)
FN:268,(anonymous_48)
FN:275,(anonymous_49)
FN:276,(anonymous_50)
FN:282,(anonymous_51)
FN:287,(anonymous_52)
FN:290,(anonymous_53)
FN:302,(anonymous_54)
FN:308,(anonymous_55)
FN:310,(anonymous_56)
FN:311,(anonymous_57)
FN:321,(anonymous_58)
FN:328,(anonymous_59)
FN:329,(anonymous_60)
FN:336,(anonymous_61)
FN:337,(anonymous_62)
FN:351,(anonymous_63)
FN:363,(anonymous_64)
FN:364,(anonymous_65)
FN:374,(anonymous_66)
FN:379,(anonymous_67)
FN:380,(anonymous_68)
FN:387,(anonymous_69)
FN:388,(anonymous_70)
FN:400,(anonymous_71)
FN:416,(anonymous_72)
FN:417,(anonymous_73)
FN:436,(anonymous_74)
FN:453,(anonymous_75)
FN:454,(anonymous_76)
FN:461,(anonymous_77)
FN:462,(anonymous_78)
FN:474,(anonymous_79)
FN:489,(anonymous_80)
FN:490,(anonymous_81)
FN:513,(anonymous_82)
FN:515,(anonymous_83)
FN:516,(anonymous_84)
FN:523,(anonymous_85)
FN:524,(anonymous_86)
FN:541,(anonymous_87)
FNF:87
FNH:84
FNDA:1,(anonymous_1)
FNDA:1,ctor
FNDA:1,(anonymous_3)
FNDA:141,Connector
FNDA:30,(anonymous_5)
FNDA:1122,(anonymous_6)
FNDA:363,(anonymous_7)
FNDA:27663,(anonymous_8)
FNDA:12,(anonymous_9)
FNDA:228,(anonymous_10)
FNDA:42,(anonymous_11)
FNDA:0,(anonymous_12)
FNDA:504,(anonymous_13)
FNDA:504,(anonymous_14)
FNDA:21,(anonymous_15)
FNDA:42,(anonymous_16)
FNDA:0,(anonymous_17)
FNDA:5460,(anonymous_18)
FNDA:2739,(anonymous_19)
FNDA:0,(anonymous_20)
FNDA:2721,(anonymous_21)
FNDA:2721,(anonymous_22)
FNDA:2739,(anonymous_23)
FNDA:375,(anonymous_24)
FNDA:375,(anonymous_25)
FNDA:375,(anonymous_26)
FNDA:375,(anonymous_27)
FNDA:375,(anonymous_28)
FNDA:411,(anonymous_29)
FNDA:147,(anonymous_30)
FNDA:147,(anonymous_31)
FNDA:3,(anonymous_32)
FNDA:3,(anonymous_33)
FNDA:3,(anonymous_34)
FNDA:1566,(anonymous_35)
FNDA:1566,(anonymous_36)
FNDA:1566,(anonymous_37)
FNDA:1566,(anonymous_38)
FNDA:1566,(anonymous_39)
FNDA:39,(anonymous_40)
FNDA:39,(anonymous_41)
FNDA:39,(anonymous_42)
FNDA:1563,(anonymous_43)
FNDA:1563,(anonymous_44)
FNDA:1563,(anonymous_45)
FNDA:54,(anonymous_46)
FNDA:54,(anonymous_47)
FNDA:54,(anonymous_48)
FNDA:54,(anonymous_49)
FNDA:54,(anonymous_50)
FNDA:3,(anonymous_51)
FNDA:3,(anonymous_52)
FNDA:3,(anonymous_53)
FNDA:54,(anonymous_54)
FNDA:828,(anonymous_55)
FNDA:54,(anonymous_56)
FNDA:54,(anonymous_57)
FNDA:363,(anonymous_58)
FNDA:357,(anonymous_59)
FNDA:357,(anonymous_60)
FNDA:357,(anonymous_61)
FNDA:357,(anonymous_62)
FNDA:357,(anonymous_63)
FNDA:357,(anonymous_64)
FNDA:357,(anonymous_65)
FNDA:81,(anonymous_66)
FNDA:81,(anonymous_67)
FNDA:81,(anonymous_68)
FNDA:81,(anonymous_69)
FNDA:81,(anonymous_70)
FNDA:162,(anonymous_71)
FNDA:81,(anonymous_72)
FNDA:81,(anonymous_73)
FNDA:276,(anonymous_74)
FNDA:276,(anonymous_75)
FNDA:276,(anonymous_76)
FNDA:276,(anonymous_77)
FNDA:276,(anonymous_78)
FNDA:279,(anonymous_79)
FNDA:276,(anonymous_80)
FNDA:276,(anonymous_81)
FNDA:27,(anonymous_82)
FNDA:27,(anonymous_83)
FNDA:27,(anonymous_84)
FNDA:27,(anonymous_85)
FNDA:27,(anonymous_86)
FNDA:147,(anonymous_87)
DA:2,1
DA:3,1
DA:6,1
DA:8,1
DA:10,1
DA:12,1
DA:14,1
DA:16,1
DA:18,1
DA:30,1
DA:32,1
DA:33,1
DA:35,1
DA:37,1
DA:38,141
DA:39,141
DA:40,141
DA:41,3
DA:42,3
DA:43,3
DA:45,138
DA:46,33
DA:48,105
DA:50,138
DA:51,138
DA:52,138
DA:53,138
DA:54,138
DA:55,138
DA:58,1
DA:59,30
DA:62,1
DA:63,1122
DA:66,1
DA:67,363
DA:70,1
DA:71,27663
DA:74,1
DA:75,12
DA:78,1
DA:79,228
DA:82,1
DA:83,42
DA:86,1
DA:87,0
DA:90,1
DA:91,504
DA:92,147
DA:94,504
DA:97,1
DA:98,504
DA:101,1
DA:102,21
DA:105,1
DA:106,42
DA:109,1
DA:110,0
DA:111,0
DA:112,0
DA:114,0
DA:115,0
DA:116,0
DA:119,1
DA:120,5460
DA:121,5460
DA:122,18
DA:123,18
DA:124,18
DA:128,1
DA:129,2739
DA:130,2739
DA:131,3
DA:132,3
DA:134,2736
DA:135,2736
DA:137,2739
DA:138,18
DA:140,2721
DA:141,2721
DA:142,2721
DA:145,2721
DA:146,2667
DA:148,2721
DA:151,1
DA:152,2739
DA:153,2718
DA:155,2739
DA:158,1
DA:159,375
DA:160,375
DA:161,375
DA:162,375
DA:163,375
DA:164,375
DA:168,375
DA:169,375
DA:170,375
DA:171,6
DA:173,369
DA:178,1
DA:179,411
DA:180,264
DA:182,147
DA:183,147
DA:184,147
DA:185,0
DA:187,147
DA:188,147
DA:189,3
DA:192,3
DA:193,0
DA:195,3
DA:196,3
DA:197,3
DA:198,3
DA:203,147
DA:204,147
DA:209,1
DA:210,1566
DA:211,1566
DA:212,1566
DA:213,1566
DA:214,1566
DA:215,1566
DA:219,1566
DA:220,1566
DA:221,1566
DA:222,3
DA:224,1563
DA:225,39
DA:226,39
DA:227,39
DA:228,0
DA:230,39
DA:231,39
DA:232,39
DA:233,39
DA:234,39
DA:235,39
DA:236,39
DA:241,1524
DA:246,1
DA:247,1563
DA:248,864
DA:250,1563
DA:251,1563
DA:252,1563
DA:253,1563
DA:254,3
DA:255,3
DA:257,1560
DA:262,1
DA:263,54
DA:264,54
DA:265,54
DA:267,54
DA:268,54
DA:269,54
DA:270,54
DA:271,54
DA:275,54
DA:276,54
DA:277,54
DA:278,0
DA:280,54
DA:281,3
DA:282,3
DA:283,3
DA:284,0
DA:286,3
DA:287,3
DA:288,3
DA:289,3
DA:290,3
DA:291,3
DA:292,3
DA:297,51
DA:302,1
DA:303,54
DA:304,54
DA:305,0
DA:307,54
DA:308,54
DA:309,828
DA:311,54
DA:312,54
DA:313,0
DA:314,0
DA:316,54
DA:321,1
DA:322,363
DA:323,363
DA:324,6
DA:325,6
DA:326,6
DA:328,357
DA:329,357
DA:330,357
DA:331,357
DA:332,357
DA:336,357
DA:337,357
DA:338,357
DA:339,0
DA:341,357
DA:342,0
DA:343,0
DA:344,0
DA:346,357
DA:351,1
DA:352,357
DA:353,357
DA:354,111
DA:355,246
DA:356,246
DA:358,0
DA:359,0
DA:360,0
DA:362,357
DA:363,357
DA:364,357
DA:365,357
DA:366,0
DA:368,357
DA:369,357
DA:374,1
DA:375,81
DA:376,81
DA:377,3
DA:379,81
DA:380,81
DA:381,81
DA:382,81
DA:383,81
DA:387,81
DA:388,81
DA:389,81
DA:390,3
DA:392,78
DA:393,0
DA:395,78
DA:400,1
DA:401,162
DA:402,162
DA:403,81
DA:404,81
DA:406,0
DA:407,81
DA:408,0
DA:409,81
DA:410,78
DA:412,3
DA:414,81
DA:415,81
DA:416,81
DA:417,81
DA:418,81
DA:419,0
DA:420,0
DA:421,0
DA:422,0
DA:424,0
DA:425,0
DA:428,81
DA:429,78
DA:431,3
DA:436,1
DA:437,276
DA:438,276
DA:439,273
DA:441,276
DA:442,3
DA:443,273
DA:444,273
DA:446,276
DA:447,273
DA:448,3
DA:449,3
DA:451,276
DA:452,276
DA:453,276
DA:454,276
DA:455,276
DA:456,276
DA:457,276
DA:461,276
DA:462,276
DA:463,276
DA:464,3
DA:466,273
DA:467,0
DA:469,273
DA:474,1
DA:475,279
DA:476,279
DA:477,3
DA:478,3
DA:480,0
DA:481,276
DA:482,0
DA:483,276
DA:484,33
DA:486,243
DA:488,276
DA:489,276
DA:490,276
DA:491,276
DA:492,0
DA:493,0
DA:494,0
DA:495,0
DA:497,0
DA:498,0
DA:501,276
DA:502,0
DA:504,276
DA:505,276
DA:506,6
DA:508,270
DA:513,1
DA:514,27
DA:515,27
DA:516,27
DA:517,27
DA:518,27
DA:519,27
DA:523,27
DA:524,27
DA:525,27
DA:526,3
DA:528,24
DA:529,3
DA:531,21
DA:532,0
DA:533,0
DA:534,0
DA:536,21
DA:541,1
DA:542,147
DA:543,147
DA:544,147
DA:545,147
DA:546,147
DA:549,1
LF:344
LH:299
BRDA:3,1,0,1
BRDA:3,1,1,0
BRDA:6,2,0,1
BRDA:6,2,1,0
BRDA:40,3,0,3
BRDA:40,3,1,138
BRDA:45,4,0,33
BRDA:45,4,1,105
BRDA:50,5,0,138
BRDA:50,5,1,135
BRDA:91,6,0,147
BRDA:91,6,1,357
BRDA:111,7,0,0
BRDA:111,7,1,0
BRDA:121,8,0,18
BRDA:121,8,1,5442
BRDA:130,9,0,3
BRDA:130,9,1,2736
BRDA:131,10,0,3
BRDA:131,10,1,0
BRDA:137,11,0,18
BRDA:137,11,1,2721
BRDA:145,12,0,2667
BRDA:145,12,1,54
BRDA:152,13,0,2718
BRDA:152,13,1,21
BRDA:163,14,0,375
BRDA:163,14,1,0
BRDA:170,15,0,6
BRDA:170,15,1,369
BRDA:179,16,0,264
BRDA:179,16,1,147
BRDA:184,17,0,0
BRDA:184,17,1,147
BRDA:192,18,0,0
BRDA:192,18,1,3
BRDA:214,19,0,1566
BRDA:214,19,1,0
BRDA:221,20,0,3
BRDA:221,20,1,1563
BRDA:224,21,0,39
BRDA:224,21,1,1524
BRDA:227,22,0,0
BRDA:227,22,1,39
BRDA:247,23,0,864
BRDA:247,23,1,699
BRDA:253,24,0,3
BRDA:253,24,1,1560
BRDA:253,25,0,1563
BRDA:253,25,1,3
BRDA:264,26,0,54
BRDA:264,26,1,0
BRDA:270,27,0,54
BRDA:270,27,1,0
BRDA:277,28,0,0
BRDA:277,28,1,54
BRDA:280,29,0,3
BRDA:280,29,1,51
BRDA:283,30,0,0
BRDA:283,30,1,3
BRDA:304,31,0,0
BRDA:304,31,1,54
BRDA:312,32,0,0
BRDA:312,32,1,54
BRDA:312,33,0,54
BRDA:312,33,1,0
BRDA:323,34,0,6
BRDA:323,34,1,357
BRDA:331,35,0,357
BRDA:331,35,1,0
BRDA:338,36,0,0
BRDA:338,36,1,357
BRDA:341,37,0,0
BRDA:341,37,1,357
BRDA:353,38,0,111
BRDA:353,38,1,246
BRDA:355,39,0,246
BRDA:355,39,1,0
BRDA:365,40,0,0
BRDA:365,40,1,357
BRDA:376,41,0,3
BRDA:376,41,1,78
BRDA:382,42,0,81
BRDA:382,42,1,0
BRDA:389,43,0,3
BRDA:389,43,1,78
BRDA:392,44,0,0
BRDA:392,44,1,78
BRDA:402,45,0,81
BRDA:402,45,1,81
BRDA:403,46,0,81
BRDA:403,46,1,0
BRDA:407,47,0,0
BRDA:407,47,1,81
BRDA:409,48,0,78
BRDA:409,48,1,3
BRDA:418,49,0,0
BRDA:418,49,1,81
BRDA:419,50,0,0
BRDA:419,50,1,0
BRDA:421,51,0,0
BRDA:421,51,1,0
BRDA:428,52,0,78
BRDA:428,52,1,3
BRDA:438,53,0,273
BRDA:438,53,1,3
BRDA:441,54,0,3
BRDA:441,54,1,273
BRDA:443,55,0,273
BRDA:443,55,1,0
BRDA:446,56,0,273
BRDA:446,56,1,3
BRDA:448,57,0,3
BRDA:448,57,1,0
BRDA:456,58,0,276
BRDA:456,58,1,0
BRDA:463,59,0,3
BRDA:463,59,1,273
BRDA:466,60,0,0
BRDA:466,60,1,273
BRDA:476,61,0,3
BRDA:476,61,1,276
BRDA:477,62,0,3
BRDA:477,62,1,0
BRDA:481,63,0,0
BRDA:481,63,1,276
BRDA:483,64,0,33
BRDA:483,64,1,243
BRDA:491,65,0,0
BRDA:491,65,1,276
BRDA:492,66,0,0
BRDA:492,66,1,0
BRDA:494,67,0,0
BRDA:494,67,1,0
BRDA:501,68,0,0
BRDA:501,68,1,276
BRDA:505,69,0,6
BRDA:505,69,1,270
BRDA:518,70,0,27
BRDA:518,70,1,0
BRDA:525,71,0,3
BRDA:525,71,1,24
BRDA:528,72,0,3
BRDA:528,72,1,21
BRDA:531,73,0,0
BRDA:531,73,1,21
BRF:146
BRH:101
end_of_record
TN:
SF:D:\Documents\web sites\buma.dev\library\sm-store\lib\PersistenceManager.js
FN:3,(anonymous_1)
FN:3,ctor
FN:24,(anonymous_3)
FN:27,PersistenceManager
FN:43,(anonymous_5)
FN:69,(anonymous_6)
FN:81,(anonymous_7)
FN:89,(anonymous_8)
FN:102,(anonymous_9)
FN:106,(anonymous_10)
FN:109,(anonymous_11)
FN:117,(anonymous_12)
FN:125,(anonymous_13)
FN:134,(anonymous_14)
FN:146,(anonymous_15)
FN:150,(anonymous_16)
FN:164,(anonymous_17)
FN:179,(anonymous_18)
FN:190,(anonymous_19)
FN:203,(anonymous_20)
FN:207,(anonymous_21)
FN:210,(anonymous_22)
FN:218,(anonymous_23)
FN:226,(anonymous_24)
FN:235,(anonymous_25)
FN:247,(anonymous_26)
FN:251,(anonymous_27)
FN:267,(anonymous_28)
FN:271,(anonymous_29)
FN:274,(anonymous_30)
FN:292,(anonymous_31)
FN:293,(anonymous_32)
FN:309,(anonymous_33)
FN:318,(anonymous_34)
FN:336,(anonymous_35)
FN:337,(anonymous_36)
FN:354,(anonymous_37)
FN:357,(anonymous_38)
FN:375,(anonymous_39)
FN:434,(anonymous_40)
FN:463,(anonymous_41)
FN:464,InsertQuery
FN:469,(anonymous_43)
FN:472,(anonymous_44)
FN:475,(anonymous_45)
FN:478,(anonymous_46)
FN:483,(anonymous_47)
FN:487,(anonymous_48)
FN:492,(anonymous_49)
FN:495,(anonymous_50)
FN:499,(anonymous_51)
FN:506,(anonymous_52)
FN:509,(anonymous_53)
FN:589,(anonymous_54)
FN:602,(anonymous_55)
FN:603,(anonymous_56)
FN:604,(anonymous_57)
FN:605,(anonymous_58)
FN:622,(anonymous_59)
FN:623,(anonymous_60)
FN:632,(anonymous_61)
FN:641,(anonymous_62)
FN:663,(anonymous_63)
FN:676,(anonymous_64)
FN:677,SelectQuery
FN:679,(anonymous_66)
FN:682,(anonymous_67)
FN:685,(anonymous_68)
FN:688,(anonymous_69)
FN:699,(anonymous_70)
FN:710,(anonymous_71)
FN:713,(anonymous_72)
FN:725,(anonymous_73)
FN:726,(anonymous_74)
FN:742,(anonymous_75)
FN:746,(anonymous_76)
FN:763,(anonymous_77)
FN:780,(anonymous_78)
FN:791,(anonymous_79)
FN:819,(anonymous_80)
FN:823,(anonymous_81)
FN:834,(anonymous_82)
FN:855,(anonymous_83)
FN:892,(anonymous_84)
FN:893,UpdateQuery
FN:898,(anonymous_86)
FN:901,(anonymous_87)
FN:904,(anonymous_88)
FN:907,(anonymous_89)
FN:910,(anonymous_90)
FN:913,(anonymous_91)
FN:919,(anonymous_92)
FN:923,(anonymous_93)
FN:1010,(anonymous_94)
FN:1014,(anonymous_95)
FN:1018,(anonymous_96)
FN:1042,(anonymous_97)
FN:1053,(anonymous_98)
FN:1054,(anonymous_99)
FN:1064,(anonymous_100)
FN:1065,(anonymous_101)
FN:1095,(anonymous_102)
FN:1103,(anonymous_103)
FN:1111,(anonymous_104)
FN:1134,(anonymous_105)
FN:1160,(anonymous_106)
FN:1161,DeleteQuery
FN:1166,(anonymous_108)
FN:1169,(anonymous_109)
FN:1172,(anonymous_110)
FN:1201,(anonymous_111)
FN:1204,(anonymous_112)
FN:1222,(anonymous_113)
FN:1224,(anonymous_114)
FN:1242,(anonymous_115)
FN:1243,(anonymous_116)
FN:1251,(anonymous_117)
FN:1255,(anonymous_118)
FN:1271,(anonymous_119)
FNF:119
FNH:109
FNDA:1,(anonymous_1)
FNDA:1,ctor
FNDA:1,(anonymous_3)
FNDA:285,PersistenceManager
FNDA:215,(anonymous_5)
FNDA:1539,(anonymous_6)
FNDA:645,(anonymous_7)
FNDA:228,(anonymous_8)
FNDA:228,(anonymous_9)
FNDA:228,(anonymous_10)
FNDA:0,(anonymous_11)
FNDA:228,(anonymous_12)
FNDA:228,(anonymous_13)
FNDA:0,(anonymous_14)
FNDA:270,(anonymous_15)
FNDA:699,(anonymous_16)
FNDA:48,(anonymous_17)
FNDA:747,(anonymous_18)
FNDA:33,(anonymous_19)
FNDA:33,(anonymous_20)
FNDA:33,(anonymous_21)
FNDA:0,(anonymous_22)
FNDA:33,(anonymous_23)
FNDA:33,(anonymous_24)
FNDA:0,(anonymous_25)
FNDA:33,(anonymous_26)
FNDA:24,(anonymous_27)
FNDA:24,(anonymous_28)
FNDA:51,(anonymous_29)
FNDA:0,(anonymous_30)
FNDA:21,(anonymous_31)
FNDA:21,(anonymous_32)
FNDA:6,(anonymous_33)
FNDA:0,(anonymous_34)
FNDA:6,(anonymous_35)
FNDA:6,(anonymous_36)
FNDA:354,(anonymous_37)
FNDA:0,(anonymous_38)
FNDA:438,(anonymous_39)
FNDA:105,(anonymous_40)
FNDA:1,(anonymous_41)
FNDA:624,InsertQuery
FNDA:573,(anonymous_43)
FNDA:573,(anonymous_44)
FNDA:573,(anonymous_45)
FNDA:915,(anonymous_46)
FNDA:3534,(anonymous_47)
FNDA:207,(anonymous_48)
FNDA:573,(anonymous_49)
FNDA:342,(anonymous_50)
FNDA:987,(anonymous_51)
FNDA:246,(anonymous_52)
FNDA:246,(anonymous_53)
FNDA:573,(anonymous_54)
FNDA:342,(anonymous_55)
FNDA:342,(anonymous_56)
FNDA:342,(anonymous_57)
FNDA:342,(anonymous_58)
FNDA:237,(anonymous_59)
FNDA:237,(anonymous_60)
FNDA:573,(anonymous_61)
FNDA:573,(anonymous_62)
FNDA:267,(anonymous_63)
FNDA:1,(anonymous_64)
FNDA:747,SelectQuery
FNDA:747,(anonymous_66)
FNDA:747,(anonymous_67)
FNDA:747,(anonymous_68)
FNDA:747,(anonymous_69)
FNDA:48,(anonymous_70)
FNDA:48,(anonymous_71)
FNDA:48,(anonymous_72)
FNDA:48,(anonymous_73)
FNDA:57,(anonymous_74)
FNDA:36,(anonymous_75)
FNDA:36,(anonymous_76)
FNDA:21,(anonymous_77)
FNDA:699,(anonymous_78)
FNDA:699,(anonymous_79)
FNDA:129,(anonymous_80)
FNDA:129,(anonymous_81)
FNDA:75,(anonymous_82)
FNDA:123,(anonymous_83)
FNDA:1,(anonymous_84)
FNDA:72,UpdateQuery
FNDA:72,(anonymous_86)
FNDA:72,(anonymous_87)
FNDA:72,(anonymous_88)
FNDA:117,(anonymous_89)
FNDA:99,(anonymous_90)
FNDA:48,(anonymous_91)
FNDA:324,(anonymous_92)
FNDA:0,(anonymous_93)
FNDA:27,(anonymous_94)
FNDA:0,(anonymous_95)
FNDA:27,(anonymous_96)
FNDA:72,(anonymous_97)
FNDA:39,(anonymous_98)
FNDA:39,(anonymous_99)
FNDA:27,(anonymous_100)
FNDA:27,(anonymous_101)
FNDA:27,(anonymous_102)
FNDA:72,(anonymous_103)
FNDA:72,(anonymous_104)
FNDA:72,(anonymous_105)
FNDA:1,(anonymous_106)
FNDA:51,DeleteQuery
FNDA:0,(anonymous_108)
FNDA:81,(anonymous_109)
FNDA:51,(anonymous_110)
FNDA:21,(anonymous_111)
FNDA:21,(anonymous_112)
FNDA:51,(anonymous_113)
FNDA:51,(anonymous_114)
FNDA:27,(anonymous_115)
FNDA:27,(anonymous_116)
FNDA:21,(anonymous_117)
FNDA:21,(anonymous_118)
FNDA:51,(anonymous_119)
DA:2,1
DA:3,1
DA:6,1
DA:8,1
DA:10,1
DA:12,1
DA:14,1
DA:16,1
DA:18,1
DA:20,1
DA:22,1
DA:24,1
DA:25,1
DA:27,1
DA:28,285
DA:31,1
DA:35,1
DA:44,215
DA:45,214
DA:47,1
DA:69,1
DA:70,1539
DA:71,1539
DA:72,1539
DA:74,0
DA:76,1539
DA:77,1488
DA:81,1
DA:82,645
DA:83,215
DA:85,430
DA:89,1
DA:90,228
DA:91,228
DA:92,228
DA:93,228
DA:99,0
DA:100,0
DA:102,228
DA:103,228
DA:104,0
DA:106,228
DA:107,228
DA:108,0
DA:109,0
DA:110,0
DA:112,0
DA:114,0
DA:115,0
DA:117,228
DA:118,228
DA:119,228
DA:120,0
DA:122,228
DA:124,228
DA:125,228
DA:126,228
DA:127,0
DA:128,0
DA:130,0
DA:133,228
DA:134,0
DA:135,0
DA:138,228
DA:146,1
DA:147,270
DA:150,1
DA:151,699
DA:152,699
DA:153,699
DA:154,699
DA:158,0
DA:159,0
DA:161,699
DA:164,1
DA:165,48
DA:166,48
DA:167,48
DA:168,48
DA:169,48
DA:173,0
DA:174,0
DA:176,48
DA:179,1
DA:180,747
DA:181,747
DA:182,6
DA:183,6
DA:187,747
DA:190,1
DA:191,33
DA:192,33
DA:193,33
DA:194,33
DA:200,0
DA:201,0
DA:203,33
DA:204,33
DA:205,0
DA:207,33
DA:208,33
DA:209,0
DA:210,0
DA:211,0
DA:213,0
DA:215,0
DA:216,0
DA:218,33
DA:219,33
DA:220,33
DA:221,0
DA:223,33
DA:225,33
DA:226,33
DA:227,33
DA:228,0
DA:229,0
DA:231,0
DA:234,33
DA:235,0
DA:236,0
DA:239,33
DA:247,1
DA:248,33
DA:251,1
DA:252,24
DA:253,24
DA:254,24
DA:255,24
DA:261,0
DA:262,0
DA:264,24
DA:267,1
DA:268,24
DA:271,1
DA:272,51
DA:273,51
DA:274,0
DA:276,51
DA:277,51
DA:278,51
DA:282,51
DA:283,30
DA:287,21
DA:288,21
DA:292,21
DA:293,21
DA:294,21
DA:295,0
DA:297,21
DA:298,15
DA:300,6
DA:309,1
DA:310,6
DA:311,6
DA:312,0
DA:314,6
DA:315,0
DA:317,6
DA:318,0
DA:320,6
DA:321,6
DA:322,6
DA:326,6
DA:327,0
DA:331,6
DA:332,6
DA:336,6
DA:337,6
DA:338,6
DA:339,0
DA:341,6
DA:342,3
DA:343,3
DA:345,3
DA:354,1
DA:355,354
DA:356,354
DA:357,0
DA:359,354
DA:360,0
DA:361,0
DA:362,0
DA:364,354
DA:365,354
DA:366,354
DA:369,354
DA:372,354
DA:375,1
DA:376,438
DA:377,438
DA:378,438
DA:379,96
DA:380,6
DA:381,90
DA:382,9
DA:383,9
DA:385,81
DA:386,42
DA:387,42
DA:388,42
DA:389,42
DA:390,42
DA:391,42
DA:392,84
DA:393,84
DA:394,84
DA:395,3
DA:396,3
DA:398,81
DA:400,42
DA:401,39
DA:405,81
DA:406,9
DA:409,96
DA:410,96
DA:411,63
DA:412,102
DA:413,102
DA:415,33
DA:416,3
DA:417,3
DA:418,3
DA:419,3
DA:423,342
DA:425,438
DA:426,39
DA:427,39
DA:429,438
DA:432,1
DA:434,1
DA:435,105
DA:436,105
DA:437,3
DA:439,102
DA:440,102
DA:441,24
DA:443,78
DA:445,102
DA:446,6
DA:448,102
DA:449,96
DA:450,6
DA:451,3
DA:452,3
DA:453,3
DA:454,3
DA:455,0
DA:456,3
DA:457,3
DA:463,1
DA:464,1
DA:465,624
DA:466,624
DA:467,39
DA:469,624
DA:470,573
DA:472,624
DA:473,573
DA:475,624
DA:476,573
DA:478,624
DA:479,915
DA:481,624
DA:482,624
DA:483,573
DA:484,3534
DA:487,51
DA:488,207
DA:491,624
DA:492,624
DA:493,573
DA:495,624
DA:496,342
DA:497,342
DA:499,624
DA:500,987
DA:502,624
DA:503,624
DA:504,624
DA:505,624
DA:506,246
DA:507,246
DA:509,246
DA:510,246
DA:511,246
DA:512,246
DA:513,246
DA:514,354
DA:515,354
DA:519,246
DA:521,246
DA:522,246
DA:523,354
DA:524,354
DA:527,624
DA:528,624
DA:529,621
DA:531,624
DA:532,51
DA:534,624
DA:535,624
DA:536,2415
DA:537,2415
DA:538,2415
DA:539,183
DA:540,183
DA:541,12
DA:543,171
DA:544,171
DA:545,11
DA:546,160
DA:547,4
DA:548,3
DA:550,1
DA:553,156
DA:555,171
DA:556,3
DA:557,3
DA:558,3
DA:561,2232
DA:563,2400
DA:564,2400
DA:565,2400
DA:566,2400
DA:567,432
DA:568,432
DA:570,2400
DA:571,360
DA:575,2400
DA:576,30
DA:578,2370
DA:579,288
DA:581,2370
DA:582,0
DA:584,2370
DA:586,621
DA:589,1
DA:590,573
DA:591,573
DA:592,336
DA:593,336
DA:595,237
DA:596,237
DA:597,237
DA:598,237
DA:599,237
DA:600,579
DA:601,579
DA:602,342
DA:603,342
DA:604,342
DA:605,342
DA:606,342
DA:607,342
DA:608,0
DA:610,342
DA:611,342
DA:612,342
DA:613,342
DA:619,237
DA:622,237
DA:623,237
DA:624,237
DA:625,0
DA:627,237
DA:632,1
DA:633,573
DA:634,573
DA:635,573
DA:636,573
DA:637,573
DA:638,573
DA:639,573
DA:640,573
DA:641,573
DA:642,573
DA:643,573
DA:644,0
DA:646,573
DA:647,570
DA:648,234
DA:649,336
DA:650,224
DA:652,112
DA:655,573
DA:656,573
DA:657,267
DA:658,267
DA:660,267
DA:663,267
DA:664,267
DA:667,306
DA:672,1
DA:676,1
DA:677,1
DA:678,747
DA:679,747
DA:680,747
DA:682,747
DA:683,747
DA:685,747
DA:686,747
DA:688,747
DA:689,747
DA:691,747
DA:692,747
DA:695,747
DA:696,747
DA:699,1
DA:700,48
DA:701,48
DA:702,48
DA:703,48
DA:704,48
DA:705,48
DA:706,48
DA:707,48
DA:708,48
DA:709,48
DA:710,48
DA:711,48
DA:714,48
DA:715,0
DA:716,0
DA:718,0
DA:721,48
DA:725,48
DA:726,48
DA:727,57
DA:728,57
DA:729,57
DA:730,57
DA:731,21
DA:732,0
DA:733,0
DA:734,0
DA:735,0
DA:737,21
DA:738,21
DA:742,21
DA:743,36
DA:747,36
DA:748,36
DA:749,0
DA:751,36
DA:752,0
DA:753,0
DA:754,0
DA:756,0
DA:757,0
DA:758,0
DA:759,0
DA:761,36
DA:764,21
DA:765,21
DA:766,21
DA:767,0
DA:768,0
DA:770,21
DA:773,21
DA:775,36
DA:780,1
DA:781,699
DA:782,699
DA:783,0
DA:784,0
DA:785,0
DA:787,699
DA:788,699
DA:789,699
DA:790,699
DA:791,699
DA:792,699
DA:793,699
DA:794,0
DA:796,699
DA:797,699
DA:798,15
DA:800,684
DA:801,684
DA:802,519
DA:803,519
DA:804,0
DA:805,0
DA:806,0
DA:807,0
DA:810,165
DA:812,684
DA:813,684
DA:814,1395
DA:815,1395
DA:816,1395
DA:818,684
DA:819,75
DA:820,129
DA:824,129
DA:825,0
DA:827,129
DA:828,0
DA:829,0
DA:830,0
DA:832,129
DA:835,75
DA:836,0
DA:838,75
DA:840,75
DA:842,609
DA:843,30
DA:845,579
DA:848,699
DA:851,1
DA:855,1
DA:856,123
DA:857,123
DA:858,123
DA:859,0
DA:861,123
DA:862,0
DA:863,0
DA:864,0
DA:866,123
DA:867,123
DA:869,123
DA:870,123
DA:871,12
DA:874,12
DA:875,12
DA:876,12
DA:877,12
DA:878,24
DA:879,24
DA:882,111
DA:884,123
DA:885,0
DA:886,0
DA:887,0
DA:889,123
DA:892,1
DA:893,1
DA:894,72
DA:895,72
DA:896,0
DA:898,72
DA:899,72
DA:901,72
DA:902,72
DA:904,72
DA:905,72
DA:907,72
DA:908,117
DA:910,72
DA:911,99
DA:913,72
DA:914,48
DA:915,48
DA:917,72
DA:918,72
DA:919,72
DA:920,324
DA:923,0
DA:924,0
DA:927,72
DA:928,72
DA:929,72
DA:930,72
DA:931,72
DA:932,72
DA:933,72
DA:934,72
DA:935,270
DA:936,270
DA:937,27
DA:938,27
DA:939,18
DA:942,252
DA:943,18
DA:944,0
DA:945,18
DA:946,0
DA:947,0
DA:949,0
DA:952,18
DA:955,234
DA:957,252
DA:958,252
DA:959,252
DA:960,0
DA:961,0
DA:963,0
DA:964,0
DA:966,252
DA:967,252
DA:968,252
DA:969,36
DA:970,24
DA:972,36
DA:973,12
DA:976,252
DA:977,24
DA:978,24
DA:979,12
DA:980,12
DA:983,252
DA:984,12
DA:988,252
DA:989,0
DA:991,252
DA:992,24
DA:994,252
DA:995,0
DA:997,252
DA:1000,252
DA:1001,252
DA:1002,228
DA:1005,72
DA:1006,72
DA:1007,45
DA:1009,27
DA:1010,27
DA:1011,27
DA:1014,0
DA:1015,0
DA:1018,27
DA:1019,27
DA:1020,27
DA:1021,27
DA:1023,0
DA:1027,27
DA:1028,27
DA:1029,39
DA:1030,39
DA:1036,27
DA:1039,72
DA:1042,1
DA:1043,72
DA:1044,72
DA:1045,45
DA:1047,27
DA:1048,27
DA:1049,27
DA:1050,27
DA:1051,66
DA:1052,66
DA:1053,39
DA:1054,39
DA:1055,39
DA:1059,27
DA:1062,27
DA:1063,27
DA:1064,27
DA:1065,27
DA:1066,27
DA:1067,27
DA:1068,0
DA:1070,27
DA:1071,27
DA:1072,39
DA:1073,39
DA:1074,39
DA:1075,39
DA:1076,39
DA:1077,24
DA:1078,24
DA:1079,24
DA:1083,27
DA:1084,27
DA:1087,27
DA:1088,0
DA:1089,0
DA:1091,27
DA:1092,3
DA:1093,3
DA:1095,27
DA:1096,27
DA:1097,27
DA:1103,1
DA:1104,72
DA:1105,72
DA:1106,72
DA:1107,72
DA:1108,72
DA:1109,72
DA:1110,72
DA:1111,72
DA:1112,72
DA:1113,72
DA:1114,0
DA:1116,72
DA:1117,48
DA:1118,24
DA:1119,24
DA:1120,0
DA:1121,0
DA:1123,72
DA:1124,72
DA:1125,9
DA:1128,63
DA:1129,63
DA:1131,72
DA:1134,72
DA:1135,72
DA:1136,72
DA:1137,0
DA:1139,72
DA:1140,72
DA:1141,24
DA:1142,0
DA:1143,0
DA:1144,0
DA:1146,24
DA:1149,48
DA:1151,72
DA:1156,1
DA:1160,1
DA:1161,1
DA:1162,51
DA:1163,51
DA:1164,0
DA:1166,51
DA:1167,0
DA:1169,51
DA:1170,81
DA:1172,51
DA:1173,51
DA:1175,51
DA:1176,51
DA:1177,51
DA:1178,51
DA:1179,51
DA:1180,51
DA:1181,51
DA:1182,195
DA:1183,195
DA:1184,24
DA:1186,171
DA:1187,12
DA:1188,12
DA:1189,12
DA:1190,12
DA:1191,12
DA:1192,12
DA:1194,12
DA:1195,6
DA:1197,12
DA:1200,51
DA:1201,21
DA:1202,21
DA:1204,21
DA:1205,21
DA:1206,21
DA:1207,21
DA:1208,21
DA:1209,27
DA:1210,27
DA:1216,21
DA:1219,51
DA:1222,1
DA:1223,51
DA:1224,51
DA:1225,51
DA:1226,0
DA:1228,51
DA:1229,17
DA:1231,51
DA:1233,51
DA:1234,30
DA:1236,21
DA:1237,21
DA:1238,21
DA:1239,21
DA:1240,27
DA:1241,27
DA:1242,27
DA:1243,27
DA:1244,27
DA:1248,0
DA:1251,21
DA:1252,21
DA:1253,0
DA:1255,21
DA:1256,21
DA:1257,21
DA:1258,0
DA:1260,21
DA:1261,27
DA:1262,27
DA:1263,0
DA:1266,21
DA:1271,1
DA:1272,51
DA:1273,51
DA:1274,51
DA:1277,1
LF:794
LH:671
BRDA:3,1,0,0
BRDA:3,1,1,0
BRDA:6,2,0,1
BRDA:6,2,1,0
BRDA:44,3,0,214
BRDA:44,3,1,1
BRDA:71,4,0,1539
BRDA:71,4,1,0
BRDA:76,5,0,1488
BRDA:76,5,1,51
BRDA:82,6,0,215
BRDA:82,6,1,430
BRDA:82,7,0,645
BRDA:82,7,1,645
BRDA:103,8,0,0
BRDA:103,8,1,228
BRDA:107,9,0,0
BRDA:107,9,1,228
BRDA:108,10,0,0
BRDA:108,10,1,0
BRDA:110,11,0,0
BRDA:110,11,1,0
BRDA:119,12,0,0
BRDA:119,12,1,228
BRDA:126,13,0,0
BRDA:126,13,1,228
BRDA:127,14,0,0
BRDA:127,14,1,0
BRDA:133,15,0,0
BRDA:133,15,1,228
BRDA:167,16,0,48
BRDA:167,16,1,30
BRDA:181,17,0,6
BRDA:181,17,1,741
BRDA:181,18,0,747
BRDA:181,18,1,57
BRDA:204,19,0,0
BRDA:204,19,1,33
BRDA:208,20,0,0
BRDA:208,20,1,33
BRDA:209,21,0,0
BRDA:209,21,1,0
BRDA:211,22,0,0
BRDA:211,22,1,0
BRDA:220,23,0,0
BRDA:220,23,1,33
BRDA:227,24,0,0
BRDA:227,24,1,33
BRDA:228,25,0,0
BRDA:228,25,1,0
BRDA:234,26,0,0
BRDA:234,26,1,33
BRDA:273,27,0,0
BRDA:273,27,1,51
BRDA:276,28,0,51
BRDA:276,28,1,51
BRDA:282,29,0,30
BRDA:282,29,1,21
BRDA:294,30,0,0
BRDA:294,30,1,21
BRDA:297,31,0,15
BRDA:297,31,1,6
BRDA:311,32,0,0
BRDA:311,32,1,6
BRDA:311,33,0,6
BRDA:311,33,1,0
BRDA:314,34,0,0
BRDA:314,34,1,6
BRDA:317,35,0,0
BRDA:317,35,1,6
BRDA:320,36,0,6
BRDA:320,36,1,6
BRDA:326,37,0,0
BRDA:326,37,1,6
BRDA:338,38,0,0
BRDA:338,38,1,6
BRDA:341,39,0,3
BRDA:341,39,1,3
BRDA:356,40,0,0
BRDA:356,40,1,354
BRDA:359,41,0,0
BRDA:359,41,1,354
BRDA:364,42,0,354
BRDA:364,42,1,144
BRDA:378,43,0,96
BRDA:378,43,1,342
BRDA:379,44,0,6
BRDA:379,44,1,90
BRDA:381,45,0,9
BRDA:381,45,1,81
BRDA:381,46,0,90
BRDA:381,46,1,90
BRDA:385,47,0,42
BRDA:385,47,1,39
BRDA:385,48,0,81
BRDA:385,48,1,42
BRDA:385,48,2,24
BRDA:394,49,0,3
BRDA:394,49,1,81
BRDA:394,50,0,84
BRDA:394,50,1,84
BRDA:400,51,0,39
BRDA:400,51,1,3
BRDA:405,52,0,9
BRDA:405,52,1,72
BRDA:405,53,0,81
BRDA:405,53,1,42
BRDA:406,54,0,9
BRDA:406,54,1,3
BRDA:410,55,0,63
BRDA:410,55,1,33
BRDA:415,56,0,3
BRDA:415,56,1,30
BRDA:425,57,0,39
BRDA:425,57,1,399
BRDA:426,58,0,39
BRDA:426,58,1,39
BRDA:429,59,0,438
BRDA:429,59,1,0
BRDA:436,60,0,3
BRDA:436,60,1,102
BRDA:436,61,0,105
BRDA:436,61,1,102
BRDA:440,62,0,24
BRDA:440,62,1,78
BRDA:445,63,0,6
BRDA:445,63,1,96
BRDA:445,64,0,102
BRDA:445,64,1,6
BRDA:448,65,0,96
BRDA:448,65,1,6
BRDA:450,66,0,3
BRDA:450,66,1,3
BRDA:453,67,0,3
BRDA:453,67,1,0
BRDA:454,68,0,0
BRDA:454,68,1,3
BRDA:456,69,0,3
BRDA:456,69,1,0
BRDA:466,70,0,39
BRDA:466,70,1,585
BRDA:482,71,0,573
BRDA:482,71,1,51
BRDA:502,72,0,624
BRDA:502,72,1,270
BRDA:505,73,0,246
BRDA:505,73,1,378
BRDA:528,74,0,621
BRDA:528,74,1,3
BRDA:531,75,0,51
BRDA:531,75,1,573
BRDA:538,76,0,183
BRDA:538,76,1,2232
BRDA:540,77,0,12
BRDA:540,77,1,171
BRDA:544,78,0,11
BRDA:544,78,1,160
BRDA:544,79,0,171
BRDA:544,79,1,168
BRDA:546,80,0,4
BRDA:546,80,1,156
BRDA:547,81,0,3
BRDA:547,81,1,1
BRDA:555,82,0,3
BRDA:555,82,1,168
BRDA:566,83,0,432
BRDA:566,83,1,1968
BRDA:570,84,0,360
BRDA:570,84,1,2040
BRDA:570,85,0,2400
BRDA:570,85,1,390
BRDA:575,86,0,30
BRDA:575,86,1,2370
BRDA:578,87,0,288
BRDA:578,87,1,2082
BRDA:581,88,0,0
BRDA:581,88,1,2370
BRDA:591,89,0,336
BRDA:591,89,1,237
BRDA:601,90,0,342
BRDA:601,90,1,237
BRDA:607,91,0,0
BRDA:607,91,1,342
BRDA:624,92,0,0
BRDA:624,92,1,237
BRDA:643,93,0,0
BRDA:643,93,1,573
BRDA:646,94,0,570
BRDA:646,94,1,3
BRDA:647,95,0,234
BRDA:647,95,1,336
BRDA:649,96,0,224
BRDA:649,96,1,112
BRDA:652,97,0,112
BRDA:652,97,1,112
BRDA:652,97,2,112
BRDA:656,98,0,267
BRDA:656,98,1,306
BRDA:657,99,0,267
BRDA:657,99,1,0
BRDA:705,100,0,48
BRDA:705,100,1,48
BRDA:714,101,0,0
BRDA:714,101,1,48
BRDA:715,102,0,0
BRDA:715,102,1,0
BRDA:730,103,0,21
BRDA:730,103,1,36
BRDA:731,104,0,0
BRDA:731,104,1,21
BRDA:731,105,0,21
BRDA:731,105,1,21
BRDA:731,105,2,0
BRDA:748,106,0,0
BRDA:748,106,1,36
BRDA:751,107,0,0
BRDA:751,107,1,36
BRDA:753,108,0,0
BRDA:753,108,1,0
BRDA:766,109,0,0
BRDA:766,109,1,21
BRDA:782,110,0,0
BRDA:782,110,1,699
BRDA:793,111,0,0
BRDA:793,111,1,699
BRDA:797,112,0,15
BRDA:797,112,1,684
BRDA:801,113,0,519
BRDA:801,113,1,165
BRDA:803,114,0,0
BRDA:803,114,1,519
BRDA:818,115,0,75
BRDA:818,115,1,609
BRDA:824,116,0,0
BRDA:824,116,1,129
BRDA:827,117,0,0
BRDA:827,117,1,129
BRDA:835,118,0,0
BRDA:835,118,1,75
BRDA:842,119,0,30
BRDA:842,119,1,579
BRDA:858,120,0,0
BRDA:858,120,1,123
BRDA:858,121,0,123
BRDA:858,121,1,123
BRDA:861,122,0,0
BRDA:861,122,1,123
BRDA:861,123,0,123
BRDA:861,123,1,105
BRDA:866,124,0,123
BRDA:866,124,1,0
BRDA:869,125,0,123
BRDA:869,125,1,123
BRDA:870,126,0,12
BRDA:870,126,1,111
BRDA:884,127,0,0
BRDA:884,127,1,123
BRDA:895,128,0,0
BRDA:895,128,1,72
BRDA:918,129,0,72
BRDA:918,129,1,0
BRDA:927,130,0,72
BRDA:927,130,1,33
BRDA:936,131,0,27
BRDA:936,131,1,243
BRDA:938,132,0,18
BRDA:938,132,1,9
BRDA:942,133,0,18
BRDA:942,133,1,234
BRDA:942,134,0,252
BRDA:942,134,1,18
BRDA:943,135,0,0
BRDA:943,135,1,18
BRDA:943,136,0,18
BRDA:943,136,1,18
BRDA:945,137,0,0
BRDA:945,137,1,18
BRDA:946,138,0,0
BRDA:946,138,1,0
BRDA:959,139,0,0
BRDA:959,139,1,252
BRDA:959,140,0,252
BRDA:959,140,1,0
BRDA:960,141,0,0
BRDA:960,141,1,0
BRDA:968,142,0,36
BRDA:968,142,1,216
BRDA:969,143,0,24
BRDA:969,143,1,12
BRDA:972,144,0,12
BRDA:972,144,1,24
BRDA:976,145,0,24
BRDA:976,145,1,228
BRDA:976,146,0,252
BRDA:976,146,1,252
BRDA:978,147,0,12
BRDA:978,147,1,12
BRDA:983,148,0,12
BRDA:983,148,1,240
BRDA:988,149,0,0
BRDA:988,149,1,252
BRDA:991,150,0,24
BRDA:991,150,1,228
BRDA:994,151,0,0
BRDA:994,151,1,252
BRDA:1001,152,0,228
BRDA:1001,152,1,24
BRDA:1001,153,0,252
BRDA:1001,153,1,252
BRDA:1006,154,0,45
BRDA:1006,154,1,27
BRDA:1009,155,0,27
BRDA:1009,155,1,0
BRDA:1020,156,0,27
BRDA:1020,156,1,0
BRDA:1044,157,0,45
BRDA:1044,157,1,27
BRDA:1052,158,0,39
BRDA:1052,158,1,27
BRDA:1067,159,0,0
BRDA:1067,159,1,27
BRDA:1070,160,0,27
BRDA:1070,160,1,0
BRDA:1070,161,0,27
BRDA:1070,161,1,27
BRDA:1073,162,0,39
BRDA:1073,162,1,0
BRDA:1073,163,0,39
BRDA:1073,163,1,39
BRDA:1076,164,0,24
BRDA:1076,164,1,15
BRDA:1083,165,0,27
BRDA:1083,165,1,0
BRDA:1087,166,0,0
BRDA:1087,166,1,27
BRDA:1091,167,0,3
BRDA:1091,167,1,24
BRDA:1113,168,0,0
BRDA:1113,168,1,72
BRDA:1116,169,0,48
BRDA:1116,169,1,24
BRDA:1118,170,0,24
BRDA:1118,170,1,0
BRDA:1118,171,0,24
BRDA:1118,171,1,24
BRDA:1120,172,0,0
BRDA:1120,172,1,0
BRDA:1124,173,0,9
BRDA:1124,173,1,63
BRDA:1128,174,0,63
BRDA:1128,174,1,0
BRDA:1136,175,0,0
BRDA:1136,175,1,72
BRDA:1140,176,0,24
BRDA:1140,176,1,48
BRDA:1141,177,0,0
BRDA:1141,177,1,24
BRDA:1163,178,0,0
BRDA:1163,178,1,51
BRDA:1176,179,0,51
BRDA:1176,179,1,24
BRDA:1183,180,0,24
BRDA:1183,180,1,171
BRDA:1186,181,0,12
BRDA:1186,181,1,159
BRDA:1191,182,0,12
BRDA:1191,182,1,0
BRDA:1194,183,0,6
BRDA:1194,183,1,6
BRDA:1200,184,0,21
BRDA:1200,184,1,30
BRDA:1225,185,0,0
BRDA:1225,185,1,51
BRDA:1228,186,0,17
BRDA:1228,186,1,34
BRDA:1228,187,0,51
BRDA:1228,187,1,17
BRDA:1233,188,0,30
BRDA:1233,188,1,21
BRDA:1241,189,0,27
BRDA:1241,189,1,0
BRDA:1252,190,0,0
BRDA:1252,190,1,21
BRDA:1257,191,0,0
BRDA:1257,191,1,21
BRDA:1262,192,0,0
BRDA:1262,192,1,27
BRF:387
BRH:289
end_of_record
TN:
SF:D:\Documents\web sites\buma.dev\library\sm-store\lib\SquelPatch.js
FN:3,(anonymous_1)
FN:3,ctor
FN:13,(anonymous_3)
FN:16,HavingBlock
FN:21,(anonymous_5)
FN:43,(anonymous_6)
FN:69,(anonymous_7)
FN:98,(anonymous_8)
FN:130,(anonymous_9)
FN:133,Select
FN:144,(anonymous_11)
FNF:11
FNH:10
FNDA:2,(anonymous_1)
FNDA:2,ctor
FNDA:1,(anonymous_3)
FNDA:867,HavingBlock
FNDA:12,(anonymous_5)
FNDA:3,(anonymous_6)
FNDA:1614,(anonymous_7)
FNDA:747,(anonymous_8)
FNDA:1,(anonymous_9)
FNDA:867,Select
FNDA:0,(anonymous_11)
DA:2,1
DA:3,2
DA:7,1
DA:9,1
DA:11,1
DA:13,1
DA:14,1
DA:16,1
DA:17,867
DA:18,867
DA:21,1
DA:22,12
DA:23,12
DA:24,12
DA:25,12
DA:26,12
DA:27,12
DA:28,3
DA:29,3
DA:30,3
DA:32,9
DA:33,177
DA:34,177
DA:35,6
DA:36,6
DA:37,3
DA:38,3
DA:39,3
DA:40,3
DA:42,3
DA:43,3
DA:44,3
DA:45,3
DA:46,3
DA:47,3
DA:48,3
DA:50,3
DA:53,3
DA:54,3
DA:57,171
DA:61,12
DA:62,12
DA:69,1
DA:70,1614
DA:71,1614
DA:72,1608
DA:74,6
DA:75,6
DA:76,6
DA:77,24
DA:78,24
DA:79,18
DA:81,24
DA:82,12
DA:83,12
DA:84,264
DA:85,264
DA:86,12
DA:88,252
DA:92,12
DA:95,6
DA:98,1
DA:99,747
DA:100,747
DA:104,747
DA:105,744
DA:107,3
DA:108,3
DA:109,3
DA:110,12
DA:111,12
DA:112,9
DA:114,12
DA:115,12
DA:116,12
DA:117,6
DA:118,6
DA:119,6
DA:122,3
DA:123,3
DA:126,1
DA:130,1
DA:131,1
DA:133,1
DA:134,867
DA:141,867
DA:144,1
DA:145,0
DA:148,1
DA:152,1
LF:90
LH:89
BRDA:3,1,0,2
BRDA:3,1,1,0
BRDA:23,2,0,6
BRDA:23,2,1,6
BRDA:27,3,0,3
BRDA:27,3,1,9
BRDA:34,4,0,6
BRDA:34,4,1,171
BRDA:34,5,0,177
BRDA:34,5,1,6
BRDA:36,6,0,3
BRDA:36,6,1,3
BRDA:61,7,0,12
BRDA:61,7,1,0
BRDA:71,8,0,1608
BRDA:71,8,1,6
BRDA:78,9,0,18
BRDA:78,9,1,6
BRDA:81,10,0,12
BRDA:81,10,1,12
BRDA:85,11,0,12
BRDA:85,11,1,252
BRDA:104,12,0,744
BRDA:104,12,1,3
BRDA:111,13,0,9
BRDA:111,13,1,3
BRDA:134,14,0,867
BRDA:134,14,1,867
BRF:28
BRH:26
end_of_record
TN:
SF:D:\Documents\web sites\buma.dev\library\sm-store\lib\RowMap.js
FN:31,(anonymous_1)
FN:38,(anonymous_2)
FN:48,(anonymous_3)
FN:52,(anonymous_4)
FN:56,(anonymous_5)
FN:60,(anonymous_6)
FN:64,(anonymous_7)
FN:68,(anonymous_8)
FN:73,RowMap
FN:94,(anonymous_10)
FN:107,(anonymous_11)
FN:111,(anonymous_12)
FN:118,(anonymous_13)
FN:180,(anonymous_14)
FN:204,(anonymous_15)
FN:217,(anonymous_16)
FN:229,(anonymous_17)
FN:258,(anonymous_18)
FN:286,(anonymous_19)
FN:305,(anonymous_20)
FN:327,(anonymous_21)
FN:330,(anonymous_22)
FN:336,(anonymous_23)
FN:365,(anonymous_24)
FN:401,(anonymous_25)
FN:427,(anonymous_26)
FN:434,(anonymous_27)
FN:465,(anonymous_28)
FN:508,(anonymous_29)
FN:524,(anonymous_30)
FN:561,(anonymous_31)
FN:579,(anonymous_32)
FN:586,(anonymous_33)
FN:593,(anonymous_34)
FN:597,(anonymous_35)
FN:601,(anonymous_36)
FN:612,(anonymous_37)
FN:624,(anonymous_38)
FN:645,(anonymous_39)
FN:646,(anonymous_40)
FN:647,(anonymous_41)
FN:661,(anonymous_42)
FN:664,(anonymous_43)
FN:665,(anonymous_44)
FN:680,(anonymous_45)
FN:702,(anonymous_46)
FN:704,(anonymous_47)
FN:705,(anonymous_48)
FN:710,(anonymous_49)
FN:711,(anonymous_50)
FNF:50
FNH:49
FNDA:12453,(anonymous_1)
FNDA:2466,(anonymous_2)
FNDA:11409,(anonymous_3)
FNDA:3327,(anonymous_4)
FNDA:582,(anonymous_5)
FNDA:1044,(anonymous_6)
FNDA:870,(anonymous_7)
FNDA:1,(anonymous_8)
FNDA:747,RowMap
FNDA:747,(anonymous_10)
FNDA:771,(anonymous_11)
FNDA:0,(anonymous_12)
FNDA:2478,(anonymous_13)
FNDA:747,(anonymous_14)
FNDA:747,(anonymous_15)
FNDA:747,(anonymous_16)
FNDA:747,(anonymous_17)
FNDA:1707,(anonymous_18)
FNDA:741,(anonymous_19)
FNDA:9180,(anonymous_20)
FNDA:30,(anonymous_21)
FNDA:30,(anonymous_22)
FNDA:33,(anonymous_23)
FNDA:9180,(anonymous_24)
FNDA:10995,(anonymous_25)
FNDA:16767,(anonymous_26)
FNDA:21165,(anonymous_27)
FNDA:10110,(anonymous_28)
FNDA:1452,(anonymous_29)
FNDA:12519,(anonymous_30)
FNDA:69030,(anonymous_31)
FNDA:1959,(anonymous_32)
FNDA:8286,(anonymous_33)
FNDA:40884,(anonymous_34)
FNDA:86718,(anonymous_35)
FNDA:8400,(anonymous_36)
FNDA:8367,(anonymous_37)
FNDA:10887,(anonymous_38)
FNDA:747,(anonymous_39)
FNDA:747,(anonymous_40)
FNDA:828,(anonymous_41)
FNDA:1632,(anonymous_42)
FNDA:1632,(anonymous_43)
FNDA:69799,(anonymous_44)
FNDA:1572,(anonymous_45)
FNDA:1638,(anonymous_46)
FNDA:870,(anonymous_47)
FNDA:852,(anonymous_48)
FNDA:15,(anonymous_49)
FNDA:27,(anonymous_50)
DA:2,1
DA:5,1
DA:7,1
DA:9,1
DA:11,1
DA:13,1
DA:15,1
DA:17,1
DA:24,1
DA:31,1
DA:32,12453
DA:33,1068
DA:35,12453
DA:38,1
DA:39,2466
DA:40,2466
DA:41,786
DA:43,2466
DA:44,2466
DA:45,2466
DA:48,1
DA:49,11409
DA:52,1
DA:53,3327
DA:56,1
DA:57,582
DA:60,1
DA:61,1044
DA:64,1
DA:65,870
DA:68,1
DA:69,1
DA:73,1
DA:74,747
DA:75,747
DA:76,747
DA:77,747
DA:87,747
DA:88,747
DA:89,747
DA:90,747
DA:91,747
DA:94,1
DA:95,747
DA:96,747
DA:97,45
DA:98,45
DA:99,45
DA:101,702
DA:102,702
DA:103,702
DA:105,747
DA:106,747
DA:107,747
DA:108,771
DA:111,0
DA:112,0
DA:115,747
DA:118,1
DA:119,2478
DA:120,2478
DA:121,2454
DA:123,2478
DA:124,1707
DA:126,771
DA:127,0
DA:128,0
DA:129,0
DA:130,0
DA:132,0
DA:133,0
DA:135,771
DA:136,771
DA:137,771
DA:138,771
DA:139,771
DA:140,24
DA:141,24
DA:144,24
DA:145,0
DA:146,0
DA:147,0
DA:149,24
DA:150,24
DA:151,24
DA:152,15
DA:153,9
DA:154,9
DA:155,0
DA:156,0
DA:158,0
DA:159,0
DA:160,0
DA:162,24
DA:163,24
DA:164,24
DA:165,747
DA:166,747
DA:167,747
DA:168,747
DA:172,747
DA:174,0
DA:175,0
DA:176,0
DA:180,1
DA:181,747
DA:182,747
DA:183,747
DA:184,735
DA:186,12
DA:187,24
DA:188,24
DA:189,24
DA:190,24
DA:191,18
DA:192,18
DA:193,18
DA:194,18
DA:195,12
DA:196,18
DA:197,18
DA:204,1
DA:205,747
DA:206,747
DA:207,30
DA:208,30
DA:210,717
DA:211,717
DA:212,798
DA:213,798
DA:217,1
DA:218,747
DA:219,747
DA:220,747
DA:221,744
DA:223,3
DA:224,3
DA:225,3
DA:229,1
DA:230,747
DA:231,747
DA:232,747
DA:233,747
DA:234,4482
DA:235,4482
DA:236,4482
DA:237,789
DA:238,3693
DA:239,546
DA:240,3147
DA:241,3024
DA:243,1458
DA:244,0
DA:245,0
DA:246,0
DA:248,1458
DA:249,0
DA:251,1458
DA:252,1572
DA:253,1572
DA:258,1
DA:259,1707
DA:260,1707
DA:261,1707
DA:262,1707
DA:263,3636
DA:264,3636
DA:265,3636
DA:266,1707
DA:267,1707
DA:269,1929
DA:270,1929
DA:271,1929
DA:272,1707
DA:274,222
DA:275,222
DA:276,222
DA:277,75
DA:278,687
DA:280,75
DA:283,1707
DA:286,1
DA:287,741
DA:288,741
DA:289,678
DA:291,741
DA:292,6
DA:294,741
DA:295,0
DA:296,0
DA:297,0
DA:299,741
DA:300,6
DA:302,735
DA:305,1
DA:306,9180
DA:307,9180
DA:308,9180
DA:309,9180
DA:310,19953
DA:311,19953
DA:312,9180
DA:313,9180
DA:315,10773
DA:316,10773
DA:317,10773
DA:318,10773
DA:319,10773
DA:320,1593
DA:321,1593
DA:323,10773
DA:327,1
DA:328,30
DA:331,30
DA:336,1
DA:337,33
DA:338,33
DA:339,33
DA:340,33
DA:341,0
DA:342,33
DA:343,0
DA:344,33
DA:345,33
DA:346,33
DA:348,33
DA:349,33
DA:350,33
DA:351,0
DA:353,33
DA:354,33
DA:355,33
DA:356,33
DA:357,33
DA:358,33
DA:360,33
DA:361,33
DA:362,33
DA:365,1
DA:366,9180
DA:367,9180
DA:368,750
DA:369,750
DA:370,750
DA:371,750
DA:372,750
DA:373,7677
DA:375,750
DA:377,8430
DA:378,8430
DA:379,8430
DA:380,177
DA:382,8253
DA:383,8253
DA:384,8253
DA:385,8253
DA:386,8253
DA:387,8253
DA:388,8253
DA:389,8253
DA:390,8253
DA:391,249
DA:392,249
DA:393,249
DA:394,249
DA:395,3834
DA:397,249
DA:401,1
DA:402,10995
DA:403,10995
DA:404,10995
DA:405,10845
DA:407,150
DA:408,0
DA:409,0
DA:410,0
DA:412,150
DA:413,150
DA:414,150
DA:415,150
DA:416,150
DA:417,150
DA:418,150
DA:419,150
DA:420,150
DA:422,150
DA:423,150
DA:424,150
DA:427,1
DA:428,16767
DA:429,16767
DA:430,16767
DA:431,16767
DA:434,1
DA:435,21165
DA:436,21165
DA:437,21165
DA:438,12765
DA:440,8400
DA:441,8400
DA:442,33
DA:446,8367
DA:447,8367
DA:448,8367
DA:449,8367
DA:450,0
DA:452,8367
DA:453,8367
DA:456,8367
DA:457,336
DA:459,8367
DA:460,996
DA:462,8367
DA:465,1
DA:466,10110
DA:467,10110
DA:468,10110
DA:469,1743
DA:471,8367
DA:472,8367
DA:473,8367
DA:474,8367
DA:475,8367
DA:476,8367
DA:477,8367
DA:478,4485
DA:479,4485
DA:480,939
DA:482,3546
DA:485,8367
DA:486,5424
DA:487,5424
DA:488,5424
DA:489,5424
DA:490,1038
DA:491,1038
DA:492,1038
DA:493,1038
DA:494,1038
DA:495,1038
DA:499,4386
DA:501,5424
DA:503,8367
DA:504,8367
DA:505,8367
DA:508,1
DA:509,1452
DA:510,1452
DA:511,0
DA:513,1452
DA:514,933
DA:516,1452
DA:517,1452
DA:518,1452
DA:519,8640
DA:521,1452
DA:524,1
DA:525,12519
DA:526,12519
DA:527,12519
DA:528,12519
DA:529,12519
DA:530,10338
DA:531,10338
DA:533,2181
DA:534,2181
DA:535,2181
DA:536,2115
DA:537,2115
DA:539,2181
DA:540,2016
DA:541,3879
DA:543,2016
DA:544,2016
DA:545,0
DA:548,165
DA:558,2181
DA:561,1
DA:562,69030
DA:563,69030
DA:564,69030
DA:565,2199
DA:567,66831
DA:568,66831
DA:569,137496
DA:570,137496
DA:571,23844
DA:572,113652
DA:573,66813
DA:576,66831
DA:579,1
DA:580,1959
DA:581,1959
DA:582,1959
DA:583,1959
DA:586,1
DA:587,8286
DA:588,8286
DA:589,8286
DA:590,8286
DA:593,1
DA:594,40884
DA:597,1
DA:598,86718
DA:601,1
DA:602,8400
DA:603,8400
DA:604,8400
DA:605,0
DA:607,8400
DA:609,8400
DA:612,1
DA:613,8367
DA:614,8367
DA:615,8367
DA:616,8367
DA:617,8367
DA:618,8367
DA:620,0
DA:624,1
DA:625,10887
DA:626,10887
DA:627,10887
DA:628,8382
DA:629,2505
DA:630,90
DA:631,90
DA:632,90
DA:634,2415
DA:635,2415
DA:637,0
DA:638,0
DA:639,0
DA:640,0
DA:642,10887
DA:645,1
DA:646,747
DA:647,747
DA:648,828
DA:653,1
DA:657,1
DA:659,1
DA:661,1
DA:662,1632
DA:663,1632
DA:664,1632
DA:665,1632
DA:666,69799
DA:667,35753
DA:668,34046
DA:670,1707
DA:672,34046
DA:673,34046
DA:675,68092
DA:680,1
DA:681,1572
DA:682,1572
DA:683,9
DA:684,18
DA:685,18
DA:686,3
DA:687,3
DA:688,3
DA:691,15
DA:694,9
DA:696,1563
DA:697,1563
DA:699,1572
DA:702,1
DA:703,1638
DA:704,870
DA:705,870
DA:706,852
DA:709,768
DA:710,15
DA:711,15
DA:712,27
DA:716,753
LF:478
LH:437
BRDA:11,1,0,1
BRDA:11,1,1,0
BRDA:32,2,0,1068
BRDA:32,2,1,11385
BRDA:40,3,0,786
BRDA:40,3,1,1680
BRDA:76,4,0,747
BRDA:76,4,1,0
BRDA:96,5,0,45
BRDA:96,5,1,702
BRDA:96,6,0,747
BRDA:96,6,1,732
BRDA:106,7,0,747
BRDA:106,7,1,0
BRDA:120,8,0,2454
BRDA:120,8,1,24
BRDA:123,9,0,1707
BRDA:123,9,1,771
BRDA:126,10,0,0
BRDA:126,10,1,771
BRDA:127,11,0,0
BRDA:127,11,1,0
BRDA:127,12,0,0
BRDA:127,12,1,0
BRDA:139,13,0,24
BRDA:139,13,1,747
BRDA:144,14,0,0
BRDA:144,14,1,24
BRDA:151,15,0,15
BRDA:151,15,1,9
BRDA:153,16,0,9
BRDA:153,16,1,0
BRDA:155,17,0,0
BRDA:155,17,1,0
BRDA:165,18,0,747
BRDA:165,18,1,0
BRDA:183,19,0,735
BRDA:183,19,1,12
BRDA:190,20,0,18
BRDA:190,20,1,6
BRDA:191,21,0,18
BRDA:191,21,1,12
BRDA:194,22,0,12
BRDA:194,22,1,6
BRDA:206,23,0,30
BRDA:206,23,1,717
BRDA:220,24,0,744
BRDA:220,24,1,3
BRDA:236,25,0,789
BRDA:236,25,1,3693
BRDA:238,26,0,546
BRDA:238,26,1,3147
BRDA:240,27,0,3024
BRDA:240,27,1,123
BRDA:243,28,0,0
BRDA:243,28,1,1458
BRDA:248,29,0,0
BRDA:248,29,1,1458
BRDA:248,30,0,1458
BRDA:248,30,1,747
BRDA:265,31,0,1707
BRDA:265,31,1,1929
BRDA:271,32,0,1707
BRDA:271,32,1,222
BRDA:276,33,0,75
BRDA:276,33,1,147
BRDA:276,34,0,222
BRDA:276,34,1,168
BRDA:288,35,0,678
BRDA:288,35,1,63
BRDA:289,36,0,678
BRDA:289,36,1,6
BRDA:291,37,0,6
BRDA:291,37,1,735
BRDA:294,38,0,0
BRDA:294,38,1,741
BRDA:299,39,0,6
BRDA:299,39,1,735
BRDA:311,40,0,9180
BRDA:311,40,1,10773
BRDA:319,41,0,1593
BRDA:319,41,1,9180
BRDA:320,42,0,1593
BRDA:320,42,1,48
BRDA:340,43,0,0
BRDA:340,43,1,33
BRDA:342,44,0,0
BRDA:342,44,1,33
BRDA:344,45,0,33
BRDA:344,45,1,0
BRDA:350,46,0,0
BRDA:350,46,1,33
BRDA:357,47,0,33
BRDA:357,47,1,0
BRDA:361,48,0,33
BRDA:361,48,1,27
BRDA:367,49,0,750
BRDA:367,49,1,8430
BRDA:379,50,0,177
BRDA:379,50,1,8253
BRDA:387,51,0,8253
BRDA:387,51,1,747
BRDA:390,52,0,249
BRDA:390,52,1,8004
BRDA:390,53,0,8253
BRDA:390,53,1,8169
BRDA:390,53,2,249
BRDA:404,54,0,10845
BRDA:404,54,1,150
BRDA:407,55,0,0
BRDA:407,55,1,150
BRDA:419,56,0,150
BRDA:419,56,1,0
BRDA:437,57,0,12765
BRDA:437,57,1,8400
BRDA:441,58,0,33
BRDA:441,58,1,8367
BRDA:449,59,0,0
BRDA:449,59,1,8367
BRDA:456,60,0,336
BRDA:456,60,1,8031
BRDA:456,61,0,8367
BRDA:456,61,1,846
BRDA:459,62,0,996
BRDA:459,62,1,7371
BRDA:459,63,0,8367
BRDA:459,63,1,1494
BRDA:468,64,0,1743
BRDA:468,64,1,8367
BRDA:477,65,0,4485
BRDA:477,65,1,3882
BRDA:479,66,0,939
BRDA:479,66,1,3546
BRDA:489,67,0,1038
BRDA:489,67,1,4386
BRDA:510,68,0,0
BRDA:510,68,1,1452
BRDA:513,69,0,933
BRDA:513,69,1,519
BRDA:529,70,0,10338
BRDA:529,70,1,2181
BRDA:529,71,0,12519
BRDA:529,71,1,12489
BRDA:535,72,0,2115
BRDA:535,72,1,66
BRDA:539,73,0,2016
BRDA:539,73,1,165
BRDA:544,74,0,0
BRDA:544,74,1,2016
BRDA:563,75,0,66831
BRDA:563,75,1,2199
BRDA:564,76,0,2199
BRDA:564,76,1,66831
BRDA:570,77,0,23844
BRDA:570,77,1,113652
BRDA:572,78,0,66813
BRDA:572,78,1,46839
BRDA:604,79,0,0
BRDA:604,79,1,8400
BRDA:617,80,0,8367
BRDA:617,80,1,0
BRDA:626,81,0,10887
BRDA:626,81,1,0
BRDA:627,82,0,8382
BRDA:627,82,1,2505
BRDA:629,83,0,90
BRDA:629,83,1,2415
BRDA:637,84,0,0
BRDA:637,84,1,0
BRDA:642,85,0,10887
BRDA:642,85,1,0
BRDA:666,86,0,35753
BRDA:666,86,1,34046
BRDA:667,87,0,34046
BRDA:667,87,1,1707
BRDA:672,88,0,34046
BRDA:672,88,1,0
BRDA:682,89,0,9
BRDA:682,89,1,1563
BRDA:685,90,0,3
BRDA:685,90,1,15
BRDA:699,91,0,1572
BRDA:699,91,1,12
BRDA:703,92,0,870
BRDA:703,92,1,768
BRDA:709,93,0,15
BRDA:709,93,1,753
BRDA:709,94,0,768
BRDA:709,94,1,15
BRF:189
BRH:156
end_of_record
TN:
SF:D:\Documents\web sites\buma.dev\library\sm-store\lib\CompiledMapping.js
FN:15,(anonymous_1)
FN:16,Model
FN:25,(anonymous_3)
FN:37,(anonymous_4)
FN:52,(anonymous_5)
FN:56,(anonymous_6)
FN:60,(anonymous_7)
FN:68,(anonymous_8)
FN:69,CompiledMapping
FN:97,(anonymous_10)
FN:102,(anonymous_11)
FN:106,(anonymous_12)
FN:110,(anonymous_13)
FN:114,(anonymous_14)
FN:124,(anonymous_15)
FN:133,(anonymous_16)
FN:138,(anonymous_17)
FN:154,(anonymous_18)
FN:159,(anonymous_19)
FN:163,(anonymous_20)
FN:167,(anonymous_21)
FN:171,(anonymous_22)
FN:177,(anonymous_23)
FN:183,(anonymous_24)
FN:189,(anonymous_25)
FN:195,(anonymous_26)
FN:206,(anonymous_27)
FN:223,(anonymous_28)
FN:257,(anonymous_29)
FN:355,(anonymous_30)
FN:399,(anonymous_31)
FN:490,(anonymous_32)
FN:536,(anonymous_33)
FNF:33
FNH:31
FNDA:1,(anonymous_1)
FNDA:2637,Model
FNDA:81,(anonymous_3)
FNDA:13743,(anonymous_4)
FNDA:11886,(anonymous_5)
FNDA:99,(anonymous_6)
FNDA:3,(anonymous_7)
FNDA:1,(anonymous_8)
FNDA:285,CompiledMapping
FNDA:3450,(anonymous_10)
FNDA:26787,(anonymous_11)
FNDA:0,(anonymous_12)
FNDA:0,(anonymous_13)
FNDA:12,(anonymous_14)
FNDA:31752,(anonymous_15)
FNDA:28302,(anonymous_16)
FNDA:1239,(anonymous_17)
FNDA:1134,(anonymous_18)
FNDA:2157,(anonymous_19)
FNDA:69,(anonymous_20)
FNDA:1227,(anonymous_21)
FNDA:4299,(anonymous_22)
FNDA:849,(anonymous_23)
FNDA:1116,(anonymous_24)
FNDA:486,(anonymous_25)
FNDA:1227,(anonymous_26)
FNDA:4299,(anonymous_27)
FNDA:849,(anonymous_28)
FNDA:1281,(anonymous_29)
FNDA:1200,(anonymous_30)
FNDA:1194,(anonymous_31)
FNDA:1134,(anonymous_32)
FNDA:1134,(anonymous_33)
DA:2,1
DA:5,1
DA:7,1
DA:9,1
DA:11,1
DA:13,1
DA:15,1
DA:16,1
DA:17,2637
DA:18,2637
DA:19,3
DA:21,2634
DA:25,1
DA:26,81
DA:27,81
DA:28,81
DA:29,573
DA:30,168
DA:31,87
DA:34,81
DA:37,1
DA:38,13743
DA:39,13743
DA:40,3
DA:41,12
DA:43,3
DA:45,13740
DA:46,1167
DA:48,13740
DA:49,13740
DA:52,1
DA:53,11886
DA:56,1
DA:57,99
DA:60,1
DA:61,3
DA:64,1
DA:68,1
DA:69,1
DA:70,285
DA:71,285
DA:72,285
DA:73,1140
DA:74,1140
DA:76,285
DA:77,1224
DA:79,192
DA:80,192
DA:81,1047
DA:82,1047
DA:83,1047
DA:84,2904
DA:85,2904
DA:86,150
DA:87,147
DA:89,2901
DA:92,180
DA:95,1
DA:97,1
DA:98,3450
DA:99,3450
DA:102,1
DA:103,26787
DA:106,1
DA:107,0
DA:110,1
DA:111,0
DA:114,1
DA:115,12
DA:116,12
DA:117,12
DA:118,3
DA:119,9
DA:120,9
DA:124,1
DA:125,31752
DA:126,31752
DA:127,3
DA:128,3
DA:129,3
DA:133,1
DA:134,28302
DA:135,28299
DA:138,1
DA:139,1239
DA:140,1239
DA:141,1239
DA:151,1239
DA:154,1
DA:155,1134
DA:156,1134
DA:159,1
DA:160,2157
DA:163,1
DA:164,69
DA:167,1
DA:168,1227
DA:171,1
DA:172,4299
DA:173,4299
DA:174,4299
DA:177,1
DA:178,849
DA:179,849
DA:180,849
DA:183,1
DA:184,1116
DA:185,1116
DA:186,1116
DA:189,1
DA:190,486
DA:191,486
DA:192,486
DA:195,1
DA:196,1227
DA:197,1227
DA:198,1227
DA:199,3
DA:200,3
DA:201,3
DA:203,1224
DA:206,1
DA:207,4299
DA:208,4299
DA:209,6
DA:210,6
DA:211,6
DA:213,4293
DA:214,4293
DA:215,4290
DA:217,3
DA:218,3
DA:219,3
DA:223,1
DA:224,849
DA:225,849
DA:226,849
DA:227,849
DA:228,849
DA:229,849
DA:230,243
DA:231,243
DA:232,0
DA:234,243
DA:235,0
DA:237,243
DA:238,6
DA:241,849
DA:244,849
DA:245,9
DA:247,840
DA:249,849
DA:250,849
DA:253,1
DA:257,1
DA:258,1281
DA:259,1281
DA:260,0
DA:261,0
DA:262,0
DA:264,1281
DA:265,39
DA:267,1242
DA:268,1242
DA:269,3
DA:270,3
DA:271,3
DA:273,1239
DA:274,1239
DA:275,207
DA:276,1032
DA:277,1020
DA:279,12
DA:280,12
DA:281,12
DA:283,1227
DA:284,1224
DA:285,66
DA:288,1158
DA:289,3
DA:290,3
DA:291,3
DA:293,1221
DA:294,1221
DA:295,66
DA:296,1155
DA:297,1053
DA:299,102
DA:300,102
DA:302,1221
DA:303,3
DA:304,3
DA:305,3
DA:307,1218
DA:310,1218
DA:311,465
DA:313,1218
DA:314,3
DA:315,3
DA:316,3
DA:318,1215
DA:319,597
DA:320,597
DA:321,150
DA:322,447
DA:323,12
DA:324,12
DA:325,12
DA:327,585
DA:328,618
DA:329,513
DA:330,105
DA:331,3
DA:332,3
DA:333,3
DA:335,1200
DA:336,1194
DA:337,1134
DA:338,1134
DA:339,495
DA:340,495
DA:341,495
DA:342,465
DA:343,465
DA:346,1134
DA:347,1032
DA:351,1134
DA:352,1134
DA:355,1
DA:356,1200
DA:357,1200
DA:358,345
DA:360,855
DA:361,2925
DA:362,2925
DA:363,2256
DA:367,2925
DA:368,6
DA:369,6
DA:370,6
DA:372,2919
DA:373,2919
DA:374,2763
DA:376,2919
DA:379,2919
DA:380,363
DA:382,2919
DA:383,282
DA:384,282
DA:385,282
DA:386,1128
DA:387,1128
DA:388,1128
DA:389,744
DA:393,2919
DA:394,180
DA:399,1
DA:400,1194
DA:401,1194
DA:402,885
DA:403,309
DA:404,177
DA:405,132
DA:406,123
DA:408,9
DA:409,9
DA:410,9
DA:412,1185
DA:413,1185
DA:414,513
DA:416,1185
DA:417,1185
DA:418,894
DA:419,894
DA:420,864
DA:424,894
DA:425,0
DA:426,0
DA:427,0
DA:429,894
DA:430,3
DA:431,3
DA:432,3
DA:434,891
DA:435,891
DA:436,3
DA:437,3
DA:438,3
DA:440,888
DA:441,888
DA:444,888
DA:445,9
DA:446,879
DA:447,12
DA:448,12
DA:449,12
DA:451,876
DA:452,876
DA:453,69
DA:454,12
DA:455,12
DA:456,12
DA:458,57
DA:460,849
DA:461,849
DA:462,840
DA:464,849
DA:465,348
DA:467,849
DA:468,849
DA:469,267
DA:471,849
DA:472,849
DA:473,6
DA:474,6
DA:475,6
DA:476,6
DA:478,843
DA:479,843
DA:480,4908
DA:481,4908
DA:490,1
DA:491,1134
DA:492,1134
DA:495,1134
DA:496,1134
DA:497,126
DA:499,1134
DA:500,996
DA:502,138
DA:503,138
DA:504,150
DA:505,150
DA:506,0
DA:507,0
DA:508,0
DA:510,150
DA:511,0
DA:512,0
DA:513,0
DA:515,150
DA:516,150
DA:517,0
DA:519,150
DA:520,0
DA:521,0
DA:522,0
DA:524,150
DA:525,240
DA:526,240
DA:527,0
DA:528,0
DA:529,0
DA:532,150
DA:536,1
DA:537,1134
DA:538,1134
DA:539,432
DA:541,1134
DA:542,0
DA:543,0
DA:544,0
DA:546,1134
LF:363
LH:337
BRDA:5,1,0,1
BRDA:5,1,1,0
BRDA:18,2,0,3
BRDA:18,2,1,2634
BRDA:29,3,0,405
BRDA:29,3,1,168
BRDA:30,4,0,87
BRDA:30,4,1,81
BRDA:39,5,0,3
BRDA:39,5,1,13740
BRDA:45,6,0,1167
BRDA:45,6,1,12573
BRDA:85,7,0,150
BRDA:85,7,1,2754
BRDA:85,8,0,2904
BRDA:85,8,1,360
BRDA:117,9,0,3
BRDA:117,9,1,9
BRDA:119,10,0,9
BRDA:119,10,1,0
BRDA:126,11,0,3
BRDA:126,11,1,31749
BRDA:198,12,0,3
BRDA:198,12,1,1224
BRDA:208,13,0,6
BRDA:208,13,1,4293
BRDA:214,14,0,4290
BRDA:214,14,1,3
BRDA:231,15,0,0
BRDA:231,15,1,243
BRDA:234,16,0,0
BRDA:234,16,1,243
BRDA:237,17,0,6
BRDA:237,17,1,237
BRDA:244,18,0,9
BRDA:244,18,1,840
BRDA:259,19,0,0
BRDA:259,19,1,1281
BRDA:259,20,0,1281
BRDA:259,20,1,1281
BRDA:264,21,0,39
BRDA:264,21,1,1242
BRDA:268,22,0,3
BRDA:268,22,1,1239
BRDA:274,23,0,207
BRDA:274,23,1,1032
BRDA:276,24,0,1020
BRDA:276,24,1,12
BRDA:284,25,0,66
BRDA:284,25,1,1158
BRDA:288,26,0,3
BRDA:288,26,1,1155
BRDA:288,27,0,1158
BRDA:288,27,1,1053
BRDA:294,28,0,66
BRDA:294,28,1,1155
BRDA:296,29,0,1053
BRDA:296,29,1,102
BRDA:302,30,0,3
BRDA:302,30,1,1218
BRDA:310,31,0,465
BRDA:310,31,1,753
BRDA:313,32,0,3
BRDA:313,32,1,1215
BRDA:313,33,0,1218
BRDA:313,33,1,603
BRDA:318,34,0,597
BRDA:318,34,1,618
BRDA:320,35,0,150
BRDA:320,35,1,447
BRDA:322,36,0,12
BRDA:322,36,1,435
BRDA:328,37,0,513
BRDA:328,37,1,105
BRDA:330,38,0,3
BRDA:330,38,1,102
BRDA:338,39,0,495
BRDA:338,39,1,639
BRDA:341,40,0,465
BRDA:341,40,1,30
BRDA:346,41,0,1032
BRDA:346,41,1,102
BRDA:357,42,0,345
BRDA:357,42,1,855
BRDA:362,43,0,2256
BRDA:362,43,1,669
BRDA:367,44,0,6
BRDA:367,44,1,2919
BRDA:373,45,0,2763
BRDA:373,45,1,156
BRDA:379,46,0,363
BRDA:379,46,1,2556
BRDA:382,47,0,282
BRDA:382,47,1,2637
BRDA:388,48,0,744
BRDA:388,48,1,384
BRDA:393,49,0,180
BRDA:393,49,1,2739
BRDA:394,50,0,180
BRDA:394,50,1,180
BRDA:401,51,0,885
BRDA:401,51,1,309
BRDA:403,52,0,177
BRDA:403,52,1,132
BRDA:405,53,0,123
BRDA:405,53,1,9
BRDA:413,54,0,513
BRDA:413,54,1,672
BRDA:419,55,0,864
BRDA:419,55,1,30
BRDA:424,56,0,0
BRDA:424,56,1,894
BRDA:429,57,0,3
BRDA:429,57,1,891
BRDA:435,58,0,3
BRDA:435,58,1,888
BRDA:444,59,0,9
BRDA:444,59,1,879
BRDA:446,60,0,12
BRDA:446,60,1,867
BRDA:452,61,0,69
BRDA:452,61,1,807
BRDA:453,62,0,12
BRDA:453,62,1,57
BRDA:461,63,0,840
BRDA:461,63,1,9
BRDA:464,64,0,348
BRDA:464,64,1,501
BRDA:472,65,0,6
BRDA:472,65,1,843
BRDA:472,66,0,849
BRDA:472,66,1,849
BRDA:480,67,0,4908
BRDA:480,67,1,0
BRDA:496,68,0,126
BRDA:496,68,1,1008
BRDA:499,69,0,996
BRDA:499,69,1,138
BRDA:505,70,0,0
BRDA:505,70,1,150
BRDA:510,71,0,0
BRDA:510,71,1,150
BRDA:516,72,0,0
BRDA:516,72,1,150
BRDA:519,73,0,0
BRDA:519,73,1,150
BRDA:526,74,0,0
BRDA:526,74,1,240
BRDA:538,75,0,432
BRDA:538,75,1,702
BRDA:541,76,0,0
BRDA:541,76,1,1134
BRF:152
BRH:139
end_of_record
TN:
SF:D:\Documents\web sites\buma.dev\library\sm-store\lib\adapters\postgres.js
FN:3,(anonymous_1)
FN:3,ctor
FN:18,(anonymous_3)
FN:23,PostgresClient
FN:29,(anonymous_5)
FN:36,(anonymous_6)
FN:47,(anonymous_7)
FN:55,(anonymous_8)
FN:59,(anonymous_9)
FN:62,(anonymous_10)
FN:66,(anonymous_11)
FN:78,(anonymous_12)
FN:81,PostgresQueryStream
FN:94,(anonymous_14)
FN:98,(anonymous_15)
FN:101,(anonymous_16)
FN:109,(anonymous_17)
FN:114,(anonymous_18)
FN:118,(anonymous_19)
FN:129,(anonymous_20)
FN:132,(anonymous_21)
FN:135,(anonymous_22)
FN:139,(anonymous_23)
FN:149,(anonymous_24)
FNF:24
FNH:21
FNDA:2,(anonymous_1)
FNDA:2,ctor
FNDA:1,(anonymous_3)
FNDA:3,PostgresClient
FNDA:765,(anonymous_5)
FNDA:18,(anonymous_6)
FNDA:0,(anonymous_7)
FNDA:0,(anonymous_8)
FNDA:18,(anonymous_9)
FNDA:276,(anonymous_10)
FNDA:18,(anonymous_11)
FNDA:1,(anonymous_12)
FNDA:522,PostgresQueryStream
FNDA:1,(anonymous_14)
FNDA:514,(anonymous_15)
FNDA:504,(anonymous_16)
FNDA:277,(anonymous_17)
FNDA:521,(anonymous_18)
FNDA:1,(anonymous_19)
FNDA:3,(anonymous_20)
FNDA:0,(anonymous_21)
FNDA:3,(anonymous_22)
FNDA:3,(anonymous_23)
FNDA:200,(anonymous_24)
DA:2,1
DA:3,4
DA:6,1
DA:8,1
DA:10,1
DA:12,1
DA:14,1
DA:16,1
DA:18,1
DA:19,1
DA:21,1
DA:23,1
DA:24,3
DA:25,3
DA:26,3
DA:29,1
DA:30,765
DA:31,261
DA:33,504
DA:36,1
DA:37,18
DA:38,18
DA:39,18
DA:40,18
DA:41,18
DA:43,18
DA:44,0
DA:46,18
DA:47,0
DA:49,18
DA:50,18
DA:51,18
DA:52,18
DA:55,18
DA:56,0
DA:57,0
DA:59,18
DA:60,18
DA:62,18
DA:63,276
DA:64,276
DA:66,18
DA:67,18
DA:68,18
DA:71,18
DA:74,1
DA:78,1
DA:79,1
DA:81,1
DA:82,522
DA:83,522
DA:84,504
DA:85,504
DA:87,522
DA:88,18
DA:90,522
DA:91,522
DA:92,522
DA:93,504
DA:94,504
DA:95,1
DA:96,1
DA:98,504
DA:99,514
DA:101,504
DA:102,504
DA:103,503
DA:109,1
DA:110,277
DA:111,277
DA:114,1
DA:115,521
DA:118,1
DA:119,1
DA:120,1
DA:123,1
DA:127,1
DA:130,3
DA:131,3
DA:132,0
DA:134,3
DA:135,3
DA:136,3
DA:137,0
DA:139,3
DA:140,3
DA:141,0
DA:142,0
DA:144,3
DA:147,3
DA:150,200
DA:151,200
DA:152,200
DA:153,0
DA:155,200
DA:156,0
DA:157,0
DA:159,0
DA:162,200
LF:99
LH:87
BRDA:3,1,0,4
BRDA:3,1,1,0
BRDA:25,2,0,3
BRDA:25,2,1,0
BRDA:30,3,0,261
BRDA:30,3,1,504
BRDA:30,4,0,765
BRDA:30,4,1,765
BRDA:38,5,0,18
BRDA:38,5,1,0
BRDA:43,6,0,0
BRDA:43,6,1,18
BRDA:46,7,0,0
BRDA:46,7,1,18
BRDA:67,8,0,18
BRDA:67,8,1,0
BRDA:83,9,0,504
BRDA:83,9,1,18
BRDA:87,10,0,18
BRDA:87,10,1,504
BRDA:92,11,0,504
BRDA:92,11,1,18
BRDA:102,12,0,503
BRDA:102,12,1,1
BRDA:131,13,0,0
BRDA:131,13,1,3
BRDA:136,14,0,0
BRDA:136,14,1,3
BRDA:140,15,0,0
BRDA:140,15,1,3
BRDA:152,16,0,0
BRDA:152,16,1,200
BRDA:155,17,0,0
BRDA:155,17,1,200
BRDA:156,18,0,0
BRDA:156,18,1,0
BRF:36
BRH:23
end_of_record
TN:
SF:D:\Documents\web sites\buma.dev\library\sm-store\lib\adapters\common.js
FN:3,(anonymous_1)
FN:10,(anonymous_2)
FNF:2
FNH:2
FNDA:228,(anonymous_1)
FNDA:12,(anonymous_2)
DA:2,1
DA:4,228
DA:5,3
DA:7,225
DA:11,12
DA:12,0
DA:14,12
LF:7
LH:6
BRDA:4,1,0,3
BRDA:4,1,1,225
BRDA:11,2,0,0
BRDA:11,2,1,12
BRF:4
BRH:3
end_of_record
TN:
SF:D:\Documents\web sites\buma.dev\library\sm-store\lib\adapters\mysql.js
FN:3,(anonymous_1)
FN:3,ctor
FN:28,(anonymous_3)
FN:54,(anonymous_4)
FN:59,(anonymous_5)
FN:62,(anonymous_6)
FN:73,(anonymous_7)
FN:79,(anonymous_8)
FN:84,(anonymous_9)
FN:87,(anonymous_10)
FN:90,(anonymous_11)
FN:99,(anonymous_12)
FN:104,MySQLConnection
FN:111,(anonymous_14)
FN:118,(anonymous_15)
FN:129,(anonymous_16)
FN:138,(anonymous_17)
FN:142,(anonymous_18)
FN:145,(anonymous_19)
FN:156,(anonymous_20)
FN:171,(anonymous_21)
FNF:21
FNH:18
FNDA:1,(anonymous_1)
FNDA:1,ctor
FNDA:762,(anonymous_3)
FNDA:1,(anonymous_4)
FNDA:259,(anonymous_5)
FNDA:1016,(anonymous_6)
FNDA:762,(anonymous_7)
FNDA:762,(anonymous_8)
FNDA:3,(anonymous_9)
FNDA:0,(anonymous_10)
FNDA:3,(anonymous_11)
FNDA:1,(anonymous_12)
FNDA:3,MySQLConnection
FNDA:762,(anonymous_14)
FNDA:18,(anonymous_15)
FNDA:0,(anonymous_16)
FNDA:0,(anonymous_17)
FNDA:18,(anonymous_18)
FNDA:276,(anonymous_19)
FNDA:18,(anonymous_20)
FNDA:200,(anonymous_21)
DA:2,1
DA:3,2
DA:6,1
DA:8,1
DA:10,1
DA:12,1
DA:14,1
DA:16,1
DA:18,1
DA:20,1
DA:22,1
DA:24,1
DA:26,1
DA:29,762
DA:30,762
DA:31,762
DA:32,762
DA:34,762
DA:35,762
DA:36,762
DA:39,762
DA:40,762
DA:41,762
DA:42,762
DA:43,762
DA:44,762
DA:45,762
DA:46,762
DA:53,762
DA:54,762
DA:55,1
DA:56,1
DA:57,1
DA:59,762
DA:60,259
DA:62,762
DA:63,1016
DA:64,502
DA:65,502
DA:66,502
DA:67,502
DA:69,514
DA:70,514
DA:73,762
DA:74,762
DA:75,761
DA:79,762
DA:80,762
DA:82,762
DA:85,3
DA:86,3
DA:87,0
DA:89,3
DA:90,3
DA:91,3
DA:92,0
DA:94,3
DA:99,1
DA:100,1
DA:102,1
DA:104,1
DA:105,3
DA:106,3
DA:111,1
DA:112,762
DA:113,762
DA:114,762
DA:115,762
DA:118,1
DA:119,18
DA:120,18
DA:121,18
DA:122,18
DA:123,18
DA:125,18
DA:126,0
DA:128,18
DA:129,0
DA:131,18
DA:134,18
DA:135,18
DA:138,18
DA:139,0
DA:140,0
DA:142,18
DA:143,18
DA:145,18
DA:146,276
DA:147,0
DA:148,0
DA:149,0
DA:150,0
DA:152,276
DA:153,276
DA:156,18
DA:157,18
DA:158,18
DA:161,18
DA:164,1
DA:168,1
DA:170,1
DA:172,200
DA:179,1
LF:103
LH:93
BRDA:3,1,0,2
BRDA:3,1,1,0
BRDA:30,2,0,762
BRDA:30,2,1,0
BRDA:30,3,0,762
BRDA:30,3,1,762
BRDA:34,4,0,762
BRDA:34,4,1,762
BRDA:45,5,0,762
BRDA:45,5,1,0
BRDA:63,6,0,502
BRDA:63,6,1,514
BRDA:74,7,0,761
BRDA:74,7,1,1
BRDA:86,8,0,0
BRDA:86,8,1,3
BRDA:91,9,0,0
BRDA:91,9,1,3
BRDA:120,10,0,18
BRDA:120,10,1,0
BRDA:125,11,0,0
BRDA:125,11,1,18
BRDA:128,12,0,0
BRDA:128,12,1,18
BRDA:146,13,0,0
BRDA:146,13,1,276
BRDA:157,14,0,18
BRDA:157,14,1,0
BRF:28
BRH:18
end_of_record
TN:
SF:D:\Documents\web sites\buma.dev\library\sm-store\lib\adapters\sqlite3.js
FN:3,(anonymous_1)
FN:3,ctor
FN:30,(anonymous_3)
FN:61,(anonymous_4)
FN:66,SQLite3Connection
FN:71,(anonymous_6)
FN:72,(anonymous_7)
FN:77,(anonymous_8)
FN:78,(anonymous_9)
FN:83,(anonymous_10)
FN:84,(anonymous_11)
FN:91,(anonymous_12)
FN:98,(anonymous_13)
FN:105,(anonymous_14)
FN:114,(anonymous_15)
FN:117,SQLite3Query
FN:121,(anonymous_17)
FN:131,(anonymous_18)
FN:134,(anonymous_19)
FN:140,(anonymous_20)
FN:151,(anonymous_21)
FN:166,(anonymous_22)
FN:175,(anonymous_23)
FN:184,(anonymous_24)
FN:202,(anonymous_25)
FN:205,SQLite3Stream
FN:212,(anonymous_27)
FN:231,(anonymous_28)
FN:232,(anonymous_29)
FN:235,(anonymous_30)
FN:243,(anonymous_31)
FN:247,(anonymous_32)
FN:248,(anonymous_33)
FN:259,(anonymous_34)
FN:260,(anonymous_35)
FN:266,(anonymous_36)
FN:275,(anonymous_37)
FN:276,(anonymous_38)
FNF:38
FNH:33
FNDA:3,(anonymous_1)
FNDA:3,ctor
FNDA:3,(anonymous_3)
FNDA:1,(anonymous_4)
FNDA:3,SQLite3Connection
FNDA:3,(anonymous_6)
FNDA:0,(anonymous_7)
FNDA:3,(anonymous_8)
FNDA:3,(anonymous_9)
FNDA:3,(anonymous_10)
FNDA:3,(anonymous_11)
FNDA:762,(anonymous_12)
FNDA:18,(anonymous_13)
FNDA:3,(anonymous_14)
FNDA:1,(anonymous_15)
FNDA:762,SQLite3Query
FNDA:762,(anonymous_17)
FNDA:0,(anonymous_18)
FNDA:762,(anonymous_19)
FNDA:196,(anonymous_20)
FNDA:65,(anonymous_21)
FNDA:514,(anonymous_22)
FNDA:501,(anonymous_23)
FNDA:2565,(anonymous_24)
FNDA:1,(anonymous_25)
FNDA:18,SQLite3Stream
FNDA:18,(anonymous_27)
FNDA:0,(anonymous_28)
FNDA:0,(anonymous_29)
FNDA:18,(anonymous_30)
FNDA:0,(anonymous_31)
FNDA:18,(anonymous_32)
FNDA:18,(anonymous_33)
FNDA:18,(anonymous_34)
FNDA:276,(anonymous_35)
FNDA:171,(anonymous_36)
FNDA:18,(anonymous_37)
FNDA:18,(anonymous_38)
DA:2,1
DA:3,3
DA:6,1
DA:8,1
DA:10,1
DA:12,1
DA:14,1
DA:16,1
DA:18,1
DA:20,1
DA:26,1
DA:28,1
DA:31,3
DA:32,3
DA:33,3
DA:34,3
DA:36,0
DA:38,3
DA:39,3
DA:41,3
DA:42,0
DA:44,3
DA:45,3
DA:46,3
DA:47,3
DA:48,9
DA:49,9
DA:50,4
DA:54,3
DA:55,0
DA:57,3
DA:61,1
DA:62,1
DA:64,1
DA:66,1
DA:67,3
DA:68,3
DA:69,3
DA:70,3
DA:71,3
DA:72,3
DA:73,0
DA:76,3
DA:77,3
DA:78,3
DA:79,3
DA:80,3
DA:83,3
DA:84,3
DA:85,3
DA:88,3
DA:91,1
DA:92,762
DA:93,762
DA:94,762
DA:95,762
DA:98,1
DA:99,18
DA:100,18
DA:101,18
DA:102,18
DA:105,1
DA:106,3
DA:107,3
DA:110,1
DA:114,1
DA:115,1
DA:117,1
DA:118,762
DA:121,1
DA:122,762
DA:123,762
DA:124,0
DA:126,762
DA:127,762
DA:128,762
DA:131,762
DA:134,1
DA:135,762
DA:136,762
DA:137,762
DA:138,762
DA:139,762
DA:140,196
DA:141,196
DA:142,0
DA:144,196
DA:148,196
DA:150,566
DA:151,65
DA:152,65
DA:153,0
DA:155,65
DA:160,65
DA:162,501
DA:165,501
DA:166,501
DA:167,514
DA:168,0
DA:169,0
DA:170,0
DA:172,0
DA:174,514
DA:176,501
DA:177,0
DA:179,501
DA:180,1
DA:182,500
DA:183,500
DA:184,252
DA:185,2565
DA:190,248
DA:192,500
DA:196,1
DA:200,1
DA:202,1
DA:203,1
DA:205,1
DA:206,18
DA:209,18
DA:212,1
DA:213,18
DA:214,18
DA:215,0
DA:217,18
DA:218,18
DA:219,0
DA:220,0
DA:222,18
DA:223,18
DA:224,18
DA:226,18
DA:227,18
DA:231,18
DA:232,18
DA:235,1
DA:236,18
DA:237,18
DA:238,18
DA:239,18
DA:240,18
DA:241,18
DA:242,18
DA:243,18
DA:244,0
DA:245,0
DA:247,18
DA:248,18
DA:249,18
DA:250,18
DA:251,0
DA:253,18
DA:254,1
DA:256,18
DA:259,18
DA:260,18
DA:261,276
DA:262,0
DA:263,0
DA:265,276
DA:266,17
DA:267,171
DA:271,17
DA:273,276
DA:276,18
DA:277,18
DA:278,18
DA:279,0
DA:285,1
LF:169
LH:148
BRDA:3,1,0,3
BRDA:3,1,1,0
BRDA:16,2,0,1
BRDA:16,2,1,0
BRDA:32,3,0,3
BRDA:32,3,1,3
BRDA:33,4,0,3
BRDA:33,4,1,0
BRDA:38,5,0,3
BRDA:38,5,1,0
BRDA:41,6,0,0
BRDA:41,6,1,3
BRDA:41,7,0,3
BRDA:41,7,1,3
BRDA:44,8,0,3
BRDA:44,8,1,0
BRDA:49,9,0,4
BRDA:49,9,1,5
BRDA:54,10,0,0
BRDA:54,10,1,3
BRDA:123,11,0,0
BRDA:123,11,1,762
BRDA:127,12,0,762
BRDA:127,12,1,0
BRDA:127,13,0,762
BRDA:127,13,1,762
BRDA:131,14,0,762
BRDA:131,14,1,0
BRDA:139,15,0,196
BRDA:139,15,1,566
BRDA:141,16,0,0
BRDA:141,16,1,196
BRDA:150,17,0,65
BRDA:150,17,1,501
BRDA:152,18,0,0
BRDA:152,18,1,65
BRDA:167,19,0,0
BRDA:167,19,1,514
BRDA:168,20,0,0
BRDA:168,20,1,0
BRDA:176,21,0,0
BRDA:176,21,1,501
BRDA:179,22,0,1
BRDA:179,22,1,500
BRDA:183,23,0,252
BRDA:183,23,1,248
BRDA:214,24,0,0
BRDA:214,24,1,18
BRDA:218,25,0,0
BRDA:218,25,1,18
BRDA:219,26,0,0
BRDA:219,26,1,0
BRDA:222,27,0,18
BRDA:222,27,1,0
BRDA:223,28,0,18
BRDA:223,28,1,0
BRDA:226,29,0,18
BRDA:226,29,1,0
BRDA:231,30,0,18
BRDA:231,30,1,0
BRDA:232,31,0,18
BRDA:232,31,1,0
BRDA:250,32,0,0
BRDA:250,32,1,18
BRDA:253,33,0,1
BRDA:253,33,1,17
BRDA:261,34,0,0
BRDA:261,34,1,276
BRDA:265,35,0,17
BRDA:265,35,1,259
BRDA:278,36,0,0
BRDA:278,36,1,18
BRF:72
BRH:44
end_of_record
