TN:
SF:D:\Documents\web sites\buma.dev\library\sm-store\index.js
FNF:0
FNH:0
DA:1,1
LF:1
LH:1
BRF:0
BRH:0
end_of_record
TN:
SF:D:\Documents\web sites\buma.dev\library\sm-store\lib\AdapterPool.js
FN:2,(anonymous_1)
FN:13,(anonymous_2)
FN:44,(anonymous_3)
FN:45,AdapterPool
FN:101,(anonymous_5)
FN:102,(anonymous_6)
FN:107,(anonymous_7)
FN:108,(anonymous_8)
FN:123,(anonymous_9)
FN:124,(anonymous_10)
FN:125,(anonymous_11)
FN:137,(anonymous_12)
FN:139,(anonymous_13)
FN:141,(anonymous_14)
FN:142,(anonymous_15)
FN:152,(anonymous_16)
FN:156,(anonymous_17)
FN:162,(anonymous_18)
FNF:18
FNH:16
FNDA:1,(anonymous_1)
FNDA:18,(anonymous_2)
FNDA:1,(anonymous_3)
FNDA:33,AdapterPool
FNDA:18,(anonymous_5)
FNDA:9,(anonymous_6)
FNDA:18,(anonymous_7)
FNDA:9,(anonymous_8)
FNDA:216,(anonymous_9)
FNDA:216,(anonymous_10)
FNDA:324,(anonymous_11)
FNDA:9,(anonymous_12)
FNDA:0,(anonymous_13)
FNDA:9,(anonymous_14)
FNDA:9,(anonymous_15)
FNDA:1128,(anonymous_16)
FNDA:105,(anonymous_17)
FNDA:0,(anonymous_18)
DA:2,1
DA:3,1
DA:5,1
DA:7,1
DA:9,1
DA:11,1
DA:13,1
DA:16,18
DA:17,18
DA:18,18
DA:19,18
DA:20,3
DA:21,3
DA:24,18
DA:25,0
DA:26,0
DA:27,0
DA:29,18
DA:32,1
DA:34,1
DA:36,1
DA:38,1
DA:44,1
DA:45,1
DA:46,33
DA:47,33
DA:48,3
DA:49,3
DA:50,3
DA:52,30
DA:53,30
DA:54,30
DA:55,30
DA:56,30
DA:57,30
DA:58,30
DA:59,30
DA:60,12
DA:62,30
DA:63,12
DA:64,12
DA:65,12
DA:67,30
DA:68,72
DA:70,30
DA:71,12
DA:72,12
DA:73,12
DA:75,18
DA:76,18
DA:77,18
DA:78,18
DA:79,18
DA:82,18
DA:83,18
DA:85,0
DA:87,18
DA:88,18
DA:90,0
DA:92,18
DA:93,18
DA:95,0
DA:97,18
DA:98,18
DA:99,18
DA:102,18
DA:103,9
DA:104,9
DA:108,18
DA:109,9
DA:110,9
DA:117,18
DA:120,216
DA:121,1
DA:123,216
DA:124,216
DA:125,216
DA:126,324
DA:131,18
DA:132,0
DA:134,18
DA:137,1
DA:138,9
DA:139,0
DA:141,9
DA:142,9
DA:143,9
DA:144,0
DA:146,9
DA:147,9
DA:152,1
DA:153,1128
DA:156,1
DA:157,105
DA:158,105
DA:159,105
DA:162,1
DA:163,0
DA:166,1
LF:99
LH:89
BRDA:5,1,0,1
BRDA:5,1,1,1
BRDA:17,2,0,18
BRDA:17,2,1,0
BRDA:19,3,0,3
BRDA:19,3,1,15
BRDA:24,4,0,0
BRDA:24,4,1,18
BRDA:47,5,0,3
BRDA:47,5,1,30
BRDA:56,6,0,30
BRDA:56,6,1,18
BRDA:57,7,0,30
BRDA:57,7,1,24
BRDA:59,8,0,12
BRDA:59,8,1,18
BRDA:62,9,0,12
BRDA:62,9,1,18
BRDA:70,10,0,12
BRDA:70,10,1,18
BRDA:70,11,0,30
BRDA:70,11,1,18
BRDA:78,12,0,18
BRDA:78,12,1,0
BRDA:82,13,0,18
BRDA:82,13,1,0
BRDA:87,14,0,18
BRDA:87,14,1,0
BRDA:92,15,0,18
BRDA:92,15,1,0
BRDA:120,16,0,0
BRDA:120,16,1,216
BRDA:131,17,0,0
BRDA:131,17,1,18
BRDA:138,18,0,0
BRDA:138,18,1,9
BRDA:143,19,0,0
BRDA:143,19,1,9
BRF:38
BRH:29
end_of_record
TN:
SF:D:\Documents\web sites\buma.dev\library\sm-store\lib\GenericUtil.js
FN:2,(anonymous_1)
FN:5,(anonymous_2)
FN:10,(anonymous_3)
FN:13,(anonymous_4)
FN:16,(anonymous_5)
FN:20,(anonymous_6)
FN:77,(anonymous_7)
FN:101,(anonymous_8)
FN:106,(anonymous_9)
FN:112,(anonymous_10)
FNF:10
FNH:9
FNDA:1,(anonymous_1)
FNDA:1,(anonymous_2)
FNDA:84,(anonymous_3)
FNDA:2181,(anonymous_4)
FNDA:51091,(anonymous_5)
FNDA:1,(anonymous_6)
FNDA:9421,(anonymous_7)
FNDA:0,(anonymous_8)
FNDA:9221,(anonymous_9)
FNDA:200,(anonymous_10)
DA:2,1
DA:3,1
DA:5,1
DA:6,1
DA:7,1
DA:8,1
DA:9,1
DA:11,84
DA:14,2181
DA:17,51091
DA:20,1
DA:21,1
DA:22,1
DA:26,1
DA:27,1
DA:53,1
DA:77,1
DA:78,9421
DA:79,9421
DA:80,9421
DA:81,47
DA:83,9374
DA:84,0
DA:85,0
DA:87,0
DA:90,9374
DA:91,0
DA:92,0
DA:93,0
DA:94,0
DA:96,0
DA:98,9374
DA:99,0
DA:101,9374
DA:102,0
DA:104,9374
DA:106,1
DA:107,9221
DA:108,9221
DA:110,9221
DA:112,1
DA:113,200
DA:114,200
DA:116,200
DA:119,1
DA:122,1
LF:46
LH:36
BRDA:11,1,0,84
BRDA:11,1,1,84
BRDA:14,2,0,2181
BRDA:14,2,1,66
BRDA:17,3,0,51091
BRDA:17,3,1,45066
BRDA:80,4,0,47
BRDA:80,4,1,9374
BRDA:83,5,0,0
BRDA:83,5,1,9374
BRDA:84,6,0,0
BRDA:84,6,1,0
BRDA:90,7,0,0
BRDA:90,7,1,9374
BRDA:98,8,0,0
BRDA:98,8,1,9374
BRDA:107,9,0,9221
BRDA:107,9,1,0
BRDA:113,10,0,200
BRDA:113,10,1,0
BRF:20
BRH:13
end_of_record
TN:
SF:D:\Documents\web sites\buma.dev\library\sm-store\lib\Connector.js
FN:2,(anonymous_1)
FN:4,(anonymous_2)
FN:4,ctor
FN:33,(anonymous_4)
FN:38,Connector
FN:59,(anonymous_6)
FN:63,(anonymous_7)
FN:67,(anonymous_8)
FN:71,(anonymous_9)
FN:75,(anonymous_10)
FN:79,(anonymous_11)
FN:83,(anonymous_12)
FN:87,(anonymous_13)
FN:91,(anonymous_14)
FN:98,(anonymous_15)
FN:102,(anonymous_16)
FN:106,(anonymous_17)
FN:110,(anonymous_18)
FN:120,(anonymous_19)
FN:129,(anonymous_20)
FN:132,(anonymous_21)
FN:141,(anonymous_22)
FN:142,(anonymous_23)
FN:152,(anonymous_24)
FN:159,(anonymous_25)
FN:161,(anonymous_26)
FN:162,(anonymous_27)
FN:169,(anonymous_28)
FN:170,(anonymous_29)
FN:179,(anonymous_30)
FN:183,(anonymous_31)
FN:184,(anonymous_32)
FN:189,(anonymous_33)
FN:192,(anonymous_34)
FN:198,(anonymous_35)
FN:210,(anonymous_36)
FN:212,(anonymous_37)
FN:213,(anonymous_38)
FN:220,(anonymous_39)
FN:221,(anonymous_40)
FN:227,(anonymous_41)
FN:231,(anonymous_42)
FN:235,(anonymous_43)
FN:247,(anonymous_44)
FN:252,(anonymous_45)
FN:253,(anonymous_46)
FN:263,(anonymous_47)
FN:268,(anonymous_48)
FN:269,(anonymous_49)
FN:276,(anonymous_50)
FN:277,(anonymous_51)
FN:283,(anonymous_52)
FN:288,(anonymous_53)
FN:291,(anonymous_54)
FN:303,(anonymous_55)
FN:309,(anonymous_56)
FN:311,(anonymous_57)
FN:312,(anonymous_58)
FN:322,(anonymous_59)
FN:329,(anonymous_60)
FN:330,(anonymous_61)
FN:337,(anonymous_62)
FN:338,(anonymous_63)
FN:352,(anonymous_64)
FN:364,(anonymous_65)
FN:365,(anonymous_66)
FN:375,(anonymous_67)
FN:380,(anonymous_68)
FN:381,(anonymous_69)
FN:388,(anonymous_70)
FN:389,(anonymous_71)
FN:401,(anonymous_72)
FN:417,(anonymous_73)
FN:418,(anonymous_74)
FN:437,(anonymous_75)
FN:454,(anonymous_76)
FN:455,(anonymous_77)
FN:462,(anonymous_78)
FN:463,(anonymous_79)
FN:475,(anonymous_80)
FN:490,(anonymous_81)
FN:491,(anonymous_82)
FN:514,(anonymous_83)
FN:516,(anonymous_84)
FN:517,(anonymous_85)
FN:524,(anonymous_86)
FN:525,(anonymous_87)
FN:542,(anonymous_88)
FNF:88
FNH:85
FNDA:1,(anonymous_1)
FNDA:1,(anonymous_2)
FNDA:1,ctor
FNDA:1,(anonymous_4)
FNDA:141,Connector
FNDA:30,(anonymous_6)
FNDA:1122,(anonymous_7)
FNDA:363,(anonymous_8)
FNDA:27663,(anonymous_9)
FNDA:12,(anonymous_10)
FNDA:228,(anonymous_11)
FNDA:42,(anonymous_12)
FNDA:0,(anonymous_13)
FNDA:504,(anonymous_14)
FNDA:504,(anonymous_15)
FNDA:21,(anonymous_16)
FNDA:42,(anonymous_17)
FNDA:0,(anonymous_18)
FNDA:5460,(anonymous_19)
FNDA:2739,(anonymous_20)
FNDA:0,(anonymous_21)
FNDA:2721,(anonymous_22)
FNDA:2721,(anonymous_23)
FNDA:2739,(anonymous_24)
FNDA:375,(anonymous_25)
FNDA:375,(anonymous_26)
FNDA:375,(anonymous_27)
FNDA:375,(anonymous_28)
FNDA:375,(anonymous_29)
FNDA:411,(anonymous_30)
FNDA:147,(anonymous_31)
FNDA:147,(anonymous_32)
FNDA:3,(anonymous_33)
FNDA:3,(anonymous_34)
FNDA:3,(anonymous_35)
FNDA:1566,(anonymous_36)
FNDA:1566,(anonymous_37)
FNDA:1566,(anonymous_38)
FNDA:1566,(anonymous_39)
FNDA:1566,(anonymous_40)
FNDA:39,(anonymous_41)
FNDA:39,(anonymous_42)
FNDA:39,(anonymous_43)
FNDA:1563,(anonymous_44)
FNDA:1563,(anonymous_45)
FNDA:1563,(anonymous_46)
FNDA:54,(anonymous_47)
FNDA:54,(anonymous_48)
FNDA:54,(anonymous_49)
FNDA:54,(anonymous_50)
FNDA:54,(anonymous_51)
FNDA:3,(anonymous_52)
FNDA:3,(anonymous_53)
FNDA:3,(anonymous_54)
FNDA:54,(anonymous_55)
FNDA:828,(anonymous_56)
FNDA:54,(anonymous_57)
FNDA:54,(anonymous_58)
FNDA:363,(anonymous_59)
FNDA:357,(anonymous_60)
FNDA:357,(anonymous_61)
FNDA:357,(anonymous_62)
FNDA:357,(anonymous_63)
FNDA:357,(anonymous_64)
FNDA:357,(anonymous_65)
FNDA:357,(anonymous_66)
FNDA:81,(anonymous_67)
FNDA:81,(anonymous_68)
FNDA:81,(anonymous_69)
FNDA:81,(anonymous_70)
FNDA:81,(anonymous_71)
FNDA:162,(anonymous_72)
FNDA:81,(anonymous_73)
FNDA:81,(anonymous_74)
FNDA:276,(anonymous_75)
FNDA:276,(anonymous_76)
FNDA:276,(anonymous_77)
FNDA:276,(anonymous_78)
FNDA:276,(anonymous_79)
FNDA:279,(anonymous_80)
FNDA:276,(anonymous_81)
FNDA:276,(anonymous_82)
FNDA:27,(anonymous_83)
FNDA:27,(anonymous_84)
FNDA:27,(anonymous_85)
FNDA:27,(anonymous_86)
FNDA:27,(anonymous_87)
FNDA:147,(anonymous_88)
DA:2,1
DA:3,1
DA:4,1
DA:7,1
DA:9,1
DA:11,1
DA:13,1
DA:15,1
DA:17,1
DA:19,1
DA:31,1
DA:33,1
DA:34,1
DA:36,1
DA:38,1
DA:39,141
DA:40,141
DA:41,141
DA:42,3
DA:43,3
DA:44,3
DA:46,138
DA:47,33
DA:49,105
DA:51,138
DA:52,138
DA:53,138
DA:54,138
DA:55,138
DA:56,138
DA:59,1
DA:60,30
DA:63,1
DA:64,1122
DA:67,1
DA:68,363
DA:71,1
DA:72,27663
DA:75,1
DA:76,12
DA:79,1
DA:80,228
DA:83,1
DA:84,42
DA:87,1
DA:88,0
DA:91,1
DA:92,504
DA:93,147
DA:95,504
DA:98,1
DA:99,504
DA:102,1
DA:103,21
DA:106,1
DA:107,42
DA:110,1
DA:111,0
DA:112,0
DA:113,0
DA:115,0
DA:116,0
DA:117,0
DA:120,1
DA:121,5460
DA:122,5460
DA:123,18
DA:124,18
DA:125,18
DA:129,1
DA:130,2739
DA:131,2739
DA:132,3
DA:133,3
DA:135,2736
DA:136,2736
DA:138,2739
DA:139,18
DA:141,2721
DA:142,2721
DA:143,2721
DA:146,2721
DA:147,2667
DA:149,2721
DA:152,1
DA:153,2739
DA:154,2718
DA:156,2739
DA:159,1
DA:160,375
DA:161,375
DA:162,375
DA:163,375
DA:164,375
DA:165,375
DA:169,375
DA:170,375
DA:171,375
DA:172,6
DA:174,369
DA:179,1
DA:180,411
DA:181,264
DA:183,147
DA:184,147
DA:185,147
DA:186,0
DA:188,147
DA:189,147
DA:190,3
DA:193,3
DA:194,0
DA:196,3
DA:197,3
DA:198,3
DA:199,3
DA:204,147
DA:205,147
DA:210,1
DA:211,1566
DA:212,1566
DA:213,1566
DA:214,1566
DA:215,1566
DA:216,1566
DA:220,1566
DA:221,1566
DA:222,1566
DA:223,3
DA:225,1563
DA:226,39
DA:227,39
DA:228,39
DA:229,0
DA:231,39
DA:232,39
DA:233,39
DA:234,39
DA:235,39
DA:236,39
DA:237,39
DA:242,1524
DA:247,1
DA:248,1563
DA:249,864
DA:251,1563
DA:252,1563
DA:253,1563
DA:254,1563
DA:255,3
DA:256,3
DA:258,1560
DA:263,1
DA:264,54
DA:265,54
DA:266,54
DA:268,54
DA:269,54
DA:270,54
DA:271,54
DA:272,54
DA:276,54
DA:277,54
DA:278,54
DA:279,0
DA:281,54
DA:282,3
DA:283,3
DA:284,3
DA:285,0
DA:287,3
DA:288,3
DA:289,3
DA:290,3
DA:291,3
DA:292,3
DA:293,3
DA:298,51
DA:303,1
DA:304,54
DA:305,54
DA:306,0
DA:308,54
DA:309,54
DA:310,828
DA:312,54
DA:313,54
DA:314,0
DA:315,0
DA:317,54
DA:322,1
DA:323,363
DA:324,363
DA:325,6
DA:326,6
DA:327,6
DA:329,357
DA:330,357
DA:331,357
DA:332,357
DA:333,357
DA:337,357
DA:338,357
DA:339,357
DA:340,0
DA:342,357
DA:343,0
DA:344,0
DA:345,0
DA:347,357
DA:352,1
DA:353,357
DA:354,357
DA:355,111
DA:356,246
DA:357,246
DA:359,0
DA:360,0
DA:361,0
DA:363,357
DA:364,357
DA:365,357
DA:366,357
DA:367,0
DA:369,357
DA:370,357
DA:375,1
DA:376,81
DA:377,81
DA:378,3
DA:380,81
DA:381,81
DA:382,81
DA:383,81
DA:384,81
DA:388,81
DA:389,81
DA:390,81
DA:391,3
DA:393,78
DA:394,0
DA:396,78
DA:401,1
DA:402,162
DA:403,162
DA:404,81
DA:405,81
DA:407,0
DA:408,81
DA:409,0
DA:410,81
DA:411,78
DA:413,3
DA:415,81
DA:416,81
DA:417,81
DA:418,81
DA:419,81
DA:420,0
DA:421,0
DA:422,0
DA:423,0
DA:425,0
DA:426,0
DA:429,81
DA:430,78
DA:432,3
DA:437,1
DA:438,276
DA:439,276
DA:440,273
DA:442,276
DA:443,3
DA:444,273
DA:445,273
DA:447,276
DA:448,273
DA:449,3
DA:450,3
DA:452,276
DA:453,276
DA:454,276
DA:455,276
DA:456,276
DA:457,276
DA:458,276
DA:462,276
DA:463,276
DA:464,276
DA:465,3
DA:467,273
DA:468,0
DA:470,273
DA:475,1
DA:476,279
DA:477,279
DA:478,3
DA:479,3
DA:481,0
DA:482,276
DA:483,0
DA:484,276
DA:485,33
DA:487,243
DA:489,276
DA:490,276
DA:491,276
DA:492,276
DA:493,0
DA:494,0
DA:495,0
DA:496,0
DA:498,0
DA:499,0
DA:502,276
DA:503,0
DA:505,276
DA:506,276
DA:507,6
DA:509,270
DA:514,1
DA:515,27
DA:516,27
DA:517,27
DA:518,27
DA:519,27
DA:520,27
DA:524,27
DA:525,27
DA:526,27
DA:527,3
DA:529,24
DA:530,3
DA:532,21
DA:533,0
DA:534,0
DA:535,0
DA:537,21
DA:542,1
DA:543,147
DA:544,147
DA:545,147
DA:546,147
DA:547,147
DA:550,1
LF:345
LH:300
BRDA:4,1,0,1
BRDA:4,1,1,0
BRDA:7,2,0,1
BRDA:7,2,1,0
BRDA:41,3,0,3
BRDA:41,3,1,138
BRDA:46,4,0,33
BRDA:46,4,1,105
BRDA:51,5,0,138
BRDA:51,5,1,135
BRDA:92,6,0,147
BRDA:92,6,1,357
BRDA:112,7,0,0
BRDA:112,7,1,0
BRDA:122,8,0,18
BRDA:122,8,1,5442
BRDA:131,9,0,3
BRDA:131,9,1,2736
BRDA:132,10,0,3
BRDA:132,10,1,0
BRDA:138,11,0,18
BRDA:138,11,1,2721
BRDA:146,12,0,2667
BRDA:146,12,1,54
BRDA:153,13,0,2718
BRDA:153,13,1,21
BRDA:164,14,0,375
BRDA:164,14,1,0
BRDA:171,15,0,6
BRDA:171,15,1,369
BRDA:180,16,0,264
BRDA:180,16,1,147
BRDA:185,17,0,0
BRDA:185,17,1,147
BRDA:193,18,0,0
BRDA:193,18,1,3
BRDA:215,19,0,1566
BRDA:215,19,1,0
BRDA:222,20,0,3
BRDA:222,20,1,1563
BRDA:225,21,0,39
BRDA:225,21,1,1524
BRDA:228,22,0,0
BRDA:228,22,1,39
BRDA:248,23,0,864
BRDA:248,23,1,699
BRDA:254,24,0,3
BRDA:254,24,1,1560
BRDA:254,25,0,1563
BRDA:254,25,1,3
BRDA:265,26,0,54
BRDA:265,26,1,0
BRDA:271,27,0,54
BRDA:271,27,1,0
BRDA:278,28,0,0
BRDA:278,28,1,54
BRDA:281,29,0,3
BRDA:281,29,1,51
BRDA:284,30,0,0
BRDA:284,30,1,3
BRDA:305,31,0,0
BRDA:305,31,1,54
BRDA:313,32,0,0
BRDA:313,32,1,54
BRDA:313,33,0,54
BRDA:313,33,1,0
BRDA:324,34,0,6
BRDA:324,34,1,357
BRDA:332,35,0,357
BRDA:332,35,1,0
BRDA:339,36,0,0
BRDA:339,36,1,357
BRDA:342,37,0,0
BRDA:342,37,1,357
BRDA:354,38,0,111
BRDA:354,38,1,246
BRDA:356,39,0,246
BRDA:356,39,1,0
BRDA:366,40,0,0
BRDA:366,40,1,357
BRDA:377,41,0,3
BRDA:377,41,1,78
BRDA:383,42,0,81
BRDA:383,42,1,0
BRDA:390,43,0,3
BRDA:390,43,1,78
BRDA:393,44,0,0
BRDA:393,44,1,78
BRDA:403,45,0,81
BRDA:403,45,1,81
BRDA:404,46,0,81
BRDA:404,46,1,0
BRDA:408,47,0,0
BRDA:408,47,1,81
BRDA:410,48,0,78
BRDA:410,48,1,3
BRDA:419,49,0,0
BRDA:419,49,1,81
BRDA:420,50,0,0
BRDA:420,50,1,0
BRDA:422,51,0,0
BRDA:422,51,1,0
BRDA:429,52,0,78
BRDA:429,52,1,3
BRDA:439,53,0,273
BRDA:439,53,1,3
BRDA:442,54,0,3
BRDA:442,54,1,273
BRDA:444,55,0,273
BRDA:444,55,1,0
BRDA:447,56,0,273
BRDA:447,56,1,3
BRDA:449,57,0,3
BRDA:449,57,1,0
BRDA:457,58,0,276
BRDA:457,58,1,0
BRDA:464,59,0,3
BRDA:464,59,1,273
BRDA:467,60,0,0
BRDA:467,60,1,273
BRDA:477,61,0,3
BRDA:477,61,1,276
BRDA:478,62,0,3
BRDA:478,62,1,0
BRDA:482,63,0,0
BRDA:482,63,1,276
BRDA:484,64,0,33
BRDA:484,64,1,243
BRDA:492,65,0,0
BRDA:492,65,1,276
BRDA:493,66,0,0
BRDA:493,66,1,0
BRDA:495,67,0,0
BRDA:495,67,1,0
BRDA:502,68,0,0
BRDA:502,68,1,276
BRDA:506,69,0,6
BRDA:506,69,1,270
BRDA:519,70,0,27
BRDA:519,70,1,0
BRDA:526,71,0,3
BRDA:526,71,1,24
BRDA:529,72,0,3
BRDA:529,72,1,21
BRDA:532,73,0,0
BRDA:532,73,1,21
BRF:146
BRH:101
end_of_record
TN:
SF:D:\Documents\web sites\buma.dev\library\sm-store\lib\PersistenceManager.js
FN:2,(anonymous_1)
FN:4,(anonymous_2)
FN:4,ctor
FN:25,(anonymous_4)
FN:28,PersistenceManager
FN:44,(anonymous_6)
FN:70,(anonymous_7)
FN:82,(anonymous_8)
FN:90,(anonymous_9)
FN:103,(anonymous_10)
FN:107,(anonymous_11)
FN:110,(anonymous_12)
FN:118,(anonymous_13)
FN:126,(anonymous_14)
FN:135,(anonymous_15)
FN:147,(anonymous_16)
FN:151,(anonymous_17)
FN:165,(anonymous_18)
FN:180,(anonymous_19)
FN:191,(anonymous_20)
FN:204,(anonymous_21)
FN:208,(anonymous_22)
FN:211,(anonymous_23)
FN:219,(anonymous_24)
FN:227,(anonymous_25)
FN:236,(anonymous_26)
FN:248,(anonymous_27)
FN:252,(anonymous_28)
FN:268,(anonymous_29)
FN:272,(anonymous_30)
FN:275,(anonymous_31)
FN:293,(anonymous_32)
FN:294,(anonymous_33)
FN:310,(anonymous_34)
FN:319,(anonymous_35)
FN:337,(anonymous_36)
FN:338,(anonymous_37)
FN:355,(anonymous_38)
FN:358,(anonymous_39)
FN:376,(anonymous_40)
FN:435,(anonymous_41)
FN:464,(anonymous_42)
FN:465,InsertQuery
FN:470,(anonymous_44)
FN:473,(anonymous_45)
FN:476,(anonymous_46)
FN:479,(anonymous_47)
FN:484,(anonymous_48)
FN:488,(anonymous_49)
FN:493,(anonymous_50)
FN:496,(anonymous_51)
FN:500,(anonymous_52)
FN:507,(anonymous_53)
FN:510,(anonymous_54)
FN:590,(anonymous_55)
FN:603,(anonymous_56)
FN:604,(anonymous_57)
FN:605,(anonymous_58)
FN:606,(anonymous_59)
FN:623,(anonymous_60)
FN:624,(anonymous_61)
FN:633,(anonymous_62)
FN:642,(anonymous_63)
FN:664,(anonymous_64)
FN:677,(anonymous_65)
FN:678,SelectQuery
FN:680,(anonymous_67)
FN:683,(anonymous_68)
FN:686,(anonymous_69)
FN:689,(anonymous_70)
FN:700,(anonymous_71)
FN:711,(anonymous_72)
FN:714,(anonymous_73)
FN:726,(anonymous_74)
FN:727,(anonymous_75)
FN:743,(anonymous_76)
FN:747,(anonymous_77)
FN:764,(anonymous_78)
FN:781,(anonymous_79)
FN:792,(anonymous_80)
FN:820,(anonymous_81)
FN:824,(anonymous_82)
FN:835,(anonymous_83)
FN:856,(anonymous_84)
FN:893,(anonymous_85)
FN:894,UpdateQuery
FN:899,(anonymous_87)
FN:902,(anonymous_88)
FN:905,(anonymous_89)
FN:908,(anonymous_90)
FN:911,(anonymous_91)
FN:914,(anonymous_92)
FN:920,(anonymous_93)
FN:924,(anonymous_94)
FN:1011,(anonymous_95)
FN:1015,(anonymous_96)
FN:1019,(anonymous_97)
FN:1043,(anonymous_98)
FN:1054,(anonymous_99)
FN:1055,(anonymous_100)
FN:1065,(anonymous_101)
FN:1066,(anonymous_102)
FN:1096,(anonymous_103)
FN:1104,(anonymous_104)
FN:1112,(anonymous_105)
FN:1135,(anonymous_106)
FN:1161,(anonymous_107)
FN:1162,DeleteQuery
FN:1167,(anonymous_109)
FN:1170,(anonymous_110)
FN:1173,(anonymous_111)
FN:1202,(anonymous_112)
FN:1205,(anonymous_113)
FN:1223,(anonymous_114)
FN:1225,(anonymous_115)
FN:1243,(anonymous_116)
FN:1244,(anonymous_117)
FN:1252,(anonymous_118)
FN:1256,(anonymous_119)
FN:1272,(anonymous_120)
FNF:120
FNH:110
FNDA:1,(anonymous_1)
FNDA:1,(anonymous_2)
FNDA:1,ctor
FNDA:1,(anonymous_4)
FNDA:285,PersistenceManager
FNDA:215,(anonymous_6)
FNDA:1539,(anonymous_7)
FNDA:645,(anonymous_8)
FNDA:228,(anonymous_9)
FNDA:228,(anonymous_10)
FNDA:228,(anonymous_11)
FNDA:0,(anonymous_12)
FNDA:228,(anonymous_13)
FNDA:228,(anonymous_14)
FNDA:0,(anonymous_15)
FNDA:270,(anonymous_16)
FNDA:699,(anonymous_17)
FNDA:48,(anonymous_18)
FNDA:747,(anonymous_19)
FNDA:33,(anonymous_20)
FNDA:33,(anonymous_21)
FNDA:33,(anonymous_22)
FNDA:0,(anonymous_23)
FNDA:33,(anonymous_24)
FNDA:33,(anonymous_25)
FNDA:0,(anonymous_26)
FNDA:33,(anonymous_27)
FNDA:24,(anonymous_28)
FNDA:24,(anonymous_29)
FNDA:51,(anonymous_30)
FNDA:0,(anonymous_31)
FNDA:21,(anonymous_32)
FNDA:21,(anonymous_33)
FNDA:6,(anonymous_34)
FNDA:0,(anonymous_35)
FNDA:6,(anonymous_36)
FNDA:6,(anonymous_37)
FNDA:354,(anonymous_38)
FNDA:0,(anonymous_39)
FNDA:438,(anonymous_40)
FNDA:105,(anonymous_41)
FNDA:1,(anonymous_42)
FNDA:624,InsertQuery
FNDA:573,(anonymous_44)
FNDA:573,(anonymous_45)
FNDA:573,(anonymous_46)
FNDA:915,(anonymous_47)
FNDA:3534,(anonymous_48)
FNDA:207,(anonymous_49)
FNDA:573,(anonymous_50)
FNDA:342,(anonymous_51)
FNDA:987,(anonymous_52)
FNDA:246,(anonymous_53)
FNDA:246,(anonymous_54)
FNDA:573,(anonymous_55)
FNDA:342,(anonymous_56)
FNDA:342,(anonymous_57)
FNDA:342,(anonymous_58)
FNDA:342,(anonymous_59)
FNDA:237,(anonymous_60)
FNDA:237,(anonymous_61)
FNDA:573,(anonymous_62)
FNDA:573,(anonymous_63)
FNDA:267,(anonymous_64)
FNDA:1,(anonymous_65)
FNDA:747,SelectQuery
FNDA:747,(anonymous_67)
FNDA:747,(anonymous_68)
FNDA:747,(anonymous_69)
FNDA:747,(anonymous_70)
FNDA:48,(anonymous_71)
FNDA:48,(anonymous_72)
FNDA:48,(anonymous_73)
FNDA:48,(anonymous_74)
FNDA:57,(anonymous_75)
FNDA:36,(anonymous_76)
FNDA:36,(anonymous_77)
FNDA:21,(anonymous_78)
FNDA:699,(anonymous_79)
FNDA:699,(anonymous_80)
FNDA:129,(anonymous_81)
FNDA:129,(anonymous_82)
FNDA:75,(anonymous_83)
FNDA:123,(anonymous_84)
FNDA:1,(anonymous_85)
FNDA:72,UpdateQuery
FNDA:72,(anonymous_87)
FNDA:72,(anonymous_88)
FNDA:72,(anonymous_89)
FNDA:117,(anonymous_90)
FNDA:99,(anonymous_91)
FNDA:48,(anonymous_92)
FNDA:324,(anonymous_93)
FNDA:0,(anonymous_94)
FNDA:27,(anonymous_95)
FNDA:0,(anonymous_96)
FNDA:27,(anonymous_97)
FNDA:72,(anonymous_98)
FNDA:39,(anonymous_99)
FNDA:39,(anonymous_100)
FNDA:27,(anonymous_101)
FNDA:27,(anonymous_102)
FNDA:27,(anonymous_103)
FNDA:72,(anonymous_104)
FNDA:72,(anonymous_105)
FNDA:72,(anonymous_106)
FNDA:1,(anonymous_107)
FNDA:51,DeleteQuery
FNDA:0,(anonymous_109)
FNDA:81,(anonymous_110)
FNDA:51,(anonymous_111)
FNDA:21,(anonymous_112)
FNDA:21,(anonymous_113)
FNDA:51,(anonymous_114)
FNDA:51,(anonymous_115)
FNDA:27,(anonymous_116)
FNDA:27,(anonymous_117)
FNDA:21,(anonymous_118)
FNDA:21,(anonymous_119)
FNDA:51,(anonymous_120)
DA:2,1
DA:3,1
DA:4,1
DA:7,1
DA:9,1
DA:11,1
DA:13,1
DA:15,1
DA:17,1
DA:19,1
DA:21,1
DA:23,1
DA:25,1
DA:26,1
DA:28,1
DA:29,285
DA:32,1
DA:36,1
DA:45,215
DA:46,214
DA:48,1
DA:70,1
DA:71,1539
DA:72,1539
DA:73,1539
DA:75,0
DA:77,1539
DA:78,1488
DA:82,1
DA:83,645
DA:84,215
DA:86,430
DA:90,1
DA:91,228
DA:92,228
DA:93,228
DA:94,228
DA:100,0
DA:101,0
DA:103,228
DA:104,228
DA:105,0
DA:107,228
DA:108,228
DA:109,0
DA:110,0
DA:111,0
DA:113,0
DA:115,0
DA:116,0
DA:118,228
DA:119,228
DA:120,228
DA:121,0
DA:123,228
DA:125,228
DA:126,228
DA:127,228
DA:128,0
DA:129,0
DA:131,0
DA:134,228
DA:135,0
DA:136,0
DA:139,228
DA:147,1
DA:148,270
DA:151,1
DA:152,699
DA:153,699
DA:154,699
DA:155,699
DA:159,0
DA:160,0
DA:162,699
DA:165,1
DA:166,48
DA:167,48
DA:168,48
DA:169,48
DA:170,48
DA:174,0
DA:175,0
DA:177,48
DA:180,1
DA:181,747
DA:182,747
DA:183,6
DA:184,6
DA:188,747
DA:191,1
DA:192,33
DA:193,33
DA:194,33
DA:195,33
DA:201,0
DA:202,0
DA:204,33
DA:205,33
DA:206,0
DA:208,33
DA:209,33
DA:210,0
DA:211,0
DA:212,0
DA:214,0
DA:216,0
DA:217,0
DA:219,33
DA:220,33
DA:221,33
DA:222,0
DA:224,33
DA:226,33
DA:227,33
DA:228,33
DA:229,0
DA:230,0
DA:232,0
DA:235,33
DA:236,0
DA:237,0
DA:240,33
DA:248,1
DA:249,33
DA:252,1
DA:253,24
DA:254,24
DA:255,24
DA:256,24
DA:262,0
DA:263,0
DA:265,24
DA:268,1
DA:269,24
DA:272,1
DA:273,51
DA:274,51
DA:275,0
DA:277,51
DA:278,51
DA:279,51
DA:283,51
DA:284,30
DA:288,21
DA:289,21
DA:293,21
DA:294,21
DA:295,21
DA:296,0
DA:298,21
DA:299,15
DA:301,6
DA:310,1
DA:311,6
DA:312,6
DA:313,0
DA:315,6
DA:316,0
DA:318,6
DA:319,0
DA:321,6
DA:322,6
DA:323,6
DA:327,6
DA:328,0
DA:332,6
DA:333,6
DA:337,6
DA:338,6
DA:339,6
DA:340,0
DA:342,6
DA:343,3
DA:344,3
DA:346,3
DA:355,1
DA:356,354
DA:357,354
DA:358,0
DA:360,354
DA:361,0
DA:362,0
DA:363,0
DA:365,354
DA:366,354
DA:367,354
DA:370,354
DA:373,354
DA:376,1
DA:377,438
DA:378,438
DA:379,438
DA:380,96
DA:381,6
DA:382,90
DA:383,9
DA:384,9
DA:386,81
DA:387,42
DA:388,42
DA:389,42
DA:390,42
DA:391,42
DA:392,42
DA:393,84
DA:394,84
DA:395,84
DA:396,3
DA:397,3
DA:399,81
DA:401,42
DA:402,39
DA:406,81
DA:407,9
DA:410,96
DA:411,96
DA:412,63
DA:413,102
DA:414,102
DA:416,33
DA:417,3
DA:418,3
DA:419,3
DA:420,3
DA:424,342
DA:426,438
DA:427,39
DA:428,39
DA:430,438
DA:433,1
DA:435,1
DA:436,105
DA:437,105
DA:438,3
DA:440,102
DA:441,102
DA:442,24
DA:444,78
DA:446,102
DA:447,6
DA:449,102
DA:450,96
DA:451,6
DA:452,3
DA:453,3
DA:454,3
DA:455,3
DA:456,0
DA:457,3
DA:458,3
DA:464,1
DA:465,1
DA:466,624
DA:467,624
DA:468,39
DA:470,624
DA:471,573
DA:473,624
DA:474,573
DA:476,624
DA:477,573
DA:479,624
DA:480,915
DA:482,624
DA:483,624
DA:484,573
DA:485,3534
DA:488,51
DA:489,207
DA:492,624
DA:493,624
DA:494,573
DA:496,624
DA:497,342
DA:498,342
DA:500,624
DA:501,987
DA:503,624
DA:504,624
DA:505,624
DA:506,624
DA:507,246
DA:508,246
DA:510,246
DA:511,246
DA:512,246
DA:513,246
DA:514,246
DA:515,354
DA:516,354
DA:520,246
DA:522,246
DA:523,246
DA:524,354
DA:525,354
DA:528,624
DA:529,624
DA:530,621
DA:532,624
DA:533,51
DA:535,624
DA:536,624
DA:537,2415
DA:538,2415
DA:539,2415
DA:540,183
DA:541,183
DA:542,12
DA:544,171
DA:545,171
DA:546,11
DA:547,160
DA:548,4
DA:549,3
DA:551,1
DA:554,156
DA:556,171
DA:557,3
DA:558,3
DA:559,3
DA:562,2232
DA:564,2400
DA:565,2400
DA:566,2400
DA:567,2400
DA:568,432
DA:569,432
DA:571,2400
DA:572,360
DA:576,2400
DA:577,30
DA:579,2370
DA:580,288
DA:582,2370
DA:583,0
DA:585,2370
DA:587,621
DA:590,1
DA:591,573
DA:592,573
DA:593,336
DA:594,336
DA:596,237
DA:597,237
DA:598,237
DA:599,237
DA:600,237
DA:601,579
DA:602,579
DA:603,342
DA:604,342
DA:605,342
DA:606,342
DA:607,342
DA:608,342
DA:609,0
DA:611,342
DA:612,342
DA:613,342
DA:614,342
DA:620,237
DA:623,237
DA:624,237
DA:625,237
DA:626,0
DA:628,237
DA:633,1
DA:634,573
DA:635,573
DA:636,573
DA:637,573
DA:638,573
DA:639,573
DA:640,573
DA:641,573
DA:642,573
DA:643,573
DA:644,573
DA:645,0
DA:647,573
DA:648,570
DA:649,234
DA:650,336
DA:651,224
DA:653,112
DA:656,573
DA:657,573
DA:658,267
DA:659,267
DA:661,267
DA:664,267
DA:665,267
DA:668,306
DA:673,1
DA:677,1
DA:678,1
DA:679,747
DA:680,747
DA:681,747
DA:683,747
DA:684,747
DA:686,747
DA:687,747
DA:689,747
DA:690,747
DA:692,747
DA:693,747
DA:696,747
DA:697,747
DA:700,1
DA:701,48
DA:702,48
DA:703,48
DA:704,48
DA:705,48
DA:706,48
DA:707,48
DA:708,48
DA:709,48
DA:710,48
DA:711,48
DA:712,48
DA:715,48
DA:716,0
DA:717,0
DA:719,0
DA:722,48
DA:726,48
DA:727,48
DA:728,57
DA:729,57
DA:730,57
DA:731,57
DA:732,21
DA:733,0
DA:734,0
DA:735,0
DA:736,0
DA:738,21
DA:739,21
DA:743,21
DA:744,36
DA:748,36
DA:749,36
DA:750,0
DA:752,36
DA:753,0
DA:754,0
DA:755,0
DA:757,0
DA:758,0
DA:759,0
DA:760,0
DA:762,36
DA:765,21
DA:766,21
DA:767,21
DA:768,0
DA:769,0
DA:771,21
DA:774,21
DA:776,36
DA:781,1
DA:782,699
DA:783,699
DA:784,0
DA:785,0
DA:786,0
DA:788,699
DA:789,699
DA:790,699
DA:791,699
DA:792,699
DA:793,699
DA:794,699
DA:795,0
DA:797,699
DA:798,699
DA:799,15
DA:801,684
DA:802,684
DA:803,519
DA:804,519
DA:805,0
DA:806,0
DA:807,0
DA:808,0
DA:811,165
DA:813,684
DA:814,684
DA:815,1395
DA:816,1395
DA:817,1395
DA:819,684
DA:820,75
DA:821,129
DA:825,129
DA:826,0
DA:828,129
DA:829,0
DA:830,0
DA:831,0
DA:833,129
DA:836,75
DA:837,0
DA:839,75
DA:841,75
DA:843,609
DA:844,30
DA:846,579
DA:849,699
DA:852,1
DA:856,1
DA:857,123
DA:858,123
DA:859,123
DA:860,0
DA:862,123
DA:863,0
DA:864,0
DA:865,0
DA:867,123
DA:868,123
DA:870,123
DA:871,123
DA:872,12
DA:875,12
DA:876,12
DA:877,12
DA:878,12
DA:879,24
DA:880,24
DA:883,111
DA:885,123
DA:886,0
DA:887,0
DA:888,0
DA:890,123
DA:893,1
DA:894,1
DA:895,72
DA:896,72
DA:897,0
DA:899,72
DA:900,72
DA:902,72
DA:903,72
DA:905,72
DA:906,72
DA:908,72
DA:909,117
DA:911,72
DA:912,99
DA:914,72
DA:915,48
DA:916,48
DA:918,72
DA:919,72
DA:920,72
DA:921,324
DA:924,0
DA:925,0
DA:928,72
DA:929,72
DA:930,72
DA:931,72
DA:932,72
DA:933,72
DA:934,72
DA:935,72
DA:936,270
DA:937,270
DA:938,27
DA:939,27
DA:940,18
DA:943,252
DA:944,18
DA:945,0
DA:946,18
DA:947,0
DA:948,0
DA:950,0
DA:953,18
DA:956,234
DA:958,252
DA:959,252
DA:960,252
DA:961,0
DA:962,0
DA:964,0
DA:965,0
DA:967,252
DA:968,252
DA:969,252
DA:970,36
DA:971,24
DA:973,36
DA:974,12
DA:977,252
DA:978,24
DA:979,24
DA:980,12
DA:981,12
DA:984,252
DA:985,12
DA:989,252
DA:990,0
DA:992,252
DA:993,24
DA:995,252
DA:996,0
DA:998,252
DA:1001,252
DA:1002,252
DA:1003,228
DA:1006,72
DA:1007,72
DA:1008,45
DA:1010,27
DA:1011,27
DA:1012,27
DA:1015,0
DA:1016,0
DA:1019,27
DA:1020,27
DA:1021,27
DA:1022,27
DA:1024,0
DA:1028,27
DA:1029,27
DA:1030,39
DA:1031,39
DA:1037,27
DA:1040,72
DA:1043,1
DA:1044,72
DA:1045,72
DA:1046,45
DA:1048,27
DA:1049,27
DA:1050,27
DA:1051,27
DA:1052,66
DA:1053,66
DA:1054,39
DA:1055,39
DA:1056,39
DA:1060,27
DA:1063,27
DA:1064,27
DA:1065,27
DA:1066,27
DA:1067,27
DA:1068,27
DA:1069,0
DA:1071,27
DA:1072,27
DA:1073,39
DA:1074,39
DA:1075,39
DA:1076,39
DA:1077,39
DA:1078,24
DA:1079,24
DA:1080,24
DA:1084,27
DA:1085,27
DA:1088,27
DA:1089,0
DA:1090,0
DA:1092,27
DA:1093,3
DA:1094,3
DA:1096,27
DA:1097,27
DA:1098,27
DA:1104,1
DA:1105,72
DA:1106,72
DA:1107,72
DA:1108,72
DA:1109,72
DA:1110,72
DA:1111,72
DA:1112,72
DA:1113,72
DA:1114,72
DA:1115,0
DA:1117,72
DA:1118,48
DA:1119,24
DA:1120,24
DA:1121,0
DA:1122,0
DA:1124,72
DA:1125,72
DA:1126,9
DA:1129,63
DA:1130,63
DA:1132,72
DA:1135,72
DA:1136,72
DA:1137,72
DA:1138,0
DA:1140,72
DA:1141,72
DA:1142,24
DA:1143,0
DA:1144,0
DA:1145,0
DA:1147,24
DA:1150,48
DA:1152,72
DA:1157,1
DA:1161,1
DA:1162,1
DA:1163,51
DA:1164,51
DA:1165,0
DA:1167,51
DA:1168,0
DA:1170,51
DA:1171,81
DA:1173,51
DA:1174,51
DA:1176,51
DA:1177,51
DA:1178,51
DA:1179,51
DA:1180,51
DA:1181,51
DA:1182,51
DA:1183,195
DA:1184,195
DA:1185,24
DA:1187,171
DA:1188,12
DA:1189,12
DA:1190,12
DA:1191,12
DA:1192,12
DA:1193,12
DA:1195,12
DA:1196,6
DA:1198,12
DA:1201,51
DA:1202,21
DA:1203,21
DA:1205,21
DA:1206,21
DA:1207,21
DA:1208,21
DA:1209,21
DA:1210,27
DA:1211,27
DA:1217,21
DA:1220,51
DA:1223,1
DA:1224,51
DA:1225,51
DA:1226,51
DA:1227,0
DA:1229,51
DA:1230,17
DA:1232,51
DA:1234,51
DA:1235,30
DA:1237,21
DA:1238,21
DA:1239,21
DA:1240,21
DA:1241,27
DA:1242,27
DA:1243,27
DA:1244,27
DA:1245,27
DA:1249,0
DA:1252,21
DA:1253,21
DA:1254,0
DA:1256,21
DA:1257,21
DA:1258,21
DA:1259,0
DA:1261,21
DA:1262,27
DA:1263,27
DA:1264,0
DA:1267,21
DA:1272,1
DA:1273,51
DA:1274,51
DA:1275,51
DA:1278,1
LF:795
LH:672
BRDA:4,1,0,0
BRDA:4,1,1,0
BRDA:7,2,0,1
BRDA:7,2,1,0
BRDA:45,3,0,214
BRDA:45,3,1,1
BRDA:72,4,0,1539
BRDA:72,4,1,0
BRDA:77,5,0,1488
BRDA:77,5,1,51
BRDA:83,6,0,215
BRDA:83,6,1,430
BRDA:83,7,0,645
BRDA:83,7,1,645
BRDA:104,8,0,0
BRDA:104,8,1,228
BRDA:108,9,0,0
BRDA:108,9,1,228
BRDA:109,10,0,0
BRDA:109,10,1,0
BRDA:111,11,0,0
BRDA:111,11,1,0
BRDA:120,12,0,0
BRDA:120,12,1,228
BRDA:127,13,0,0
BRDA:127,13,1,228
BRDA:128,14,0,0
BRDA:128,14,1,0
BRDA:134,15,0,0
BRDA:134,15,1,228
BRDA:168,16,0,48
BRDA:168,16,1,30
BRDA:182,17,0,6
BRDA:182,17,1,741
BRDA:182,18,0,747
BRDA:182,18,1,57
BRDA:205,19,0,0
BRDA:205,19,1,33
BRDA:209,20,0,0
BRDA:209,20,1,33
BRDA:210,21,0,0
BRDA:210,21,1,0
BRDA:212,22,0,0
BRDA:212,22,1,0
BRDA:221,23,0,0
BRDA:221,23,1,33
BRDA:228,24,0,0
BRDA:228,24,1,33
BRDA:229,25,0,0
BRDA:229,25,1,0
BRDA:235,26,0,0
BRDA:235,26,1,33
BRDA:274,27,0,0
BRDA:274,27,1,51
BRDA:277,28,0,51
BRDA:277,28,1,51
BRDA:283,29,0,30
BRDA:283,29,1,21
BRDA:295,30,0,0
BRDA:295,30,1,21
BRDA:298,31,0,15
BRDA:298,31,1,6
BRDA:312,32,0,0
BRDA:312,32,1,6
BRDA:312,33,0,6
BRDA:312,33,1,0
BRDA:315,34,0,0
BRDA:315,34,1,6
BRDA:318,35,0,0
BRDA:318,35,1,6
BRDA:321,36,0,6
BRDA:321,36,1,6
BRDA:327,37,0,0
BRDA:327,37,1,6
BRDA:339,38,0,0
BRDA:339,38,1,6
BRDA:342,39,0,3
BRDA:342,39,1,3
BRDA:357,40,0,0
BRDA:357,40,1,354
BRDA:360,41,0,0
BRDA:360,41,1,354
BRDA:365,42,0,354
BRDA:365,42,1,144
BRDA:379,43,0,96
BRDA:379,43,1,342
BRDA:380,44,0,6
BRDA:380,44,1,90
BRDA:382,45,0,9
BRDA:382,45,1,81
BRDA:382,46,0,90
BRDA:382,46,1,90
BRDA:386,47,0,42
BRDA:386,47,1,39
BRDA:386,48,0,81
BRDA:386,48,1,42
BRDA:386,48,2,24
BRDA:395,49,0,3
BRDA:395,49,1,81
BRDA:395,50,0,84
BRDA:395,50,1,84
BRDA:401,51,0,39
BRDA:401,51,1,3
BRDA:406,52,0,9
BRDA:406,52,1,72
BRDA:406,53,0,81
BRDA:406,53,1,42
BRDA:407,54,0,9
BRDA:407,54,1,3
BRDA:411,55,0,63
BRDA:411,55,1,33
BRDA:416,56,0,3
BRDA:416,56,1,30
BRDA:426,57,0,39
BRDA:426,57,1,399
BRDA:427,58,0,39
BRDA:427,58,1,39
BRDA:430,59,0,438
BRDA:430,59,1,0
BRDA:437,60,0,3
BRDA:437,60,1,102
BRDA:437,61,0,105
BRDA:437,61,1,102
BRDA:441,62,0,24
BRDA:441,62,1,78
BRDA:446,63,0,6
BRDA:446,63,1,96
BRDA:446,64,0,102
BRDA:446,64,1,6
BRDA:449,65,0,96
BRDA:449,65,1,6
BRDA:451,66,0,3
BRDA:451,66,1,3
BRDA:454,67,0,3
BRDA:454,67,1,0
BRDA:455,68,0,0
BRDA:455,68,1,3
BRDA:457,69,0,3
BRDA:457,69,1,0
BRDA:467,70,0,39
BRDA:467,70,1,585
BRDA:483,71,0,573
BRDA:483,71,1,51
BRDA:503,72,0,624
BRDA:503,72,1,270
BRDA:506,73,0,246
BRDA:506,73,1,378
BRDA:529,74,0,621
BRDA:529,74,1,3
BRDA:532,75,0,51
BRDA:532,75,1,573
BRDA:539,76,0,183
BRDA:539,76,1,2232
BRDA:541,77,0,12
BRDA:541,77,1,171
BRDA:545,78,0,11
BRDA:545,78,1,160
BRDA:545,79,0,171
BRDA:545,79,1,168
BRDA:547,80,0,4
BRDA:547,80,1,156
BRDA:548,81,0,3
BRDA:548,81,1,1
BRDA:556,82,0,3
BRDA:556,82,1,168
BRDA:567,83,0,432
BRDA:567,83,1,1968
BRDA:571,84,0,360
BRDA:571,84,1,2040
BRDA:571,85,0,2400
BRDA:571,85,1,390
BRDA:576,86,0,30
BRDA:576,86,1,2370
BRDA:579,87,0,288
BRDA:579,87,1,2082
BRDA:582,88,0,0
BRDA:582,88,1,2370
BRDA:592,89,0,336
BRDA:592,89,1,237
BRDA:602,90,0,342
BRDA:602,90,1,237
BRDA:608,91,0,0
BRDA:608,91,1,342
BRDA:625,92,0,0
BRDA:625,92,1,237
BRDA:644,93,0,0
BRDA:644,93,1,573
BRDA:647,94,0,570
BRDA:647,94,1,3
BRDA:648,95,0,234
BRDA:648,95,1,336
BRDA:650,96,0,224
BRDA:650,96,1,112
BRDA:653,97,0,112
BRDA:653,97,1,112
BRDA:653,97,2,112
BRDA:657,98,0,267
BRDA:657,98,1,306
BRDA:658,99,0,267
BRDA:658,99,1,0
BRDA:706,100,0,48
BRDA:706,100,1,48
BRDA:715,101,0,0
BRDA:715,101,1,48
BRDA:716,102,0,0
BRDA:716,102,1,0
BRDA:731,103,0,21
BRDA:731,103,1,36
BRDA:732,104,0,0
BRDA:732,104,1,21
BRDA:732,105,0,21
BRDA:732,105,1,21
BRDA:732,105,2,0
BRDA:749,106,0,0
BRDA:749,106,1,36
BRDA:752,107,0,0
BRDA:752,107,1,36
BRDA:754,108,0,0
BRDA:754,108,1,0
BRDA:767,109,0,0
BRDA:767,109,1,21
BRDA:783,110,0,0
BRDA:783,110,1,699
BRDA:794,111,0,0
BRDA:794,111,1,699
BRDA:798,112,0,15
BRDA:798,112,1,684
BRDA:802,113,0,519
BRDA:802,113,1,165
BRDA:804,114,0,0
BRDA:804,114,1,519
BRDA:819,115,0,75
BRDA:819,115,1,609
BRDA:825,116,0,0
BRDA:825,116,1,129
BRDA:828,117,0,0
BRDA:828,117,1,129
BRDA:836,118,0,0
BRDA:836,118,1,75
BRDA:843,119,0,30
BRDA:843,119,1,579
BRDA:859,120,0,0
BRDA:859,120,1,123
BRDA:859,121,0,123
BRDA:859,121,1,123
BRDA:862,122,0,0
BRDA:862,122,1,123
BRDA:862,123,0,123
BRDA:862,123,1,105
BRDA:867,124,0,123
BRDA:867,124,1,0
BRDA:870,125,0,123
BRDA:870,125,1,123
BRDA:871,126,0,12
BRDA:871,126,1,111
BRDA:885,127,0,0
BRDA:885,127,1,123
BRDA:896,128,0,0
BRDA:896,128,1,72
BRDA:919,129,0,72
BRDA:919,129,1,0
BRDA:928,130,0,72
BRDA:928,130,1,33
BRDA:937,131,0,27
BRDA:937,131,1,243
BRDA:939,132,0,18
BRDA:939,132,1,9
BRDA:943,133,0,18
BRDA:943,133,1,234
BRDA:943,134,0,252
BRDA:943,134,1,18
BRDA:944,135,0,0
BRDA:944,135,1,18
BRDA:944,136,0,18
BRDA:944,136,1,18
BRDA:946,137,0,0
BRDA:946,137,1,18
BRDA:947,138,0,0
BRDA:947,138,1,0
BRDA:960,139,0,0
BRDA:960,139,1,252
BRDA:960,140,0,252
BRDA:960,140,1,0
BRDA:961,141,0,0
BRDA:961,141,1,0
BRDA:969,142,0,36
BRDA:969,142,1,216
BRDA:970,143,0,24
BRDA:970,143,1,12
BRDA:973,144,0,12
BRDA:973,144,1,24
BRDA:977,145,0,24
BRDA:977,145,1,228
BRDA:977,146,0,252
BRDA:977,146,1,252
BRDA:979,147,0,12
BRDA:979,147,1,12
BRDA:984,148,0,12
BRDA:984,148,1,240
BRDA:989,149,0,0
BRDA:989,149,1,252
BRDA:992,150,0,24
BRDA:992,150,1,228
BRDA:995,151,0,0
BRDA:995,151,1,252
BRDA:1002,152,0,228
BRDA:1002,152,1,24
BRDA:1002,153,0,252
BRDA:1002,153,1,252
BRDA:1007,154,0,45
BRDA:1007,154,1,27
BRDA:1010,155,0,27
BRDA:1010,155,1,0
BRDA:1021,156,0,27
BRDA:1021,156,1,0
BRDA:1045,157,0,45
BRDA:1045,157,1,27
BRDA:1053,158,0,39
BRDA:1053,158,1,27
BRDA:1068,159,0,0
BRDA:1068,159,1,27
BRDA:1071,160,0,27
BRDA:1071,160,1,0
BRDA:1071,161,0,27
BRDA:1071,161,1,27
BRDA:1074,162,0,39
BRDA:1074,162,1,0
BRDA:1074,163,0,39
BRDA:1074,163,1,39
BRDA:1077,164,0,24
BRDA:1077,164,1,15
BRDA:1084,165,0,27
BRDA:1084,165,1,0
BRDA:1088,166,0,0
BRDA:1088,166,1,27
BRDA:1092,167,0,3
BRDA:1092,167,1,24
BRDA:1114,168,0,0
BRDA:1114,168,1,72
BRDA:1117,169,0,48
BRDA:1117,169,1,24
BRDA:1119,170,0,24
BRDA:1119,170,1,0
BRDA:1119,171,0,24
BRDA:1119,171,1,24
BRDA:1121,172,0,0
BRDA:1121,172,1,0
BRDA:1125,173,0,9
BRDA:1125,173,1,63
BRDA:1129,174,0,63
BRDA:1129,174,1,0
BRDA:1137,175,0,0
BRDA:1137,175,1,72
BRDA:1141,176,0,24
BRDA:1141,176,1,48
BRDA:1142,177,0,0
BRDA:1142,177,1,24
BRDA:1164,178,0,0
BRDA:1164,178,1,51
BRDA:1177,179,0,51
BRDA:1177,179,1,24
BRDA:1184,180,0,24
BRDA:1184,180,1,171
BRDA:1187,181,0,12
BRDA:1187,181,1,159
BRDA:1192,182,0,12
BRDA:1192,182,1,0
BRDA:1195,183,0,6
BRDA:1195,183,1,6
BRDA:1201,184,0,21
BRDA:1201,184,1,30
BRDA:1226,185,0,0
BRDA:1226,185,1,51
BRDA:1229,186,0,17
BRDA:1229,186,1,34
BRDA:1229,187,0,51
BRDA:1229,187,1,17
BRDA:1234,188,0,30
BRDA:1234,188,1,21
BRDA:1242,189,0,27
BRDA:1242,189,1,0
BRDA:1253,190,0,0
BRDA:1253,190,1,21
BRDA:1258,191,0,0
BRDA:1258,191,1,21
BRDA:1263,192,0,0
BRDA:1263,192,1,27
BRF:387
BRH:289
end_of_record
TN:
SF:D:\Documents\web sites\buma.dev\library\sm-store\lib\SquelPatch.js
FN:2,(anonymous_1)
FN:4,(anonymous_2)
FN:4,ctor
FN:14,(anonymous_4)
FN:17,HavingBlock
FN:22,(anonymous_6)
FN:44,(anonymous_7)
FN:70,(anonymous_8)
FN:99,(anonymous_9)
FN:131,(anonymous_10)
FN:134,Select
FN:145,(anonymous_12)
FNF:12
FNH:11
FNDA:1,(anonymous_1)
FNDA:2,(anonymous_2)
FNDA:2,ctor
FNDA:1,(anonymous_4)
FNDA:867,HavingBlock
FNDA:12,(anonymous_6)
FNDA:3,(anonymous_7)
FNDA:1614,(anonymous_8)
FNDA:747,(anonymous_9)
FNDA:1,(anonymous_10)
FNDA:867,Select
FNDA:0,(anonymous_12)
DA:2,1
DA:3,1
DA:4,2
DA:8,1
DA:10,1
DA:12,1
DA:14,1
DA:15,1
DA:17,1
DA:18,867
DA:19,867
DA:22,1
DA:23,12
DA:24,12
DA:25,12
DA:26,12
DA:27,12
DA:28,12
DA:29,3
DA:30,3
DA:31,3
DA:33,9
DA:34,177
DA:35,177
DA:36,6
DA:37,6
DA:38,3
DA:39,3
DA:40,3
DA:41,3
DA:43,3
DA:44,3
DA:45,3
DA:46,3
DA:47,3
DA:48,3
DA:49,3
DA:51,3
DA:54,3
DA:55,3
DA:58,171
DA:62,12
DA:63,12
DA:70,1
DA:71,1614
DA:72,1614
DA:73,1608
DA:75,6
DA:76,6
DA:77,6
DA:78,24
DA:79,24
DA:80,18
DA:82,24
DA:83,12
DA:84,12
DA:85,264
DA:86,264
DA:87,12
DA:89,252
DA:93,12
DA:96,6
DA:99,1
DA:100,747
DA:101,747
DA:105,747
DA:106,744
DA:108,3
DA:109,3
DA:110,3
DA:111,12
DA:112,12
DA:113,9
DA:115,12
DA:116,12
DA:117,12
DA:118,6
DA:119,6
DA:120,6
DA:123,3
DA:124,3
DA:127,1
DA:131,1
DA:132,1
DA:134,1
DA:135,867
DA:142,867
DA:145,1
DA:146,0
DA:149,1
DA:153,1
LF:91
LH:90
BRDA:4,1,0,2
BRDA:4,1,1,0
BRDA:24,2,0,6
BRDA:24,2,1,6
BRDA:28,3,0,3
BRDA:28,3,1,9
BRDA:35,4,0,6
BRDA:35,4,1,171
BRDA:35,5,0,177
BRDA:35,5,1,6
BRDA:37,6,0,3
BRDA:37,6,1,3
BRDA:62,7,0,12
BRDA:62,7,1,0
BRDA:72,8,0,1608
BRDA:72,8,1,6
BRDA:79,9,0,18
BRDA:79,9,1,6
BRDA:82,10,0,12
BRDA:82,10,1,12
BRDA:86,11,0,12
BRDA:86,11,1,252
BRDA:105,12,0,744
BRDA:105,12,1,3
BRDA:112,13,0,9
BRDA:112,13,1,3
BRDA:135,14,0,867
BRDA:135,14,1,867
BRF:28
BRH:26
end_of_record
TN:
SF:D:\Documents\web sites\buma.dev\library\sm-store\lib\RowMap.js
FN:2,(anonymous_1)
FN:32,(anonymous_2)
FN:39,(anonymous_3)
FN:49,(anonymous_4)
FN:53,(anonymous_5)
FN:57,(anonymous_6)
FN:61,(anonymous_7)
FN:65,(anonymous_8)
FN:69,(anonymous_9)
FN:74,RowMap
FN:95,(anonymous_11)
FN:108,(anonymous_12)
FN:112,(anonymous_13)
FN:119,(anonymous_14)
FN:175,(anonymous_15)
FN:199,(anonymous_16)
FN:212,(anonymous_17)
FN:224,(anonymous_18)
FN:253,(anonymous_19)
FN:281,(anonymous_20)
FN:300,(anonymous_21)
FN:322,(anonymous_22)
FN:325,(anonymous_23)
FN:331,(anonymous_24)
FN:360,(anonymous_25)
FN:396,(anonymous_26)
FN:422,(anonymous_27)
FN:429,(anonymous_28)
FN:460,(anonymous_29)
FN:503,(anonymous_30)
FN:519,(anonymous_31)
FN:556,(anonymous_32)
FN:574,(anonymous_33)
FN:581,(anonymous_34)
FN:588,(anonymous_35)
FN:592,(anonymous_36)
FN:596,(anonymous_37)
FN:607,(anonymous_38)
FN:619,(anonymous_39)
FN:640,(anonymous_40)
FN:641,(anonymous_41)
FN:642,(anonymous_42)
FN:656,(anonymous_43)
FN:659,(anonymous_44)
FN:660,(anonymous_45)
FN:675,(anonymous_46)
FN:697,(anonymous_47)
FN:699,(anonymous_48)
FN:700,(anonymous_49)
FN:705,(anonymous_50)
FN:706,(anonymous_51)
FNF:51
FNH:50
FNDA:1,(anonymous_1)
FNDA:12453,(anonymous_2)
FNDA:2466,(anonymous_3)
FNDA:11409,(anonymous_4)
FNDA:3327,(anonymous_5)
FNDA:582,(anonymous_6)
FNDA:1044,(anonymous_7)
FNDA:870,(anonymous_8)
FNDA:1,(anonymous_9)
FNDA:747,RowMap
FNDA:747,(anonymous_11)
FNDA:771,(anonymous_12)
FNDA:0,(anonymous_13)
FNDA:2478,(anonymous_14)
FNDA:747,(anonymous_15)
FNDA:747,(anonymous_16)
FNDA:747,(anonymous_17)
FNDA:747,(anonymous_18)
FNDA:1707,(anonymous_19)
FNDA:741,(anonymous_20)
FNDA:9180,(anonymous_21)
FNDA:30,(anonymous_22)
FNDA:30,(anonymous_23)
FNDA:33,(anonymous_24)
FNDA:9180,(anonymous_25)
FNDA:10995,(anonymous_26)
FNDA:16767,(anonymous_27)
FNDA:21165,(anonymous_28)
FNDA:10110,(anonymous_29)
FNDA:1452,(anonymous_30)
FNDA:12519,(anonymous_31)
FNDA:69030,(anonymous_32)
FNDA:1959,(anonymous_33)
FNDA:8286,(anonymous_34)
FNDA:40884,(anonymous_35)
FNDA:86718,(anonymous_36)
FNDA:8400,(anonymous_37)
FNDA:8367,(anonymous_38)
FNDA:10887,(anonymous_39)
FNDA:747,(anonymous_40)
FNDA:747,(anonymous_41)
FNDA:828,(anonymous_42)
FNDA:1632,(anonymous_43)
FNDA:1632,(anonymous_44)
FNDA:69799,(anonymous_45)
FNDA:1572,(anonymous_46)
FNDA:1638,(anonymous_47)
FNDA:870,(anonymous_48)
FNDA:852,(anonymous_49)
FNDA:15,(anonymous_50)
FNDA:27,(anonymous_51)
DA:2,1
DA:3,1
DA:6,1
DA:8,1
DA:10,1
DA:12,1
DA:14,1
DA:16,1
DA:18,1
DA:25,1
DA:32,1
DA:33,12453
DA:34,1068
DA:36,12453
DA:39,1
DA:40,2466
DA:41,2466
DA:42,786
DA:44,2466
DA:45,2466
DA:46,2466
DA:49,1
DA:50,11409
DA:53,1
DA:54,3327
DA:57,1
DA:58,582
DA:61,1
DA:62,1044
DA:65,1
DA:66,870
DA:69,1
DA:70,1
DA:74,1
DA:75,747
DA:76,747
DA:77,747
DA:78,747
DA:88,747
DA:89,747
DA:90,747
DA:91,747
DA:92,747
DA:95,1
DA:96,747
DA:97,747
DA:98,45
DA:99,45
DA:100,45
DA:102,702
DA:103,702
DA:104,702
DA:106,747
DA:107,747
DA:108,747
DA:109,771
DA:112,0
DA:113,0
DA:116,747
DA:119,1
DA:120,2478
DA:121,2478
DA:122,2454
DA:124,2478
DA:125,1707
DA:127,771
DA:128,0
DA:129,0
DA:130,0
DA:131,0
DA:133,0
DA:134,0
DA:136,771
DA:137,771
DA:138,771
DA:139,771
DA:140,771
DA:141,24
DA:142,24
DA:145,24
DA:146,0
DA:147,0
DA:148,0
DA:150,24
DA:151,24
DA:152,24
DA:153,15
DA:155,9
DA:157,24
DA:158,24
DA:159,24
DA:160,747
DA:161,747
DA:162,747
DA:163,747
DA:167,747
DA:169,0
DA:170,0
DA:171,0
DA:175,1
DA:176,747
DA:177,747
DA:178,747
DA:179,735
DA:181,12
DA:182,24
DA:183,24
DA:184,24
DA:185,24
DA:186,18
DA:187,18
DA:188,18
DA:189,18
DA:190,12
DA:191,18
DA:192,18
DA:199,1
DA:200,747
DA:201,747
DA:202,30
DA:203,30
DA:205,717
DA:206,717
DA:207,798
DA:208,798
DA:212,1
DA:213,747
DA:214,747
DA:215,747
DA:216,744
DA:218,3
DA:219,3
DA:220,3
DA:224,1
DA:225,747
DA:226,747
DA:227,747
DA:228,747
DA:229,4482
DA:230,4482
DA:231,4482
DA:232,789
DA:233,3693
DA:234,546
DA:235,3147
DA:236,3024
DA:238,1458
DA:239,0
DA:240,0
DA:241,0
DA:243,1458
DA:244,0
DA:246,1458
DA:247,1572
DA:248,1572
DA:253,1
DA:254,1707
DA:255,1707
DA:256,1707
DA:257,1707
DA:258,3636
DA:259,3636
DA:260,3636
DA:261,1707
DA:262,1707
DA:264,1929
DA:265,1929
DA:266,1929
DA:267,1707
DA:269,222
DA:270,222
DA:271,222
DA:272,75
DA:273,687
DA:275,75
DA:278,1707
DA:281,1
DA:282,741
DA:283,741
DA:284,678
DA:286,741
DA:287,6
DA:289,741
DA:290,0
DA:291,0
DA:292,0
DA:294,741
DA:295,6
DA:297,735
DA:300,1
DA:301,9180
DA:302,9180
DA:303,9180
DA:304,9180
DA:305,19953
DA:306,19953
DA:307,9180
DA:308,9180
DA:310,10773
DA:311,10773
DA:312,10773
DA:313,10773
DA:314,10773
DA:315,1593
DA:316,1593
DA:318,10773
DA:322,1
DA:323,30
DA:326,30
DA:331,1
DA:332,33
DA:333,33
DA:334,33
DA:335,33
DA:336,0
DA:337,33
DA:338,0
DA:339,33
DA:340,33
DA:341,33
DA:343,33
DA:344,33
DA:345,33
DA:346,0
DA:348,33
DA:349,33
DA:350,33
DA:351,33
DA:352,33
DA:353,33
DA:355,33
DA:356,33
DA:357,33
DA:360,1
DA:361,9180
DA:362,9180
DA:363,750
DA:364,750
DA:365,750
DA:366,750
DA:367,750
DA:368,7677
DA:370,750
DA:372,8430
DA:373,8430
DA:374,8430
DA:375,177
DA:377,8253
DA:378,8253
DA:379,8253
DA:380,8253
DA:381,8253
DA:382,8253
DA:383,8253
DA:384,8253
DA:385,8253
DA:386,249
DA:387,249
DA:388,249
DA:389,249
DA:390,3834
DA:392,249
DA:396,1
DA:397,10995
DA:398,10995
DA:399,10995
DA:400,10845
DA:402,150
DA:403,0
DA:404,0
DA:405,0
DA:407,150
DA:408,150
DA:409,150
DA:410,150
DA:411,150
DA:412,150
DA:413,150
DA:414,150
DA:415,150
DA:417,150
DA:418,150
DA:419,150
DA:422,1
DA:423,16767
DA:424,16767
DA:425,16767
DA:426,16767
DA:429,1
DA:430,21165
DA:431,21165
DA:432,21165
DA:433,12765
DA:435,8400
DA:436,8400
DA:437,33
DA:441,8367
DA:442,8367
DA:443,8367
DA:444,8367
DA:445,0
DA:447,8367
DA:448,8367
DA:451,8367
DA:452,336
DA:454,8367
DA:455,996
DA:457,8367
DA:460,1
DA:461,10110
DA:462,10110
DA:463,10110
DA:464,1743
DA:466,8367
DA:467,8367
DA:468,8367
DA:469,8367
DA:470,8367
DA:471,8367
DA:472,8367
DA:473,4485
DA:474,4485
DA:475,939
DA:477,3546
DA:480,8367
DA:481,5424
DA:482,5424
DA:483,5424
DA:484,5424
DA:485,1038
DA:486,1038
DA:487,1038
DA:488,1038
DA:489,1038
DA:490,1038
DA:494,4386
DA:496,5424
DA:498,8367
DA:499,8367
DA:500,8367
DA:503,1
DA:504,1452
DA:505,1452
DA:506,0
DA:508,1452
DA:509,933
DA:511,1452
DA:512,1452
DA:513,1452
DA:514,8640
DA:516,1452
DA:519,1
DA:520,12519
DA:521,12519
DA:522,12519
DA:523,12519
DA:524,12519
DA:525,10338
DA:526,10338
DA:528,2181
DA:529,2181
DA:530,2181
DA:531,2115
DA:532,2115
DA:534,2181
DA:535,2016
DA:536,3879
DA:538,2016
DA:539,2016
DA:540,0
DA:543,165
DA:553,2181
DA:556,1
DA:557,69030
DA:558,69030
DA:559,69030
DA:560,2199
DA:562,66831
DA:563,66831
DA:564,137496
DA:565,137496
DA:566,23844
DA:567,113652
DA:568,66813
DA:571,66831
DA:574,1
DA:575,1959
DA:576,1959
DA:577,1959
DA:578,1959
DA:581,1
DA:582,8286
DA:583,8286
DA:584,8286
DA:585,8286
DA:588,1
DA:589,40884
DA:592,1
DA:593,86718
DA:596,1
DA:597,8400
DA:598,8400
DA:599,8400
DA:600,0
DA:602,8400
DA:604,8400
DA:607,1
DA:608,8367
DA:609,8367
DA:610,8367
DA:611,8367
DA:612,8367
DA:613,8367
DA:615,0
DA:619,1
DA:620,10887
DA:621,10887
DA:622,10887
DA:623,8382
DA:624,2505
DA:625,90
DA:626,90
DA:627,90
DA:629,2415
DA:630,2415
DA:632,0
DA:633,0
DA:634,0
DA:635,0
DA:637,10887
DA:640,1
DA:641,747
DA:642,747
DA:643,828
DA:648,1
DA:652,1
DA:654,1
DA:656,1
DA:657,1632
DA:658,1632
DA:659,1632
DA:660,1632
DA:661,69799
DA:662,35753
DA:663,34046
DA:665,1707
DA:667,34046
DA:668,34046
DA:670,68092
DA:675,1
DA:676,1572
DA:677,1572
DA:678,9
DA:679,18
DA:680,18
DA:681,3
DA:682,3
DA:683,3
DA:686,15
DA:689,9
DA:691,1563
DA:692,1563
DA:694,1572
DA:697,1
DA:698,1638
DA:699,870
DA:700,870
DA:701,852
DA:704,768
DA:705,15
DA:706,15
DA:707,27
DA:711,753
LF:473
LH:437
BRDA:12,1,0,1
BRDA:12,1,1,0
BRDA:33,2,0,1068
BRDA:33,2,1,11385
BRDA:41,3,0,786
BRDA:41,3,1,1680
BRDA:77,4,0,747
BRDA:77,4,1,0
BRDA:97,5,0,45
BRDA:97,5,1,702
BRDA:97,6,0,747
BRDA:97,6,1,732
BRDA:107,7,0,747
BRDA:107,7,1,0
BRDA:121,8,0,2454
BRDA:121,8,1,24
BRDA:124,9,0,1707
BRDA:124,9,1,771
BRDA:127,10,0,0
BRDA:127,10,1,771
BRDA:128,11,0,0
BRDA:128,11,1,0
BRDA:128,12,0,0
BRDA:128,12,1,0
BRDA:140,13,0,24
BRDA:140,13,1,747
BRDA:145,14,0,0
BRDA:145,14,1,24
BRDA:152,15,0,15
BRDA:152,15,1,9
BRDA:160,16,0,747
BRDA:160,16,1,0
BRDA:178,17,0,735
BRDA:178,17,1,12
BRDA:185,18,0,18
BRDA:185,18,1,6
BRDA:186,19,0,18
BRDA:186,19,1,12
BRDA:189,20,0,12
BRDA:189,20,1,6
BRDA:201,21,0,30
BRDA:201,21,1,717
BRDA:215,22,0,744
BRDA:215,22,1,3
BRDA:231,23,0,789
BRDA:231,23,1,3693
BRDA:233,24,0,546
BRDA:233,24,1,3147
BRDA:235,25,0,3024
BRDA:235,25,1,123
BRDA:238,26,0,0
BRDA:238,26,1,1458
BRDA:243,27,0,0
BRDA:243,27,1,1458
BRDA:243,28,0,1458
BRDA:243,28,1,747
BRDA:260,29,0,1707
BRDA:260,29,1,1929
BRDA:266,30,0,1707
BRDA:266,30,1,222
BRDA:271,31,0,75
BRDA:271,31,1,147
BRDA:271,32,0,222
BRDA:271,32,1,168
BRDA:283,33,0,678
BRDA:283,33,1,63
BRDA:284,34,0,678
BRDA:284,34,1,6
BRDA:286,35,0,6
BRDA:286,35,1,735
BRDA:289,36,0,0
BRDA:289,36,1,741
BRDA:294,37,0,6
BRDA:294,37,1,735
BRDA:306,38,0,9180
BRDA:306,38,1,10773
BRDA:314,39,0,1593
BRDA:314,39,1,9180
BRDA:315,40,0,1593
BRDA:315,40,1,48
BRDA:335,41,0,0
BRDA:335,41,1,33
BRDA:337,42,0,0
BRDA:337,42,1,33
BRDA:339,43,0,33
BRDA:339,43,1,0
BRDA:345,44,0,0
BRDA:345,44,1,33
BRDA:352,45,0,33
BRDA:352,45,1,0
BRDA:356,46,0,33
BRDA:356,46,1,27
BRDA:362,47,0,750
BRDA:362,47,1,8430
BRDA:374,48,0,177
BRDA:374,48,1,8253
BRDA:382,49,0,8253
BRDA:382,49,1,747
BRDA:385,50,0,249
BRDA:385,50,1,8004
BRDA:385,51,0,8253
BRDA:385,51,1,8169
BRDA:385,51,2,249
BRDA:399,52,0,10845
BRDA:399,52,1,150
BRDA:402,53,0,0
BRDA:402,53,1,150
BRDA:414,54,0,150
BRDA:414,54,1,0
BRDA:432,55,0,12765
BRDA:432,55,1,8400
BRDA:436,56,0,33
BRDA:436,56,1,8367
BRDA:444,57,0,0
BRDA:444,57,1,8367
BRDA:451,58,0,336
BRDA:451,58,1,8031
BRDA:451,59,0,8367
BRDA:451,59,1,846
BRDA:454,60,0,996
BRDA:454,60,1,7371
BRDA:454,61,0,8367
BRDA:454,61,1,1494
BRDA:463,62,0,1743
BRDA:463,62,1,8367
BRDA:472,63,0,4485
BRDA:472,63,1,3882
BRDA:474,64,0,939
BRDA:474,64,1,3546
BRDA:484,65,0,1038
BRDA:484,65,1,4386
BRDA:505,66,0,0
BRDA:505,66,1,1452
BRDA:508,67,0,933
BRDA:508,67,1,519
BRDA:524,68,0,10338
BRDA:524,68,1,2181
BRDA:524,69,0,12519
BRDA:524,69,1,12489
BRDA:530,70,0,2115
BRDA:530,70,1,66
BRDA:534,71,0,2016
BRDA:534,71,1,165
BRDA:539,72,0,0
BRDA:539,72,1,2016
BRDA:558,73,0,66831
BRDA:558,73,1,2199
BRDA:559,74,0,2199
BRDA:559,74,1,66831
BRDA:565,75,0,23844
BRDA:565,75,1,113652
BRDA:567,76,0,66813
BRDA:567,76,1,46839
BRDA:599,77,0,0
BRDA:599,77,1,8400
BRDA:612,78,0,8367
BRDA:612,78,1,0
BRDA:621,79,0,10887
BRDA:621,79,1,0
BRDA:622,80,0,8382
BRDA:622,80,1,2505
BRDA:624,81,0,90
BRDA:624,81,1,2415
BRDA:632,82,0,0
BRDA:632,82,1,0
BRDA:637,83,0,10887
BRDA:637,83,1,0
BRDA:661,84,0,35753
BRDA:661,84,1,34046
BRDA:662,85,0,34046
BRDA:662,85,1,1707
BRDA:667,86,0,34046
BRDA:667,86,1,0
BRDA:677,87,0,9
BRDA:677,87,1,1563
BRDA:680,88,0,3
BRDA:680,88,1,15
BRDA:694,89,0,1572
BRDA:694,89,1,12
BRDA:698,90,0,870
BRDA:698,90,1,768
BRDA:704,91,0,15
BRDA:704,91,1,753
BRDA:704,92,0,768
BRDA:704,92,1,15
BRF:185
BRH:155
end_of_record
TN:
SF:D:\Documents\web sites\buma.dev\library\sm-store\lib\CompiledMapping.js
FN:2,(anonymous_1)
FN:16,(anonymous_2)
FN:17,Model
FN:26,(anonymous_4)
FN:38,(anonymous_5)
FN:53,(anonymous_6)
FN:57,(anonymous_7)
FN:61,(anonymous_8)
FN:69,(anonymous_9)
FN:70,CompiledMapping
FN:98,(anonymous_11)
FN:103,(anonymous_12)
FN:107,(anonymous_13)
FN:111,(anonymous_14)
FN:115,(anonymous_15)
FN:125,(anonymous_16)
FN:134,(anonymous_17)
FN:139,(anonymous_18)
FN:155,(anonymous_19)
FN:160,(anonymous_20)
FN:164,(anonymous_21)
FN:168,(anonymous_22)
FN:172,(anonymous_23)
FN:178,(anonymous_24)
FN:184,(anonymous_25)
FN:190,(anonymous_26)
FN:196,(anonymous_27)
FN:207,(anonymous_28)
FN:224,(anonymous_29)
FN:258,(anonymous_30)
FN:356,(anonymous_31)
FN:400,(anonymous_32)
FN:491,(anonymous_33)
FN:537,(anonymous_34)
FNF:34
FNH:32
FNDA:1,(anonymous_1)
FNDA:1,(anonymous_2)
FNDA:2637,Model
FNDA:81,(anonymous_4)
FNDA:13743,(anonymous_5)
FNDA:11886,(anonymous_6)
FNDA:99,(anonymous_7)
FNDA:3,(anonymous_8)
FNDA:1,(anonymous_9)
FNDA:285,CompiledMapping
FNDA:3450,(anonymous_11)
FNDA:26787,(anonymous_12)
FNDA:0,(anonymous_13)
FNDA:0,(anonymous_14)
FNDA:12,(anonymous_15)
FNDA:31752,(anonymous_16)
FNDA:28302,(anonymous_17)
FNDA:1239,(anonymous_18)
FNDA:1134,(anonymous_19)
FNDA:2157,(anonymous_20)
FNDA:69,(anonymous_21)
FNDA:1227,(anonymous_22)
FNDA:4299,(anonymous_23)
FNDA:849,(anonymous_24)
FNDA:1116,(anonymous_25)
FNDA:486,(anonymous_26)
FNDA:1227,(anonymous_27)
FNDA:4299,(anonymous_28)
FNDA:849,(anonymous_29)
FNDA:1281,(anonymous_30)
FNDA:1200,(anonymous_31)
FNDA:1194,(anonymous_32)
FNDA:1134,(anonymous_33)
FNDA:1134,(anonymous_34)
DA:2,1
DA:3,1
DA:6,1
DA:8,1
DA:10,1
DA:12,1
DA:14,1
DA:16,1
DA:17,1
DA:18,2637
DA:19,2637
DA:20,3
DA:22,2634
DA:26,1
DA:27,81
DA:28,81
DA:29,81
DA:30,573
DA:31,168
DA:32,87
DA:35,81
DA:38,1
DA:39,13743
DA:40,13743
DA:41,3
DA:42,12
DA:44,3
DA:46,13740
DA:47,1167
DA:49,13740
DA:50,13740
DA:53,1
DA:54,11886
DA:57,1
DA:58,99
DA:61,1
DA:62,3
DA:65,1
DA:69,1
DA:70,1
DA:71,285
DA:72,285
DA:73,285
DA:74,1140
DA:75,1140
DA:77,285
DA:78,1224
DA:80,192
DA:81,192
DA:82,1047
DA:83,1047
DA:84,1047
DA:85,2904
DA:86,2904
DA:87,150
DA:88,147
DA:90,2901
DA:93,180
DA:96,1
DA:98,1
DA:99,3450
DA:100,3450
DA:103,1
DA:104,26787
DA:107,1
DA:108,0
DA:111,1
DA:112,0
DA:115,1
DA:116,12
DA:117,12
DA:118,12
DA:119,3
DA:120,9
DA:121,9
DA:125,1
DA:126,31752
DA:127,31752
DA:128,3
DA:129,3
DA:130,3
DA:134,1
DA:135,28302
DA:136,28299
DA:139,1
DA:140,1239
DA:141,1239
DA:142,1239
DA:152,1239
DA:155,1
DA:156,1134
DA:157,1134
DA:160,1
DA:161,2157
DA:164,1
DA:165,69
DA:168,1
DA:169,1227
DA:172,1
DA:173,4299
DA:174,4299
DA:175,4299
DA:178,1
DA:179,849
DA:180,849
DA:181,849
DA:184,1
DA:185,1116
DA:186,1116
DA:187,1116
DA:190,1
DA:191,486
DA:192,486
DA:193,486
DA:196,1
DA:197,1227
DA:198,1227
DA:199,1227
DA:200,3
DA:201,3
DA:202,3
DA:204,1224
DA:207,1
DA:208,4299
DA:209,4299
DA:210,6
DA:211,6
DA:212,6
DA:214,4293
DA:215,4293
DA:216,4290
DA:218,3
DA:219,3
DA:220,3
DA:224,1
DA:225,849
DA:226,849
DA:227,849
DA:228,849
DA:229,849
DA:230,849
DA:231,243
DA:232,243
DA:233,0
DA:235,243
DA:236,0
DA:238,243
DA:239,6
DA:242,849
DA:245,849
DA:246,9
DA:248,840
DA:250,849
DA:251,849
DA:254,1
DA:258,1
DA:259,1281
DA:260,1281
DA:261,0
DA:262,0
DA:263,0
DA:265,1281
DA:266,39
DA:268,1242
DA:269,1242
DA:270,3
DA:271,3
DA:272,3
DA:274,1239
DA:275,1239
DA:276,207
DA:277,1032
DA:278,1020
DA:280,12
DA:281,12
DA:282,12
DA:284,1227
DA:285,1224
DA:286,66
DA:289,1158
DA:290,3
DA:291,3
DA:292,3
DA:294,1221
DA:295,1221
DA:296,66
DA:297,1155
DA:298,1053
DA:300,102
DA:301,102
DA:303,1221
DA:304,3
DA:305,3
DA:306,3
DA:308,1218
DA:311,1218
DA:312,465
DA:314,1218
DA:315,3
DA:316,3
DA:317,3
DA:319,1215
DA:320,597
DA:321,597
DA:322,150
DA:323,447
DA:324,12
DA:325,12
DA:326,12
DA:328,585
DA:329,618
DA:330,513
DA:331,105
DA:332,3
DA:333,3
DA:334,3
DA:336,1200
DA:337,1194
DA:338,1134
DA:339,1134
DA:340,495
DA:341,495
DA:342,495
DA:343,465
DA:344,465
DA:347,1134
DA:348,1032
DA:352,1134
DA:353,1134
DA:356,1
DA:357,1200
DA:358,1200
DA:359,345
DA:361,855
DA:362,2925
DA:363,2925
DA:364,2256
DA:368,2925
DA:369,6
DA:370,6
DA:371,6
DA:373,2919
DA:374,2919
DA:375,2763
DA:377,2919
DA:380,2919
DA:381,363
DA:383,2919
DA:384,282
DA:385,282
DA:386,282
DA:387,1128
DA:388,1128
DA:389,1128
DA:390,744
DA:394,2919
DA:395,180
DA:400,1
DA:401,1194
DA:402,1194
DA:403,885
DA:404,309
DA:405,177
DA:406,132
DA:407,123
DA:409,9
DA:410,9
DA:411,9
DA:413,1185
DA:414,1185
DA:415,513
DA:417,1185
DA:418,1185
DA:419,894
DA:420,894
DA:421,864
DA:425,894
DA:426,0
DA:427,0
DA:428,0
DA:430,894
DA:431,3
DA:432,3
DA:433,3
DA:435,891
DA:436,891
DA:437,3
DA:438,3
DA:439,3
DA:441,888
DA:442,888
DA:445,888
DA:446,9
DA:447,879
DA:448,12
DA:449,12
DA:450,12
DA:452,876
DA:453,876
DA:454,69
DA:455,12
DA:456,12
DA:457,12
DA:459,57
DA:461,849
DA:462,849
DA:463,840
DA:465,849
DA:466,348
DA:468,849
DA:469,849
DA:470,267
DA:472,849
DA:473,849
DA:474,6
DA:475,6
DA:476,6
DA:477,6
DA:479,843
DA:480,843
DA:481,4908
DA:482,4908
DA:491,1
DA:492,1134
DA:493,1134
DA:496,1134
DA:497,1134
DA:498,126
DA:500,1134
DA:501,996
DA:503,138
DA:504,138
DA:505,150
DA:506,150
DA:507,0
DA:508,0
DA:509,0
DA:511,150
DA:512,0
DA:513,0
DA:514,0
DA:516,150
DA:517,150
DA:518,0
DA:520,150
DA:521,0
DA:522,0
DA:523,0
DA:525,150
DA:526,240
DA:527,240
DA:528,0
DA:529,0
DA:530,0
DA:533,150
DA:537,1
DA:538,1134
DA:539,1134
DA:540,432
DA:542,1134
DA:543,0
DA:544,0
DA:545,0
DA:547,1134
LF:364
LH:338
BRDA:6,1,0,1
BRDA:6,1,1,0
BRDA:19,2,0,3
BRDA:19,2,1,2634
BRDA:30,3,0,405
BRDA:30,3,1,168
BRDA:31,4,0,87
BRDA:31,4,1,81
BRDA:40,5,0,3
BRDA:40,5,1,13740
BRDA:46,6,0,1167
BRDA:46,6,1,12573
BRDA:86,7,0,150
BRDA:86,7,1,2754
BRDA:86,8,0,2904
BRDA:86,8,1,360
BRDA:118,9,0,3
BRDA:118,9,1,9
BRDA:120,10,0,9
BRDA:120,10,1,0
BRDA:127,11,0,3
BRDA:127,11,1,31749
BRDA:199,12,0,3
BRDA:199,12,1,1224
BRDA:209,13,0,6
BRDA:209,13,1,4293
BRDA:215,14,0,4290
BRDA:215,14,1,3
BRDA:232,15,0,0
BRDA:232,15,1,243
BRDA:235,16,0,0
BRDA:235,16,1,243
BRDA:238,17,0,6
BRDA:238,17,1,237
BRDA:245,18,0,9
BRDA:245,18,1,840
BRDA:260,19,0,0
BRDA:260,19,1,1281
BRDA:260,20,0,1281
BRDA:260,20,1,1281
BRDA:265,21,0,39
BRDA:265,21,1,1242
BRDA:269,22,0,3
BRDA:269,22,1,1239
BRDA:275,23,0,207
BRDA:275,23,1,1032
BRDA:277,24,0,1020
BRDA:277,24,1,12
BRDA:285,25,0,66
BRDA:285,25,1,1158
BRDA:289,26,0,3
BRDA:289,26,1,1155
BRDA:289,27,0,1158
BRDA:289,27,1,1053
BRDA:295,28,0,66
BRDA:295,28,1,1155
BRDA:297,29,0,1053
BRDA:297,29,1,102
BRDA:303,30,0,3
BRDA:303,30,1,1218
BRDA:311,31,0,465
BRDA:311,31,1,753
BRDA:314,32,0,3
BRDA:314,32,1,1215
BRDA:314,33,0,1218
BRDA:314,33,1,603
BRDA:319,34,0,597
BRDA:319,34,1,618
BRDA:321,35,0,150
BRDA:321,35,1,447
BRDA:323,36,0,12
BRDA:323,36,1,435
BRDA:329,37,0,513
BRDA:329,37,1,105
BRDA:331,38,0,3
BRDA:331,38,1,102
BRDA:339,39,0,495
BRDA:339,39,1,639
BRDA:342,40,0,465
BRDA:342,40,1,30
BRDA:347,41,0,1032
BRDA:347,41,1,102
BRDA:358,42,0,345
BRDA:358,42,1,855
BRDA:363,43,0,2256
BRDA:363,43,1,669
BRDA:368,44,0,6
BRDA:368,44,1,2919
BRDA:374,45,0,2763
BRDA:374,45,1,156
BRDA:380,46,0,363
BRDA:380,46,1,2556
BRDA:383,47,0,282
BRDA:383,47,1,2637
BRDA:389,48,0,744
BRDA:389,48,1,384
BRDA:394,49,0,180
BRDA:394,49,1,2739
BRDA:395,50,0,180
BRDA:395,50,1,180
BRDA:402,51,0,885
BRDA:402,51,1,309
BRDA:404,52,0,177
BRDA:404,52,1,132
BRDA:406,53,0,123
BRDA:406,53,1,9
BRDA:414,54,0,513
BRDA:414,54,1,672
BRDA:420,55,0,864
BRDA:420,55,1,30
BRDA:425,56,0,0
BRDA:425,56,1,894
BRDA:430,57,0,3
BRDA:430,57,1,891
BRDA:436,58,0,3
BRDA:436,58,1,888
BRDA:445,59,0,9
BRDA:445,59,1,879
BRDA:447,60,0,12
BRDA:447,60,1,867
BRDA:453,61,0,69
BRDA:453,61,1,807
BRDA:454,62,0,12
BRDA:454,62,1,57
BRDA:462,63,0,840
BRDA:462,63,1,9
BRDA:465,64,0,348
BRDA:465,64,1,501
BRDA:473,65,0,6
BRDA:473,65,1,843
BRDA:473,66,0,849
BRDA:473,66,1,849
BRDA:481,67,0,4908
BRDA:481,67,1,0
BRDA:497,68,0,126
BRDA:497,68,1,1008
BRDA:500,69,0,996
BRDA:500,69,1,138
BRDA:506,70,0,0
BRDA:506,70,1,150
BRDA:511,71,0,0
BRDA:511,71,1,150
BRDA:517,72,0,0
BRDA:517,72,1,150
BRDA:520,73,0,0
BRDA:520,73,1,150
BRDA:527,74,0,0
BRDA:527,74,1,240
BRDA:539,75,0,432
BRDA:539,75,1,702
BRDA:542,76,0,0
BRDA:542,76,1,1134
BRF:152
BRH:139
end_of_record
TN:
SF:D:\Documents\web sites\buma.dev\library\sm-store\lib\adapters\postgres.js
FN:2,(anonymous_1)
FN:4,(anonymous_2)
FN:4,ctor
FN:19,(anonymous_4)
FN:24,PostgresClient
FN:30,(anonymous_6)
FN:37,(anonymous_7)
FN:48,(anonymous_8)
FN:56,(anonymous_9)
FN:60,(anonymous_10)
FN:63,(anonymous_11)
FN:67,(anonymous_12)
FN:79,(anonymous_13)
FN:82,PostgresQueryStream
FN:95,(anonymous_15)
FN:99,(anonymous_16)
FN:102,(anonymous_17)
FN:110,(anonymous_18)
FN:115,(anonymous_19)
FN:119,(anonymous_20)
FN:130,(anonymous_21)
FN:133,(anonymous_22)
FN:136,(anonymous_23)
FN:140,(anonymous_24)
FN:150,(anonymous_25)
FNF:25
FNH:22
FNDA:1,(anonymous_1)
FNDA:2,(anonymous_2)
FNDA:2,ctor
FNDA:1,(anonymous_4)
FNDA:3,PostgresClient
FNDA:765,(anonymous_6)
FNDA:18,(anonymous_7)
FNDA:0,(anonymous_8)
FNDA:0,(anonymous_9)
FNDA:18,(anonymous_10)
FNDA:276,(anonymous_11)
FNDA:18,(anonymous_12)
FNDA:1,(anonymous_13)
FNDA:522,PostgresQueryStream
FNDA:1,(anonymous_15)
FNDA:514,(anonymous_16)
FNDA:504,(anonymous_17)
FNDA:277,(anonymous_18)
FNDA:521,(anonymous_19)
FNDA:1,(anonymous_20)
FNDA:3,(anonymous_21)
FNDA:0,(anonymous_22)
FNDA:3,(anonymous_23)
FNDA:3,(anonymous_24)
FNDA:200,(anonymous_25)
DA:2,1
DA:3,1
DA:4,4
DA:7,1
DA:9,1
DA:11,1
DA:13,1
DA:15,1
DA:17,1
DA:19,1
DA:20,1
DA:22,1
DA:24,1
DA:25,3
DA:26,3
DA:27,3
DA:30,1
DA:31,765
DA:32,261
DA:34,504
DA:37,1
DA:38,18
DA:39,18
DA:40,18
DA:41,18
DA:42,18
DA:44,18
DA:45,0
DA:47,18
DA:48,0
DA:50,18
DA:51,18
DA:52,18
DA:53,18
DA:56,18
DA:57,0
DA:58,0
DA:60,18
DA:61,18
DA:63,18
DA:64,276
DA:65,276
DA:67,18
DA:68,18
DA:69,18
DA:72,18
DA:75,1
DA:79,1
DA:80,1
DA:82,1
DA:83,522
DA:84,522
DA:85,504
DA:86,504
DA:88,522
DA:89,18
DA:91,522
DA:92,522
DA:93,522
DA:94,504
DA:95,504
DA:96,1
DA:97,1
DA:99,504
DA:100,514
DA:102,504
DA:103,504
DA:104,503
DA:110,1
DA:111,277
DA:112,277
DA:115,1
DA:116,521
DA:119,1
DA:120,1
DA:121,1
DA:124,1
DA:128,1
DA:131,3
DA:132,3
DA:133,0
DA:135,3
DA:136,3
DA:137,3
DA:138,0
DA:140,3
DA:141,3
DA:142,0
DA:143,0
DA:145,3
DA:148,3
DA:151,200
DA:152,200
DA:153,200
DA:154,0
DA:156,200
DA:157,0
DA:158,0
DA:160,0
DA:163,200
LF:100
LH:88
BRDA:4,1,0,4
BRDA:4,1,1,0
BRDA:26,2,0,3
BRDA:26,2,1,0
BRDA:31,3,0,261
BRDA:31,3,1,504
BRDA:31,4,0,765
BRDA:31,4,1,765
BRDA:39,5,0,18
BRDA:39,5,1,0
BRDA:44,6,0,0
BRDA:44,6,1,18
BRDA:47,7,0,0
BRDA:47,7,1,18
BRDA:68,8,0,18
BRDA:68,8,1,0
BRDA:84,9,0,504
BRDA:84,9,1,18
BRDA:88,10,0,18
BRDA:88,10,1,504
BRDA:93,11,0,504
BRDA:93,11,1,18
BRDA:103,12,0,503
BRDA:103,12,1,1
BRDA:132,13,0,0
BRDA:132,13,1,3
BRDA:137,14,0,0
BRDA:137,14,1,3
BRDA:141,15,0,0
BRDA:141,15,1,3
BRDA:153,16,0,0
BRDA:153,16,1,200
BRDA:156,17,0,0
BRDA:156,17,1,200
BRDA:157,18,0,0
BRDA:157,18,1,0
BRF:36
BRH:23
end_of_record
TN:
SF:D:\Documents\web sites\buma.dev\library\sm-store\lib\adapters\common.js
FN:2,(anonymous_1)
FN:4,(anonymous_2)
FN:11,(anonymous_3)
FNF:3
FNH:3
FNDA:1,(anonymous_1)
FNDA:228,(anonymous_2)
FNDA:12,(anonymous_3)
DA:2,1
DA:3,1
DA:5,228
DA:6,3
DA:8,225
DA:12,12
DA:13,0
DA:15,12
LF:8
LH:7
BRDA:5,1,0,3
BRDA:5,1,1,225
BRDA:12,2,0,0
BRDA:12,2,1,12
BRF:4
BRH:3
end_of_record
TN:
SF:D:\Documents\web sites\buma.dev\library\sm-store\lib\adapters\mysql.js
FN:2,(anonymous_1)
FN:4,(anonymous_2)
FN:4,ctor
FN:29,(anonymous_4)
FN:55,(anonymous_5)
FN:60,(anonymous_6)
FN:63,(anonymous_7)
FN:74,(anonymous_8)
FN:80,(anonymous_9)
FN:85,(anonymous_10)
FN:88,(anonymous_11)
FN:91,(anonymous_12)
FN:100,(anonymous_13)
FN:105,MySQLConnection
FN:112,(anonymous_15)
FN:119,(anonymous_16)
FN:130,(anonymous_17)
FN:139,(anonymous_18)
FN:143,(anonymous_19)
FN:146,(anonymous_20)
FN:157,(anonymous_21)
FN:172,(anonymous_22)
FNF:22
FNH:19
FNDA:1,(anonymous_1)
FNDA:1,(anonymous_2)
FNDA:1,ctor
FNDA:762,(anonymous_4)
FNDA:1,(anonymous_5)
FNDA:259,(anonymous_6)
FNDA:1016,(anonymous_7)
FNDA:762,(anonymous_8)
FNDA:762,(anonymous_9)
FNDA:3,(anonymous_10)
FNDA:0,(anonymous_11)
FNDA:3,(anonymous_12)
FNDA:1,(anonymous_13)
FNDA:3,MySQLConnection
FNDA:762,(anonymous_15)
FNDA:18,(anonymous_16)
FNDA:0,(anonymous_17)
FNDA:0,(anonymous_18)
FNDA:18,(anonymous_19)
FNDA:276,(anonymous_20)
FNDA:18,(anonymous_21)
FNDA:200,(anonymous_22)
DA:2,1
DA:3,1
DA:4,2
DA:7,1
DA:9,1
DA:11,1
DA:13,1
DA:15,1
DA:17,1
DA:19,1
DA:21,1
DA:23,1
DA:25,1
DA:27,1
DA:30,762
DA:31,762
DA:32,762
DA:33,762
DA:35,762
DA:36,762
DA:37,762
DA:40,762
DA:41,762
DA:42,762
DA:43,762
DA:44,762
DA:45,762
DA:46,762
DA:47,762
DA:54,762
DA:55,762
DA:56,1
DA:57,1
DA:58,1
DA:60,762
DA:61,259
DA:63,762
DA:64,1016
DA:65,502
DA:66,502
DA:67,502
DA:68,502
DA:70,514
DA:71,514
DA:74,762
DA:75,762
DA:76,761
DA:80,762
DA:81,762
DA:83,762
DA:86,3
DA:87,3
DA:88,0
DA:90,3
DA:91,3
DA:92,3
DA:93,0
DA:95,3
DA:100,1
DA:101,1
DA:103,1
DA:105,1
DA:106,3
DA:107,3
DA:112,1
DA:113,762
DA:114,762
DA:115,762
DA:116,762
DA:119,1
DA:120,18
DA:121,18
DA:122,18
DA:123,18
DA:124,18
DA:126,18
DA:127,0
DA:129,18
DA:130,0
DA:132,18
DA:135,18
DA:136,18
DA:139,18
DA:140,0
DA:141,0
DA:143,18
DA:144,18
DA:146,18
DA:147,276
DA:148,0
DA:149,0
DA:150,0
DA:151,0
DA:153,276
DA:154,276
DA:157,18
DA:158,18
DA:159,18
DA:162,18
DA:165,1
DA:169,1
DA:171,1
DA:173,200
DA:180,1
LF:104
LH:94
BRDA:4,1,0,2
BRDA:4,1,1,0
BRDA:31,2,0,762
BRDA:31,2,1,0
BRDA:31,3,0,762
BRDA:31,3,1,762
BRDA:35,4,0,762
BRDA:35,4,1,762
BRDA:46,5,0,762
BRDA:46,5,1,0
BRDA:64,6,0,502
BRDA:64,6,1,514
BRDA:75,7,0,761
BRDA:75,7,1,1
BRDA:87,8,0,0
BRDA:87,8,1,3
BRDA:92,9,0,0
BRDA:92,9,1,3
BRDA:121,10,0,18
BRDA:121,10,1,0
BRDA:126,11,0,0
BRDA:126,11,1,18
BRDA:129,12,0,0
BRDA:129,12,1,18
BRDA:147,13,0,0
BRDA:147,13,1,276
BRDA:158,14,0,18
BRDA:158,14,1,0
BRF:28
BRH:18
end_of_record
TN:
SF:D:\Documents\web sites\buma.dev\library\sm-store\lib\adapters\sqlite3.js
FN:2,(anonymous_1)
FN:4,(anonymous_2)
FN:4,ctor
FN:31,(anonymous_4)
FN:62,(anonymous_5)
FN:67,SQLite3Connection
FN:72,(anonymous_7)
FN:73,(anonymous_8)
FN:78,(anonymous_9)
FN:79,(anonymous_10)
FN:84,(anonymous_11)
FN:85,(anonymous_12)
FN:92,(anonymous_13)
FN:99,(anonymous_14)
FN:106,(anonymous_15)
FN:115,(anonymous_16)
FN:118,SQLite3Query
FN:122,(anonymous_18)
FN:132,(anonymous_19)
FN:135,(anonymous_20)
FN:141,(anonymous_21)
FN:152,(anonymous_22)
FN:167,(anonymous_23)
FN:176,(anonymous_24)
FN:185,(anonymous_25)
FN:203,(anonymous_26)
FN:206,SQLite3Stream
FN:213,(anonymous_28)
FN:232,(anonymous_29)
FN:233,(anonymous_30)
FN:236,(anonymous_31)
FN:244,(anonymous_32)
FN:248,(anonymous_33)
FN:249,(anonymous_34)
FN:260,(anonymous_35)
FN:261,(anonymous_36)
FN:267,(anonymous_37)
FN:276,(anonymous_38)
FN:277,(anonymous_39)
FNF:39
FNH:34
FNDA:1,(anonymous_1)
FNDA:3,(anonymous_2)
FNDA:3,ctor
FNDA:3,(anonymous_4)
FNDA:1,(anonymous_5)
FNDA:3,SQLite3Connection
FNDA:3,(anonymous_7)
FNDA:0,(anonymous_8)
FNDA:3,(anonymous_9)
FNDA:3,(anonymous_10)
FNDA:3,(anonymous_11)
FNDA:3,(anonymous_12)
FNDA:762,(anonymous_13)
FNDA:18,(anonymous_14)
FNDA:3,(anonymous_15)
FNDA:1,(anonymous_16)
FNDA:762,SQLite3Query
FNDA:762,(anonymous_18)
FNDA:0,(anonymous_19)
FNDA:762,(anonymous_20)
FNDA:196,(anonymous_21)
FNDA:65,(anonymous_22)
FNDA:514,(anonymous_23)
FNDA:501,(anonymous_24)
FNDA:2565,(anonymous_25)
FNDA:1,(anonymous_26)
FNDA:18,SQLite3Stream
FNDA:18,(anonymous_28)
FNDA:0,(anonymous_29)
FNDA:0,(anonymous_30)
FNDA:18,(anonymous_31)
FNDA:0,(anonymous_32)
FNDA:18,(anonymous_33)
FNDA:18,(anonymous_34)
FNDA:18,(anonymous_35)
FNDA:276,(anonymous_36)
FNDA:171,(anonymous_37)
FNDA:18,(anonymous_38)
FNDA:18,(anonymous_39)
DA:2,1
DA:3,1
DA:4,3
DA:7,1
DA:9,1
DA:11,1
DA:13,1
DA:15,1
DA:17,1
DA:19,1
DA:21,1
DA:27,1
DA:29,1
DA:32,3
DA:33,3
DA:34,3
DA:35,3
DA:37,0
DA:39,3
DA:40,3
DA:42,3
DA:43,0
DA:45,3
DA:46,3
DA:47,3
DA:48,3
DA:49,9
DA:50,9
DA:51,4
DA:55,3
DA:56,0
DA:58,3
DA:62,1
DA:63,1
DA:65,1
DA:67,1
DA:68,3
DA:69,3
DA:70,3
DA:71,3
DA:72,3
DA:73,3
DA:74,0
DA:77,3
DA:78,3
DA:79,3
DA:80,3
DA:81,3
DA:84,3
DA:85,3
DA:86,3
DA:89,3
DA:92,1
DA:93,762
DA:94,762
DA:95,762
DA:96,762
DA:99,1
DA:100,18
DA:101,18
DA:102,18
DA:103,18
DA:106,1
DA:107,3
DA:108,3
DA:111,1
DA:115,1
DA:116,1
DA:118,1
DA:119,762
DA:122,1
DA:123,762
DA:124,762
DA:125,0
DA:127,762
DA:128,762
DA:129,762
DA:132,762
DA:135,1
DA:136,762
DA:137,762
DA:138,762
DA:139,762
DA:140,762
DA:141,196
DA:142,196
DA:143,0
DA:145,196
DA:149,196
DA:151,566
DA:152,65
DA:153,65
DA:154,0
DA:156,65
DA:161,65
DA:163,501
DA:166,501
DA:167,501
DA:168,514
DA:169,0
DA:170,0
DA:171,0
DA:173,0
DA:175,514
DA:177,501
DA:178,0
DA:180,501
DA:181,1
DA:183,500
DA:184,500
DA:185,252
DA:186,2565
DA:191,248
DA:193,500
DA:197,1
DA:201,1
DA:203,1
DA:204,1
DA:206,1
DA:207,18
DA:210,18
DA:213,1
DA:214,18
DA:215,18
DA:216,0
DA:218,18
DA:219,18
DA:220,0
DA:221,0
DA:223,18
DA:224,18
DA:225,18
DA:227,18
DA:228,18
DA:232,18
DA:233,18
DA:236,1
DA:237,18
DA:238,18
DA:239,18
DA:240,18
DA:241,18
DA:242,18
DA:243,18
DA:244,18
DA:245,0
DA:246,0
DA:248,18
DA:249,18
DA:250,18
DA:251,18
DA:252,0
DA:254,18
DA:255,1
DA:257,18
DA:260,18
DA:261,18
DA:262,276
DA:263,0
DA:264,0
DA:266,276
DA:267,17
DA:268,171
DA:272,17
DA:274,276
DA:277,18
DA:278,18
DA:279,18
DA:280,0
DA:286,1
LF:170
LH:149
BRDA:4,1,0,3
BRDA:4,1,1,0
BRDA:17,2,0,1
BRDA:17,2,1,0
BRDA:33,3,0,3
BRDA:33,3,1,3
BRDA:34,4,0,3
BRDA:34,4,1,0
BRDA:39,5,0,3
BRDA:39,5,1,0
BRDA:42,6,0,0
BRDA:42,6,1,3
BRDA:42,7,0,3
BRDA:42,7,1,3
BRDA:45,8,0,3
BRDA:45,8,1,0
BRDA:50,9,0,4
BRDA:50,9,1,5
BRDA:55,10,0,0
BRDA:55,10,1,3
BRDA:124,11,0,0
BRDA:124,11,1,762
BRDA:128,12,0,762
BRDA:128,12,1,0
BRDA:128,13,0,762
BRDA:128,13,1,762
BRDA:132,14,0,762
BRDA:132,14,1,0
BRDA:140,15,0,196
BRDA:140,15,1,566
BRDA:142,16,0,0
BRDA:142,16,1,196
BRDA:151,17,0,65
BRDA:151,17,1,501
BRDA:153,18,0,0
BRDA:153,18,1,65
BRDA:168,19,0,0
BRDA:168,19,1,514
BRDA:169,20,0,0
BRDA:169,20,1,0
BRDA:177,21,0,0
BRDA:177,21,1,501
BRDA:180,22,0,1
BRDA:180,22,1,500
BRDA:184,23,0,252
BRDA:184,23,1,248
BRDA:215,24,0,0
BRDA:215,24,1,18
BRDA:219,25,0,0
BRDA:219,25,1,18
BRDA:220,26,0,0
BRDA:220,26,1,0
BRDA:223,27,0,18
BRDA:223,27,1,0
BRDA:224,28,0,18
BRDA:224,28,1,0
BRDA:227,29,0,18
BRDA:227,29,1,0
BRDA:232,30,0,18
BRDA:232,30,1,0
BRDA:233,31,0,18
BRDA:233,31,1,0
BRDA:251,32,0,0
BRDA:251,32,1,18
BRDA:254,33,0,1
BRDA:254,33,1,17
BRDA:262,34,0,0
BRDA:262,34,1,276
BRDA:266,35,0,17
BRDA:266,35,1,259
BRDA:279,36,0,0
BRDA:279,36,1,18
BRF:72
BRH:44
end_of_record
